16.8804 	INFO 	Loaded monitor calibration from ['2025_01_16 16:08']
17.2509 	EXP 	Created window1 = Window(allowGUI=False, allowStencil=False, autoLog=True, backendConf=UNKNOWN, backgroundFit=<method-wrapper '__getattribute__' of attributeSetter object at 0x0000016B0EC050C0>, backgroundImage=<method-wrapper '__getattribute__' of attributeSetter object at 0x0000016B0EC04A60>, bitsMode=UNKNOWN, blendMode='avg', bpc=(8, 8, 8), color=array([-1, -1, -1]), colorSpace='rgb', depthBits=8, fullscr=False, gamma=None, gammaErrorPolicy='raise', infoMsg=UNKNOWN, lms=UNKNOWN, monitor=<psychopy.monitors.calibTools.Monitor object at 0x0000016B0ECCF970>, multiSample=False, name='window1', numSamples=2, pos=[880.0, 400.0], screen=0, size=array([800, 800]), stencilBits=0, stereo=False, title='PsychoPy', units='height', useFBO=True, useRetina=False, viewOri=0.0, viewPos=None, viewScale=None, waitBlanking=True, winType='pyglet')
17.2509 	EXP 	window1: backgroundImage = ''
17.2510 	EXP 	window1: backgroundFit = 'none'
17.3075 	EXP 	window1: Attempting to measure frame rate of screen (0) ...
17.3075 	EXP 	window1: recordFrameIntervals = False
17.4732 	EXP 	window1: recordFrameIntervals = True
17.6575 	EXP 	Screen (0) actual frame rate measured at 60.16Hz
17.6576 	EXP 	window1: recordFrameIntervals = False
17.6646 	WARNING 	launchHubServer: If using the iohub mouse or eyetracker devices, fullScr should be True.
20.9834 	INFO 	keyboard.Keyboard is using iohub backend.
20.9834 	EXP 	stage1train: status = STARTED
20.9876 	EXP 	Created cursor = ShapeStim(__class__=<class 'psychopy.visual.shape.ShapeStim'>, anchor=('center', 'center'), autoDraw=False, autoLog=True, closeShape=True, color=method-wrapper(...), colorSpace='rgb', contrast=None, depth=-10.0, draggable=False, fillColor=array([ 1., -1., -1.]), fillColorSpace='rgb', fillRGB=array([ 1., -1., -1.]), interpolate=True, lineColor=array([ 1., -1., -1.]), lineColorSpace='rgb', lineRGB=array([ 1., -1., -1.]), lineWidth=1.0, name='cursor', opacity=1, ori=0.0, pos=array([0., 0.]), size=array([0.0125, 0.0125]), units='height', vertices=ndarray(...), win=Window(...), windingRule=None)
20.9901 	EXP 	Created triangle0 = ShapeStim(__class__=<class 'psychopy.visual.shape.ShapeStim'>, anchor=('center', 'top'), autoDraw=False, autoLog=True, closeShape=True, color=method-wrapper(...), colorSpace='rgb', contrast=None, depth=-2.0, draggable=True, fillColor=array([1, 1, 1]), fillColorSpace='rgb', fillRGB=array([1, 1, 1]), interpolate=True, lineColor=array([1., 1., 1.]), lineColorSpace='rgb', lineRGB=array([1, 1, 1]), lineWidth=1.0, name='triangle0', opacity=1, ori=0.0, pos=array([0., 0.]), size=array([1.70180705, 2.        ]), units='height', vertices=ndarray(...), win=Window(...), windingRule=None)
20.9930 	EXP 	Created cursor = ShapeStim(__class__=<class 'psychopy.visual.shape.ShapeStim'>, anchor=('center', 'center'), autoDraw=False, autoLog=True, closeShape=True, color=method-wrapper(...), colorSpace='rgb', contrast=None, depth=-10.0, draggable=False, fillColor=array([-1.,  1., -1.]), fillColorSpace='rgb', fillRGB=array([-1.,  1., -1.]), interpolate=True, lineColor=array([-1.,  1., -1.]), lineColorSpace='rgb', lineRGB=array([-1.,  1., -1.]), lineWidth=1.0, name='cursor', opacity=0, ori=0.0, pos=array([0.33333333, 0.        ]), size=array([0.1, 0.1]), units='height', vertices=ndarray(...), win=Window(...), windingRule=None)
20.9959 	EXP 	Created cursor = ShapeStim(__class__=<class 'psychopy.visual.shape.ShapeStim'>, anchor=('center', 'center'), autoDraw=False, autoLog=True, closeShape=True, color=method-wrapper(...), colorSpace='rgb', contrast=None, depth=-10.0, draggable=False, fillColor=array([-1.,  1., -1.]), fillColorSpace='rgb', fillRGB=array([-1.,  1., -1.]), interpolate=True, lineColor=array([-1.,  1., -1.]), lineColorSpace='rgb', lineRGB=array([-1.,  1., -1.]), lineWidth=1.0, name='cursor', opacity=0, ori=0.0, pos=array([0.16666667, 0.        ]), size=array([0.1, 0.1]), units='height', vertices=ndarray(...), win=Window(...), windingRule=None)
20.9990 	EXP 	Created cursor = ShapeStim(__class__=<class 'psychopy.visual.shape.ShapeStim'>, anchor=('center', 'center'), autoDraw=False, autoLog=True, closeShape=True, color=method-wrapper(...), colorSpace='rgb', contrast=None, depth=-10.0, draggable=False, fillColor=array([-1.,  1., -1.]), fillColorSpace='rgb', fillRGB=array([-1.,  1., -1.]), interpolate=True, lineColor=array([-1.,  1., -1.]), lineColorSpace='rgb', lineRGB=array([-1.,  1., -1.]), lineWidth=1.0, name='cursor', opacity=0, ori=0.0, pos=array([0.33333333, 0.        ]), size=array([0.1, 0.1]), units='height', vertices=ndarray(...), win=Window(...), windingRule=None)
21.0017 	EXP 	Created cursor = ShapeStim(__class__=<class 'psychopy.visual.shape.ShapeStim'>, anchor=('center', 'center'), autoDraw=False, autoLog=True, closeShape=True, color=method-wrapper(...), colorSpace='rgb', contrast=None, depth=-10.0, draggable=False, fillColor=array([-1.,  1., -1.]), fillColorSpace='rgb', fillRGB=array([-1.,  1., -1.]), interpolate=True, lineColor=array([-1.,  1., -1.]), lineColorSpace='rgb', lineRGB=array([-1.,  1., -1.]), lineWidth=1.0, name='cursor', opacity=0, ori=0.0, pos=array([0.16666667, 0.        ]), size=array([0.1, 0.1]), units='height', vertices=ndarray(...), win=Window(...), windingRule=None)
21.0031 	EXP 	Created triangle1 = ShapeStim(__class__=<class 'psychopy.visual.shape.ShapeStim'>, anchor=('center', 'top'), autoDraw=False, autoLog=True, closeShape=True, color=method-wrapper(...), colorSpace='rgb', contrast=None, depth=-2.0, draggable=True, fillColor=array([1, 1, 1]), fillColorSpace='rgb', fillRGB=array([1, 1, 1]), interpolate=True, lineColor=array([1., 1., 1.]), lineColorSpace='rgb', lineRGB=array([1, 1, 1]), lineWidth=1.0, name='triangle1', opacity=1, ori=45.0, pos=array([0., 0.]), size=array([1.70180705, 2.        ]), units='height', vertices=ndarray(...), win=Window(...), windingRule=None)
21.0065 	EXP 	Created cursor = ShapeStim(__class__=<class 'psychopy.visual.shape.ShapeStim'>, anchor=('center', 'center'), autoDraw=False, autoLog=True, closeShape=True, color=method-wrapper(...), colorSpace='rgb', contrast=None, depth=-10.0, draggable=False, fillColor=array([-1.,  1., -1.]), fillColorSpace='rgb', fillRGB=array([-1.,  1., -1.]), interpolate=True, lineColor=array([-1.,  1., -1.]), lineColorSpace='rgb', lineRGB=array([-1.,  1., -1.]), lineWidth=1.0, name='cursor', opacity=0, ori=0.0, pos=array([0.23570226, 0.23570226]), size=array([0.1, 0.1]), units='height', vertices=ndarray(...), win=Window(...), windingRule=None)
21.0111 	EXP 	Created cursor = ShapeStim(__class__=<class 'psychopy.visual.shape.ShapeStim'>, anchor=('center', 'center'), autoDraw=False, autoLog=True, closeShape=True, color=method-wrapper(...), colorSpace='rgb', contrast=None, depth=-10.0, draggable=False, fillColor=array([-1.,  1., -1.]), fillColorSpace='rgb', fillRGB=array([-1.,  1., -1.]), interpolate=True, lineColor=array([-1.,  1., -1.]), lineColorSpace='rgb', lineRGB=array([-1.,  1., -1.]), lineWidth=1.0, name='cursor', opacity=0, ori=0.0, pos=array([0.11785113, 0.11785113]), size=array([0.1, 0.1]), units='height', vertices=ndarray(...), win=Window(...), windingRule=None)
21.0141 	EXP 	Created cursor = ShapeStim(__class__=<class 'psychopy.visual.shape.ShapeStim'>, anchor=('center', 'center'), autoDraw=False, autoLog=True, closeShape=True, color=method-wrapper(...), colorSpace='rgb', contrast=None, depth=-10.0, draggable=False, fillColor=array([-1.,  1., -1.]), fillColorSpace='rgb', fillRGB=array([-1.,  1., -1.]), interpolate=True, lineColor=array([-1.,  1., -1.]), lineColorSpace='rgb', lineRGB=array([-1.,  1., -1.]), lineWidth=1.0, name='cursor', opacity=0, ori=0.0, pos=array([0.23570226, 0.23570226]), size=array([0.1, 0.1]), units='height', vertices=ndarray(...), win=Window(...), windingRule=None)
21.0168 	EXP 	Created cursor = ShapeStim(__class__=<class 'psychopy.visual.shape.ShapeStim'>, anchor=('center', 'center'), autoDraw=False, autoLog=True, closeShape=True, color=method-wrapper(...), colorSpace='rgb', contrast=None, depth=-10.0, draggable=False, fillColor=array([-1.,  1., -1.]), fillColorSpace='rgb', fillRGB=array([-1.,  1., -1.]), interpolate=True, lineColor=array([-1.,  1., -1.]), lineColorSpace='rgb', lineRGB=array([-1.,  1., -1.]), lineWidth=1.0, name='cursor', opacity=0, ori=0.0, pos=array([0.11785113, 0.11785113]), size=array([0.1, 0.1]), units='height', vertices=ndarray(...), win=Window(...), windingRule=None)
21.0183 	EXP 	Created triangle2 = ShapeStim(__class__=<class 'psychopy.visual.shape.ShapeStim'>, anchor=('center', 'top'), autoDraw=False, autoLog=True, closeShape=True, color=method-wrapper(...), colorSpace='rgb', contrast=None, depth=-2.0, draggable=True, fillColor=array([1, 1, 1]), fillColorSpace='rgb', fillRGB=array([1, 1, 1]), interpolate=True, lineColor=array([1., 1., 1.]), lineColorSpace='rgb', lineRGB=array([1, 1, 1]), lineWidth=1.0, name='triangle2', opacity=1, ori=90.0, pos=array([0., 0.]), size=array([1.70180705, 2.        ]), units='height', vertices=ndarray(...), win=Window(...), windingRule=None)
21.0209 	EXP 	Created cursor = ShapeStim(__class__=<class 'psychopy.visual.shape.ShapeStim'>, anchor=('center', 'center'), autoDraw=False, autoLog=True, closeShape=True, color=method-wrapper(...), colorSpace='rgb', contrast=None, depth=-10.0, draggable=False, fillColor=array([-1.,  1., -1.]), fillColorSpace='rgb', fillRGB=array([-1.,  1., -1.]), interpolate=True, lineColor=array([-1.,  1., -1.]), lineColorSpace='rgb', lineRGB=array([-1.,  1., -1.]), lineWidth=1.0, name='cursor', opacity=0, ori=0.0, pos=array([2.04107800e-17, 3.33333333e-01]), size=array([0.1, 0.1]), units='height', vertices=ndarray(...), win=Window(...), windingRule=None)
21.0240 	EXP 	Created cursor = ShapeStim(__class__=<class 'psychopy.visual.shape.ShapeStim'>, anchor=('center', 'center'), autoDraw=False, autoLog=True, closeShape=True, color=method-wrapper(...), colorSpace='rgb', contrast=None, depth=-10.0, draggable=False, fillColor=array([-1.,  1., -1.]), fillColorSpace='rgb', fillRGB=array([-1.,  1., -1.]), interpolate=True, lineColor=array([-1.,  1., -1.]), lineColorSpace='rgb', lineRGB=array([-1.,  1., -1.]), lineWidth=1.0, name='cursor', opacity=0, ori=0.0, pos=array([1.02053900e-17, 1.66666667e-01]), size=array([0.1, 0.1]), units='height', vertices=ndarray(...), win=Window(...), windingRule=None)
21.0268 	EXP 	Created cursor = ShapeStim(__class__=<class 'psychopy.visual.shape.ShapeStim'>, anchor=('center', 'center'), autoDraw=False, autoLog=True, closeShape=True, color=method-wrapper(...), colorSpace='rgb', contrast=None, depth=-10.0, draggable=False, fillColor=array([-1.,  1., -1.]), fillColorSpace='rgb', fillRGB=array([-1.,  1., -1.]), interpolate=True, lineColor=array([-1.,  1., -1.]), lineColorSpace='rgb', lineRGB=array([-1.,  1., -1.]), lineWidth=1.0, name='cursor', opacity=0, ori=0.0, pos=array([2.04107800e-17, 3.33333333e-01]), size=array([0.1, 0.1]), units='height', vertices=ndarray(...), win=Window(...), windingRule=None)
21.0302 	EXP 	Created cursor = ShapeStim(__class__=<class 'psychopy.visual.shape.ShapeStim'>, anchor=('center', 'center'), autoDraw=False, autoLog=True, closeShape=True, color=method-wrapper(...), colorSpace='rgb', contrast=None, depth=-10.0, draggable=False, fillColor=array([-1.,  1., -1.]), fillColorSpace='rgb', fillRGB=array([-1.,  1., -1.]), interpolate=True, lineColor=array([-1.,  1., -1.]), lineColorSpace='rgb', lineRGB=array([-1.,  1., -1.]), lineWidth=1.0, name='cursor', opacity=0, ori=0.0, pos=array([1.02053900e-17, 1.66666667e-01]), size=array([0.1, 0.1]), units='height', vertices=ndarray(...), win=Window(...), windingRule=None)
21.0320 	EXP 	Created triangle3 = ShapeStim(__class__=<class 'psychopy.visual.shape.ShapeStim'>, anchor=('center', 'top'), autoDraw=False, autoLog=True, closeShape=True, color=method-wrapper(...), colorSpace='rgb', contrast=None, depth=-2.0, draggable=True, fillColor=array([1, 1, 1]), fillColorSpace='rgb', fillRGB=array([1, 1, 1]), interpolate=True, lineColor=array([1., 1., 1.]), lineColorSpace='rgb', lineRGB=array([1, 1, 1]), lineWidth=1.0, name='triangle3', opacity=1, ori=135.0, pos=array([0., 0.]), size=array([1.70180705, 2.        ]), units='height', vertices=ndarray(...), win=Window(...), windingRule=None)
21.0354 	EXP 	Created cursor = ShapeStim(__class__=<class 'psychopy.visual.shape.ShapeStim'>, anchor=('center', 'center'), autoDraw=False, autoLog=True, closeShape=True, color=method-wrapper(...), colorSpace='rgb', contrast=None, depth=-10.0, draggable=False, fillColor=array([-1.,  1., -1.]), fillColorSpace='rgb', fillRGB=array([-1.,  1., -1.]), interpolate=True, lineColor=array([-1.,  1., -1.]), lineColorSpace='rgb', lineRGB=array([-1.,  1., -1.]), lineWidth=1.0, name='cursor', opacity=0, ori=0.0, pos=array([-0.23570226,  0.23570226]), size=array([0.1, 0.1]), units='height', vertices=ndarray(...), win=Window(...), windingRule=None)
21.0383 	EXP 	Created cursor = ShapeStim(__class__=<class 'psychopy.visual.shape.ShapeStim'>, anchor=('center', 'center'), autoDraw=False, autoLog=True, closeShape=True, color=method-wrapper(...), colorSpace='rgb', contrast=None, depth=-10.0, draggable=False, fillColor=array([-1.,  1., -1.]), fillColorSpace='rgb', fillRGB=array([-1.,  1., -1.]), interpolate=True, lineColor=array([-1.,  1., -1.]), lineColorSpace='rgb', lineRGB=array([-1.,  1., -1.]), lineWidth=1.0, name='cursor', opacity=0, ori=0.0, pos=array([-0.11785113,  0.11785113]), size=array([0.1, 0.1]), units='height', vertices=ndarray(...), win=Window(...), windingRule=None)
21.0411 	EXP 	Created cursor = ShapeStim(__class__=<class 'psychopy.visual.shape.ShapeStim'>, anchor=('center', 'center'), autoDraw=False, autoLog=True, closeShape=True, color=method-wrapper(...), colorSpace='rgb', contrast=None, depth=-10.0, draggable=False, fillColor=array([-1.,  1., -1.]), fillColorSpace='rgb', fillRGB=array([-1.,  1., -1.]), interpolate=True, lineColor=array([-1.,  1., -1.]), lineColorSpace='rgb', lineRGB=array([-1.,  1., -1.]), lineWidth=1.0, name='cursor', opacity=0, ori=0.0, pos=array([-0.23570226,  0.23570226]), size=array([0.1, 0.1]), units='height', vertices=ndarray(...), win=Window(...), windingRule=None)
21.0443 	EXP 	Created cursor = ShapeStim(__class__=<class 'psychopy.visual.shape.ShapeStim'>, anchor=('center', 'center'), autoDraw=False, autoLog=True, closeShape=True, color=method-wrapper(...), colorSpace='rgb', contrast=None, depth=-10.0, draggable=False, fillColor=array([-1.,  1., -1.]), fillColorSpace='rgb', fillRGB=array([-1.,  1., -1.]), interpolate=True, lineColor=array([-1.,  1., -1.]), lineColorSpace='rgb', lineRGB=array([-1.,  1., -1.]), lineWidth=1.0, name='cursor', opacity=0, ori=0.0, pos=array([-0.11785113,  0.11785113]), size=array([0.1, 0.1]), units='height', vertices=ndarray(...), win=Window(...), windingRule=None)
21.0458 	EXP 	Created triangle4 = ShapeStim(__class__=<class 'psychopy.visual.shape.ShapeStim'>, anchor=('center', 'top'), autoDraw=False, autoLog=True, closeShape=True, color=method-wrapper(...), colorSpace='rgb', contrast=None, depth=-2.0, draggable=True, fillColor=array([1, 1, 1]), fillColorSpace='rgb', fillRGB=array([1, 1, 1]), interpolate=True, lineColor=array([1., 1., 1.]), lineColorSpace='rgb', lineRGB=array([1, 1, 1]), lineWidth=1.0, name='triangle4', opacity=1, ori=180.0, pos=array([0., 0.]), size=array([1.70180705, 2.        ]), units='height', vertices=ndarray(...), win=Window(...), windingRule=None)
21.0484 	EXP 	Created cursor = ShapeStim(__class__=<class 'psychopy.visual.shape.ShapeStim'>, anchor=('center', 'center'), autoDraw=False, autoLog=True, closeShape=True, color=method-wrapper(...), colorSpace='rgb', contrast=None, depth=-10.0, draggable=False, fillColor=array([-1.,  1., -1.]), fillColorSpace='rgb', fillRGB=array([-1.,  1., -1.]), interpolate=True, lineColor=array([-1.,  1., -1.]), lineColorSpace='rgb', lineRGB=array([-1.,  1., -1.]), lineWidth=1.0, name='cursor', opacity=0, ori=0.0, pos=array([-3.33333333e-01,  4.08215600e-17]), size=array([0.1, 0.1]), units='height', vertices=ndarray(...), win=Window(...), windingRule=None)
21.0510 	EXP 	Created cursor = ShapeStim(__class__=<class 'psychopy.visual.shape.ShapeStim'>, anchor=('center', 'center'), autoDraw=False, autoLog=True, closeShape=True, color=method-wrapper(...), colorSpace='rgb', contrast=None, depth=-10.0, draggable=False, fillColor=array([-1.,  1., -1.]), fillColorSpace='rgb', fillRGB=array([-1.,  1., -1.]), interpolate=True, lineColor=array([-1.,  1., -1.]), lineColorSpace='rgb', lineRGB=array([-1.,  1., -1.]), lineWidth=1.0, name='cursor', opacity=0, ori=0.0, pos=array([-1.66666667e-01,  2.04107800e-17]), size=array([0.1, 0.1]), units='height', vertices=ndarray(...), win=Window(...), windingRule=None)
21.0536 	EXP 	Created cursor = ShapeStim(__class__=<class 'psychopy.visual.shape.ShapeStim'>, anchor=('center', 'center'), autoDraw=False, autoLog=True, closeShape=True, color=method-wrapper(...), colorSpace='rgb', contrast=None, depth=-10.0, draggable=False, fillColor=array([-1.,  1., -1.]), fillColorSpace='rgb', fillRGB=array([-1.,  1., -1.]), interpolate=True, lineColor=array([-1.,  1., -1.]), lineColorSpace='rgb', lineRGB=array([-1.,  1., -1.]), lineWidth=1.0, name='cursor', opacity=0, ori=0.0, pos=array([-3.33333333e-01,  4.08215600e-17]), size=array([0.1, 0.1]), units='height', vertices=ndarray(...), win=Window(...), windingRule=None)
21.0565 	EXP 	Created cursor = ShapeStim(__class__=<class 'psychopy.visual.shape.ShapeStim'>, anchor=('center', 'center'), autoDraw=False, autoLog=True, closeShape=True, color=method-wrapper(...), colorSpace='rgb', contrast=None, depth=-10.0, draggable=False, fillColor=array([-1.,  1., -1.]), fillColorSpace='rgb', fillRGB=array([-1.,  1., -1.]), interpolate=True, lineColor=array([-1.,  1., -1.]), lineColorSpace='rgb', lineRGB=array([-1.,  1., -1.]), lineWidth=1.0, name='cursor', opacity=0, ori=0.0, pos=array([-1.66666667e-01,  2.04107800e-17]), size=array([0.1, 0.1]), units='height', vertices=ndarray(...), win=Window(...), windingRule=None)
21.0578 	EXP 	Created triangle5 = ShapeStim(__class__=<class 'psychopy.visual.shape.ShapeStim'>, anchor=('center', 'top'), autoDraw=False, autoLog=True, closeShape=True, color=method-wrapper(...), colorSpace='rgb', contrast=None, depth=-2.0, draggable=True, fillColor=array([1, 1, 1]), fillColorSpace='rgb', fillRGB=array([1, 1, 1]), interpolate=True, lineColor=array([1., 1., 1.]), lineColorSpace='rgb', lineRGB=array([1, 1, 1]), lineWidth=1.0, name='triangle5', opacity=1, ori=225.0, pos=array([0., 0.]), size=array([1.70180705, 2.        ]), units='height', vertices=ndarray(...), win=Window(...), windingRule=None)
21.0611 	EXP 	Created cursor = ShapeStim(__class__=<class 'psychopy.visual.shape.ShapeStim'>, anchor=('center', 'center'), autoDraw=False, autoLog=True, closeShape=True, color=method-wrapper(...), colorSpace='rgb', contrast=None, depth=-10.0, draggable=False, fillColor=array([-1.,  1., -1.]), fillColorSpace='rgb', fillRGB=array([-1.,  1., -1.]), interpolate=True, lineColor=array([-1.,  1., -1.]), lineColorSpace='rgb', lineRGB=array([-1.,  1., -1.]), lineWidth=1.0, name='cursor', opacity=0, ori=0.0, pos=array([-0.23570226, -0.23570226]), size=array([0.1, 0.1]), units='height', vertices=ndarray(...), win=Window(...), windingRule=None)
21.0637 	EXP 	Created cursor = ShapeStim(__class__=<class 'psychopy.visual.shape.ShapeStim'>, anchor=('center', 'center'), autoDraw=False, autoLog=True, closeShape=True, color=method-wrapper(...), colorSpace='rgb', contrast=None, depth=-10.0, draggable=False, fillColor=array([-1.,  1., -1.]), fillColorSpace='rgb', fillRGB=array([-1.,  1., -1.]), interpolate=True, lineColor=array([-1.,  1., -1.]), lineColorSpace='rgb', lineRGB=array([-1.,  1., -1.]), lineWidth=1.0, name='cursor', opacity=0, ori=0.0, pos=array([-0.11785113, -0.11785113]), size=array([0.1, 0.1]), units='height', vertices=ndarray(...), win=Window(...), windingRule=None)
21.0663 	EXP 	Created cursor = ShapeStim(__class__=<class 'psychopy.visual.shape.ShapeStim'>, anchor=('center', 'center'), autoDraw=False, autoLog=True, closeShape=True, color=method-wrapper(...), colorSpace='rgb', contrast=None, depth=-10.0, draggable=False, fillColor=array([-1.,  1., -1.]), fillColorSpace='rgb', fillRGB=array([-1.,  1., -1.]), interpolate=True, lineColor=array([-1.,  1., -1.]), lineColorSpace='rgb', lineRGB=array([-1.,  1., -1.]), lineWidth=1.0, name='cursor', opacity=0, ori=0.0, pos=array([-0.23570226, -0.23570226]), size=array([0.1, 0.1]), units='height', vertices=ndarray(...), win=Window(...), windingRule=None)
21.0688 	EXP 	Created cursor = ShapeStim(__class__=<class 'psychopy.visual.shape.ShapeStim'>, anchor=('center', 'center'), autoDraw=False, autoLog=True, closeShape=True, color=method-wrapper(...), colorSpace='rgb', contrast=None, depth=-10.0, draggable=False, fillColor=array([-1.,  1., -1.]), fillColorSpace='rgb', fillRGB=array([-1.,  1., -1.]), interpolate=True, lineColor=array([-1.,  1., -1.]), lineColorSpace='rgb', lineRGB=array([-1.,  1., -1.]), lineWidth=1.0, name='cursor', opacity=0, ori=0.0, pos=array([-0.11785113, -0.11785113]), size=array([0.1, 0.1]), units='height', vertices=ndarray(...), win=Window(...), windingRule=None)
21.0702 	EXP 	Created triangle6 = ShapeStim(__class__=<class 'psychopy.visual.shape.ShapeStim'>, anchor=('center', 'top'), autoDraw=False, autoLog=True, closeShape=True, color=method-wrapper(...), colorSpace='rgb', contrast=None, depth=-2.0, draggable=True, fillColor=array([1, 1, 1]), fillColorSpace='rgb', fillRGB=array([1, 1, 1]), interpolate=True, lineColor=array([1., 1., 1.]), lineColorSpace='rgb', lineRGB=array([1, 1, 1]), lineWidth=1.0, name='triangle6', opacity=1, ori=270.0, pos=array([0., 0.]), size=array([1.70180705, 2.        ]), units='height', vertices=ndarray(...), win=Window(...), windingRule=None)
21.0729 	EXP 	Created cursor = ShapeStim(__class__=<class 'psychopy.visual.shape.ShapeStim'>, anchor=('center', 'center'), autoDraw=False, autoLog=True, closeShape=True, color=method-wrapper(...), colorSpace='rgb', contrast=None, depth=-10.0, draggable=False, fillColor=array([-1.,  1., -1.]), fillColorSpace='rgb', fillRGB=array([-1.,  1., -1.]), interpolate=True, lineColor=array([-1.,  1., -1.]), lineColorSpace='rgb', lineRGB=array([-1.,  1., -1.]), lineWidth=1.0, name='cursor', opacity=0, ori=0.0, pos=array([-6.12323400e-17, -3.33333333e-01]), size=array([0.1, 0.1]), units='height', vertices=ndarray(...), win=Window(...), windingRule=None)
21.0762 	EXP 	Created cursor = ShapeStim(__class__=<class 'psychopy.visual.shape.ShapeStim'>, anchor=('center', 'center'), autoDraw=False, autoLog=True, closeShape=True, color=method-wrapper(...), colorSpace='rgb', contrast=None, depth=-10.0, draggable=False, fillColor=array([-1.,  1., -1.]), fillColorSpace='rgb', fillRGB=array([-1.,  1., -1.]), interpolate=True, lineColor=array([-1.,  1., -1.]), lineColorSpace='rgb', lineRGB=array([-1.,  1., -1.]), lineWidth=1.0, name='cursor', opacity=0, ori=0.0, pos=array([-3.06161700e-17, -1.66666667e-01]), size=array([0.1, 0.1]), units='height', vertices=ndarray(...), win=Window(...), windingRule=None)
21.0794 	EXP 	Created cursor = ShapeStim(__class__=<class 'psychopy.visual.shape.ShapeStim'>, anchor=('center', 'center'), autoDraw=False, autoLog=True, closeShape=True, color=method-wrapper(...), colorSpace='rgb', contrast=None, depth=-10.0, draggable=False, fillColor=array([-1.,  1., -1.]), fillColorSpace='rgb', fillRGB=array([-1.,  1., -1.]), interpolate=True, lineColor=array([-1.,  1., -1.]), lineColorSpace='rgb', lineRGB=array([-1.,  1., -1.]), lineWidth=1.0, name='cursor', opacity=0, ori=0.0, pos=array([-6.12323400e-17, -3.33333333e-01]), size=array([0.1, 0.1]), units='height', vertices=ndarray(...), win=Window(...), windingRule=None)
21.0837 	EXP 	Created cursor = ShapeStim(__class__=<class 'psychopy.visual.shape.ShapeStim'>, anchor=('center', 'center'), autoDraw=False, autoLog=True, closeShape=True, color=method-wrapper(...), colorSpace='rgb', contrast=None, depth=-10.0, draggable=False, fillColor=array([-1.,  1., -1.]), fillColorSpace='rgb', fillRGB=array([-1.,  1., -1.]), interpolate=True, lineColor=array([-1.,  1., -1.]), lineColorSpace='rgb', lineRGB=array([-1.,  1., -1.]), lineWidth=1.0, name='cursor', opacity=0, ori=0.0, pos=array([-3.06161700e-17, -1.66666667e-01]), size=array([0.1, 0.1]), units='height', vertices=ndarray(...), win=Window(...), windingRule=None)
21.0851 	EXP 	Created triangle7 = ShapeStim(__class__=<class 'psychopy.visual.shape.ShapeStim'>, anchor=('center', 'top'), autoDraw=False, autoLog=True, closeShape=True, color=method-wrapper(...), colorSpace='rgb', contrast=None, depth=-2.0, draggable=True, fillColor=array([1, 1, 1]), fillColorSpace='rgb', fillRGB=array([1, 1, 1]), interpolate=True, lineColor=array([1., 1., 1.]), lineColorSpace='rgb', lineRGB=array([1, 1, 1]), lineWidth=1.0, name='triangle7', opacity=1, ori=315.0, pos=array([0., 0.]), size=array([1.70180705, 2.        ]), units='height', vertices=ndarray(...), win=Window(...), windingRule=None)
21.0881 	EXP 	Created cursor = ShapeStim(__class__=<class 'psychopy.visual.shape.ShapeStim'>, anchor=('center', 'center'), autoDraw=False, autoLog=True, closeShape=True, color=method-wrapper(...), colorSpace='rgb', contrast=None, depth=-10.0, draggable=False, fillColor=array([-1.,  1., -1.]), fillColorSpace='rgb', fillRGB=array([-1.,  1., -1.]), interpolate=True, lineColor=array([-1.,  1., -1.]), lineColorSpace='rgb', lineRGB=array([-1.,  1., -1.]), lineWidth=1.0, name='cursor', opacity=0, ori=0.0, pos=array([ 0.23570226, -0.23570226]), size=array([0.1, 0.1]), units='height', vertices=ndarray(...), win=Window(...), windingRule=None)
21.0914 	EXP 	Created cursor = ShapeStim(__class__=<class 'psychopy.visual.shape.ShapeStim'>, anchor=('center', 'center'), autoDraw=False, autoLog=True, closeShape=True, color=method-wrapper(...), colorSpace='rgb', contrast=None, depth=-10.0, draggable=False, fillColor=array([-1.,  1., -1.]), fillColorSpace='rgb', fillRGB=array([-1.,  1., -1.]), interpolate=True, lineColor=array([-1.,  1., -1.]), lineColorSpace='rgb', lineRGB=array([-1.,  1., -1.]), lineWidth=1.0, name='cursor', opacity=0, ori=0.0, pos=array([ 0.11785113, -0.11785113]), size=array([0.1, 0.1]), units='height', vertices=ndarray(...), win=Window(...), windingRule=None)
21.0943 	EXP 	Created cursor = ShapeStim(__class__=<class 'psychopy.visual.shape.ShapeStim'>, anchor=('center', 'center'), autoDraw=False, autoLog=True, closeShape=True, color=method-wrapper(...), colorSpace='rgb', contrast=None, depth=-10.0, draggable=False, fillColor=array([-1.,  1., -1.]), fillColorSpace='rgb', fillRGB=array([-1.,  1., -1.]), interpolate=True, lineColor=array([-1.,  1., -1.]), lineColorSpace='rgb', lineRGB=array([-1.,  1., -1.]), lineWidth=1.0, name='cursor', opacity=0, ori=0.0, pos=array([ 0.23570226, -0.23570226]), size=array([0.1, 0.1]), units='height', vertices=ndarray(...), win=Window(...), windingRule=None)
21.0969 	EXP 	Created cursor = ShapeStim(__class__=<class 'psychopy.visual.shape.ShapeStim'>, anchor=('center', 'center'), autoDraw=False, autoLog=True, closeShape=True, color=method-wrapper(...), colorSpace='rgb', contrast=None, depth=-10.0, draggable=False, fillColor=array([-1.,  1., -1.]), fillColorSpace='rgb', fillRGB=array([-1.,  1., -1.]), interpolate=True, lineColor=array([-1.,  1., -1.]), lineColorSpace='rgb', lineRGB=array([-1.,  1., -1.]), lineWidth=1.0, name='cursor', opacity=0, ori=0.0, pos=array([ 0.11785113, -0.11785113]), size=array([0.1, 0.1]), units='height', vertices=ndarray(...), win=Window(...), windingRule=None)
0.0434 	EXP 	triangle0: autoDraw = True
0.0434 	EXP 	triangle1: autoDraw = True
0.0434 	EXP 	triangle2: autoDraw = True
0.0434 	EXP 	triangle3: autoDraw = True
0.0434 	EXP 	triangle4: autoDraw = True
0.0434 	EXP 	triangle5: autoDraw = True
0.0434 	EXP 	triangle6: autoDraw = True
0.0434 	EXP 	triangle7: autoDraw = True
0.0434 	EXP 	cursor: autoDraw = True
0.0434 	EXP 	cursor: autoDraw = True
0.0434 	EXP 	cursor: autoDraw = True
0.0434 	EXP 	cursor: autoDraw = True
0.0434 	EXP 	cursor: autoDraw = True
0.0434 	EXP 	cursor: autoDraw = True
0.0434 	EXP 	cursor: autoDraw = True
0.0434 	EXP 	cursor: autoDraw = True
0.0434 	EXP 	cursor: autoDraw = True
0.0434 	EXP 	cursor: autoDraw = True
0.0434 	EXP 	cursor: autoDraw = True
0.0434 	EXP 	cursor: autoDraw = True
0.0434 	EXP 	cursor: autoDraw = True
0.0434 	EXP 	cursor: autoDraw = True
0.0434 	EXP 	cursor: autoDraw = True
0.0434 	EXP 	cursor: autoDraw = True
0.0434 	EXP 	cursor: autoDraw = True
0.0434 	EXP 	cursor: autoDraw = True
0.0434 	EXP 	cursor: autoDraw = True
0.0434 	EXP 	cursor: autoDraw = True
0.0434 	EXP 	cursor: autoDraw = True
0.0434 	EXP 	cursor: autoDraw = True
0.0434 	EXP 	cursor: autoDraw = True
0.0434 	EXP 	cursor: autoDraw = True
0.0434 	EXP 	cursor: autoDraw = True
0.0434 	EXP 	cursor: autoDraw = True
0.0434 	EXP 	cursor: autoDraw = True
0.0434 	EXP 	cursor: autoDraw = True
0.0434 	EXP 	cursor: autoDraw = True
0.0434 	EXP 	cursor: autoDraw = True
0.0434 	EXP 	cursor: autoDraw = True
0.0434 	EXP 	cursor: autoDraw = True
0.0434 	EXP 	cursor: autoDraw = True
0.0604 	EXP 	triangle0: borderColor = <psychopy.colors.Color: (-0.33, -0.33, -0.33, 1.0)>
0.0604 	EXP 	triangle1: borderColor = <psychopy.colors.Color: (-0.3, -0.3, -0.3, 1.0)>
0.0604 	EXP 	triangle2: borderColor = <psychopy.colors.Color: (-0.01, -0.01, -0.01, 1.0)>
0.0604 	EXP 	triangle3: borderColor = <psychopy.colors.Color: (-0.18, -0.18, -0.18, 1.0)>
0.0604 	EXP 	triangle4: borderColor = <psychopy.colors.Color: (-0.23, -0.23, -0.23, 1.0)>
0.0604 	EXP 	triangle5: borderColor = <psychopy.colors.Color: (-0.65, -0.65, -0.65, 1.0)>
0.0604 	EXP 	triangle6: borderColor = <psychopy.colors.Color: (-0.59, -0.59, -0.59, 1.0)>
0.0604 	EXP 	triangle7: borderColor = <psychopy.colors.Color: (-0.56, -0.56, -0.56, 1.0)>
0.0782 	EXP 	triangle0: borderColor = <psychopy.colors.Color: (-0.42, -0.42, -0.42, 1.0)>
0.0782 	EXP 	triangle1: borderColor = <psychopy.colors.Color: (-0.07, -0.07, -0.07, 1.0)>
0.0782 	EXP 	triangle2: borderColor = <psychopy.colors.Color: (-0.47, -0.47, -0.47, 1.0)>
0.0782 	EXP 	triangle3: borderColor = <psychopy.colors.Color: (-0.27, -0.27, -0.27, 1.0)>
0.0782 	EXP 	triangle4: borderColor = <psychopy.colors.Color: (-0.71, -0.71, -0.71, 1.0)>
0.0782 	EXP 	triangle5: borderColor = <psychopy.colors.Color: (-0.12, -0.12, -0.12, 1.0)>
0.0782 	EXP 	triangle6: borderColor = <psychopy.colors.Color: (-0.93, -0.93, -0.93, 1.0)>
0.0782 	EXP 	triangle7: borderColor = <psychopy.colors.Color: (-0.79, -0.79, -0.79, 1.0)>
0.1094 	EXP 	triangle0: borderColor = <psychopy.colors.Color: (-0.65, -0.65, -0.65, 1.0)>
0.1094 	EXP 	triangle1: borderColor = <psychopy.colors.Color: (-0.98, -0.98, -0.98, 1.0)>
0.1094 	EXP 	triangle2: borderColor = <psychopy.colors.Color: (-0.72, -0.72, -0.72, 1.0)>
0.1094 	EXP 	triangle3: borderColor = <psychopy.colors.Color: (-0.81, -0.81, -0.81, 1.0)>
0.1094 	EXP 	triangle4: borderColor = <psychopy.colors.Color: (-0.23, -0.23, -0.23, 1.0)>
0.1094 	EXP 	triangle5: borderColor = <psychopy.colors.Color: (-0.81, -0.81, -0.81, 1.0)>
0.1094 	EXP 	triangle6: borderColor = <psychopy.colors.Color: (-0.75, -0.75, -0.75, 1.0)>
0.1094 	EXP 	triangle7: borderColor = <psychopy.colors.Color: (-0.53, -0.53, -0.53, 1.0)>
0.1267 	EXP 	triangle0: borderColor = <psychopy.colors.Color: (-0.34, -0.34, -0.34, 1.0)>
0.1267 	EXP 	triangle1: borderColor = <psychopy.colors.Color: (-0.32, -0.32, -0.32, 1.0)>
0.1267 	EXP 	triangle2: borderColor = <psychopy.colors.Color: (-0.71, -0.71, -0.71, 1.0)>
0.1267 	EXP 	triangle3: borderColor = <psychopy.colors.Color: (-0.95, -0.95, -0.95, 1.0)>
0.1267 	EXP 	triangle4: borderColor = <psychopy.colors.Color: (-0.3, -0.3, -0.3, 1.0)>
0.1267 	EXP 	triangle5: borderColor = <psychopy.colors.Color: (-0.11, -0.11, -0.11, 1.0)>
0.1267 	EXP 	triangle6: borderColor = <psychopy.colors.Color: (-0.35, -0.35, -0.35, 1.0)>
0.1267 	EXP 	triangle7: borderColor = <psychopy.colors.Color: (-0.74, -0.74, -0.74, 1.0)>
0.1431 	EXP 	triangle0: borderColor = <psychopy.colors.Color: (-0.33, -0.33, -0.33, 1.0)>
0.1431 	EXP 	triangle1: borderColor = <psychopy.colors.Color: (-0.55, -0.55, -0.55, 1.0)>
0.1431 	EXP 	triangle2: borderColor = <psychopy.colors.Color: (-0.31, -0.31, -0.31, 1.0)>
0.1431 	EXP 	triangle3: borderColor = <psychopy.colors.Color: (-0.35, -0.35, -0.35, 1.0)>
0.1431 	EXP 	triangle4: borderColor = <psychopy.colors.Color: (-0.77, -0.77, -0.77, 1.0)>
0.1431 	EXP 	triangle5: borderColor = <psychopy.colors.Color: (-0.17, -0.17, -0.17, 1.0)>
0.1431 	EXP 	triangle6: borderColor = <psychopy.colors.Color: (-0.22, -0.22, -0.22, 1.0)>
0.1431 	EXP 	triangle7: borderColor = <psychopy.colors.Color: (-0.34, -0.34, -0.34, 1.0)>
0.1611 	EXP 	triangle0: borderColor = <psychopy.colors.Color: (-0.69, -0.69, -0.69, 1.0)>
0.1611 	EXP 	triangle1: borderColor = <psychopy.colors.Color: (-0.33, -0.33, -0.33, 1.0)>
0.1611 	EXP 	triangle2: borderColor = <psychopy.colors.Color: (-0.64, -0.64, -0.64, 1.0)>
0.1611 	EXP 	triangle3: borderColor = <psychopy.colors.Color: (-0.91, -0.91, -0.91, 1.0)>
0.1611 	EXP 	triangle4: borderColor = <psychopy.colors.Color: (-0.46, -0.46, -0.46, 1.0)>
0.1611 	EXP 	triangle5: borderColor = <psychopy.colors.Color: (-0.75, -0.75, -0.75, 1.0)>
0.1611 	EXP 	triangle6: borderColor = <psychopy.colors.Color: (-0.19, -0.19, -0.19, 1.0)>
0.1611 	EXP 	triangle7: borderColor = <psychopy.colors.Color: (-0.55, -0.55, -0.55, 1.0)>
0.1924 	EXP 	triangle0: borderColor = <psychopy.colors.Color: (-0.33, -0.33, -0.33, 1.0)>
0.1924 	EXP 	triangle1: borderColor = <psychopy.colors.Color: (-0.48, -0.48, -0.48, 1.0)>
0.1924 	EXP 	triangle2: borderColor = <psychopy.colors.Color: (-0.71, -0.71, -0.71, 1.0)>
0.1924 	EXP 	triangle3: borderColor = <psychopy.colors.Color: (-0.48, -0.48, -0.48, 1.0)>
0.1924 	EXP 	triangle4: borderColor = <psychopy.colors.Color: (-0.44, -0.44, -0.44, 1.0)>
0.1924 	EXP 	triangle5: borderColor = <psychopy.colors.Color: (-0.37, -0.37, -0.37, 1.0)>
0.1924 	EXP 	triangle6: borderColor = <psychopy.colors.Color: (-0.7, -0.7, -0.7, 1.0)>
0.1924 	EXP 	triangle7: borderColor = <psychopy.colors.Color: (-0.59, -0.59, -0.59, 1.0)>
0.2117 	EXP 	triangle0: borderColor = <psychopy.colors.Color: (-0.89, -0.89, -0.89, 1.0)>
0.2117 	EXP 	triangle1: borderColor = <psychopy.colors.Color: (-0.61, -0.61, -0.61, 1.0)>
0.2117 	EXP 	triangle2: borderColor = <psychopy.colors.Color: (-0.88, -0.88, -0.88, 1.0)>
0.2117 	EXP 	triangle3: borderColor = <psychopy.colors.Color: (-0.02, -0.02, -0.02, 1.0)>
0.2117 	EXP 	triangle4: borderColor = <psychopy.colors.Color: (-0.4, -0.4, -0.4, 1.0)>
0.2117 	EXP 	triangle5: borderColor = <psychopy.colors.Color: (-0.99, -0.99, -0.99, 1.0)>
0.2117 	EXP 	triangle6: borderColor = <psychopy.colors.Color: (-0.94, -0.94, -0.94, 1.0)>
0.2117 	EXP 	triangle7: borderColor = <psychopy.colors.Color: (-0.2, -0.2, -0.2, 1.0)>
0.2427 	EXP 	triangle0: borderColor = <psychopy.colors.Color: (-0.79, -0.79, -0.79, 1.0)>
0.2427 	EXP 	triangle1: borderColor = <psychopy.colors.Color: (-0.12, -0.12, -0.12, 1.0)>
0.2427 	EXP 	triangle2: borderColor = <psychopy.colors.Color: (-0.0, -0.0, -0.0, 1.0)>
0.2427 	EXP 	triangle3: borderColor = <psychopy.colors.Color: (-0.66, -0.66, -0.66, 1.0)>
0.2427 	EXP 	triangle4: borderColor = <psychopy.colors.Color: (-0.19, -0.19, -0.19, 1.0)>
0.2427 	EXP 	triangle5: borderColor = <psychopy.colors.Color: (-0.03, -0.03, -0.03, 1.0)>
0.2427 	EXP 	triangle6: borderColor = <psychopy.colors.Color: (-0.78, -0.78, -0.78, 1.0)>
0.2427 	EXP 	triangle7: borderColor = <psychopy.colors.Color: (-0.19, -0.19, -0.19, 1.0)>
0.2766 	EXP 	triangle0: borderColor = <psychopy.colors.Color: (-0.21, -0.21, -0.21, 1.0)>
0.2766 	EXP 	triangle1: borderColor = <psychopy.colors.Color: (-0.16, -0.16, -0.16, 1.0)>
0.2766 	EXP 	triangle2: borderColor = <psychopy.colors.Color: (-0.7, -0.7, -0.7, 1.0)>
0.2766 	EXP 	triangle3: borderColor = <psychopy.colors.Color: (-0.28, -0.28, -0.28, 1.0)>
0.2766 	EXP 	triangle4: borderColor = <psychopy.colors.Color: (-0.12, -0.12, -0.12, 1.0)>
0.2766 	EXP 	triangle5: borderColor = <psychopy.colors.Color: (-0.58, -0.58, -0.58, 1.0)>
0.2766 	EXP 	triangle6: borderColor = <psychopy.colors.Color: (-0.79, -0.79, -0.79, 1.0)>
0.2766 	EXP 	triangle7: borderColor = <psychopy.colors.Color: (-0.58, -0.58, -0.58, 1.0)>
0.2938 	EXP 	triangle0: borderColor = <psychopy.colors.Color: (-0.26, -0.26, -0.26, 1.0)>
0.2938 	EXP 	triangle1: borderColor = <psychopy.colors.Color: (-0.3, -0.3, -0.3, 1.0)>
0.2938 	EXP 	triangle2: borderColor = <psychopy.colors.Color: (-0.71, -0.71, -0.71, 1.0)>
0.2938 	EXP 	triangle3: borderColor = <psychopy.colors.Color: (-0.74, -0.74, -0.74, 1.0)>
0.2938 	EXP 	triangle4: borderColor = <psychopy.colors.Color: (-0.33, -0.33, -0.33, 1.0)>
0.2938 	EXP 	triangle5: borderColor = <psychopy.colors.Color: (-0.95, -0.95, -0.95, 1.0)>
0.2938 	EXP 	triangle6: borderColor = <psychopy.colors.Color: (-0.39, -0.39, -0.39, 1.0)>
0.2938 	EXP 	triangle7: borderColor = <psychopy.colors.Color: (-0.1, -0.1, -0.1, 1.0)>
0.3260 	EXP 	triangle0: borderColor = <psychopy.colors.Color: (-0.51, -0.51, -0.51, 1.0)>
0.3260 	EXP 	triangle1: borderColor = <psychopy.colors.Color: (-0.28, -0.28, -0.28, 1.0)>
0.3260 	EXP 	triangle2: borderColor = <psychopy.colors.Color: (-0.58, -0.58, -0.58, 1.0)>
0.3260 	EXP 	triangle3: borderColor = <psychopy.colors.Color: (-0.64, -0.64, -0.64, 1.0)>
0.3260 	EXP 	triangle4: borderColor = <psychopy.colors.Color: (-0.48, -0.48, -0.48, 1.0)>
0.3260 	EXP 	triangle5: borderColor = <psychopy.colors.Color: (-0.9, -0.9, -0.9, 1.0)>
0.3260 	EXP 	triangle6: borderColor = <psychopy.colors.Color: (-0.46, -0.46, -0.46, 1.0)>
0.3260 	EXP 	triangle7: borderColor = <psychopy.colors.Color: (-0.96, -0.96, -0.96, 1.0)>
0.3434 	EXP 	triangle0: borderColor = <psychopy.colors.Color: (-0.09, -0.09, -0.09, 1.0)>
0.3434 	EXP 	triangle1: borderColor = <psychopy.colors.Color: (-0.59, -0.59, -0.59, 1.0)>
0.3434 	EXP 	triangle2: borderColor = <psychopy.colors.Color: (-0.33, -0.33, -0.33, 1.0)>
0.3434 	EXP 	triangle3: borderColor = <psychopy.colors.Color: (-0.41, -0.41, -0.41, 1.0)>
0.3434 	EXP 	triangle4: borderColor = <psychopy.colors.Color: (-0.89, -0.89, -0.89, 1.0)>
0.3434 	EXP 	triangle5: borderColor = <psychopy.colors.Color: (-0.68, -0.68, -0.68, 1.0)>
0.3434 	EXP 	triangle6: borderColor = <psychopy.colors.Color: (-0.33, -0.33, -0.33, 1.0)>
0.3434 	EXP 	triangle7: borderColor = <psychopy.colors.Color: (-0.15, -0.15, -0.15, 1.0)>
0.3611 	EXP 	triangle0: borderColor = <psychopy.colors.Color: (-0.18, -0.18, -0.18, 1.0)>
0.3611 	EXP 	triangle1: borderColor = <psychopy.colors.Color: (-0.35, -0.35, -0.35, 1.0)>
0.3611 	EXP 	triangle2: borderColor = <psychopy.colors.Color: (-0.72, -0.72, -0.72, 1.0)>
0.3611 	EXP 	triangle3: borderColor = <psychopy.colors.Color: (-0.26, -0.26, -0.26, 1.0)>
0.3611 	EXP 	triangle4: borderColor = <psychopy.colors.Color: (-0.48, -0.48, -0.48, 1.0)>
0.3611 	EXP 	triangle5: borderColor = <psychopy.colors.Color: (-0.36, -0.36, -0.36, 1.0)>
0.3611 	EXP 	triangle6: borderColor = <psychopy.colors.Color: (-0.66, -0.66, -0.66, 1.0)>
0.3611 	EXP 	triangle7: borderColor = <psychopy.colors.Color: (-0.28, -0.28, -0.28, 1.0)>
0.3927 	EXP 	triangle0: borderColor = <psychopy.colors.Color: (-0.34, -0.34, -0.34, 1.0)>
0.3927 	EXP 	triangle1: borderColor = <psychopy.colors.Color: (-0.7, -0.7, -0.7, 1.0)>
0.3927 	EXP 	triangle2: borderColor = <psychopy.colors.Color: (-0.85, -0.85, -0.85, 1.0)>
0.3927 	EXP 	triangle3: borderColor = <psychopy.colors.Color: (-0.38, -0.38, -0.38, 1.0)>
0.3927 	EXP 	triangle4: borderColor = <psychopy.colors.Color: (-0.8, -0.8, -0.8, 1.0)>
0.3927 	EXP 	triangle5: borderColor = <psychopy.colors.Color: (-0.53, -0.53, -0.53, 1.0)>
0.3927 	EXP 	triangle6: borderColor = <psychopy.colors.Color: (-0.03, -0.03, -0.03, 1.0)>
0.3927 	EXP 	triangle7: borderColor = <psychopy.colors.Color: (-0.35, -0.35, -0.35, 1.0)>
0.4098 	EXP 	triangle0: borderColor = <psychopy.colors.Color: (-0.33, -0.33, -0.33, 1.0)>
0.4098 	EXP 	triangle1: borderColor = <psychopy.colors.Color: (-0.46, -0.46, -0.46, 1.0)>
0.4098 	EXP 	triangle2: borderColor = <psychopy.colors.Color: (-0.52, -0.52, -0.52, 1.0)>
0.4098 	EXP 	triangle3: borderColor = <psychopy.colors.Color: (-0.78, -0.78, -0.78, 1.0)>
0.4098 	EXP 	triangle4: borderColor = <psychopy.colors.Color: (-0.74, -0.74, -0.74, 1.0)>
0.4098 	EXP 	triangle5: borderColor = <psychopy.colors.Color: (-0.6, -0.6, -0.6, 1.0)>
0.4098 	EXP 	triangle6: borderColor = <psychopy.colors.Color: (-0.14, -0.14, -0.14, 1.0)>
0.4098 	EXP 	triangle7: borderColor = <psychopy.colors.Color: (-0.49, -0.49, -0.49, 1.0)>
0.4268 	EXP 	triangle0: borderColor = <psychopy.colors.Color: (-0.18, -0.18, -0.18, 1.0)>
0.4268 	EXP 	triangle1: borderColor = <psychopy.colors.Color: (-0.49, -0.49, -0.49, 1.0)>
0.4268 	EXP 	triangle2: borderColor = <psychopy.colors.Color: (-0.57, -0.57, -0.57, 1.0)>
0.4268 	EXP 	triangle3: borderColor = <psychopy.colors.Color: (-0.08, -0.08, -0.08, 1.0)>
0.4268 	EXP 	triangle4: borderColor = <psychopy.colors.Color: (-0.6, -0.6, -0.6, 1.0)>
0.4268 	EXP 	triangle5: borderColor = <psychopy.colors.Color: (-0.52, -0.52, -0.52, 1.0)>
0.4268 	EXP 	triangle6: borderColor = <psychopy.colors.Color: (-0.76, -0.76, -0.76, 1.0)>
0.4268 	EXP 	triangle7: borderColor = <psychopy.colors.Color: (-0.03, -0.03, -0.03, 1.0)>
0.4444 	EXP 	triangle0: borderColor = <psychopy.colors.Color: (-0.96, -0.96, -0.96, 1.0)>
0.4444 	EXP 	triangle1: borderColor = <psychopy.colors.Color: (-0.51, -0.51, -0.51, 1.0)>
0.4444 	EXP 	triangle2: borderColor = <psychopy.colors.Color: (-0.08, -0.08, -0.08, 1.0)>
0.4444 	EXP 	triangle3: borderColor = <psychopy.colors.Color: (-0.44, -0.44, -0.44, 1.0)>
0.4444 	EXP 	triangle4: borderColor = <psychopy.colors.Color: (-0.79, -0.79, -0.79, 1.0)>
0.4444 	EXP 	triangle5: borderColor = <psychopy.colors.Color: (-0.53, -0.53, -0.53, 1.0)>
0.4444 	EXP 	triangle6: borderColor = <psychopy.colors.Color: (-0.91, -0.91, -0.91, 1.0)>
0.4444 	EXP 	triangle7: borderColor = <psychopy.colors.Color: (-0.78, -0.78, -0.78, 1.0)>
0.4764 	EXP 	triangle0: borderColor = <psychopy.colors.Color: (-0.75, -0.75, -0.75, 1.0)>
0.4764 	EXP 	triangle1: borderColor = <psychopy.colors.Color: (-0.68, -0.68, -0.68, 1.0)>
0.4764 	EXP 	triangle2: borderColor = <psychopy.colors.Color: (-0.91, -0.91, -0.91, 1.0)>
0.4764 	EXP 	triangle3: borderColor = <psychopy.colors.Color: (-0.4, -0.4, -0.4, 1.0)>
0.4764 	EXP 	triangle4: borderColor = <psychopy.colors.Color: (-0.64, -0.64, -0.64, 1.0)>
0.4764 	EXP 	triangle5: borderColor = <psychopy.colors.Color: (-0.05, -0.05, -0.05, 1.0)>
0.4764 	EXP 	triangle6: borderColor = <psychopy.colors.Color: (-0.35, -0.35, -0.35, 1.0)>
0.4764 	EXP 	triangle7: borderColor = <psychopy.colors.Color: (-0.86, -0.86, -0.86, 1.0)>
0.4935 	EXP 	triangle0: borderColor = <psychopy.colors.Color: (-0.26, -0.26, -0.26, 1.0)>
0.4935 	EXP 	triangle1: borderColor = <psychopy.colors.Color: (-0.19, -0.19, -0.19, 1.0)>
0.4935 	EXP 	triangle2: borderColor = <psychopy.colors.Color: (-0.59, -0.59, -0.59, 1.0)>
0.4935 	EXP 	triangle3: borderColor = <psychopy.colors.Color: (-0.51, -0.51, -0.51, 1.0)>
0.4935 	EXP 	triangle4: borderColor = <psychopy.colors.Color: (-0.89, -0.89, -0.89, 1.0)>
0.4935 	EXP 	triangle5: borderColor = <psychopy.colors.Color: (-0.59, -0.59, -0.59, 1.0)>
0.4935 	EXP 	triangle6: borderColor = <psychopy.colors.Color: (-0.17, -0.17, -0.17, 1.0)>
0.4935 	EXP 	triangle7: borderColor = <psychopy.colors.Color: (-0.31, -0.31, -0.31, 1.0)>
0.5116 	EXP 	triangle0: borderColor = <psychopy.colors.Color: (-0.8, -0.8, -0.8, 1.0)>
0.5116 	EXP 	triangle1: borderColor = <psychopy.colors.Color: (-0.77, -0.77, -0.77, 1.0)>
0.5116 	EXP 	triangle2: borderColor = <psychopy.colors.Color: (-0.44, -0.44, -0.44, 1.0)>
0.5116 	EXP 	triangle3: borderColor = <psychopy.colors.Color: (-0.93, -0.93, -0.93, 1.0)>
0.5116 	EXP 	triangle4: borderColor = <psychopy.colors.Color: (-0.37, -0.37, -0.37, 1.0)>
0.5116 	EXP 	triangle5: borderColor = <psychopy.colors.Color: (-0.9, -0.9, -0.9, 1.0)>
0.5116 	EXP 	triangle6: borderColor = <psychopy.colors.Color: (-0.16, -0.16, -0.16, 1.0)>
0.5116 	EXP 	triangle7: borderColor = <psychopy.colors.Color: (-0.49, -0.49, -0.49, 1.0)>
0.5266 	EXP 	triangle0: borderColor = <psychopy.colors.Color: (-0.85, -0.85, -0.85, 1.0)>
0.5266 	EXP 	triangle1: borderColor = <psychopy.colors.Color: (-0.63, -0.63, -0.63, 1.0)>
0.5266 	EXP 	triangle2: borderColor = <psychopy.colors.Color: (-0.6, -0.6, -0.6, 1.0)>
0.5266 	EXP 	triangle3: borderColor = <psychopy.colors.Color: (-0.09, -0.09, -0.09, 1.0)>
0.5266 	EXP 	triangle4: borderColor = <psychopy.colors.Color: (-0.53, -0.53, -0.53, 1.0)>
0.5266 	EXP 	triangle5: borderColor = <psychopy.colors.Color: (-0.14, -0.14, -0.14, 1.0)>
0.5266 	EXP 	triangle6: borderColor = <psychopy.colors.Color: (-0.38, -0.38, -0.38, 1.0)>
0.5266 	EXP 	triangle7: borderColor = <psychopy.colors.Color: (-0.76, -0.76, -0.76, 1.0)>
0.5447 	EXP 	triangle0: borderColor = <psychopy.colors.Color: (-0.4, -0.4, -0.4, 1.0)>
0.5447 	EXP 	triangle1: borderColor = <psychopy.colors.Color: (-0.57, -0.57, -0.57, 1.0)>
0.5447 	EXP 	triangle2: borderColor = <psychopy.colors.Color: (-0.23, -0.23, -0.23, 1.0)>
0.5447 	EXP 	triangle3: borderColor = <psychopy.colors.Color: (-0.87, -0.87, -0.87, 1.0)>
0.5447 	EXP 	triangle4: borderColor = <psychopy.colors.Color: (-0.89, -0.89, -0.89, 1.0)>
0.5447 	EXP 	triangle5: borderColor = <psychopy.colors.Color: (-0.57, -0.57, -0.57, 1.0)>
0.5447 	EXP 	triangle6: borderColor = <psychopy.colors.Color: (-0.17, -0.17, -0.17, 1.0)>
0.5447 	EXP 	triangle7: borderColor = <psychopy.colors.Color: (-0.08, -0.08, -0.08, 1.0)>
0.5764 	EXP 	triangle0: borderColor = <psychopy.colors.Color: (-0.01, -0.01, -0.01, 1.0)>
0.5764 	EXP 	triangle1: borderColor = <psychopy.colors.Color: (-0.11, -0.11, -0.11, 1.0)>
0.5764 	EXP 	triangle2: borderColor = <psychopy.colors.Color: (-0.04, -0.04, -0.04, 1.0)>
0.5764 	EXP 	triangle3: borderColor = <psychopy.colors.Color: (-0.95, -0.95, -0.95, 1.0)>
0.5764 	EXP 	triangle4: borderColor = <psychopy.colors.Color: (-0.9, -0.9, -0.9, 1.0)>
0.5764 	EXP 	triangle5: borderColor = <psychopy.colors.Color: (-0.66, -0.66, -0.66, 1.0)>
0.5764 	EXP 	triangle6: borderColor = <psychopy.colors.Color: (-0.99, -0.99, -0.99, 1.0)>
0.5764 	EXP 	triangle7: borderColor = <psychopy.colors.Color: (-0.21, -0.21, -0.21, 1.0)>
0.5933 	EXP 	triangle0: borderColor = <psychopy.colors.Color: (-0.27, -0.27, -0.27, 1.0)>
0.5933 	EXP 	triangle1: borderColor = <psychopy.colors.Color: (-0.26, -0.26, -0.26, 1.0)>
0.5933 	EXP 	triangle2: borderColor = <psychopy.colors.Color: (-0.34, -0.34, -0.34, 1.0)>
0.5933 	EXP 	triangle3: borderColor = <psychopy.colors.Color: (-0.69, -0.69, -0.69, 1.0)>
0.5933 	EXP 	triangle4: borderColor = <psychopy.colors.Color: (-0.08, -0.08, -0.08, 1.0)>
0.5933 	EXP 	triangle5: borderColor = <psychopy.colors.Color: (-0.34, -0.34, -0.34, 1.0)>
0.5933 	EXP 	triangle6: borderColor = <psychopy.colors.Color: (-0.7, -0.7, -0.7, 1.0)>
0.5933 	EXP 	triangle7: borderColor = <psychopy.colors.Color: (-0.05, -0.05, -0.05, 1.0)>
0.6100 	EXP 	triangle0: borderColor = <psychopy.colors.Color: (-0.22, -0.22, -0.22, 1.0)>
0.6100 	EXP 	triangle1: borderColor = <psychopy.colors.Color: (-0.2, -0.2, -0.2, 1.0)>
0.6100 	EXP 	triangle2: borderColor = <psychopy.colors.Color: (-0.31, -0.31, -0.31, 1.0)>
0.6100 	EXP 	triangle3: borderColor = <psychopy.colors.Color: (-0.24, -0.24, -0.24, 1.0)>
0.6100 	EXP 	triangle4: borderColor = <psychopy.colors.Color: (-0.13, -0.13, -0.13, 1.0)>
0.6100 	EXP 	triangle5: borderColor = <psychopy.colors.Color: (-0.29, -0.29, -0.29, 1.0)>
0.6100 	EXP 	triangle6: borderColor = <psychopy.colors.Color: (-0.4, -0.4, -0.4, 1.0)>
0.6100 	EXP 	triangle7: borderColor = <psychopy.colors.Color: (-0.2, -0.2, -0.2, 1.0)>
0.6293 	EXP 	triangle0: borderColor = <psychopy.colors.Color: (-0.91, -0.91, -0.91, 1.0)>
0.6293 	EXP 	triangle1: borderColor = <psychopy.colors.Color: (-0.98, -0.98, -0.98, 1.0)>
0.6293 	EXP 	triangle2: borderColor = <psychopy.colors.Color: (-0.46, -0.46, -0.46, 1.0)>
0.6293 	EXP 	triangle3: borderColor = <psychopy.colors.Color: (-0.4, -0.4, -0.4, 1.0)>
0.6293 	EXP 	triangle4: borderColor = <psychopy.colors.Color: (-0.03, -0.03, -0.03, 1.0)>
0.6293 	EXP 	triangle5: borderColor = <psychopy.colors.Color: (-0.62, -0.62, -0.62, 1.0)>
0.6293 	EXP 	triangle6: borderColor = <psychopy.colors.Color: (-0.49, -0.49, -0.49, 1.0)>
0.6293 	EXP 	triangle7: borderColor = <psychopy.colors.Color: (-0.14, -0.14, -0.14, 1.0)>
0.6595 	EXP 	triangle0: borderColor = <psychopy.colors.Color: (-0.55, -0.55, -0.55, 1.0)>
0.6595 	EXP 	triangle1: borderColor = <psychopy.colors.Color: (-0.96, -0.96, -0.96, 1.0)>
0.6595 	EXP 	triangle2: borderColor = <psychopy.colors.Color: (-0.82, -0.82, -0.82, 1.0)>
0.6595 	EXP 	triangle3: borderColor = <psychopy.colors.Color: (-0.65, -0.65, -0.65, 1.0)>
0.6595 	EXP 	triangle4: borderColor = <psychopy.colors.Color: (-0.94, -0.94, -0.94, 1.0)>
0.6595 	EXP 	triangle5: borderColor = <psychopy.colors.Color: (-0.77, -0.77, -0.77, 1.0)>
0.6595 	EXP 	triangle6: borderColor = <psychopy.colors.Color: (-0.96, -0.96, -0.96, 1.0)>
0.6595 	EXP 	triangle7: borderColor = <psychopy.colors.Color: (-0.92, -0.92, -0.92, 1.0)>
0.6769 	EXP 	triangle0: borderColor = <psychopy.colors.Color: (-0.74, -0.74, -0.74, 1.0)>
0.6769 	EXP 	triangle1: borderColor = <psychopy.colors.Color: (-0.63, -0.63, -0.63, 1.0)>
0.6769 	EXP 	triangle2: borderColor = <psychopy.colors.Color: (-0.83, -0.83, -0.83, 1.0)>
0.6769 	EXP 	triangle3: borderColor = <psychopy.colors.Color: (-0.59, -0.59, -0.59, 1.0)>
0.6769 	EXP 	triangle4: borderColor = <psychopy.colors.Color: (-0.28, -0.28, -0.28, 1.0)>
0.6769 	EXP 	triangle5: borderColor = <psychopy.colors.Color: (-0.72, -0.72, -0.72, 1.0)>
0.6769 	EXP 	triangle6: borderColor = <psychopy.colors.Color: (-0.37, -0.37, -0.37, 1.0)>
0.6769 	EXP 	triangle7: borderColor = <psychopy.colors.Color: (-0.21, -0.21, -0.21, 1.0)>
0.6934 	EXP 	triangle0: borderColor = <psychopy.colors.Color: (-0.64, -0.64, -0.64, 1.0)>
0.6934 	EXP 	triangle1: borderColor = <psychopy.colors.Color: (-0.04, -0.04, -0.04, 1.0)>
0.6934 	EXP 	triangle2: borderColor = <psychopy.colors.Color: (-0.46, -0.46, -0.46, 1.0)>
0.6934 	EXP 	triangle3: borderColor = <psychopy.colors.Color: (-0.43, -0.43, -0.43, 1.0)>
0.6934 	EXP 	triangle4: borderColor = <psychopy.colors.Color: (-0.99, -0.99, -0.99, 1.0)>
0.6934 	EXP 	triangle5: borderColor = <psychopy.colors.Color: (-0.52, -0.52, -0.52, 1.0)>
0.6934 	EXP 	triangle6: borderColor = <psychopy.colors.Color: (-1.0, -1.0, -1.0, 1.0)>
0.6934 	EXP 	triangle7: borderColor = <psychopy.colors.Color: (-0.75, -0.75, -0.75, 1.0)>
0.7113 	EXP 	triangle0: borderColor = <psychopy.colors.Color: (-0.12, -0.12, -0.12, 1.0)>
0.7113 	EXP 	triangle1: borderColor = <psychopy.colors.Color: (-0.08, -0.08, -0.08, 1.0)>
0.7113 	EXP 	triangle2: borderColor = <psychopy.colors.Color: (-0.53, -0.53, -0.53, 1.0)>
0.7113 	EXP 	triangle3: borderColor = <psychopy.colors.Color: (-0.59, -0.59, -0.59, 1.0)>
0.7113 	EXP 	triangle4: borderColor = <psychopy.colors.Color: (-0.82, -0.82, -0.82, 1.0)>
0.7113 	EXP 	triangle5: borderColor = <psychopy.colors.Color: (-0.5, -0.5, -0.5, 1.0)>
0.7113 	EXP 	triangle6: borderColor = <psychopy.colors.Color: (-0.25, -0.25, -0.25, 1.0)>
0.7113 	EXP 	triangle7: borderColor = <psychopy.colors.Color: (-0.96, -0.96, -0.96, 1.0)>
0.7277 	EXP 	triangle0: borderColor = <psychopy.colors.Color: (-0.07, -0.07, -0.07, 1.0)>
0.7277 	EXP 	triangle1: borderColor = <psychopy.colors.Color: (-0.68, -0.68, -0.68, 1.0)>
0.7277 	EXP 	triangle2: borderColor = <psychopy.colors.Color: (-0.73, -0.73, -0.73, 1.0)>
0.7277 	EXP 	triangle3: borderColor = <psychopy.colors.Color: (-0.34, -0.34, -0.34, 1.0)>
0.7277 	EXP 	triangle4: borderColor = <psychopy.colors.Color: (-0.05, -0.05, -0.05, 1.0)>
0.7277 	EXP 	triangle5: borderColor = <psychopy.colors.Color: (-1.0, -1.0, -1.0, 1.0)>
0.7277 	EXP 	triangle6: borderColor = <psychopy.colors.Color: (-0.06, -0.06, -0.06, 1.0)>
0.7277 	EXP 	triangle7: borderColor = <psychopy.colors.Color: (-0.49, -0.49, -0.49, 1.0)>
0.7436 	EXP 	triangle0: borderColor = <psychopy.colors.Color: (-0.72, -0.72, -0.72, 1.0)>
0.7436 	EXP 	triangle1: borderColor = <psychopy.colors.Color: (-0.12, -0.12, -0.12, 1.0)>
0.7436 	EXP 	triangle2: borderColor = <psychopy.colors.Color: (-0.6, -0.6, -0.6, 1.0)>
0.7436 	EXP 	triangle3: borderColor = <psychopy.colors.Color: (-0.18, -0.18, -0.18, 1.0)>
0.7436 	EXP 	triangle4: borderColor = <psychopy.colors.Color: (-0.65, -0.65, -0.65, 1.0)>
0.7436 	EXP 	triangle5: borderColor = <psychopy.colors.Color: (-0.24, -0.24, -0.24, 1.0)>
0.7436 	EXP 	triangle6: borderColor = <psychopy.colors.Color: (-0.21, -0.21, -0.21, 1.0)>
0.7436 	EXP 	triangle7: borderColor = <psychopy.colors.Color: (-0.42, -0.42, -0.42, 1.0)>
0.7760 	EXP 	triangle0: borderColor = <psychopy.colors.Color: (-0.4, -0.4, -0.4, 1.0)>
0.7760 	EXP 	triangle1: borderColor = <psychopy.colors.Color: (-0.07, -0.07, -0.07, 1.0)>
0.7760 	EXP 	triangle2: borderColor = <psychopy.colors.Color: (-0.01, -0.01, -0.01, 1.0)>
0.7760 	EXP 	triangle3: borderColor = <psychopy.colors.Color: (-0.83, -0.83, -0.83, 1.0)>
0.7760 	EXP 	triangle4: borderColor = <psychopy.colors.Color: (-0.67, -0.67, -0.67, 1.0)>
0.7760 	EXP 	triangle5: borderColor = <psychopy.colors.Color: (-0.6, -0.6, -0.6, 1.0)>
0.7760 	EXP 	triangle6: borderColor = <psychopy.colors.Color: (-0.03, -0.03, -0.03, 1.0)>
0.7760 	EXP 	triangle7: borderColor = <psychopy.colors.Color: (-0.77, -0.77, -0.77, 1.0)>
0.7930 	EXP 	triangle0: borderColor = <psychopy.colors.Color: (-0.61, -0.61, -0.61, 1.0)>
0.7930 	EXP 	triangle1: borderColor = <psychopy.colors.Color: (-0.22, -0.22, -0.22, 1.0)>
0.7930 	EXP 	triangle2: borderColor = <psychopy.colors.Color: (-0.54, -0.54, -0.54, 1.0)>
0.7930 	EXP 	triangle3: borderColor = <psychopy.colors.Color: (-0.41, -0.41, -0.41, 1.0)>
0.7930 	EXP 	triangle4: borderColor = <psychopy.colors.Color: (-0.43, -0.43, -0.43, 1.0)>
0.7930 	EXP 	triangle5: borderColor = <psychopy.colors.Color: (-0.01, -0.01, -0.01, 1.0)>
0.7930 	EXP 	triangle6: borderColor = <psychopy.colors.Color: (-0.36, -0.36, -0.36, 1.0)>
0.7930 	EXP 	triangle7: borderColor = <psychopy.colors.Color: (-0.1, -0.1, -0.1, 1.0)>
0.8119 	EXP 	triangle0: borderColor = <psychopy.colors.Color: (-0.02, -0.02, -0.02, 1.0)>
0.8119 	EXP 	triangle1: borderColor = <psychopy.colors.Color: (-0.43, -0.43, -0.43, 1.0)>
0.8119 	EXP 	triangle2: borderColor = <psychopy.colors.Color: (-0.73, -0.73, -0.73, 1.0)>
0.8119 	EXP 	triangle3: borderColor = <psychopy.colors.Color: (-0.38, -0.38, -0.38, 1.0)>
0.8119 	EXP 	triangle4: borderColor = <psychopy.colors.Color: (-0.73, -0.73, -0.73, 1.0)>
0.8119 	EXP 	triangle5: borderColor = <psychopy.colors.Color: (-0.42, -0.42, -0.42, 1.0)>
0.8119 	EXP 	triangle6: borderColor = <psychopy.colors.Color: (-0.8, -0.8, -0.8, 1.0)>
0.8119 	EXP 	triangle7: borderColor = <psychopy.colors.Color: (-0.83, -0.83, -0.83, 1.0)>
0.8265 	EXP 	triangle0: borderColor = <psychopy.colors.Color: (-0.86, -0.86, -0.86, 1.0)>
0.8265 	EXP 	triangle1: borderColor = <psychopy.colors.Color: (-0.41, -0.41, -0.41, 1.0)>
0.8265 	EXP 	triangle2: borderColor = <psychopy.colors.Color: (-0.8, -0.8, -0.8, 1.0)>
0.8265 	EXP 	triangle3: borderColor = <psychopy.colors.Color: (-0.2, -0.2, -0.2, 1.0)>
0.8265 	EXP 	triangle4: borderColor = <psychopy.colors.Color: (-0.72, -0.72, -0.72, 1.0)>
0.8265 	EXP 	triangle5: borderColor = <psychopy.colors.Color: (-0.41, -0.41, -0.41, 1.0)>
0.8265 	EXP 	triangle6: borderColor = <psychopy.colors.Color: (-0.46, -0.46, -0.46, 1.0)>
0.8265 	EXP 	triangle7: borderColor = <psychopy.colors.Color: (-0.2, -0.2, -0.2, 1.0)>
0.8434 	EXP 	triangle0: borderColor = <psychopy.colors.Color: (-0.77, -0.77, -0.77, 1.0)>
0.8434 	EXP 	triangle1: borderColor = <psychopy.colors.Color: (-0.23, -0.23, -0.23, 1.0)>
0.8434 	EXP 	triangle2: borderColor = <psychopy.colors.Color: (-0.56, -0.56, -0.56, 1.0)>
0.8434 	EXP 	triangle3: borderColor = <psychopy.colors.Color: (-0.71, -0.71, -0.71, 1.0)>
0.8434 	EXP 	triangle4: borderColor = <psychopy.colors.Color: (-0.01, -0.01, -0.01, 1.0)>
0.8434 	EXP 	triangle5: borderColor = <psychopy.colors.Color: (-0.25, -0.25, -0.25, 1.0)>
0.8434 	EXP 	triangle6: borderColor = <psychopy.colors.Color: (-0.3, -0.3, -0.3, 1.0)>
0.8434 	EXP 	triangle7: borderColor = <psychopy.colors.Color: (-0.74, -0.74, -0.74, 1.0)>
0.8620 	EXP 	triangle0: borderColor = <psychopy.colors.Color: (-0.41, -0.41, -0.41, 1.0)>
0.8620 	EXP 	triangle1: borderColor = <psychopy.colors.Color: (-0.15, -0.15, -0.15, 1.0)>
0.8620 	EXP 	triangle2: borderColor = <psychopy.colors.Color: (-0.98, -0.98, -0.98, 1.0)>
0.8620 	EXP 	triangle3: borderColor = <psychopy.colors.Color: (-0.51, -0.51, -0.51, 1.0)>
0.8620 	EXP 	triangle4: borderColor = <psychopy.colors.Color: (-1.0, -1.0, -1.0, 1.0)>
0.8620 	EXP 	triangle5: borderColor = <psychopy.colors.Color: (-0.37, -0.37, -0.37, 1.0)>
0.8620 	EXP 	triangle6: borderColor = <psychopy.colors.Color: (-0.33, -0.33, -0.33, 1.0)>
0.8620 	EXP 	triangle7: borderColor = <psychopy.colors.Color: (-0.9, -0.9, -0.9, 1.0)>
0.8926 	EXP 	triangle0: borderColor = <psychopy.colors.Color: (-0.02, -0.02, -0.02, 1.0)>
0.8926 	EXP 	triangle1: borderColor = <psychopy.colors.Color: (-0.33, -0.33, -0.33, 1.0)>
0.8926 	EXP 	triangle2: borderColor = <psychopy.colors.Color: (-0.33, -0.33, -0.33, 1.0)>
0.8926 	EXP 	triangle3: borderColor = <psychopy.colors.Color: (-0.91, -0.91, -0.91, 1.0)>
0.8926 	EXP 	triangle4: borderColor = <psychopy.colors.Color: (-0.47, -0.47, -0.47, 1.0)>
0.8926 	EXP 	triangle5: borderColor = <psychopy.colors.Color: (-0.47, -0.47, -0.47, 1.0)>
0.8926 	EXP 	triangle6: borderColor = <psychopy.colors.Color: (-0.01, -0.01, -0.01, 1.0)>
0.8926 	EXP 	triangle7: borderColor = <psychopy.colors.Color: (-0.18, -0.18, -0.18, 1.0)>
0.9116 	EXP 	triangle0: borderColor = <psychopy.colors.Color: (-0.45, -0.45, -0.45, 1.0)>
0.9116 	EXP 	triangle1: borderColor = <psychopy.colors.Color: (-0.92, -0.92, -0.92, 1.0)>
0.9116 	EXP 	triangle2: borderColor = <psychopy.colors.Color: (-0.65, -0.65, -0.65, 1.0)>
0.9116 	EXP 	triangle3: borderColor = <psychopy.colors.Color: (-0.44, -0.44, -0.44, 1.0)>
0.9116 	EXP 	triangle4: borderColor = <psychopy.colors.Color: (-0.38, -0.38, -0.38, 1.0)>
0.9116 	EXP 	triangle5: borderColor = <psychopy.colors.Color: (-0.27, -0.27, -0.27, 1.0)>
0.9116 	EXP 	triangle6: borderColor = <psychopy.colors.Color: (-0.63, -0.63, -0.63, 1.0)>
0.9116 	EXP 	triangle7: borderColor = <psychopy.colors.Color: (-0.69, -0.69, -0.69, 1.0)>
0.9436 	EXP 	triangle0: borderColor = <psychopy.colors.Color: (-0.92, -0.92, -0.92, 1.0)>
0.9436 	EXP 	triangle1: borderColor = <psychopy.colors.Color: (-0.88, -0.88, -0.88, 1.0)>
0.9436 	EXP 	triangle2: borderColor = <psychopy.colors.Color: (-0.47, -0.47, -0.47, 1.0)>
0.9436 	EXP 	triangle3: borderColor = <psychopy.colors.Color: (-0.27, -0.27, -0.27, 1.0)>
0.9436 	EXP 	triangle4: borderColor = <psychopy.colors.Color: (-0.71, -0.71, -0.71, 1.0)>
0.9436 	EXP 	triangle5: borderColor = <psychopy.colors.Color: (-0.71, -0.71, -0.71, 1.0)>
0.9436 	EXP 	triangle6: borderColor = <psychopy.colors.Color: (-0.46, -0.46, -0.46, 1.0)>
0.9436 	EXP 	triangle7: borderColor = <psychopy.colors.Color: (-0.48, -0.48, -0.48, 1.0)>
0.9766 	EXP 	triangle0: borderColor = <psychopy.colors.Color: (-0.81, -0.81, -0.81, 1.0)>
0.9766 	EXP 	triangle1: borderColor = <psychopy.colors.Color: (-0.53, -0.53, -0.53, 1.0)>
0.9766 	EXP 	triangle2: borderColor = <psychopy.colors.Color: (-1.0, -1.0, -1.0, 1.0)>
0.9766 	EXP 	triangle3: borderColor = <psychopy.colors.Color: (-0.73, -0.73, -0.73, 1.0)>
0.9766 	EXP 	triangle4: borderColor = <psychopy.colors.Color: (-0.15, -0.15, -0.15, 1.0)>
0.9766 	EXP 	triangle5: borderColor = <psychopy.colors.Color: (-0.26, -0.26, -0.26, 1.0)>
0.9766 	EXP 	triangle6: borderColor = <psychopy.colors.Color: (-0.83, -0.83, -0.83, 1.0)>
0.9766 	EXP 	triangle7: borderColor = <psychopy.colors.Color: (-0.47, -0.47, -0.47, 1.0)>
0.9936 	EXP 	triangle0: borderColor = <psychopy.colors.Color: (-0.66, -0.66, -0.66, 1.0)>
0.9936 	EXP 	triangle1: borderColor = <psychopy.colors.Color: (-0.78, -0.78, -0.78, 1.0)>
0.9936 	EXP 	triangle2: borderColor = <psychopy.colors.Color: (-0.08, -0.08, -0.08, 1.0)>
0.9936 	EXP 	triangle3: borderColor = <psychopy.colors.Color: (-0.41, -0.41, -0.41, 1.0)>
0.9936 	EXP 	triangle4: borderColor = <psychopy.colors.Color: (-0.69, -0.69, -0.69, 1.0)>
0.9936 	EXP 	triangle5: borderColor = <psychopy.colors.Color: (-0.3, -0.3, -0.3, 1.0)>
0.9936 	EXP 	triangle6: borderColor = <psychopy.colors.Color: (-0.53, -0.53, -0.53, 1.0)>
0.9936 	EXP 	triangle7: borderColor = <psychopy.colors.Color: (-0.49, -0.49, -0.49, 1.0)>
1.0095 	EXP 	triangle0: borderColor = <psychopy.colors.Color: (-0.83, -0.83, -0.83, 1.0)>
1.0095 	EXP 	triangle1: borderColor = <psychopy.colors.Color: (-0.13, -0.13, -0.13, 1.0)>
1.0095 	EXP 	triangle2: borderColor = <psychopy.colors.Color: (-0.01, -0.01, -0.01, 1.0)>
1.0095 	EXP 	triangle3: borderColor = <psychopy.colors.Color: (-0.72, -0.72, -0.72, 1.0)>
1.0095 	EXP 	triangle4: borderColor = <psychopy.colors.Color: (-0.4, -0.4, -0.4, 1.0)>
1.0095 	EXP 	triangle5: borderColor = <psychopy.colors.Color: (-0.92, -0.92, -0.92, 1.0)>
1.0095 	EXP 	triangle6: borderColor = <psychopy.colors.Color: (-0.8, -0.8, -0.8, 1.0)>
1.0095 	EXP 	triangle7: borderColor = <psychopy.colors.Color: (-0.57, -0.57, -0.57, 1.0)>
1.0430 	EXP 	triangle0: borderColor = <psychopy.colors.Color: (-0.79, -0.79, -0.79, 1.0)>
1.0430 	EXP 	triangle1: borderColor = <psychopy.colors.Color: (-0.75, -0.75, -0.75, 1.0)>
1.0430 	EXP 	triangle2: borderColor = <psychopy.colors.Color: (-0.79, -0.79, -0.79, 1.0)>
1.0430 	EXP 	triangle3: borderColor = <psychopy.colors.Color: (-0.18, -0.18, -0.18, 1.0)>
1.0430 	EXP 	triangle4: borderColor = <psychopy.colors.Color: (-0.34, -0.34, -0.34, 1.0)>
1.0430 	EXP 	triangle5: borderColor = <psychopy.colors.Color: (-0.77, -0.77, -0.77, 1.0)>
1.0430 	EXP 	triangle6: borderColor = <psychopy.colors.Color: (-0.77, -0.77, -0.77, 1.0)>
1.0430 	EXP 	triangle7: borderColor = <psychopy.colors.Color: (-0.17, -0.17, -0.17, 1.0)>
1.0598 	EXP 	triangle0: borderColor = <psychopy.colors.Color: (-0.62, -0.62, -0.62, 1.0)>
1.0598 	EXP 	triangle1: borderColor = <psychopy.colors.Color: (-0.74, -0.74, -0.74, 1.0)>
1.0598 	EXP 	triangle2: borderColor = <psychopy.colors.Color: (-0.48, -0.48, -0.48, 1.0)>
1.0598 	EXP 	triangle3: borderColor = <psychopy.colors.Color: (-0.03, -0.03, -0.03, 1.0)>
1.0598 	EXP 	triangle4: borderColor = <psychopy.colors.Color: (-0.82, -0.82, -0.82, 1.0)>
1.0598 	EXP 	triangle5: borderColor = <psychopy.colors.Color: (-0.01, -0.01, -0.01, 1.0)>
1.0598 	EXP 	triangle6: borderColor = <psychopy.colors.Color: (-0.49, -0.49, -0.49, 1.0)>
1.0598 	EXP 	triangle7: borderColor = <psychopy.colors.Color: (-0.03, -0.03, -0.03, 1.0)>
1.0772 	EXP 	triangle0: borderColor = <psychopy.colors.Color: (-0.39, -0.39, -0.39, 1.0)>
1.0772 	EXP 	triangle1: borderColor = <psychopy.colors.Color: (-0.79, -0.79, -0.79, 1.0)>
1.0772 	EXP 	triangle2: borderColor = <psychopy.colors.Color: (-0.64, -0.64, -0.64, 1.0)>
1.0772 	EXP 	triangle3: borderColor = <psychopy.colors.Color: (-0.83, -0.83, -0.83, 1.0)>
1.0772 	EXP 	triangle4: borderColor = <psychopy.colors.Color: (-0.57, -0.57, -0.57, 1.0)>
1.0772 	EXP 	triangle5: borderColor = <psychopy.colors.Color: (-0.37, -0.37, -0.37, 1.0)>
1.0772 	EXP 	triangle6: borderColor = <psychopy.colors.Color: (-0.74, -0.74, -0.74, 1.0)>
1.0772 	EXP 	triangle7: borderColor = <psychopy.colors.Color: (-0.14, -0.14, -0.14, 1.0)>
1.0932 	EXP 	triangle0: borderColor = <psychopy.colors.Color: (-0.73, -0.73, -0.73, 1.0)>
1.0932 	EXP 	triangle1: borderColor = <psychopy.colors.Color: (-0.69, -0.69, -0.69, 1.0)>
1.0932 	EXP 	triangle2: borderColor = <psychopy.colors.Color: (-0.85, -0.85, -0.85, 1.0)>
1.0932 	EXP 	triangle3: borderColor = <psychopy.colors.Color: (-0.91, -0.91, -0.91, 1.0)>
1.0932 	EXP 	triangle4: borderColor = <psychopy.colors.Color: (-0.34, -0.34, -0.34, 1.0)>
1.0932 	EXP 	triangle5: borderColor = <psychopy.colors.Color: (-0.79, -0.79, -0.79, 1.0)>
1.0932 	EXP 	triangle6: borderColor = <psychopy.colors.Color: (-0.87, -0.87, -0.87, 1.0)>
1.0932 	EXP 	triangle7: borderColor = <psychopy.colors.Color: (-0.13, -0.13, -0.13, 1.0)>
1.1101 	EXP 	triangle0: borderColor = <psychopy.colors.Color: (-0.33, -0.33, -0.33, 1.0)>
1.1101 	EXP 	triangle1: borderColor = <psychopy.colors.Color: (-0.53, -0.53, -0.53, 1.0)>
1.1101 	EXP 	triangle2: borderColor = <psychopy.colors.Color: (-0.24, -0.24, -0.24, 1.0)>
1.1101 	EXP 	triangle3: borderColor = <psychopy.colors.Color: (-0.41, -0.41, -0.41, 1.0)>
1.1101 	EXP 	triangle4: borderColor = <psychopy.colors.Color: (-0.23, -0.23, -0.23, 1.0)>
1.1101 	EXP 	triangle5: borderColor = <psychopy.colors.Color: (-0.42, -0.42, -0.42, 1.0)>
1.1101 	EXP 	triangle6: borderColor = <psychopy.colors.Color: (-0.49, -0.49, -0.49, 1.0)>
1.1101 	EXP 	triangle7: borderColor = <psychopy.colors.Color: (-0.67, -0.67, -0.67, 1.0)>
1.1273 	EXP 	triangle0: borderColor = <psychopy.colors.Color: (-0.57, -0.57, -0.57, 1.0)>
1.1273 	EXP 	triangle1: borderColor = <psychopy.colors.Color: (-0.7, -0.7, -0.7, 1.0)>
1.1273 	EXP 	triangle2: borderColor = <psychopy.colors.Color: (-0.5, -0.5, -0.5, 1.0)>
1.1273 	EXP 	triangle3: borderColor = <psychopy.colors.Color: (-0.33, -0.33, -0.33, 1.0)>
1.1273 	EXP 	triangle4: borderColor = <psychopy.colors.Color: (-0.75, -0.75, -0.75, 1.0)>
1.1273 	EXP 	triangle5: borderColor = <psychopy.colors.Color: (-0.85, -0.85, -0.85, 1.0)>
1.1273 	EXP 	triangle6: borderColor = <psychopy.colors.Color: (-0.98, -0.98, -0.98, 1.0)>
1.1273 	EXP 	triangle7: borderColor = <psychopy.colors.Color: (-0.07, -0.07, -0.07, 1.0)>
1.1431 	EXP 	triangle0: borderColor = <psychopy.colors.Color: (-0.28, -0.28, -0.28, 1.0)>
1.1431 	EXP 	triangle1: borderColor = <psychopy.colors.Color: (-0.25, -0.25, -0.25, 1.0)>
1.1431 	EXP 	triangle2: borderColor = <psychopy.colors.Color: (-0.11, -0.11, -0.11, 1.0)>
1.1431 	EXP 	triangle3: borderColor = <psychopy.colors.Color: (-0.8, -0.8, -0.8, 1.0)>
1.1431 	EXP 	triangle4: borderColor = <psychopy.colors.Color: (-0.91, -0.91, -0.91, 1.0)>
1.1431 	EXP 	triangle5: borderColor = <psychopy.colors.Color: (-0.27, -0.27, -0.27, 1.0)>
1.1431 	EXP 	triangle6: borderColor = <psychopy.colors.Color: (-0.47, -0.47, -0.47, 1.0)>
1.1431 	EXP 	triangle7: borderColor = <psychopy.colors.Color: (-0.12, -0.12, -0.12, 1.0)>
1.1600 	EXP 	triangle0: borderColor = <psychopy.colors.Color: (-0.99, -0.99, -0.99, 1.0)>
1.1600 	EXP 	triangle1: borderColor = <psychopy.colors.Color: (-0.27, -0.27, -0.27, 1.0)>
1.1600 	EXP 	triangle2: borderColor = <psychopy.colors.Color: (-0.6, -0.6, -0.6, 1.0)>
1.1600 	EXP 	triangle3: borderColor = <psychopy.colors.Color: (-0.74, -0.74, -0.74, 1.0)>
1.1600 	EXP 	triangle4: borderColor = <psychopy.colors.Color: (-0.05, -0.05, -0.05, 1.0)>
1.1600 	EXP 	triangle5: borderColor = <psychopy.colors.Color: (-0.08, -0.08, -0.08, 1.0)>
1.1600 	EXP 	triangle6: borderColor = <psychopy.colors.Color: (-0.18, -0.18, -0.18, 1.0)>
1.1600 	EXP 	triangle7: borderColor = <psychopy.colors.Color: (-0.03, -0.03, -0.03, 1.0)>
1.1770 	EXP 	triangle0: borderColor = <psychopy.colors.Color: (-0.34, -0.34, -0.34, 1.0)>
1.1770 	EXP 	triangle1: borderColor = <psychopy.colors.Color: (-0.17, -0.17, -0.17, 1.0)>
1.1770 	EXP 	triangle2: borderColor = <psychopy.colors.Color: (-0.47, -0.47, -0.47, 1.0)>
1.1770 	EXP 	triangle3: borderColor = <psychopy.colors.Color: (-0.33, -0.33, -0.33, 1.0)>
1.1770 	EXP 	triangle4: borderColor = <psychopy.colors.Color: (-0.35, -0.35, -0.35, 1.0)>
1.1770 	EXP 	triangle5: borderColor = <psychopy.colors.Color: (-0.27, -0.27, -0.27, 1.0)>
1.1770 	EXP 	triangle6: borderColor = <psychopy.colors.Color: (-0.93, -0.93, -0.93, 1.0)>
1.1770 	EXP 	triangle7: borderColor = <psychopy.colors.Color: (-0.24, -0.24, -0.24, 1.0)>
1.1960 	EXP 	triangle0: borderColor = <psychopy.colors.Color: (-0.97, -0.97, -0.97, 1.0)>
1.1960 	EXP 	triangle1: borderColor = <psychopy.colors.Color: (-0.56, -0.56, -0.56, 1.0)>
1.1960 	EXP 	triangle2: borderColor = <psychopy.colors.Color: (-0.68, -0.68, -0.68, 1.0)>
1.1960 	EXP 	triangle3: borderColor = <psychopy.colors.Color: (-0.71, -0.71, -0.71, 1.0)>
1.1960 	EXP 	triangle4: borderColor = <psychopy.colors.Color: (-0.14, -0.14, -0.14, 1.0)>
1.1960 	EXP 	triangle5: borderColor = <psychopy.colors.Color: (-0.98, -0.98, -0.98, 1.0)>
1.1960 	EXP 	triangle6: borderColor = <psychopy.colors.Color: (-0.79, -0.79, -0.79, 1.0)>
1.1960 	EXP 	triangle7: borderColor = <psychopy.colors.Color: (-0.35, -0.35, -0.35, 1.0)>
1.2263 	EXP 	triangle0: borderColor = <psychopy.colors.Color: (-0.84, -0.84, -0.84, 1.0)>
1.2263 	EXP 	triangle1: borderColor = <psychopy.colors.Color: (-0.99, -0.99, -0.99, 1.0)>
1.2263 	EXP 	triangle2: borderColor = <psychopy.colors.Color: (-0.81, -0.81, -0.81, 1.0)>
1.2263 	EXP 	triangle3: borderColor = <psychopy.colors.Color: (-0.12, -0.12, -0.12, 1.0)>
1.2263 	EXP 	triangle4: borderColor = <psychopy.colors.Color: (-0.74, -0.74, -0.74, 1.0)>
1.2263 	EXP 	triangle5: borderColor = <psychopy.colors.Color: (-0.88, -0.88, -0.88, 1.0)>
1.2263 	EXP 	triangle6: borderColor = <psychopy.colors.Color: (-0.89, -0.89, -0.89, 1.0)>
1.2263 	EXP 	triangle7: borderColor = <psychopy.colors.Color: (-0.78, -0.78, -0.78, 1.0)>
1.2436 	EXP 	triangle0: borderColor = <psychopy.colors.Color: (-0.7, -0.7, -0.7, 1.0)>
1.2436 	EXP 	triangle1: borderColor = <psychopy.colors.Color: (-0.8, -0.8, -0.8, 1.0)>
1.2436 	EXP 	triangle2: borderColor = <psychopy.colors.Color: (-0.97, -0.97, -0.97, 1.0)>
1.2436 	EXP 	triangle3: borderColor = <psychopy.colors.Color: (-0.58, -0.58, -0.58, 1.0)>
1.2436 	EXP 	triangle4: borderColor = <psychopy.colors.Color: (-0.45, -0.45, -0.45, 1.0)>
1.2436 	EXP 	triangle5: borderColor = <psychopy.colors.Color: (-0.68, -0.68, -0.68, 1.0)>
1.2436 	EXP 	triangle6: borderColor = <psychopy.colors.Color: (-0.92, -0.92, -0.92, 1.0)>
1.2436 	EXP 	triangle7: borderColor = <psychopy.colors.Color: (-0.43, -0.43, -0.43, 1.0)>
1.2600 	EXP 	triangle0: borderColor = <psychopy.colors.Color: (-0.38, -0.38, -0.38, 1.0)>
1.2600 	EXP 	triangle1: borderColor = <psychopy.colors.Color: (-0.13, -0.13, -0.13, 1.0)>
1.2600 	EXP 	triangle2: borderColor = <psychopy.colors.Color: (-0.05, -0.05, -0.05, 1.0)>
1.2600 	EXP 	triangle3: borderColor = <psychopy.colors.Color: (-0.13, -0.13, -0.13, 1.0)>
1.2600 	EXP 	triangle4: borderColor = <psychopy.colors.Color: (-0.48, -0.48, -0.48, 1.0)>
1.2600 	EXP 	triangle5: borderColor = <psychopy.colors.Color: (-0.13, -0.13, -0.13, 1.0)>
1.2600 	EXP 	triangle6: borderColor = <psychopy.colors.Color: (-0.58, -0.58, -0.58, 1.0)>
1.2600 	EXP 	triangle7: borderColor = <psychopy.colors.Color: (-0.89, -0.89, -0.89, 1.0)>
1.2937 	EXP 	triangle0: borderColor = <psychopy.colors.Color: (-0.66, -0.66, -0.66, 1.0)>
1.2937 	EXP 	triangle1: borderColor = <psychopy.colors.Color: (-0.16, -0.16, -0.16, 1.0)>
1.2937 	EXP 	triangle2: borderColor = <psychopy.colors.Color: (-0.53, -0.53, -0.53, 1.0)>
1.2937 	EXP 	triangle3: borderColor = <psychopy.colors.Color: (-0.41, -0.41, -0.41, 1.0)>
1.2937 	EXP 	triangle4: borderColor = <psychopy.colors.Color: (-0.67, -0.67, -0.67, 1.0)>
1.2937 	EXP 	triangle5: borderColor = <psychopy.colors.Color: (-0.7, -0.7, -0.7, 1.0)>
1.2937 	EXP 	triangle6: borderColor = <psychopy.colors.Color: (-0.92, -0.92, -0.92, 1.0)>
1.2937 	EXP 	triangle7: borderColor = <psychopy.colors.Color: (-0.16, -0.16, -0.16, 1.0)>
1.3270 	EXP 	triangle0: borderColor = <psychopy.colors.Color: (-0.92, -0.92, -0.92, 1.0)>
1.3270 	EXP 	triangle1: borderColor = <psychopy.colors.Color: (-0.19, -0.19, -0.19, 1.0)>
1.3270 	EXP 	triangle2: borderColor = <psychopy.colors.Color: (-0.03, -0.03, -0.03, 1.0)>
1.3270 	EXP 	triangle3: borderColor = <psychopy.colors.Color: (-0.4, -0.4, -0.4, 1.0)>
1.3270 	EXP 	triangle4: borderColor = <psychopy.colors.Color: (-0.09, -0.09, -0.09, 1.0)>
1.3270 	EXP 	triangle5: borderColor = <psychopy.colors.Color: (-0.63, -0.63, -0.63, 1.0)>
1.3270 	EXP 	triangle6: borderColor = <psychopy.colors.Color: (-0.6, -0.6, -0.6, 1.0)>
1.3270 	EXP 	triangle7: borderColor = <psychopy.colors.Color: (-0.08, -0.08, -0.08, 1.0)>
1.3444 	EXP 	triangle0: borderColor = <psychopy.colors.Color: (-0.33, -0.33, -0.33, 1.0)>
1.3444 	EXP 	triangle1: borderColor = <psychopy.colors.Color: (-0.3, -0.3, -0.3, 1.0)>
1.3444 	EXP 	triangle2: borderColor = <psychopy.colors.Color: (-0.01, -0.01, -0.01, 1.0)>
1.3444 	EXP 	triangle3: borderColor = <psychopy.colors.Color: (-0.18, -0.18, -0.18, 1.0)>
1.3444 	EXP 	triangle4: borderColor = <psychopy.colors.Color: (-0.23, -0.23, -0.23, 1.0)>
1.3444 	EXP 	triangle5: borderColor = <psychopy.colors.Color: (-0.65, -0.65, -0.65, 1.0)>
1.3444 	EXP 	triangle6: borderColor = <psychopy.colors.Color: (-0.59, -0.59, -0.59, 1.0)>
1.3444 	EXP 	triangle7: borderColor = <psychopy.colors.Color: (-0.56, -0.56, -0.56, 1.0)>
1.3616 	EXP 	triangle0: borderColor = <psychopy.colors.Color: (-0.42, -0.42, -0.42, 1.0)>
1.3616 	EXP 	triangle1: borderColor = <psychopy.colors.Color: (-0.07, -0.07, -0.07, 1.0)>
1.3616 	EXP 	triangle2: borderColor = <psychopy.colors.Color: (-0.47, -0.47, -0.47, 1.0)>
1.3616 	EXP 	triangle3: borderColor = <psychopy.colors.Color: (-0.27, -0.27, -0.27, 1.0)>
1.3616 	EXP 	triangle4: borderColor = <psychopy.colors.Color: (-0.71, -0.71, -0.71, 1.0)>
1.3616 	EXP 	triangle5: borderColor = <psychopy.colors.Color: (-0.12, -0.12, -0.12, 1.0)>
1.3616 	EXP 	triangle6: borderColor = <psychopy.colors.Color: (-0.93, -0.93, -0.93, 1.0)>
1.3616 	EXP 	triangle7: borderColor = <psychopy.colors.Color: (-0.79, -0.79, -0.79, 1.0)>
1.3734 	DATA 	Keypress: return
1.3925 	EXP 	triangle0: borderColor = <psychopy.colors.Color: (-0.65, -0.65, -0.65, 1.0)>
1.3925 	EXP 	triangle1: borderColor = <psychopy.colors.Color: (-0.98, -0.98, -0.98, 1.0)>
1.3925 	EXP 	triangle2: borderColor = <psychopy.colors.Color: (-0.72, -0.72, -0.72, 1.0)>
1.3925 	EXP 	triangle3: borderColor = <psychopy.colors.Color: (-0.81, -0.81, -0.81, 1.0)>
1.3925 	EXP 	triangle4: borderColor = <psychopy.colors.Color: (-0.23, -0.23, -0.23, 1.0)>
1.3925 	EXP 	triangle5: borderColor = <psychopy.colors.Color: (-0.81, -0.81, -0.81, 1.0)>
1.3925 	EXP 	triangle6: borderColor = <psychopy.colors.Color: (-0.75, -0.75, -0.75, 1.0)>
1.3925 	EXP 	triangle7: borderColor = <psychopy.colors.Color: (-0.53, -0.53, -0.53, 1.0)>
1.4505 	INFO 	saved data to C:\Users\legions\Documents\Davis\Neurotech Club\NeuroVision\Stimuli\Stage2Training\data/307922_stage1train_2025-02-27_12h35.21.510.psydat
1.4517 	INFO 	saved data to 'C:\\Users\\legions\\Documents\\Davis\\Neurotech Club\\NeuroVision\\Stimuli\\Stage2Training\\data/307922_stage1train_2025-02-27_12h35.21.510.csv'
