7.0938 	INFO 	Loaded monitor calibration from ['2025_01_16 16:08']
7.4399 	EXP 	Created window1 = Window(allowGUI=False, allowStencil=False, autoLog=True, backendConf=UNKNOWN, backgroundFit=<method-wrapper '__getattribute__' of attributeSetter object at 0x000001DEECD31570>, backgroundImage=<method-wrapper '__getattribute__' of attributeSetter object at 0x000001DEECD31510>, bitsMode=UNKNOWN, blendMode='avg', bpc=(8, 8, 8), color=array([-1, -1, -1]), colorSpace='rgb', depthBits=8, fullscr=False, gamma=None, gammaErrorPolicy='raise', infoMsg=UNKNOWN, lms=UNKNOWN, monitor=<psychopy.monitors.calibTools.Monitor object at 0x000001DEECDFFC10>, multiSample=False, name='window1', numSamples=2, pos=[880.0, 400.0], screen=0, size=array([800, 800]), stencilBits=0, stereo=False, title='PsychoPy', units='height', useFBO=True, useRetina=False, viewOri=0.0, viewPos=None, viewScale=None, waitBlanking=True, winType='pyglet')
7.4400 	EXP 	window1: backgroundImage = ''
7.4400 	EXP 	window1: backgroundFit = 'none'
7.4881 	EXP 	window1: Attempting to measure frame rate of screen (0) ...
7.4881 	EXP 	window1: recordFrameIntervals = False
7.6653 	EXP 	window1: recordFrameIntervals = True
7.8488 	EXP 	Screen (0) actual frame rate measured at 59.83Hz
7.8488 	EXP 	window1: recordFrameIntervals = False
7.8587 	WARNING 	launchHubServer: If using the iohub mouse or eyetracker devices, fullScr should be True.
10.9735 	INFO 	keyboard.Keyboard is using iohub backend.
10.9735 	EXP 	stage1train: status = STARTED
10.9797 	EXP 	Created cursor = ShapeStim(__class__=<class 'psychopy.visual.shape.ShapeStim'>, anchor=('center', 'center'), autoDraw=False, autoLog=True, closeShape=True, color=method-wrapper(...), colorSpace='rgb', contrast=None, depth=-10.0, draggable=False, fillColor=array([ 1., -1., -1.]), fillColorSpace='rgb', fillRGB=array([ 1., -1., -1.]), interpolate=True, lineColor=array([ 1., -1., -1.]), lineColorSpace='rgb', lineRGB=array([ 1., -1., -1.]), lineWidth=1.0, name='cursor', opacity=1, ori=0.0, pos=array([0., 0.]), size=array([0.0125, 0.0125]), units='height', vertices=ndarray(...), win=Window(...), windingRule=None)
10.9818 	EXP 	Created triangle0 = ShapeStim(__class__=<class 'psychopy.visual.shape.ShapeStim'>, anchor=('center', 'top'), autoDraw=False, autoLog=True, closeShape=True, color=method-wrapper(...), colorSpace='rgb', contrast=None, depth=-2.0, draggable=True, fillColor=array([1, 1, 1]), fillColorSpace='rgb', fillRGB=array([1, 1, 1]), interpolate=True, lineColor=array([1., 1., 1.]), lineColorSpace='rgb', lineRGB=array([1, 1, 1]), lineWidth=1.0, name='triangle0', opacity=1, ori=0.0, pos=array([0., 0.]), size=array([1.70180705, 2.        ]), units='height', vertices=ndarray(...), win=Window(...), windingRule=None)
10.9845 	EXP 	Created cursor = ShapeStim(__class__=<class 'psychopy.visual.shape.ShapeStim'>, anchor=('center', 'center'), autoDraw=False, autoLog=True, closeShape=True, color=method-wrapper(...), colorSpace='rgb', contrast=None, depth=-10.0, draggable=False, fillColor=array([-1.,  1., -1.]), fillColorSpace='rgb', fillRGB=array([-1.,  1., -1.]), interpolate=True, lineColor=array([-1.,  1., -1.]), lineColorSpace='rgb', lineRGB=array([-1.,  1., -1.]), lineWidth=1.0, name='cursor', opacity=0, ori=0.0, pos=array([0.33333333, 0.        ]), size=array([0.1, 0.1]), units='height', vertices=ndarray(...), win=Window(...), windingRule=None)
10.9872 	EXP 	Created cursor = ShapeStim(__class__=<class 'psychopy.visual.shape.ShapeStim'>, anchor=('center', 'center'), autoDraw=False, autoLog=True, closeShape=True, color=method-wrapper(...), colorSpace='rgb', contrast=None, depth=-10.0, draggable=False, fillColor=array([-1.,  1., -1.]), fillColorSpace='rgb', fillRGB=array([-1.,  1., -1.]), interpolate=True, lineColor=array([-1.,  1., -1.]), lineColorSpace='rgb', lineRGB=array([-1.,  1., -1.]), lineWidth=1.0, name='cursor', opacity=0, ori=0.0, pos=array([0.16666667, 0.        ]), size=array([0.1, 0.1]), units='height', vertices=ndarray(...), win=Window(...), windingRule=None)
10.9899 	EXP 	Created cursor = ShapeStim(__class__=<class 'psychopy.visual.shape.ShapeStim'>, anchor=('center', 'center'), autoDraw=False, autoLog=True, closeShape=True, color=method-wrapper(...), colorSpace='rgb', contrast=None, depth=-10.0, draggable=False, fillColor=array([-1.,  1., -1.]), fillColorSpace='rgb', fillRGB=array([-1.,  1., -1.]), interpolate=True, lineColor=array([-1.,  1., -1.]), lineColorSpace='rgb', lineRGB=array([-1.,  1., -1.]), lineWidth=1.0, name='cursor', opacity=0, ori=0.0, pos=array([0.33333333, 0.        ]), size=array([0.1, 0.1]), units='height', vertices=ndarray(...), win=Window(...), windingRule=None)
10.9941 	EXP 	Created cursor = ShapeStim(__class__=<class 'psychopy.visual.shape.ShapeStim'>, anchor=('center', 'center'), autoDraw=False, autoLog=True, closeShape=True, color=method-wrapper(...), colorSpace='rgb', contrast=None, depth=-10.0, draggable=False, fillColor=array([-1.,  1., -1.]), fillColorSpace='rgb', fillRGB=array([-1.,  1., -1.]), interpolate=True, lineColor=array([-1.,  1., -1.]), lineColorSpace='rgb', lineRGB=array([-1.,  1., -1.]), lineWidth=1.0, name='cursor', opacity=0, ori=0.0, pos=array([0.16666667, 0.        ]), size=array([0.1, 0.1]), units='height', vertices=ndarray(...), win=Window(...), windingRule=None)
11.0361 	INFO 	saved data to C:\Users\legions\Documents\Davis\Neurotech Club\NeuroVision\Stimuli\Stage2Training\data/625492_stage1train_2025-02-27_12h37.32.649.psydat
11.0371 	INFO 	saved data to 'C:\\Users\\legions\\Documents\\Davis\\Neurotech Club\\NeuroVision\\Stimuli\\Stage2Training\\data/625492_stage1train_2025-02-27_12h37.32.649.csv'
