5.8426 	INFO 	Loaded monitor calibration from ['2025_01_16 16:08']
6.1997 	EXP 	Created window1 = Window(allowGUI=False, allowStencil=False, autoLog=True, backendConf=UNKNOWN, backgroundFit=<method-wrapper '__getattribute__' of attributeSetter object at 0x00000260A0E93490>, backgroundImage=<method-wrapper '__getattribute__' of attributeSetter object at 0x00000260A0E93430>, bitsMode=UNKNOWN, blendMode='avg', bpc=(8, 8, 8), color=array([-1, -1, -1]), colorSpace='rgb', depthBits=8, fullscr=False, gamma=None, gammaErrorPolicy='raise', infoMsg=UNKNOWN, lms=UNKNOWN, monitor=<psychopy.monitors.calibTools.Monitor object at 0x00000260A0F2C040>, multiSample=False, name='window1', numSamples=2, pos=[880.0, 400.0], screen=0, size=array([800, 800]), stencilBits=0, stereo=False, title='PsychoPy', units='height', useFBO=True, useRetina=False, viewOri=0.0, viewPos=None, viewScale=None, waitBlanking=True, winType='pyglet')
6.1997 	EXP 	window1: backgroundImage = ''
6.1997 	EXP 	window1: backgroundFit = 'none'
6.2491 	EXP 	window1: Attempting to measure frame rate of screen (0) ...
6.2491 	EXP 	window1: recordFrameIntervals = False
6.4260 	EXP 	window1: recordFrameIntervals = True
6.7262 	EXP 	Screen (0) actual frame rate measured at 59.36Hz
6.7262 	EXP 	window1: recordFrameIntervals = False
6.7342 	WARNING 	launchHubServer: If using the iohub mouse or eyetracker devices, fullScr should be True.
9.8462 	INFO 	keyboard.Keyboard is using iohub backend.
9.8462 	EXP 	seizuremachine: status = STARTED
9.8503 	EXP 	Created cursor = ShapeStim(__class__=<class 'psychopy.visual.shape.ShapeStim'>, anchor=('center', 'center'), autoDraw=False, autoLog=True, closeShape=True, color=method-wrapper(...), colorSpace='rgb', contrast=None, depth=-10.0, draggable=False, fillColor=array([ 1., -1., -1.]), fillColorSpace='rgb', fillRGB=array([ 1., -1., -1.]), interpolate=True, lineColor=array([ 1., -1., -1.]), lineColorSpace='rgb', lineRGB=array([ 1., -1., -1.]), lineWidth=1.0, name='cursor', opacity=1, ori=0.0, pos=array([0., 0.]), size=array([0.0125, 0.0125]), units='height', vertices=ndarray(...), win=Window(...), windingRule=None)
9.8519 	EXP 	Created triangle0 = ShapeStim(__class__=<class 'psychopy.visual.shape.ShapeStim'>, anchor=('center', 'top'), autoDraw=False, autoLog=True, closeShape=True, color=method-wrapper(...), colorSpace='rgb', contrast=None, depth=-2.0, draggable=True, fillColor=array([1, 1, 1]), fillColorSpace='rgb', fillRGB=array([1, 1, 1]), interpolate=True, lineColor=array([1., 1., 1.]), lineColorSpace='rgb', lineRGB=array([1, 1, 1]), lineWidth=1.0, name='triangle0', opacity=1, ori=0.0, pos=array([0., 0.]), size=array([2., 2.]), units='height', vertices=ndarray(...), win=Window(...), windingRule=None)
9.8549 	EXP 	Created cursor = ShapeStim(__class__=<class 'psychopy.visual.shape.ShapeStim'>, anchor=('center', 'center'), autoDraw=False, autoLog=True, closeShape=True, color=method-wrapper(...), colorSpace='rgb', contrast=None, depth=-10.0, draggable=False, fillColor=array([-1.,  1., -1.]), fillColorSpace='rgb', fillRGB=array([-1.,  1., -1.]), interpolate=True, lineColor=array([-1.,  1., -1.]), lineColorSpace='rgb', lineRGB=array([-1.,  1., -1.]), lineWidth=1.0, name='cursor', opacity=0.5, ori=0.0, pos=array([0.        , 0.33333333]), size=array([0.1, 0.1]), units='height', vertices=ndarray(...), win=Window(...), windingRule=None)
9.8563 	EXP 	Created triangle1 = ShapeStim(__class__=<class 'psychopy.visual.shape.ShapeStim'>, anchor=('center', 'top'), autoDraw=False, autoLog=True, closeShape=True, color=method-wrapper(...), colorSpace='rgb', contrast=None, depth=-2.0, draggable=True, fillColor=array([1, 1, 1]), fillColorSpace='rgb', fillRGB=array([1, 1, 1]), interpolate=True, lineColor=array([1., 1., 1.]), lineColorSpace='rgb', lineRGB=array([1, 1, 1]), lineWidth=1.0, name='triangle1', opacity=1, ori=45.0, pos=array([0., 0.]), size=array([2., 2.]), units='height', vertices=ndarray(...), win=Window(...), windingRule=None)
9.8591 	EXP 	Created cursor = ShapeStim(__class__=<class 'psychopy.visual.shape.ShapeStim'>, anchor=('center', 'center'), autoDraw=False, autoLog=True, closeShape=True, color=method-wrapper(...), colorSpace='rgb', contrast=None, depth=-10.0, draggable=False, fillColor=array([-1.,  1., -1.]), fillColorSpace='rgb', fillRGB=array([-1.,  1., -1.]), interpolate=True, lineColor=array([-1.,  1., -1.]), lineColorSpace='rgb', lineRGB=array([-1.,  1., -1.]), lineWidth=1.0, name='cursor', opacity=0.5, ori=45.0, pos=array([0.        , 0.33333333]), size=array([0.1, 0.1]), units='height', vertices=ndarray(...), win=Window(...), windingRule=None)
9.8604 	EXP 	Created triangle2 = ShapeStim(__class__=<class 'psychopy.visual.shape.ShapeStim'>, anchor=('center', 'top'), autoDraw=False, autoLog=True, closeShape=True, color=method-wrapper(...), colorSpace='rgb', contrast=None, depth=-2.0, draggable=True, fillColor=array([1, 1, 1]), fillColorSpace='rgb', fillRGB=array([1, 1, 1]), interpolate=True, lineColor=array([1., 1., 1.]), lineColorSpace='rgb', lineRGB=array([1, 1, 1]), lineWidth=1.0, name='triangle2', opacity=1, ori=90.0, pos=array([0., 0.]), size=array([2., 2.]), units='height', vertices=ndarray(...), win=Window(...), windingRule=None)
9.8632 	EXP 	Created cursor = ShapeStim(__class__=<class 'psychopy.visual.shape.ShapeStim'>, anchor=('center', 'center'), autoDraw=False, autoLog=True, closeShape=True, color=method-wrapper(...), colorSpace='rgb', contrast=None, depth=-10.0, draggable=False, fillColor=array([-1.,  1., -1.]), fillColorSpace='rgb', fillRGB=array([-1.,  1., -1.]), interpolate=True, lineColor=array([-1.,  1., -1.]), lineColorSpace='rgb', lineRGB=array([-1.,  1., -1.]), lineWidth=1.0, name='cursor', opacity=0.5, ori=90.0, pos=array([0.        , 0.33333333]), size=array([0.1, 0.1]), units='height', vertices=ndarray(...), win=Window(...), windingRule=None)
9.8646 	EXP 	Created triangle3 = ShapeStim(__class__=<class 'psychopy.visual.shape.ShapeStim'>, anchor=('center', 'top'), autoDraw=False, autoLog=True, closeShape=True, color=method-wrapper(...), colorSpace='rgb', contrast=None, depth=-2.0, draggable=True, fillColor=array([1, 1, 1]), fillColorSpace='rgb', fillRGB=array([1, 1, 1]), interpolate=True, lineColor=array([1., 1., 1.]), lineColorSpace='rgb', lineRGB=array([1, 1, 1]), lineWidth=1.0, name='triangle3', opacity=1, ori=135.0, pos=array([0., 0.]), size=array([2., 2.]), units='height', vertices=ndarray(...), win=Window(...), windingRule=None)
9.8674 	EXP 	Created cursor = ShapeStim(__class__=<class 'psychopy.visual.shape.ShapeStim'>, anchor=('center', 'center'), autoDraw=False, autoLog=True, closeShape=True, color=method-wrapper(...), colorSpace='rgb', contrast=None, depth=-10.0, draggable=False, fillColor=array([-1.,  1., -1.]), fillColorSpace='rgb', fillRGB=array([-1.,  1., -1.]), interpolate=True, lineColor=array([-1.,  1., -1.]), lineColorSpace='rgb', lineRGB=array([-1.,  1., -1.]), lineWidth=1.0, name='cursor', opacity=0.5, ori=135.0, pos=array([0.        , 0.33333333]), size=array([0.1, 0.1]), units='height', vertices=ndarray(...), win=Window(...), windingRule=None)
9.8689 	EXP 	Created triangle4 = ShapeStim(__class__=<class 'psychopy.visual.shape.ShapeStim'>, anchor=('center', 'top'), autoDraw=False, autoLog=True, closeShape=True, color=method-wrapper(...), colorSpace='rgb', contrast=None, depth=-2.0, draggable=True, fillColor=array([1, 1, 1]), fillColorSpace='rgb', fillRGB=array([1, 1, 1]), interpolate=True, lineColor=array([1., 1., 1.]), lineColorSpace='rgb', lineRGB=array([1, 1, 1]), lineWidth=1.0, name='triangle4', opacity=1, ori=180.0, pos=array([0., 0.]), size=array([2., 2.]), units='height', vertices=ndarray(...), win=Window(...), windingRule=None)
9.8717 	EXP 	Created cursor = ShapeStim(__class__=<class 'psychopy.visual.shape.ShapeStim'>, anchor=('center', 'center'), autoDraw=False, autoLog=True, closeShape=True, color=method-wrapper(...), colorSpace='rgb', contrast=None, depth=-10.0, draggable=False, fillColor=array([-1.,  1., -1.]), fillColorSpace='rgb', fillRGB=array([-1.,  1., -1.]), interpolate=True, lineColor=array([-1.,  1., -1.]), lineColorSpace='rgb', lineRGB=array([-1.,  1., -1.]), lineWidth=1.0, name='cursor', opacity=0.5, ori=180.0, pos=array([0.        , 0.33333333]), size=array([0.1, 0.1]), units='height', vertices=ndarray(...), win=Window(...), windingRule=None)
9.8731 	EXP 	Created triangle5 = ShapeStim(__class__=<class 'psychopy.visual.shape.ShapeStim'>, anchor=('center', 'top'), autoDraw=False, autoLog=True, closeShape=True, color=method-wrapper(...), colorSpace='rgb', contrast=None, depth=-2.0, draggable=True, fillColor=array([1, 1, 1]), fillColorSpace='rgb', fillRGB=array([1, 1, 1]), interpolate=True, lineColor=array([1., 1., 1.]), lineColorSpace='rgb', lineRGB=array([1, 1, 1]), lineWidth=1.0, name='triangle5', opacity=1, ori=225.0, pos=array([0., 0.]), size=array([2., 2.]), units='height', vertices=ndarray(...), win=Window(...), windingRule=None)
9.8757 	EXP 	Created cursor = ShapeStim(__class__=<class 'psychopy.visual.shape.ShapeStim'>, anchor=('center', 'center'), autoDraw=False, autoLog=True, closeShape=True, color=method-wrapper(...), colorSpace='rgb', contrast=None, depth=-10.0, draggable=False, fillColor=array([-1.,  1., -1.]), fillColorSpace='rgb', fillRGB=array([-1.,  1., -1.]), interpolate=True, lineColor=array([-1.,  1., -1.]), lineColorSpace='rgb', lineRGB=array([-1.,  1., -1.]), lineWidth=1.0, name='cursor', opacity=0.5, ori=225.0, pos=array([0.        , 0.33333333]), size=array([0.1, 0.1]), units='height', vertices=ndarray(...), win=Window(...), windingRule=None)
9.8771 	EXP 	Created triangle6 = ShapeStim(__class__=<class 'psychopy.visual.shape.ShapeStim'>, anchor=('center', 'top'), autoDraw=False, autoLog=True, closeShape=True, color=method-wrapper(...), colorSpace='rgb', contrast=None, depth=-2.0, draggable=True, fillColor=array([1, 1, 1]), fillColorSpace='rgb', fillRGB=array([1, 1, 1]), interpolate=True, lineColor=array([1., 1., 1.]), lineColorSpace='rgb', lineRGB=array([1, 1, 1]), lineWidth=1.0, name='triangle6', opacity=1, ori=270.0, pos=array([0., 0.]), size=array([2., 2.]), units='height', vertices=ndarray(...), win=Window(...), windingRule=None)
9.8797 	EXP 	Created cursor = ShapeStim(__class__=<class 'psychopy.visual.shape.ShapeStim'>, anchor=('center', 'center'), autoDraw=False, autoLog=True, closeShape=True, color=method-wrapper(...), colorSpace='rgb', contrast=None, depth=-10.0, draggable=False, fillColor=array([-1.,  1., -1.]), fillColorSpace='rgb', fillRGB=array([-1.,  1., -1.]), interpolate=True, lineColor=array([-1.,  1., -1.]), lineColorSpace='rgb', lineRGB=array([-1.,  1., -1.]), lineWidth=1.0, name='cursor', opacity=0.5, ori=270.0, pos=array([0.        , 0.33333333]), size=array([0.1, 0.1]), units='height', vertices=ndarray(...), win=Window(...), windingRule=None)
9.8810 	EXP 	Created triangle7 = ShapeStim(__class__=<class 'psychopy.visual.shape.ShapeStim'>, anchor=('center', 'top'), autoDraw=False, autoLog=True, closeShape=True, color=method-wrapper(...), colorSpace='rgb', contrast=None, depth=-2.0, draggable=True, fillColor=array([1, 1, 1]), fillColorSpace='rgb', fillRGB=array([1, 1, 1]), interpolate=True, lineColor=array([1., 1., 1.]), lineColorSpace='rgb', lineRGB=array([1, 1, 1]), lineWidth=1.0, name='triangle7', opacity=1, ori=315.0, pos=array([0., 0.]), size=array([2., 2.]), units='height', vertices=ndarray(...), win=Window(...), windingRule=None)
9.8841 	EXP 	Created cursor = ShapeStim(__class__=<class 'psychopy.visual.shape.ShapeStim'>, anchor=('center', 'center'), autoDraw=False, autoLog=True, closeShape=True, color=method-wrapper(...), colorSpace='rgb', contrast=None, depth=-10.0, draggable=False, fillColor=array([-1.,  1., -1.]), fillColorSpace='rgb', fillRGB=array([-1.,  1., -1.]), interpolate=True, lineColor=array([-1.,  1., -1.]), lineColorSpace='rgb', lineRGB=array([-1.,  1., -1.]), lineWidth=1.0, name='cursor', opacity=0.5, ori=315.0, pos=array([0.        , 0.33333333]), size=array([0.1, 0.1]), units='height', vertices=ndarray(...), win=Window(...), windingRule=None)
0.0244 	EXP 	triangle0: autoDraw = True
0.0244 	EXP 	triangle1: autoDraw = True
0.0244 	EXP 	triangle2: autoDraw = True
0.0244 	EXP 	triangle3: autoDraw = True
0.0244 	EXP 	triangle4: autoDraw = True
0.0244 	EXP 	triangle5: autoDraw = True
0.0244 	EXP 	triangle6: autoDraw = True
0.0244 	EXP 	triangle7: autoDraw = True
0.0244 	EXP 	cursor: autoDraw = True
0.0410 	EXP 	triangle0: borderColor = <psychopy.colors.Color: (-0.33, -0.33, -0.33, 1.0)>
0.0410 	EXP 	triangle1: borderColor = <psychopy.colors.Color: (-0.3, -0.3, -0.3, 1.0)>
0.0410 	EXP 	triangle2: borderColor = <psychopy.colors.Color: (-0.01, -0.01, -0.01, 1.0)>
0.0410 	EXP 	triangle3: borderColor = <psychopy.colors.Color: (-0.18, -0.18, -0.18, 1.0)>
0.0410 	EXP 	triangle4: borderColor = <psychopy.colors.Color: (-0.23, -0.23, -0.23, 1.0)>
0.0410 	EXP 	triangle5: borderColor = <psychopy.colors.Color: (-0.65, -0.65, -0.65, 1.0)>
0.0410 	EXP 	triangle6: borderColor = <psychopy.colors.Color: (-0.59, -0.59, -0.59, 1.0)>
0.0410 	EXP 	triangle7: borderColor = <psychopy.colors.Color: (-0.56, -0.56, -0.56, 1.0)>
0.0575 	EXP 	triangle0: borderColor = <psychopy.colors.Color: (-0.42, -0.42, -0.42, 1.0)>
0.0575 	EXP 	triangle1: borderColor = <psychopy.colors.Color: (-0.07, -0.07, -0.07, 1.0)>
0.0575 	EXP 	triangle2: borderColor = <psychopy.colors.Color: (-0.47, -0.47, -0.47, 1.0)>
0.0575 	EXP 	triangle3: borderColor = <psychopy.colors.Color: (-0.27, -0.27, -0.27, 1.0)>
0.0575 	EXP 	triangle4: borderColor = <psychopy.colors.Color: (-0.71, -0.71, -0.71, 1.0)>
0.0575 	EXP 	triangle5: borderColor = <psychopy.colors.Color: (-0.12, -0.12, -0.12, 1.0)>
0.0575 	EXP 	triangle6: borderColor = <psychopy.colors.Color: (-0.93, -0.93, -0.93, 1.0)>
0.0575 	EXP 	triangle7: borderColor = <psychopy.colors.Color: (-0.79, -0.79, -0.79, 1.0)>
0.0745 	EXP 	triangle0: borderColor = <psychopy.colors.Color: (-0.65, -0.65, -0.65, 1.0)>
0.0745 	EXP 	triangle1: borderColor = <psychopy.colors.Color: (-0.98, -0.98, -0.98, 1.0)>
0.0745 	EXP 	triangle2: borderColor = <psychopy.colors.Color: (-0.72, -0.72, -0.72, 1.0)>
0.0745 	EXP 	triangle3: borderColor = <psychopy.colors.Color: (-0.81, -0.81, -0.81, 1.0)>
0.0745 	EXP 	triangle4: borderColor = <psychopy.colors.Color: (-0.23, -0.23, -0.23, 1.0)>
0.0745 	EXP 	triangle5: borderColor = <psychopy.colors.Color: (-0.81, -0.81, -0.81, 1.0)>
0.0745 	EXP 	triangle6: borderColor = <psychopy.colors.Color: (-0.75, -0.75, -0.75, 1.0)>
0.0745 	EXP 	triangle7: borderColor = <psychopy.colors.Color: (-0.53, -0.53, -0.53, 1.0)>
0.0911 	EXP 	triangle0: borderColor = <psychopy.colors.Color: (-0.34, -0.34, -0.34, 1.0)>
0.0911 	EXP 	triangle1: borderColor = <psychopy.colors.Color: (-0.32, -0.32, -0.32, 1.0)>
0.0911 	EXP 	triangle2: borderColor = <psychopy.colors.Color: (-0.71, -0.71, -0.71, 1.0)>
0.0911 	EXP 	triangle3: borderColor = <psychopy.colors.Color: (-0.95, -0.95, -0.95, 1.0)>
0.0911 	EXP 	triangle4: borderColor = <psychopy.colors.Color: (-0.3, -0.3, -0.3, 1.0)>
0.0911 	EXP 	triangle5: borderColor = <psychopy.colors.Color: (-0.11, -0.11, -0.11, 1.0)>
0.0911 	EXP 	triangle6: borderColor = <psychopy.colors.Color: (-0.35, -0.35, -0.35, 1.0)>
0.0911 	EXP 	triangle7: borderColor = <psychopy.colors.Color: (-0.74, -0.74, -0.74, 1.0)>
0.1073 	EXP 	triangle0: borderColor = <psychopy.colors.Color: (-0.33, -0.33, -0.33, 1.0)>
0.1073 	EXP 	triangle1: borderColor = <psychopy.colors.Color: (-0.55, -0.55, -0.55, 1.0)>
0.1073 	EXP 	triangle2: borderColor = <psychopy.colors.Color: (-0.31, -0.31, -0.31, 1.0)>
0.1073 	EXP 	triangle3: borderColor = <psychopy.colors.Color: (-0.35, -0.35, -0.35, 1.0)>
0.1073 	EXP 	triangle4: borderColor = <psychopy.colors.Color: (-0.77, -0.77, -0.77, 1.0)>
0.1073 	EXP 	triangle5: borderColor = <psychopy.colors.Color: (-0.17, -0.17, -0.17, 1.0)>
0.1073 	EXP 	triangle6: borderColor = <psychopy.colors.Color: (-0.22, -0.22, -0.22, 1.0)>
0.1073 	EXP 	triangle7: borderColor = <psychopy.colors.Color: (-0.34, -0.34, -0.34, 1.0)>
0.1242 	EXP 	triangle0: borderColor = <psychopy.colors.Color: (-0.69, -0.69, -0.69, 1.0)>
0.1242 	EXP 	triangle1: borderColor = <psychopy.colors.Color: (-0.33, -0.33, -0.33, 1.0)>
0.1242 	EXP 	triangle2: borderColor = <psychopy.colors.Color: (-0.64, -0.64, -0.64, 1.0)>
0.1242 	EXP 	triangle3: borderColor = <psychopy.colors.Color: (-0.91, -0.91, -0.91, 1.0)>
0.1242 	EXP 	triangle4: borderColor = <psychopy.colors.Color: (-0.46, -0.46, -0.46, 1.0)>
0.1242 	EXP 	triangle5: borderColor = <psychopy.colors.Color: (-0.75, -0.75, -0.75, 1.0)>
0.1242 	EXP 	triangle6: borderColor = <psychopy.colors.Color: (-0.19, -0.19, -0.19, 1.0)>
0.1242 	EXP 	triangle7: borderColor = <psychopy.colors.Color: (-0.55, -0.55, -0.55, 1.0)>
0.1408 	EXP 	triangle0: borderColor = <psychopy.colors.Color: (-0.33, -0.33, -0.33, 1.0)>
0.1408 	EXP 	triangle1: borderColor = <psychopy.colors.Color: (-0.48, -0.48, -0.48, 1.0)>
0.1408 	EXP 	triangle2: borderColor = <psychopy.colors.Color: (-0.71, -0.71, -0.71, 1.0)>
0.1408 	EXP 	triangle3: borderColor = <psychopy.colors.Color: (-0.48, -0.48, -0.48, 1.0)>
0.1408 	EXP 	triangle4: borderColor = <psychopy.colors.Color: (-0.44, -0.44, -0.44, 1.0)>
0.1408 	EXP 	triangle5: borderColor = <psychopy.colors.Color: (-0.37, -0.37, -0.37, 1.0)>
0.1408 	EXP 	triangle6: borderColor = <psychopy.colors.Color: (-0.7, -0.7, -0.7, 1.0)>
0.1408 	EXP 	triangle7: borderColor = <psychopy.colors.Color: (-0.59, -0.59, -0.59, 1.0)>
0.1578 	EXP 	triangle0: borderColor = <psychopy.colors.Color: (-0.89, -0.89, -0.89, 1.0)>
0.1578 	EXP 	triangle1: borderColor = <psychopy.colors.Color: (-0.61, -0.61, -0.61, 1.0)>
0.1578 	EXP 	triangle2: borderColor = <psychopy.colors.Color: (-0.88, -0.88, -0.88, 1.0)>
0.1578 	EXP 	triangle3: borderColor = <psychopy.colors.Color: (-0.02, -0.02, -0.02, 1.0)>
0.1578 	EXP 	triangle4: borderColor = <psychopy.colors.Color: (-0.4, -0.4, -0.4, 1.0)>
0.1578 	EXP 	triangle5: borderColor = <psychopy.colors.Color: (-0.99, -0.99, -0.99, 1.0)>
0.1578 	EXP 	triangle6: borderColor = <psychopy.colors.Color: (-0.94, -0.94, -0.94, 1.0)>
0.1578 	EXP 	triangle7: borderColor = <psychopy.colors.Color: (-0.2, -0.2, -0.2, 1.0)>
0.1741 	EXP 	triangle0: borderColor = <psychopy.colors.Color: (-0.79, -0.79, -0.79, 1.0)>
0.1741 	EXP 	triangle1: borderColor = <psychopy.colors.Color: (-0.12, -0.12, -0.12, 1.0)>
0.1741 	EXP 	triangle2: borderColor = <psychopy.colors.Color: (-0.0, -0.0, -0.0, 1.0)>
0.1741 	EXP 	triangle3: borderColor = <psychopy.colors.Color: (-0.66, -0.66, -0.66, 1.0)>
0.1741 	EXP 	triangle4: borderColor = <psychopy.colors.Color: (-0.19, -0.19, -0.19, 1.0)>
0.1741 	EXP 	triangle5: borderColor = <psychopy.colors.Color: (-0.03, -0.03, -0.03, 1.0)>
0.1741 	EXP 	triangle6: borderColor = <psychopy.colors.Color: (-0.78, -0.78, -0.78, 1.0)>
0.1741 	EXP 	triangle7: borderColor = <psychopy.colors.Color: (-0.19, -0.19, -0.19, 1.0)>
0.1908 	EXP 	triangle0: borderColor = <psychopy.colors.Color: (-0.21, -0.21, -0.21, 1.0)>
0.1908 	EXP 	triangle1: borderColor = <psychopy.colors.Color: (-0.16, -0.16, -0.16, 1.0)>
0.1908 	EXP 	triangle2: borderColor = <psychopy.colors.Color: (-0.7, -0.7, -0.7, 1.0)>
0.1908 	EXP 	triangle3: borderColor = <psychopy.colors.Color: (-0.28, -0.28, -0.28, 1.0)>
0.1908 	EXP 	triangle4: borderColor = <psychopy.colors.Color: (-0.12, -0.12, -0.12, 1.0)>
0.1908 	EXP 	triangle5: borderColor = <psychopy.colors.Color: (-0.58, -0.58, -0.58, 1.0)>
0.1908 	EXP 	triangle6: borderColor = <psychopy.colors.Color: (-0.79, -0.79, -0.79, 1.0)>
0.1908 	EXP 	triangle7: borderColor = <psychopy.colors.Color: (-0.58, -0.58, -0.58, 1.0)>
0.2076 	EXP 	triangle0: borderColor = <psychopy.colors.Color: (-0.26, -0.26, -0.26, 1.0)>
0.2076 	EXP 	triangle1: borderColor = <psychopy.colors.Color: (-0.3, -0.3, -0.3, 1.0)>
0.2076 	EXP 	triangle2: borderColor = <psychopy.colors.Color: (-0.71, -0.71, -0.71, 1.0)>
0.2076 	EXP 	triangle3: borderColor = <psychopy.colors.Color: (-0.74, -0.74, -0.74, 1.0)>
0.2076 	EXP 	triangle4: borderColor = <psychopy.colors.Color: (-0.33, -0.33, -0.33, 1.0)>
0.2076 	EXP 	triangle5: borderColor = <psychopy.colors.Color: (-0.95, -0.95, -0.95, 1.0)>
0.2076 	EXP 	triangle6: borderColor = <psychopy.colors.Color: (-0.39, -0.39, -0.39, 1.0)>
0.2076 	EXP 	triangle7: borderColor = <psychopy.colors.Color: (-0.1, -0.1, -0.1, 1.0)>
0.2241 	EXP 	triangle0: borderColor = <psychopy.colors.Color: (-0.51, -0.51, -0.51, 1.0)>
0.2241 	EXP 	triangle1: borderColor = <psychopy.colors.Color: (-0.28, -0.28, -0.28, 1.0)>
0.2241 	EXP 	triangle2: borderColor = <psychopy.colors.Color: (-0.58, -0.58, -0.58, 1.0)>
0.2241 	EXP 	triangle3: borderColor = <psychopy.colors.Color: (-0.64, -0.64, -0.64, 1.0)>
0.2241 	EXP 	triangle4: borderColor = <psychopy.colors.Color: (-0.48, -0.48, -0.48, 1.0)>
0.2241 	EXP 	triangle5: borderColor = <psychopy.colors.Color: (-0.9, -0.9, -0.9, 1.0)>
0.2241 	EXP 	triangle6: borderColor = <psychopy.colors.Color: (-0.46, -0.46, -0.46, 1.0)>
0.2241 	EXP 	triangle7: borderColor = <psychopy.colors.Color: (-0.96, -0.96, -0.96, 1.0)>
0.2406 	EXP 	triangle0: borderColor = <psychopy.colors.Color: (-0.09, -0.09, -0.09, 1.0)>
0.2406 	EXP 	triangle1: borderColor = <psychopy.colors.Color: (-0.59, -0.59, -0.59, 1.0)>
0.2406 	EXP 	triangle2: borderColor = <psychopy.colors.Color: (-0.33, -0.33, -0.33, 1.0)>
0.2406 	EXP 	triangle3: borderColor = <psychopy.colors.Color: (-0.41, -0.41, -0.41, 1.0)>
0.2406 	EXP 	triangle4: borderColor = <psychopy.colors.Color: (-0.89, -0.89, -0.89, 1.0)>
0.2406 	EXP 	triangle5: borderColor = <psychopy.colors.Color: (-0.68, -0.68, -0.68, 1.0)>
0.2406 	EXP 	triangle6: borderColor = <psychopy.colors.Color: (-0.33, -0.33, -0.33, 1.0)>
0.2406 	EXP 	triangle7: borderColor = <psychopy.colors.Color: (-0.15, -0.15, -0.15, 1.0)>
0.2574 	EXP 	triangle0: borderColor = <psychopy.colors.Color: (-0.18, -0.18, -0.18, 1.0)>
0.2574 	EXP 	triangle1: borderColor = <psychopy.colors.Color: (-0.35, -0.35, -0.35, 1.0)>
0.2574 	EXP 	triangle2: borderColor = <psychopy.colors.Color: (-0.72, -0.72, -0.72, 1.0)>
0.2574 	EXP 	triangle3: borderColor = <psychopy.colors.Color: (-0.26, -0.26, -0.26, 1.0)>
0.2574 	EXP 	triangle4: borderColor = <psychopy.colors.Color: (-0.48, -0.48, -0.48, 1.0)>
0.2574 	EXP 	triangle5: borderColor = <psychopy.colors.Color: (-0.36, -0.36, -0.36, 1.0)>
0.2574 	EXP 	triangle6: borderColor = <psychopy.colors.Color: (-0.66, -0.66, -0.66, 1.0)>
0.2574 	EXP 	triangle7: borderColor = <psychopy.colors.Color: (-0.28, -0.28, -0.28, 1.0)>
0.2740 	EXP 	triangle0: borderColor = <psychopy.colors.Color: (-0.34, -0.34, -0.34, 1.0)>
0.2740 	EXP 	triangle1: borderColor = <psychopy.colors.Color: (-0.7, -0.7, -0.7, 1.0)>
0.2740 	EXP 	triangle2: borderColor = <psychopy.colors.Color: (-0.85, -0.85, -0.85, 1.0)>
0.2740 	EXP 	triangle3: borderColor = <psychopy.colors.Color: (-0.38, -0.38, -0.38, 1.0)>
0.2740 	EXP 	triangle4: borderColor = <psychopy.colors.Color: (-0.8, -0.8, -0.8, 1.0)>
0.2740 	EXP 	triangle5: borderColor = <psychopy.colors.Color: (-0.53, -0.53, -0.53, 1.0)>
0.2740 	EXP 	triangle6: borderColor = <psychopy.colors.Color: (-0.03, -0.03, -0.03, 1.0)>
0.2740 	EXP 	triangle7: borderColor = <psychopy.colors.Color: (-0.35, -0.35, -0.35, 1.0)>
0.2911 	EXP 	triangle0: borderColor = <psychopy.colors.Color: (-0.33, -0.33, -0.33, 1.0)>
0.2911 	EXP 	triangle1: borderColor = <psychopy.colors.Color: (-0.46, -0.46, -0.46, 1.0)>
0.2911 	EXP 	triangle2: borderColor = <psychopy.colors.Color: (-0.52, -0.52, -0.52, 1.0)>
0.2911 	EXP 	triangle3: borderColor = <psychopy.colors.Color: (-0.78, -0.78, -0.78, 1.0)>
0.2911 	EXP 	triangle4: borderColor = <psychopy.colors.Color: (-0.74, -0.74, -0.74, 1.0)>
0.2911 	EXP 	triangle5: borderColor = <psychopy.colors.Color: (-0.6, -0.6, -0.6, 1.0)>
0.2911 	EXP 	triangle6: borderColor = <psychopy.colors.Color: (-0.14, -0.14, -0.14, 1.0)>
0.2911 	EXP 	triangle7: borderColor = <psychopy.colors.Color: (-0.49, -0.49, -0.49, 1.0)>
0.3075 	EXP 	triangle0: borderColor = <psychopy.colors.Color: (-0.18, -0.18, -0.18, 1.0)>
0.3075 	EXP 	triangle1: borderColor = <psychopy.colors.Color: (-0.49, -0.49, -0.49, 1.0)>
0.3075 	EXP 	triangle2: borderColor = <psychopy.colors.Color: (-0.57, -0.57, -0.57, 1.0)>
0.3075 	EXP 	triangle3: borderColor = <psychopy.colors.Color: (-0.08, -0.08, -0.08, 1.0)>
0.3075 	EXP 	triangle4: borderColor = <psychopy.colors.Color: (-0.6, -0.6, -0.6, 1.0)>
0.3075 	EXP 	triangle5: borderColor = <psychopy.colors.Color: (-0.52, -0.52, -0.52, 1.0)>
0.3075 	EXP 	triangle6: borderColor = <psychopy.colors.Color: (-0.76, -0.76, -0.76, 1.0)>
0.3075 	EXP 	triangle7: borderColor = <psychopy.colors.Color: (-0.03, -0.03, -0.03, 1.0)>
0.3242 	EXP 	triangle0: borderColor = <psychopy.colors.Color: (-0.96, -0.96, -0.96, 1.0)>
0.3242 	EXP 	triangle1: borderColor = <psychopy.colors.Color: (-0.51, -0.51, -0.51, 1.0)>
0.3242 	EXP 	triangle2: borderColor = <psychopy.colors.Color: (-0.08, -0.08, -0.08, 1.0)>
0.3242 	EXP 	triangle3: borderColor = <psychopy.colors.Color: (-0.44, -0.44, -0.44, 1.0)>
0.3242 	EXP 	triangle4: borderColor = <psychopy.colors.Color: (-0.79, -0.79, -0.79, 1.0)>
0.3242 	EXP 	triangle5: borderColor = <psychopy.colors.Color: (-0.53, -0.53, -0.53, 1.0)>
0.3242 	EXP 	triangle6: borderColor = <psychopy.colors.Color: (-0.91, -0.91, -0.91, 1.0)>
0.3242 	EXP 	triangle7: borderColor = <psychopy.colors.Color: (-0.78, -0.78, -0.78, 1.0)>
0.3409 	EXP 	triangle0: borderColor = <psychopy.colors.Color: (-0.75, -0.75, -0.75, 1.0)>
0.3409 	EXP 	triangle1: borderColor = <psychopy.colors.Color: (-0.68, -0.68, -0.68, 1.0)>
0.3409 	EXP 	triangle2: borderColor = <psychopy.colors.Color: (-0.91, -0.91, -0.91, 1.0)>
0.3409 	EXP 	triangle3: borderColor = <psychopy.colors.Color: (-0.4, -0.4, -0.4, 1.0)>
0.3409 	EXP 	triangle4: borderColor = <psychopy.colors.Color: (-0.64, -0.64, -0.64, 1.0)>
0.3409 	EXP 	triangle5: borderColor = <psychopy.colors.Color: (-0.05, -0.05, -0.05, 1.0)>
0.3409 	EXP 	triangle6: borderColor = <psychopy.colors.Color: (-0.35, -0.35, -0.35, 1.0)>
0.3409 	EXP 	triangle7: borderColor = <psychopy.colors.Color: (-0.86, -0.86, -0.86, 1.0)>
0.3577 	EXP 	triangle0: borderColor = <psychopy.colors.Color: (-0.26, -0.26, -0.26, 1.0)>
0.3577 	EXP 	triangle1: borderColor = <psychopy.colors.Color: (-0.19, -0.19, -0.19, 1.0)>
0.3577 	EXP 	triangle2: borderColor = <psychopy.colors.Color: (-0.59, -0.59, -0.59, 1.0)>
0.3577 	EXP 	triangle3: borderColor = <psychopy.colors.Color: (-0.51, -0.51, -0.51, 1.0)>
0.3577 	EXP 	triangle4: borderColor = <psychopy.colors.Color: (-0.89, -0.89, -0.89, 1.0)>
0.3577 	EXP 	triangle5: borderColor = <psychopy.colors.Color: (-0.59, -0.59, -0.59, 1.0)>
0.3577 	EXP 	triangle6: borderColor = <psychopy.colors.Color: (-0.17, -0.17, -0.17, 1.0)>
0.3577 	EXP 	triangle7: borderColor = <psychopy.colors.Color: (-0.31, -0.31, -0.31, 1.0)>
0.3744 	EXP 	triangle0: borderColor = <psychopy.colors.Color: (-0.8, -0.8, -0.8, 1.0)>
0.3744 	EXP 	triangle1: borderColor = <psychopy.colors.Color: (-0.77, -0.77, -0.77, 1.0)>
0.3744 	EXP 	triangle2: borderColor = <psychopy.colors.Color: (-0.44, -0.44, -0.44, 1.0)>
0.3744 	EXP 	triangle3: borderColor = <psychopy.colors.Color: (-0.93, -0.93, -0.93, 1.0)>
0.3744 	EXP 	triangle4: borderColor = <psychopy.colors.Color: (-0.37, -0.37, -0.37, 1.0)>
0.3744 	EXP 	triangle5: borderColor = <psychopy.colors.Color: (-0.9, -0.9, -0.9, 1.0)>
0.3744 	EXP 	triangle6: borderColor = <psychopy.colors.Color: (-0.16, -0.16, -0.16, 1.0)>
0.3744 	EXP 	triangle7: borderColor = <psychopy.colors.Color: (-0.49, -0.49, -0.49, 1.0)>
0.3909 	EXP 	triangle0: borderColor = <psychopy.colors.Color: (-0.85, -0.85, -0.85, 1.0)>
0.3909 	EXP 	triangle1: borderColor = <psychopy.colors.Color: (-0.63, -0.63, -0.63, 1.0)>
0.3909 	EXP 	triangle2: borderColor = <psychopy.colors.Color: (-0.6, -0.6, -0.6, 1.0)>
0.3909 	EXP 	triangle3: borderColor = <psychopy.colors.Color: (-0.09, -0.09, -0.09, 1.0)>
0.3909 	EXP 	triangle4: borderColor = <psychopy.colors.Color: (-0.53, -0.53, -0.53, 1.0)>
0.3909 	EXP 	triangle5: borderColor = <psychopy.colors.Color: (-0.14, -0.14, -0.14, 1.0)>
0.3909 	EXP 	triangle6: borderColor = <psychopy.colors.Color: (-0.38, -0.38, -0.38, 1.0)>
0.3909 	EXP 	triangle7: borderColor = <psychopy.colors.Color: (-0.76, -0.76, -0.76, 1.0)>
0.4076 	EXP 	triangle0: borderColor = <psychopy.colors.Color: (-0.4, -0.4, -0.4, 1.0)>
0.4076 	EXP 	triangle1: borderColor = <psychopy.colors.Color: (-0.57, -0.57, -0.57, 1.0)>
0.4076 	EXP 	triangle2: borderColor = <psychopy.colors.Color: (-0.23, -0.23, -0.23, 1.0)>
0.4076 	EXP 	triangle3: borderColor = <psychopy.colors.Color: (-0.87, -0.87, -0.87, 1.0)>
0.4076 	EXP 	triangle4: borderColor = <psychopy.colors.Color: (-0.89, -0.89, -0.89, 1.0)>
0.4076 	EXP 	triangle5: borderColor = <psychopy.colors.Color: (-0.57, -0.57, -0.57, 1.0)>
0.4076 	EXP 	triangle6: borderColor = <psychopy.colors.Color: (-0.17, -0.17, -0.17, 1.0)>
0.4076 	EXP 	triangle7: borderColor = <psychopy.colors.Color: (-0.08, -0.08, -0.08, 1.0)>
0.4243 	EXP 	triangle0: borderColor = <psychopy.colors.Color: (-0.01, -0.01, -0.01, 1.0)>
0.4243 	EXP 	triangle1: borderColor = <psychopy.colors.Color: (-0.11, -0.11, -0.11, 1.0)>
0.4243 	EXP 	triangle2: borderColor = <psychopy.colors.Color: (-0.04, -0.04, -0.04, 1.0)>
0.4243 	EXP 	triangle3: borderColor = <psychopy.colors.Color: (-0.95, -0.95, -0.95, 1.0)>
0.4243 	EXP 	triangle4: borderColor = <psychopy.colors.Color: (-0.9, -0.9, -0.9, 1.0)>
0.4243 	EXP 	triangle5: borderColor = <psychopy.colors.Color: (-0.66, -0.66, -0.66, 1.0)>
0.4243 	EXP 	triangle6: borderColor = <psychopy.colors.Color: (-0.99, -0.99, -0.99, 1.0)>
0.4243 	EXP 	triangle7: borderColor = <psychopy.colors.Color: (-0.21, -0.21, -0.21, 1.0)>
0.4409 	EXP 	triangle0: borderColor = <psychopy.colors.Color: (-0.27, -0.27, -0.27, 1.0)>
0.4409 	EXP 	triangle1: borderColor = <psychopy.colors.Color: (-0.26, -0.26, -0.26, 1.0)>
0.4409 	EXP 	triangle2: borderColor = <psychopy.colors.Color: (-0.34, -0.34, -0.34, 1.0)>
0.4409 	EXP 	triangle3: borderColor = <psychopy.colors.Color: (-0.69, -0.69, -0.69, 1.0)>
0.4409 	EXP 	triangle4: borderColor = <psychopy.colors.Color: (-0.08, -0.08, -0.08, 1.0)>
0.4409 	EXP 	triangle5: borderColor = <psychopy.colors.Color: (-0.34, -0.34, -0.34, 1.0)>
0.4409 	EXP 	triangle6: borderColor = <psychopy.colors.Color: (-0.7, -0.7, -0.7, 1.0)>
0.4409 	EXP 	triangle7: borderColor = <psychopy.colors.Color: (-0.05, -0.05, -0.05, 1.0)>
0.4572 	EXP 	triangle0: borderColor = <psychopy.colors.Color: (-0.22, -0.22, -0.22, 1.0)>
0.4572 	EXP 	triangle1: borderColor = <psychopy.colors.Color: (-0.2, -0.2, -0.2, 1.0)>
0.4572 	EXP 	triangle2: borderColor = <psychopy.colors.Color: (-0.31, -0.31, -0.31, 1.0)>
0.4572 	EXP 	triangle3: borderColor = <psychopy.colors.Color: (-0.24, -0.24, -0.24, 1.0)>
0.4572 	EXP 	triangle4: borderColor = <psychopy.colors.Color: (-0.13, -0.13, -0.13, 1.0)>
0.4572 	EXP 	triangle5: borderColor = <psychopy.colors.Color: (-0.29, -0.29, -0.29, 1.0)>
0.4572 	EXP 	triangle6: borderColor = <psychopy.colors.Color: (-0.4, -0.4, -0.4, 1.0)>
0.4572 	EXP 	triangle7: borderColor = <psychopy.colors.Color: (-0.2, -0.2, -0.2, 1.0)>
0.4740 	EXP 	triangle0: borderColor = <psychopy.colors.Color: (-0.91, -0.91, -0.91, 1.0)>
0.4740 	EXP 	triangle1: borderColor = <psychopy.colors.Color: (-0.98, -0.98, -0.98, 1.0)>
0.4740 	EXP 	triangle2: borderColor = <psychopy.colors.Color: (-0.46, -0.46, -0.46, 1.0)>
0.4740 	EXP 	triangle3: borderColor = <psychopy.colors.Color: (-0.4, -0.4, -0.4, 1.0)>
0.4740 	EXP 	triangle4: borderColor = <psychopy.colors.Color: (-0.03, -0.03, -0.03, 1.0)>
0.4740 	EXP 	triangle5: borderColor = <psychopy.colors.Color: (-0.62, -0.62, -0.62, 1.0)>
0.4740 	EXP 	triangle6: borderColor = <psychopy.colors.Color: (-0.49, -0.49, -0.49, 1.0)>
0.4740 	EXP 	triangle7: borderColor = <psychopy.colors.Color: (-0.14, -0.14, -0.14, 1.0)>
0.4905 	EXP 	triangle0: borderColor = <psychopy.colors.Color: (-0.55, -0.55, -0.55, 1.0)>
0.4905 	EXP 	triangle1: borderColor = <psychopy.colors.Color: (-0.96, -0.96, -0.96, 1.0)>
0.4905 	EXP 	triangle2: borderColor = <psychopy.colors.Color: (-0.82, -0.82, -0.82, 1.0)>
0.4905 	EXP 	triangle3: borderColor = <psychopy.colors.Color: (-0.65, -0.65, -0.65, 1.0)>
0.4905 	EXP 	triangle4: borderColor = <psychopy.colors.Color: (-0.94, -0.94, -0.94, 1.0)>
0.4905 	EXP 	triangle5: borderColor = <psychopy.colors.Color: (-0.77, -0.77, -0.77, 1.0)>
0.4905 	EXP 	triangle6: borderColor = <psychopy.colors.Color: (-0.96, -0.96, -0.96, 1.0)>
0.4905 	EXP 	triangle7: borderColor = <psychopy.colors.Color: (-0.92, -0.92, -0.92, 1.0)>
0.5074 	EXP 	triangle0: borderColor = <psychopy.colors.Color: (-0.74, -0.74, -0.74, 1.0)>
0.5074 	EXP 	triangle1: borderColor = <psychopy.colors.Color: (-0.63, -0.63, -0.63, 1.0)>
0.5074 	EXP 	triangle2: borderColor = <psychopy.colors.Color: (-0.83, -0.83, -0.83, 1.0)>
0.5074 	EXP 	triangle3: borderColor = <psychopy.colors.Color: (-0.59, -0.59, -0.59, 1.0)>
0.5074 	EXP 	triangle4: borderColor = <psychopy.colors.Color: (-0.28, -0.28, -0.28, 1.0)>
0.5074 	EXP 	triangle5: borderColor = <psychopy.colors.Color: (-0.72, -0.72, -0.72, 1.0)>
0.5074 	EXP 	triangle6: borderColor = <psychopy.colors.Color: (-0.37, -0.37, -0.37, 1.0)>
0.5074 	EXP 	triangle7: borderColor = <psychopy.colors.Color: (-0.21, -0.21, -0.21, 1.0)>
0.5243 	EXP 	triangle0: borderColor = <psychopy.colors.Color: (-0.64, -0.64, -0.64, 1.0)>
0.5243 	EXP 	triangle1: borderColor = <psychopy.colors.Color: (-0.04, -0.04, -0.04, 1.0)>
0.5243 	EXP 	triangle2: borderColor = <psychopy.colors.Color: (-0.46, -0.46, -0.46, 1.0)>
0.5243 	EXP 	triangle3: borderColor = <psychopy.colors.Color: (-0.43, -0.43, -0.43, 1.0)>
0.5243 	EXP 	triangle4: borderColor = <psychopy.colors.Color: (-0.99, -0.99, -0.99, 1.0)>
0.5243 	EXP 	triangle5: borderColor = <psychopy.colors.Color: (-0.52, -0.52, -0.52, 1.0)>
0.5243 	EXP 	triangle6: borderColor = <psychopy.colors.Color: (-1.0, -1.0, -1.0, 1.0)>
0.5243 	EXP 	triangle7: borderColor = <psychopy.colors.Color: (-0.75, -0.75, -0.75, 1.0)>
0.5410 	EXP 	triangle0: borderColor = <psychopy.colors.Color: (-0.12, -0.12, -0.12, 1.0)>
0.5410 	EXP 	triangle1: borderColor = <psychopy.colors.Color: (-0.08, -0.08, -0.08, 1.0)>
0.5410 	EXP 	triangle2: borderColor = <psychopy.colors.Color: (-0.53, -0.53, -0.53, 1.0)>
0.5410 	EXP 	triangle3: borderColor = <psychopy.colors.Color: (-0.59, -0.59, -0.59, 1.0)>
0.5410 	EXP 	triangle4: borderColor = <psychopy.colors.Color: (-0.82, -0.82, -0.82, 1.0)>
0.5410 	EXP 	triangle5: borderColor = <psychopy.colors.Color: (-0.5, -0.5, -0.5, 1.0)>
0.5410 	EXP 	triangle6: borderColor = <psychopy.colors.Color: (-0.25, -0.25, -0.25, 1.0)>
0.5410 	EXP 	triangle7: borderColor = <psychopy.colors.Color: (-0.96, -0.96, -0.96, 1.0)>
0.5577 	EXP 	triangle0: borderColor = <psychopy.colors.Color: (-0.07, -0.07, -0.07, 1.0)>
0.5577 	EXP 	triangle1: borderColor = <psychopy.colors.Color: (-0.68, -0.68, -0.68, 1.0)>
0.5577 	EXP 	triangle2: borderColor = <psychopy.colors.Color: (-0.73, -0.73, -0.73, 1.0)>
0.5577 	EXP 	triangle3: borderColor = <psychopy.colors.Color: (-0.34, -0.34, -0.34, 1.0)>
0.5577 	EXP 	triangle4: borderColor = <psychopy.colors.Color: (-0.05, -0.05, -0.05, 1.0)>
0.5577 	EXP 	triangle5: borderColor = <psychopy.colors.Color: (-1.0, -1.0, -1.0, 1.0)>
0.5577 	EXP 	triangle6: borderColor = <psychopy.colors.Color: (-0.06, -0.06, -0.06, 1.0)>
0.5577 	EXP 	triangle7: borderColor = <psychopy.colors.Color: (-0.49, -0.49, -0.49, 1.0)>
0.5741 	EXP 	triangle0: borderColor = <psychopy.colors.Color: (-0.72, -0.72, -0.72, 1.0)>
0.5741 	EXP 	triangle1: borderColor = <psychopy.colors.Color: (-0.12, -0.12, -0.12, 1.0)>
0.5741 	EXP 	triangle2: borderColor = <psychopy.colors.Color: (-0.6, -0.6, -0.6, 1.0)>
0.5741 	EXP 	triangle3: borderColor = <psychopy.colors.Color: (-0.18, -0.18, -0.18, 1.0)>
0.5741 	EXP 	triangle4: borderColor = <psychopy.colors.Color: (-0.65, -0.65, -0.65, 1.0)>
0.5741 	EXP 	triangle5: borderColor = <psychopy.colors.Color: (-0.24, -0.24, -0.24, 1.0)>
0.5741 	EXP 	triangle6: borderColor = <psychopy.colors.Color: (-0.21, -0.21, -0.21, 1.0)>
0.5741 	EXP 	triangle7: borderColor = <psychopy.colors.Color: (-0.42, -0.42, -0.42, 1.0)>
0.5910 	EXP 	triangle0: borderColor = <psychopy.colors.Color: (-0.4, -0.4, -0.4, 1.0)>
0.5910 	EXP 	triangle1: borderColor = <psychopy.colors.Color: (-0.07, -0.07, -0.07, 1.0)>
0.5910 	EXP 	triangle2: borderColor = <psychopy.colors.Color: (-0.01, -0.01, -0.01, 1.0)>
0.5910 	EXP 	triangle3: borderColor = <psychopy.colors.Color: (-0.83, -0.83, -0.83, 1.0)>
0.5910 	EXP 	triangle4: borderColor = <psychopy.colors.Color: (-0.67, -0.67, -0.67, 1.0)>
0.5910 	EXP 	triangle5: borderColor = <psychopy.colors.Color: (-0.6, -0.6, -0.6, 1.0)>
0.5910 	EXP 	triangle6: borderColor = <psychopy.colors.Color: (-0.03, -0.03, -0.03, 1.0)>
0.5910 	EXP 	triangle7: borderColor = <psychopy.colors.Color: (-0.77, -0.77, -0.77, 1.0)>
0.6076 	EXP 	triangle0: borderColor = <psychopy.colors.Color: (-0.61, -0.61, -0.61, 1.0)>
0.6076 	EXP 	triangle1: borderColor = <psychopy.colors.Color: (-0.22, -0.22, -0.22, 1.0)>
0.6076 	EXP 	triangle2: borderColor = <psychopy.colors.Color: (-0.54, -0.54, -0.54, 1.0)>
0.6076 	EXP 	triangle3: borderColor = <psychopy.colors.Color: (-0.41, -0.41, -0.41, 1.0)>
0.6076 	EXP 	triangle4: borderColor = <psychopy.colors.Color: (-0.43, -0.43, -0.43, 1.0)>
0.6076 	EXP 	triangle5: borderColor = <psychopy.colors.Color: (-0.01, -0.01, -0.01, 1.0)>
0.6076 	EXP 	triangle6: borderColor = <psychopy.colors.Color: (-0.36, -0.36, -0.36, 1.0)>
0.6076 	EXP 	triangle7: borderColor = <psychopy.colors.Color: (-0.1, -0.1, -0.1, 1.0)>
0.6242 	EXP 	triangle0: borderColor = <psychopy.colors.Color: (-0.02, -0.02, -0.02, 1.0)>
0.6242 	EXP 	triangle1: borderColor = <psychopy.colors.Color: (-0.43, -0.43, -0.43, 1.0)>
0.6242 	EXP 	triangle2: borderColor = <psychopy.colors.Color: (-0.73, -0.73, -0.73, 1.0)>
0.6242 	EXP 	triangle3: borderColor = <psychopy.colors.Color: (-0.38, -0.38, -0.38, 1.0)>
0.6242 	EXP 	triangle4: borderColor = <psychopy.colors.Color: (-0.73, -0.73, -0.73, 1.0)>
0.6242 	EXP 	triangle5: borderColor = <psychopy.colors.Color: (-0.42, -0.42, -0.42, 1.0)>
0.6242 	EXP 	triangle6: borderColor = <psychopy.colors.Color: (-0.8, -0.8, -0.8, 1.0)>
0.6242 	EXP 	triangle7: borderColor = <psychopy.colors.Color: (-0.83, -0.83, -0.83, 1.0)>
0.6410 	EXP 	triangle0: borderColor = <psychopy.colors.Color: (-0.86, -0.86, -0.86, 1.0)>
0.6410 	EXP 	triangle1: borderColor = <psychopy.colors.Color: (-0.41, -0.41, -0.41, 1.0)>
0.6410 	EXP 	triangle2: borderColor = <psychopy.colors.Color: (-0.8, -0.8, -0.8, 1.0)>
0.6410 	EXP 	triangle3: borderColor = <psychopy.colors.Color: (-0.2, -0.2, -0.2, 1.0)>
0.6410 	EXP 	triangle4: borderColor = <psychopy.colors.Color: (-0.72, -0.72, -0.72, 1.0)>
0.6410 	EXP 	triangle5: borderColor = <psychopy.colors.Color: (-0.41, -0.41, -0.41, 1.0)>
0.6410 	EXP 	triangle6: borderColor = <psychopy.colors.Color: (-0.46, -0.46, -0.46, 1.0)>
0.6410 	EXP 	triangle7: borderColor = <psychopy.colors.Color: (-0.2, -0.2, -0.2, 1.0)>
0.6573 	EXP 	triangle0: borderColor = <psychopy.colors.Color: (-0.77, -0.77, -0.77, 1.0)>
0.6573 	EXP 	triangle1: borderColor = <psychopy.colors.Color: (-0.23, -0.23, -0.23, 1.0)>
0.6573 	EXP 	triangle2: borderColor = <psychopy.colors.Color: (-0.56, -0.56, -0.56, 1.0)>
0.6573 	EXP 	triangle3: borderColor = <psychopy.colors.Color: (-0.71, -0.71, -0.71, 1.0)>
0.6573 	EXP 	triangle4: borderColor = <psychopy.colors.Color: (-0.01, -0.01, -0.01, 1.0)>
0.6573 	EXP 	triangle5: borderColor = <psychopy.colors.Color: (-0.25, -0.25, -0.25, 1.0)>
0.6573 	EXP 	triangle6: borderColor = <psychopy.colors.Color: (-0.3, -0.3, -0.3, 1.0)>
0.6573 	EXP 	triangle7: borderColor = <psychopy.colors.Color: (-0.74, -0.74, -0.74, 1.0)>
0.6746 	EXP 	triangle0: borderColor = <psychopy.colors.Color: (-0.41, -0.41, -0.41, 1.0)>
0.6746 	EXP 	triangle1: borderColor = <psychopy.colors.Color: (-0.15, -0.15, -0.15, 1.0)>
0.6746 	EXP 	triangle2: borderColor = <psychopy.colors.Color: (-0.98, -0.98, -0.98, 1.0)>
0.6746 	EXP 	triangle3: borderColor = <psychopy.colors.Color: (-0.51, -0.51, -0.51, 1.0)>
0.6746 	EXP 	triangle4: borderColor = <psychopy.colors.Color: (-1.0, -1.0, -1.0, 1.0)>
0.6746 	EXP 	triangle5: borderColor = <psychopy.colors.Color: (-0.37, -0.37, -0.37, 1.0)>
0.6746 	EXP 	triangle6: borderColor = <psychopy.colors.Color: (-0.33, -0.33, -0.33, 1.0)>
0.6746 	EXP 	triangle7: borderColor = <psychopy.colors.Color: (-0.9, -0.9, -0.9, 1.0)>
0.6907 	EXP 	triangle0: borderColor = <psychopy.colors.Color: (-0.02, -0.02, -0.02, 1.0)>
0.6907 	EXP 	triangle1: borderColor = <psychopy.colors.Color: (-0.33, -0.33, -0.33, 1.0)>
0.6907 	EXP 	triangle2: borderColor = <psychopy.colors.Color: (-0.33, -0.33, -0.33, 1.0)>
0.6907 	EXP 	triangle3: borderColor = <psychopy.colors.Color: (-0.91, -0.91, -0.91, 1.0)>
0.6907 	EXP 	triangle4: borderColor = <psychopy.colors.Color: (-0.47, -0.47, -0.47, 1.0)>
0.6907 	EXP 	triangle5: borderColor = <psychopy.colors.Color: (-0.47, -0.47, -0.47, 1.0)>
0.6907 	EXP 	triangle6: borderColor = <psychopy.colors.Color: (-0.01, -0.01, -0.01, 1.0)>
0.6907 	EXP 	triangle7: borderColor = <psychopy.colors.Color: (-0.18, -0.18, -0.18, 1.0)>
0.7074 	EXP 	triangle0: borderColor = <psychopy.colors.Color: (-0.45, -0.45, -0.45, 1.0)>
0.7074 	EXP 	triangle1: borderColor = <psychopy.colors.Color: (-0.92, -0.92, -0.92, 1.0)>
0.7074 	EXP 	triangle2: borderColor = <psychopy.colors.Color: (-0.65, -0.65, -0.65, 1.0)>
0.7074 	EXP 	triangle3: borderColor = <psychopy.colors.Color: (-0.44, -0.44, -0.44, 1.0)>
0.7074 	EXP 	triangle4: borderColor = <psychopy.colors.Color: (-0.38, -0.38, -0.38, 1.0)>
0.7074 	EXP 	triangle5: borderColor = <psychopy.colors.Color: (-0.27, -0.27, -0.27, 1.0)>
0.7074 	EXP 	triangle6: borderColor = <psychopy.colors.Color: (-0.63, -0.63, -0.63, 1.0)>
0.7074 	EXP 	triangle7: borderColor = <psychopy.colors.Color: (-0.69, -0.69, -0.69, 1.0)>
0.7238 	EXP 	triangle0: borderColor = <psychopy.colors.Color: (-0.92, -0.92, -0.92, 1.0)>
0.7238 	EXP 	triangle1: borderColor = <psychopy.colors.Color: (-0.88, -0.88, -0.88, 1.0)>
0.7238 	EXP 	triangle2: borderColor = <psychopy.colors.Color: (-0.47, -0.47, -0.47, 1.0)>
0.7238 	EXP 	triangle3: borderColor = <psychopy.colors.Color: (-0.27, -0.27, -0.27, 1.0)>
0.7238 	EXP 	triangle4: borderColor = <psychopy.colors.Color: (-0.71, -0.71, -0.71, 1.0)>
0.7238 	EXP 	triangle5: borderColor = <psychopy.colors.Color: (-0.71, -0.71, -0.71, 1.0)>
0.7238 	EXP 	triangle6: borderColor = <psychopy.colors.Color: (-0.46, -0.46, -0.46, 1.0)>
0.7238 	EXP 	triangle7: borderColor = <psychopy.colors.Color: (-0.48, -0.48, -0.48, 1.0)>
0.7419 	EXP 	triangle0: borderColor = <psychopy.colors.Color: (-0.81, -0.81, -0.81, 1.0)>
0.7419 	EXP 	triangle1: borderColor = <psychopy.colors.Color: (-0.53, -0.53, -0.53, 1.0)>
0.7419 	EXP 	triangle2: borderColor = <psychopy.colors.Color: (-1.0, -1.0, -1.0, 1.0)>
0.7419 	EXP 	triangle3: borderColor = <psychopy.colors.Color: (-0.73, -0.73, -0.73, 1.0)>
0.7419 	EXP 	triangle4: borderColor = <psychopy.colors.Color: (-0.15, -0.15, -0.15, 1.0)>
0.7419 	EXP 	triangle5: borderColor = <psychopy.colors.Color: (-0.26, -0.26, -0.26, 1.0)>
0.7419 	EXP 	triangle6: borderColor = <psychopy.colors.Color: (-0.83, -0.83, -0.83, 1.0)>
0.7419 	EXP 	triangle7: borderColor = <psychopy.colors.Color: (-0.47, -0.47, -0.47, 1.0)>
0.7576 	EXP 	triangle0: borderColor = <psychopy.colors.Color: (-0.66, -0.66, -0.66, 1.0)>
0.7576 	EXP 	triangle1: borderColor = <psychopy.colors.Color: (-0.78, -0.78, -0.78, 1.0)>
0.7576 	EXP 	triangle2: borderColor = <psychopy.colors.Color: (-0.08, -0.08, -0.08, 1.0)>
0.7576 	EXP 	triangle3: borderColor = <psychopy.colors.Color: (-0.41, -0.41, -0.41, 1.0)>
0.7576 	EXP 	triangle4: borderColor = <psychopy.colors.Color: (-0.69, -0.69, -0.69, 1.0)>
0.7576 	EXP 	triangle5: borderColor = <psychopy.colors.Color: (-0.3, -0.3, -0.3, 1.0)>
0.7576 	EXP 	triangle6: borderColor = <psychopy.colors.Color: (-0.53, -0.53, -0.53, 1.0)>
0.7576 	EXP 	triangle7: borderColor = <psychopy.colors.Color: (-0.49, -0.49, -0.49, 1.0)>
0.7742 	EXP 	triangle0: borderColor = <psychopy.colors.Color: (-0.83, -0.83, -0.83, 1.0)>
0.7742 	EXP 	triangle1: borderColor = <psychopy.colors.Color: (-0.13, -0.13, -0.13, 1.0)>
0.7742 	EXP 	triangle2: borderColor = <psychopy.colors.Color: (-0.01, -0.01, -0.01, 1.0)>
0.7742 	EXP 	triangle3: borderColor = <psychopy.colors.Color: (-0.72, -0.72, -0.72, 1.0)>
0.7742 	EXP 	triangle4: borderColor = <psychopy.colors.Color: (-0.4, -0.4, -0.4, 1.0)>
0.7742 	EXP 	triangle5: borderColor = <psychopy.colors.Color: (-0.92, -0.92, -0.92, 1.0)>
0.7742 	EXP 	triangle6: borderColor = <psychopy.colors.Color: (-0.8, -0.8, -0.8, 1.0)>
0.7742 	EXP 	triangle7: borderColor = <psychopy.colors.Color: (-0.57, -0.57, -0.57, 1.0)>
0.7911 	EXP 	triangle0: borderColor = <psychopy.colors.Color: (-0.79, -0.79, -0.79, 1.0)>
0.7911 	EXP 	triangle1: borderColor = <psychopy.colors.Color: (-0.75, -0.75, -0.75, 1.0)>
0.7911 	EXP 	triangle2: borderColor = <psychopy.colors.Color: (-0.79, -0.79, -0.79, 1.0)>
0.7911 	EXP 	triangle3: borderColor = <psychopy.colors.Color: (-0.18, -0.18, -0.18, 1.0)>
0.7911 	EXP 	triangle4: borderColor = <psychopy.colors.Color: (-0.34, -0.34, -0.34, 1.0)>
0.7911 	EXP 	triangle5: borderColor = <psychopy.colors.Color: (-0.77, -0.77, -0.77, 1.0)>
0.7911 	EXP 	triangle6: borderColor = <psychopy.colors.Color: (-0.77, -0.77, -0.77, 1.0)>
0.7911 	EXP 	triangle7: borderColor = <psychopy.colors.Color: (-0.17, -0.17, -0.17, 1.0)>
0.8076 	EXP 	triangle0: borderColor = <psychopy.colors.Color: (-0.62, -0.62, -0.62, 1.0)>
0.8076 	EXP 	triangle1: borderColor = <psychopy.colors.Color: (-0.74, -0.74, -0.74, 1.0)>
0.8076 	EXP 	triangle2: borderColor = <psychopy.colors.Color: (-0.48, -0.48, -0.48, 1.0)>
0.8076 	EXP 	triangle3: borderColor = <psychopy.colors.Color: (-0.03, -0.03, -0.03, 1.0)>
0.8076 	EXP 	triangle4: borderColor = <psychopy.colors.Color: (-0.82, -0.82, -0.82, 1.0)>
0.8076 	EXP 	triangle5: borderColor = <psychopy.colors.Color: (-0.01, -0.01, -0.01, 1.0)>
0.8076 	EXP 	triangle6: borderColor = <psychopy.colors.Color: (-0.49, -0.49, -0.49, 1.0)>
0.8076 	EXP 	triangle7: borderColor = <psychopy.colors.Color: (-0.03, -0.03, -0.03, 1.0)>
0.8252 	EXP 	triangle0: borderColor = <psychopy.colors.Color: (-0.39, -0.39, -0.39, 1.0)>
0.8252 	EXP 	triangle1: borderColor = <psychopy.colors.Color: (-0.79, -0.79, -0.79, 1.0)>
0.8252 	EXP 	triangle2: borderColor = <psychopy.colors.Color: (-0.64, -0.64, -0.64, 1.0)>
0.8252 	EXP 	triangle3: borderColor = <psychopy.colors.Color: (-0.83, -0.83, -0.83, 1.0)>
0.8252 	EXP 	triangle4: borderColor = <psychopy.colors.Color: (-0.57, -0.57, -0.57, 1.0)>
0.8252 	EXP 	triangle5: borderColor = <psychopy.colors.Color: (-0.37, -0.37, -0.37, 1.0)>
0.8252 	EXP 	triangle6: borderColor = <psychopy.colors.Color: (-0.74, -0.74, -0.74, 1.0)>
0.8252 	EXP 	triangle7: borderColor = <psychopy.colors.Color: (-0.14, -0.14, -0.14, 1.0)>
0.8415 	EXP 	triangle0: borderColor = <psychopy.colors.Color: (-0.73, -0.73, -0.73, 1.0)>
0.8415 	EXP 	triangle1: borderColor = <psychopy.colors.Color: (-0.69, -0.69, -0.69, 1.0)>
0.8415 	EXP 	triangle2: borderColor = <psychopy.colors.Color: (-0.85, -0.85, -0.85, 1.0)>
0.8415 	EXP 	triangle3: borderColor = <psychopy.colors.Color: (-0.91, -0.91, -0.91, 1.0)>
0.8415 	EXP 	triangle4: borderColor = <psychopy.colors.Color: (-0.34, -0.34, -0.34, 1.0)>
0.8415 	EXP 	triangle5: borderColor = <psychopy.colors.Color: (-0.79, -0.79, -0.79, 1.0)>
0.8415 	EXP 	triangle6: borderColor = <psychopy.colors.Color: (-0.87, -0.87, -0.87, 1.0)>
0.8415 	EXP 	triangle7: borderColor = <psychopy.colors.Color: (-0.13, -0.13, -0.13, 1.0)>
0.8574 	EXP 	triangle0: borderColor = <psychopy.colors.Color: (-0.33, -0.33, -0.33, 1.0)>
0.8574 	EXP 	triangle1: borderColor = <psychopy.colors.Color: (-0.53, -0.53, -0.53, 1.0)>
0.8574 	EXP 	triangle2: borderColor = <psychopy.colors.Color: (-0.24, -0.24, -0.24, 1.0)>
0.8574 	EXP 	triangle3: borderColor = <psychopy.colors.Color: (-0.41, -0.41, -0.41, 1.0)>
0.8574 	EXP 	triangle4: borderColor = <psychopy.colors.Color: (-0.23, -0.23, -0.23, 1.0)>
0.8574 	EXP 	triangle5: borderColor = <psychopy.colors.Color: (-0.42, -0.42, -0.42, 1.0)>
0.8574 	EXP 	triangle6: borderColor = <psychopy.colors.Color: (-0.49, -0.49, -0.49, 1.0)>
0.8574 	EXP 	triangle7: borderColor = <psychopy.colors.Color: (-0.67, -0.67, -0.67, 1.0)>
0.8740 	EXP 	triangle0: borderColor = <psychopy.colors.Color: (-0.57, -0.57, -0.57, 1.0)>
0.8740 	EXP 	triangle1: borderColor = <psychopy.colors.Color: (-0.7, -0.7, -0.7, 1.0)>
0.8740 	EXP 	triangle2: borderColor = <psychopy.colors.Color: (-0.5, -0.5, -0.5, 1.0)>
0.8740 	EXP 	triangle3: borderColor = <psychopy.colors.Color: (-0.33, -0.33, -0.33, 1.0)>
0.8740 	EXP 	triangle4: borderColor = <psychopy.colors.Color: (-0.75, -0.75, -0.75, 1.0)>
0.8740 	EXP 	triangle5: borderColor = <psychopy.colors.Color: (-0.85, -0.85, -0.85, 1.0)>
0.8740 	EXP 	triangle6: borderColor = <psychopy.colors.Color: (-0.98, -0.98, -0.98, 1.0)>
0.8740 	EXP 	triangle7: borderColor = <psychopy.colors.Color: (-0.07, -0.07, -0.07, 1.0)>
0.8908 	EXP 	triangle0: borderColor = <psychopy.colors.Color: (-0.28, -0.28, -0.28, 1.0)>
0.8908 	EXP 	triangle1: borderColor = <psychopy.colors.Color: (-0.25, -0.25, -0.25, 1.0)>
0.8908 	EXP 	triangle2: borderColor = <psychopy.colors.Color: (-0.11, -0.11, -0.11, 1.0)>
0.8908 	EXP 	triangle3: borderColor = <psychopy.colors.Color: (-0.8, -0.8, -0.8, 1.0)>
0.8908 	EXP 	triangle4: borderColor = <psychopy.colors.Color: (-0.91, -0.91, -0.91, 1.0)>
0.8908 	EXP 	triangle5: borderColor = <psychopy.colors.Color: (-0.27, -0.27, -0.27, 1.0)>
0.8908 	EXP 	triangle6: borderColor = <psychopy.colors.Color: (-0.47, -0.47, -0.47, 1.0)>
0.8908 	EXP 	triangle7: borderColor = <psychopy.colors.Color: (-0.12, -0.12, -0.12, 1.0)>
0.9086 	EXP 	triangle0: borderColor = <psychopy.colors.Color: (-0.99, -0.99, -0.99, 1.0)>
0.9086 	EXP 	triangle1: borderColor = <psychopy.colors.Color: (-0.27, -0.27, -0.27, 1.0)>
0.9086 	EXP 	triangle2: borderColor = <psychopy.colors.Color: (-0.6, -0.6, -0.6, 1.0)>
0.9086 	EXP 	triangle3: borderColor = <psychopy.colors.Color: (-0.74, -0.74, -0.74, 1.0)>
0.9086 	EXP 	triangle4: borderColor = <psychopy.colors.Color: (-0.05, -0.05, -0.05, 1.0)>
0.9086 	EXP 	triangle5: borderColor = <psychopy.colors.Color: (-0.08, -0.08, -0.08, 1.0)>
0.9086 	EXP 	triangle6: borderColor = <psychopy.colors.Color: (-0.18, -0.18, -0.18, 1.0)>
0.9086 	EXP 	triangle7: borderColor = <psychopy.colors.Color: (-0.03, -0.03, -0.03, 1.0)>
0.9253 	EXP 	triangle0: borderColor = <psychopy.colors.Color: (-0.34, -0.34, -0.34, 1.0)>
0.9253 	EXP 	triangle1: borderColor = <psychopy.colors.Color: (-0.17, -0.17, -0.17, 1.0)>
0.9253 	EXP 	triangle2: borderColor = <psychopy.colors.Color: (-0.47, -0.47, -0.47, 1.0)>
0.9253 	EXP 	triangle3: borderColor = <psychopy.colors.Color: (-0.33, -0.33, -0.33, 1.0)>
0.9253 	EXP 	triangle4: borderColor = <psychopy.colors.Color: (-0.35, -0.35, -0.35, 1.0)>
0.9253 	EXP 	triangle5: borderColor = <psychopy.colors.Color: (-0.27, -0.27, -0.27, 1.0)>
0.9253 	EXP 	triangle6: borderColor = <psychopy.colors.Color: (-0.93, -0.93, -0.93, 1.0)>
0.9253 	EXP 	triangle7: borderColor = <psychopy.colors.Color: (-0.24, -0.24, -0.24, 1.0)>
0.9419 	EXP 	triangle0: borderColor = <psychopy.colors.Color: (-0.97, -0.97, -0.97, 1.0)>
0.9419 	EXP 	triangle1: borderColor = <psychopy.colors.Color: (-0.56, -0.56, -0.56, 1.0)>
0.9419 	EXP 	triangle2: borderColor = <psychopy.colors.Color: (-0.68, -0.68, -0.68, 1.0)>
0.9419 	EXP 	triangle3: borderColor = <psychopy.colors.Color: (-0.71, -0.71, -0.71, 1.0)>
0.9419 	EXP 	triangle4: borderColor = <psychopy.colors.Color: (-0.14, -0.14, -0.14, 1.0)>
0.9419 	EXP 	triangle5: borderColor = <psychopy.colors.Color: (-0.98, -0.98, -0.98, 1.0)>
0.9419 	EXP 	triangle6: borderColor = <psychopy.colors.Color: (-0.79, -0.79, -0.79, 1.0)>
0.9419 	EXP 	triangle7: borderColor = <psychopy.colors.Color: (-0.35, -0.35, -0.35, 1.0)>
0.9579 	EXP 	triangle0: borderColor = <psychopy.colors.Color: (-0.84, -0.84, -0.84, 1.0)>
0.9579 	EXP 	triangle1: borderColor = <psychopy.colors.Color: (-0.99, -0.99, -0.99, 1.0)>
0.9579 	EXP 	triangle2: borderColor = <psychopy.colors.Color: (-0.81, -0.81, -0.81, 1.0)>
0.9579 	EXP 	triangle3: borderColor = <psychopy.colors.Color: (-0.12, -0.12, -0.12, 1.0)>
0.9579 	EXP 	triangle4: borderColor = <psychopy.colors.Color: (-0.74, -0.74, -0.74, 1.0)>
0.9579 	EXP 	triangle5: borderColor = <psychopy.colors.Color: (-0.88, -0.88, -0.88, 1.0)>
0.9579 	EXP 	triangle6: borderColor = <psychopy.colors.Color: (-0.89, -0.89, -0.89, 1.0)>
0.9579 	EXP 	triangle7: borderColor = <psychopy.colors.Color: (-0.78, -0.78, -0.78, 1.0)>
0.9746 	EXP 	triangle0: borderColor = <psychopy.colors.Color: (-0.7, -0.7, -0.7, 1.0)>
0.9746 	EXP 	triangle1: borderColor = <psychopy.colors.Color: (-0.8, -0.8, -0.8, 1.0)>
0.9746 	EXP 	triangle2: borderColor = <psychopy.colors.Color: (-0.97, -0.97, -0.97, 1.0)>
0.9746 	EXP 	triangle3: borderColor = <psychopy.colors.Color: (-0.58, -0.58, -0.58, 1.0)>
0.9746 	EXP 	triangle4: borderColor = <psychopy.colors.Color: (-0.45, -0.45, -0.45, 1.0)>
0.9746 	EXP 	triangle5: borderColor = <psychopy.colors.Color: (-0.68, -0.68, -0.68, 1.0)>
0.9746 	EXP 	triangle6: borderColor = <psychopy.colors.Color: (-0.92, -0.92, -0.92, 1.0)>
0.9746 	EXP 	triangle7: borderColor = <psychopy.colors.Color: (-0.43, -0.43, -0.43, 1.0)>
0.9921 	EXP 	triangle0: borderColor = <psychopy.colors.Color: (-0.38, -0.38, -0.38, 1.0)>
0.9921 	EXP 	triangle1: borderColor = <psychopy.colors.Color: (-0.13, -0.13, -0.13, 1.0)>
0.9921 	EXP 	triangle2: borderColor = <psychopy.colors.Color: (-0.05, -0.05, -0.05, 1.0)>
0.9921 	EXP 	triangle3: borderColor = <psychopy.colors.Color: (-0.13, -0.13, -0.13, 1.0)>
0.9921 	EXP 	triangle4: borderColor = <psychopy.colors.Color: (-0.48, -0.48, -0.48, 1.0)>
0.9921 	EXP 	triangle5: borderColor = <psychopy.colors.Color: (-0.13, -0.13, -0.13, 1.0)>
0.9921 	EXP 	triangle6: borderColor = <psychopy.colors.Color: (-0.58, -0.58, -0.58, 1.0)>
0.9921 	EXP 	triangle7: borderColor = <psychopy.colors.Color: (-0.89, -0.89, -0.89, 1.0)>
1.0085 	EXP 	triangle0: borderColor = <psychopy.colors.Color: (-0.66, -0.66, -0.66, 1.0)>
1.0085 	EXP 	triangle1: borderColor = <psychopy.colors.Color: (-0.16, -0.16, -0.16, 1.0)>
1.0085 	EXP 	triangle2: borderColor = <psychopy.colors.Color: (-0.53, -0.53, -0.53, 1.0)>
1.0085 	EXP 	triangle3: borderColor = <psychopy.colors.Color: (-0.41, -0.41, -0.41, 1.0)>
1.0085 	EXP 	triangle4: borderColor = <psychopy.colors.Color: (-0.67, -0.67, -0.67, 1.0)>
1.0085 	EXP 	triangle5: borderColor = <psychopy.colors.Color: (-0.7, -0.7, -0.7, 1.0)>
1.0085 	EXP 	triangle6: borderColor = <psychopy.colors.Color: (-0.92, -0.92, -0.92, 1.0)>
1.0085 	EXP 	triangle7: borderColor = <psychopy.colors.Color: (-0.16, -0.16, -0.16, 1.0)>
1.0242 	EXP 	triangle0: borderColor = <psychopy.colors.Color: (-0.92, -0.92, -0.92, 1.0)>
1.0242 	EXP 	triangle1: borderColor = <psychopy.colors.Color: (-0.19, -0.19, -0.19, 1.0)>
1.0242 	EXP 	triangle2: borderColor = <psychopy.colors.Color: (-0.03, -0.03, -0.03, 1.0)>
1.0242 	EXP 	triangle3: borderColor = <psychopy.colors.Color: (-0.4, -0.4, -0.4, 1.0)>
1.0242 	EXP 	triangle4: borderColor = <psychopy.colors.Color: (-0.09, -0.09, -0.09, 1.0)>
1.0242 	EXP 	triangle5: borderColor = <psychopy.colors.Color: (-0.63, -0.63, -0.63, 1.0)>
1.0242 	EXP 	triangle6: borderColor = <psychopy.colors.Color: (-0.6, -0.6, -0.6, 1.0)>
1.0242 	EXP 	triangle7: borderColor = <psychopy.colors.Color: (-0.08, -0.08, -0.08, 1.0)>
1.0407 	EXP 	triangle0: borderColor = <psychopy.colors.Color: (-0.33, -0.33, -0.33, 1.0)>
1.0407 	EXP 	triangle1: borderColor = <psychopy.colors.Color: (-0.3, -0.3, -0.3, 1.0)>
1.0407 	EXP 	triangle2: borderColor = <psychopy.colors.Color: (-0.01, -0.01, -0.01, 1.0)>
1.0407 	EXP 	triangle3: borderColor = <psychopy.colors.Color: (-0.18, -0.18, -0.18, 1.0)>
1.0407 	EXP 	triangle4: borderColor = <psychopy.colors.Color: (-0.23, -0.23, -0.23, 1.0)>
1.0407 	EXP 	triangle5: borderColor = <psychopy.colors.Color: (-0.65, -0.65, -0.65, 1.0)>
1.0407 	EXP 	triangle6: borderColor = <psychopy.colors.Color: (-0.59, -0.59, -0.59, 1.0)>
1.0407 	EXP 	triangle7: borderColor = <psychopy.colors.Color: (-0.56, -0.56, -0.56, 1.0)>
1.0574 	EXP 	triangle0: borderColor = <psychopy.colors.Color: (-0.42, -0.42, -0.42, 1.0)>
1.0574 	EXP 	triangle1: borderColor = <psychopy.colors.Color: (-0.07, -0.07, -0.07, 1.0)>
1.0574 	EXP 	triangle2: borderColor = <psychopy.colors.Color: (-0.47, -0.47, -0.47, 1.0)>
1.0574 	EXP 	triangle3: borderColor = <psychopy.colors.Color: (-0.27, -0.27, -0.27, 1.0)>
1.0574 	EXP 	triangle4: borderColor = <psychopy.colors.Color: (-0.71, -0.71, -0.71, 1.0)>
1.0574 	EXP 	triangle5: borderColor = <psychopy.colors.Color: (-0.12, -0.12, -0.12, 1.0)>
1.0574 	EXP 	triangle6: borderColor = <psychopy.colors.Color: (-0.93, -0.93, -0.93, 1.0)>
1.0574 	EXP 	triangle7: borderColor = <psychopy.colors.Color: (-0.79, -0.79, -0.79, 1.0)>
1.0744 	EXP 	triangle0: borderColor = <psychopy.colors.Color: (-0.65, -0.65, -0.65, 1.0)>
1.0744 	EXP 	triangle1: borderColor = <psychopy.colors.Color: (-0.98, -0.98, -0.98, 1.0)>
1.0744 	EXP 	triangle2: borderColor = <psychopy.colors.Color: (-0.72, -0.72, -0.72, 1.0)>
1.0744 	EXP 	triangle3: borderColor = <psychopy.colors.Color: (-0.81, -0.81, -0.81, 1.0)>
1.0744 	EXP 	triangle4: borderColor = <psychopy.colors.Color: (-0.23, -0.23, -0.23, 1.0)>
1.0744 	EXP 	triangle5: borderColor = <psychopy.colors.Color: (-0.81, -0.81, -0.81, 1.0)>
1.0744 	EXP 	triangle6: borderColor = <psychopy.colors.Color: (-0.75, -0.75, -0.75, 1.0)>
1.0744 	EXP 	triangle7: borderColor = <psychopy.colors.Color: (-0.53, -0.53, -0.53, 1.0)>
1.0913 	EXP 	triangle0: borderColor = <psychopy.colors.Color: (-0.34, -0.34, -0.34, 1.0)>
1.0913 	EXP 	triangle1: borderColor = <psychopy.colors.Color: (-0.32, -0.32, -0.32, 1.0)>
1.0913 	EXP 	triangle2: borderColor = <psychopy.colors.Color: (-0.71, -0.71, -0.71, 1.0)>
1.0913 	EXP 	triangle3: borderColor = <psychopy.colors.Color: (-0.95, -0.95, -0.95, 1.0)>
1.0913 	EXP 	triangle4: borderColor = <psychopy.colors.Color: (-0.3, -0.3, -0.3, 1.0)>
1.0913 	EXP 	triangle5: borderColor = <psychopy.colors.Color: (-0.11, -0.11, -0.11, 1.0)>
1.0913 	EXP 	triangle6: borderColor = <psychopy.colors.Color: (-0.35, -0.35, -0.35, 1.0)>
1.0913 	EXP 	triangle7: borderColor = <psychopy.colors.Color: (-0.74, -0.74, -0.74, 1.0)>
1.1077 	EXP 	triangle0: borderColor = <psychopy.colors.Color: (-0.33, -0.33, -0.33, 1.0)>
1.1077 	EXP 	triangle1: borderColor = <psychopy.colors.Color: (-0.55, -0.55, -0.55, 1.0)>
1.1077 	EXP 	triangle2: borderColor = <psychopy.colors.Color: (-0.31, -0.31, -0.31, 1.0)>
1.1077 	EXP 	triangle3: borderColor = <psychopy.colors.Color: (-0.35, -0.35, -0.35, 1.0)>
1.1077 	EXP 	triangle4: borderColor = <psychopy.colors.Color: (-0.77, -0.77, -0.77, 1.0)>
1.1077 	EXP 	triangle5: borderColor = <psychopy.colors.Color: (-0.17, -0.17, -0.17, 1.0)>
1.1077 	EXP 	triangle6: borderColor = <psychopy.colors.Color: (-0.22, -0.22, -0.22, 1.0)>
1.1077 	EXP 	triangle7: borderColor = <psychopy.colors.Color: (-0.34, -0.34, -0.34, 1.0)>
1.1243 	EXP 	triangle0: borderColor = <psychopy.colors.Color: (-0.69, -0.69, -0.69, 1.0)>
1.1243 	EXP 	triangle1: borderColor = <psychopy.colors.Color: (-0.33, -0.33, -0.33, 1.0)>
1.1243 	EXP 	triangle2: borderColor = <psychopy.colors.Color: (-0.64, -0.64, -0.64, 1.0)>
1.1243 	EXP 	triangle3: borderColor = <psychopy.colors.Color: (-0.91, -0.91, -0.91, 1.0)>
1.1243 	EXP 	triangle4: borderColor = <psychopy.colors.Color: (-0.46, -0.46, -0.46, 1.0)>
1.1243 	EXP 	triangle5: borderColor = <psychopy.colors.Color: (-0.75, -0.75, -0.75, 1.0)>
1.1243 	EXP 	triangle6: borderColor = <psychopy.colors.Color: (-0.19, -0.19, -0.19, 1.0)>
1.1243 	EXP 	triangle7: borderColor = <psychopy.colors.Color: (-0.55, -0.55, -0.55, 1.0)>
1.1417 	EXP 	triangle0: borderColor = <psychopy.colors.Color: (-0.33, -0.33, -0.33, 1.0)>
1.1417 	EXP 	triangle1: borderColor = <psychopy.colors.Color: (-0.48, -0.48, -0.48, 1.0)>
1.1417 	EXP 	triangle2: borderColor = <psychopy.colors.Color: (-0.71, -0.71, -0.71, 1.0)>
1.1417 	EXP 	triangle3: borderColor = <psychopy.colors.Color: (-0.48, -0.48, -0.48, 1.0)>
1.1417 	EXP 	triangle4: borderColor = <psychopy.colors.Color: (-0.44, -0.44, -0.44, 1.0)>
1.1417 	EXP 	triangle5: borderColor = <psychopy.colors.Color: (-0.37, -0.37, -0.37, 1.0)>
1.1417 	EXP 	triangle6: borderColor = <psychopy.colors.Color: (-0.7, -0.7, -0.7, 1.0)>
1.1417 	EXP 	triangle7: borderColor = <psychopy.colors.Color: (-0.59, -0.59, -0.59, 1.0)>
1.1581 	EXP 	triangle0: borderColor = <psychopy.colors.Color: (-0.89, -0.89, -0.89, 1.0)>
1.1581 	EXP 	triangle1: borderColor = <psychopy.colors.Color: (-0.61, -0.61, -0.61, 1.0)>
1.1581 	EXP 	triangle2: borderColor = <psychopy.colors.Color: (-0.88, -0.88, -0.88, 1.0)>
1.1581 	EXP 	triangle3: borderColor = <psychopy.colors.Color: (-0.02, -0.02, -0.02, 1.0)>
1.1581 	EXP 	triangle4: borderColor = <psychopy.colors.Color: (-0.4, -0.4, -0.4, 1.0)>
1.1581 	EXP 	triangle5: borderColor = <psychopy.colors.Color: (-0.99, -0.99, -0.99, 1.0)>
1.1581 	EXP 	triangle6: borderColor = <psychopy.colors.Color: (-0.94, -0.94, -0.94, 1.0)>
1.1581 	EXP 	triangle7: borderColor = <psychopy.colors.Color: (-0.2, -0.2, -0.2, 1.0)>
1.1755 	EXP 	triangle0: borderColor = <psychopy.colors.Color: (-0.79, -0.79, -0.79, 1.0)>
1.1755 	EXP 	triangle1: borderColor = <psychopy.colors.Color: (-0.12, -0.12, -0.12, 1.0)>
1.1755 	EXP 	triangle2: borderColor = <psychopy.colors.Color: (-0.0, -0.0, -0.0, 1.0)>
1.1755 	EXP 	triangle3: borderColor = <psychopy.colors.Color: (-0.66, -0.66, -0.66, 1.0)>
1.1755 	EXP 	triangle4: borderColor = <psychopy.colors.Color: (-0.19, -0.19, -0.19, 1.0)>
1.1755 	EXP 	triangle5: borderColor = <psychopy.colors.Color: (-0.03, -0.03, -0.03, 1.0)>
1.1755 	EXP 	triangle6: borderColor = <psychopy.colors.Color: (-0.78, -0.78, -0.78, 1.0)>
1.1755 	EXP 	triangle7: borderColor = <psychopy.colors.Color: (-0.19, -0.19, -0.19, 1.0)>
1.1919 	EXP 	triangle0: borderColor = <psychopy.colors.Color: (-0.21, -0.21, -0.21, 1.0)>
1.1919 	EXP 	triangle1: borderColor = <psychopy.colors.Color: (-0.16, -0.16, -0.16, 1.0)>
1.1919 	EXP 	triangle2: borderColor = <psychopy.colors.Color: (-0.7, -0.7, -0.7, 1.0)>
1.1919 	EXP 	triangle3: borderColor = <psychopy.colors.Color: (-0.28, -0.28, -0.28, 1.0)>
1.1919 	EXP 	triangle4: borderColor = <psychopy.colors.Color: (-0.12, -0.12, -0.12, 1.0)>
1.1919 	EXP 	triangle5: borderColor = <psychopy.colors.Color: (-0.58, -0.58, -0.58, 1.0)>
1.1919 	EXP 	triangle6: borderColor = <psychopy.colors.Color: (-0.79, -0.79, -0.79, 1.0)>
1.1919 	EXP 	triangle7: borderColor = <psychopy.colors.Color: (-0.58, -0.58, -0.58, 1.0)>
1.2078 	EXP 	triangle0: borderColor = <psychopy.colors.Color: (-0.26, -0.26, -0.26, 1.0)>
1.2078 	EXP 	triangle1: borderColor = <psychopy.colors.Color: (-0.3, -0.3, -0.3, 1.0)>
1.2078 	EXP 	triangle2: borderColor = <psychopy.colors.Color: (-0.71, -0.71, -0.71, 1.0)>
1.2078 	EXP 	triangle3: borderColor = <psychopy.colors.Color: (-0.74, -0.74, -0.74, 1.0)>
1.2078 	EXP 	triangle4: borderColor = <psychopy.colors.Color: (-0.33, -0.33, -0.33, 1.0)>
1.2078 	EXP 	triangle5: borderColor = <psychopy.colors.Color: (-0.95, -0.95, -0.95, 1.0)>
1.2078 	EXP 	triangle6: borderColor = <psychopy.colors.Color: (-0.39, -0.39, -0.39, 1.0)>
1.2078 	EXP 	triangle7: borderColor = <psychopy.colors.Color: (-0.1, -0.1, -0.1, 1.0)>
1.2251 	EXP 	triangle0: borderColor = <psychopy.colors.Color: (-0.51, -0.51, -0.51, 1.0)>
1.2251 	EXP 	triangle1: borderColor = <psychopy.colors.Color: (-0.28, -0.28, -0.28, 1.0)>
1.2251 	EXP 	triangle2: borderColor = <psychopy.colors.Color: (-0.58, -0.58, -0.58, 1.0)>
1.2251 	EXP 	triangle3: borderColor = <psychopy.colors.Color: (-0.64, -0.64, -0.64, 1.0)>
1.2251 	EXP 	triangle4: borderColor = <psychopy.colors.Color: (-0.48, -0.48, -0.48, 1.0)>
1.2251 	EXP 	triangle5: borderColor = <psychopy.colors.Color: (-0.9, -0.9, -0.9, 1.0)>
1.2251 	EXP 	triangle6: borderColor = <psychopy.colors.Color: (-0.46, -0.46, -0.46, 1.0)>
1.2251 	EXP 	triangle7: borderColor = <psychopy.colors.Color: (-0.96, -0.96, -0.96, 1.0)>
1.2406 	EXP 	triangle0: borderColor = <psychopy.colors.Color: (-0.09, -0.09, -0.09, 1.0)>
1.2406 	EXP 	triangle1: borderColor = <psychopy.colors.Color: (-0.59, -0.59, -0.59, 1.0)>
1.2406 	EXP 	triangle2: borderColor = <psychopy.colors.Color: (-0.33, -0.33, -0.33, 1.0)>
1.2406 	EXP 	triangle3: borderColor = <psychopy.colors.Color: (-0.41, -0.41, -0.41, 1.0)>
1.2406 	EXP 	triangle4: borderColor = <psychopy.colors.Color: (-0.89, -0.89, -0.89, 1.0)>
1.2406 	EXP 	triangle5: borderColor = <psychopy.colors.Color: (-0.68, -0.68, -0.68, 1.0)>
1.2406 	EXP 	triangle6: borderColor = <psychopy.colors.Color: (-0.33, -0.33, -0.33, 1.0)>
1.2406 	EXP 	triangle7: borderColor = <psychopy.colors.Color: (-0.15, -0.15, -0.15, 1.0)>
1.2573 	EXP 	triangle0: borderColor = <psychopy.colors.Color: (-0.18, -0.18, -0.18, 1.0)>
1.2573 	EXP 	triangle1: borderColor = <psychopy.colors.Color: (-0.35, -0.35, -0.35, 1.0)>
1.2573 	EXP 	triangle2: borderColor = <psychopy.colors.Color: (-0.72, -0.72, -0.72, 1.0)>
1.2573 	EXP 	triangle3: borderColor = <psychopy.colors.Color: (-0.26, -0.26, -0.26, 1.0)>
1.2573 	EXP 	triangle4: borderColor = <psychopy.colors.Color: (-0.48, -0.48, -0.48, 1.0)>
1.2573 	EXP 	triangle5: borderColor = <psychopy.colors.Color: (-0.36, -0.36, -0.36, 1.0)>
1.2573 	EXP 	triangle6: borderColor = <psychopy.colors.Color: (-0.66, -0.66, -0.66, 1.0)>
1.2573 	EXP 	triangle7: borderColor = <psychopy.colors.Color: (-0.28, -0.28, -0.28, 1.0)>
1.2742 	EXP 	triangle0: borderColor = <psychopy.colors.Color: (-0.34, -0.34, -0.34, 1.0)>
1.2742 	EXP 	triangle1: borderColor = <psychopy.colors.Color: (-0.7, -0.7, -0.7, 1.0)>
1.2742 	EXP 	triangle2: borderColor = <psychopy.colors.Color: (-0.85, -0.85, -0.85, 1.0)>
1.2742 	EXP 	triangle3: borderColor = <psychopy.colors.Color: (-0.38, -0.38, -0.38, 1.0)>
1.2742 	EXP 	triangle4: borderColor = <psychopy.colors.Color: (-0.8, -0.8, -0.8, 1.0)>
1.2742 	EXP 	triangle5: borderColor = <psychopy.colors.Color: (-0.53, -0.53, -0.53, 1.0)>
1.2742 	EXP 	triangle6: borderColor = <psychopy.colors.Color: (-0.03, -0.03, -0.03, 1.0)>
1.2742 	EXP 	triangle7: borderColor = <psychopy.colors.Color: (-0.35, -0.35, -0.35, 1.0)>
1.2910 	EXP 	triangle0: borderColor = <psychopy.colors.Color: (-0.33, -0.33, -0.33, 1.0)>
1.2910 	EXP 	triangle1: borderColor = <psychopy.colors.Color: (-0.46, -0.46, -0.46, 1.0)>
1.2910 	EXP 	triangle2: borderColor = <psychopy.colors.Color: (-0.52, -0.52, -0.52, 1.0)>
1.2910 	EXP 	triangle3: borderColor = <psychopy.colors.Color: (-0.78, -0.78, -0.78, 1.0)>
1.2910 	EXP 	triangle4: borderColor = <psychopy.colors.Color: (-0.74, -0.74, -0.74, 1.0)>
1.2910 	EXP 	triangle5: borderColor = <psychopy.colors.Color: (-0.6, -0.6, -0.6, 1.0)>
1.2910 	EXP 	triangle6: borderColor = <psychopy.colors.Color: (-0.14, -0.14, -0.14, 1.0)>
1.2910 	EXP 	triangle7: borderColor = <psychopy.colors.Color: (-0.49, -0.49, -0.49, 1.0)>
1.3082 	EXP 	triangle0: borderColor = <psychopy.colors.Color: (-0.18, -0.18, -0.18, 1.0)>
1.3082 	EXP 	triangle1: borderColor = <psychopy.colors.Color: (-0.49, -0.49, -0.49, 1.0)>
1.3082 	EXP 	triangle2: borderColor = <psychopy.colors.Color: (-0.57, -0.57, -0.57, 1.0)>
1.3082 	EXP 	triangle3: borderColor = <psychopy.colors.Color: (-0.08, -0.08, -0.08, 1.0)>
1.3082 	EXP 	triangle4: borderColor = <psychopy.colors.Color: (-0.6, -0.6, -0.6, 1.0)>
1.3082 	EXP 	triangle5: borderColor = <psychopy.colors.Color: (-0.52, -0.52, -0.52, 1.0)>
1.3082 	EXP 	triangle6: borderColor = <psychopy.colors.Color: (-0.76, -0.76, -0.76, 1.0)>
1.3082 	EXP 	triangle7: borderColor = <psychopy.colors.Color: (-0.03, -0.03, -0.03, 1.0)>
1.3241 	EXP 	triangle0: borderColor = <psychopy.colors.Color: (-0.96, -0.96, -0.96, 1.0)>
1.3241 	EXP 	triangle1: borderColor = <psychopy.colors.Color: (-0.51, -0.51, -0.51, 1.0)>
1.3241 	EXP 	triangle2: borderColor = <psychopy.colors.Color: (-0.08, -0.08, -0.08, 1.0)>
1.3241 	EXP 	triangle3: borderColor = <psychopy.colors.Color: (-0.44, -0.44, -0.44, 1.0)>
1.3241 	EXP 	triangle4: borderColor = <psychopy.colors.Color: (-0.79, -0.79, -0.79, 1.0)>
1.3241 	EXP 	triangle5: borderColor = <psychopy.colors.Color: (-0.53, -0.53, -0.53, 1.0)>
1.3241 	EXP 	triangle6: borderColor = <psychopy.colors.Color: (-0.91, -0.91, -0.91, 1.0)>
1.3241 	EXP 	triangle7: borderColor = <psychopy.colors.Color: (-0.78, -0.78, -0.78, 1.0)>
1.3410 	EXP 	triangle0: borderColor = <psychopy.colors.Color: (-0.75, -0.75, -0.75, 1.0)>
1.3410 	EXP 	triangle1: borderColor = <psychopy.colors.Color: (-0.68, -0.68, -0.68, 1.0)>
1.3410 	EXP 	triangle2: borderColor = <psychopy.colors.Color: (-0.91, -0.91, -0.91, 1.0)>
1.3410 	EXP 	triangle3: borderColor = <psychopy.colors.Color: (-0.4, -0.4, -0.4, 1.0)>
1.3410 	EXP 	triangle4: borderColor = <psychopy.colors.Color: (-0.64, -0.64, -0.64, 1.0)>
1.3410 	EXP 	triangle5: borderColor = <psychopy.colors.Color: (-0.05, -0.05, -0.05, 1.0)>
1.3410 	EXP 	triangle6: borderColor = <psychopy.colors.Color: (-0.35, -0.35, -0.35, 1.0)>
1.3410 	EXP 	triangle7: borderColor = <psychopy.colors.Color: (-0.86, -0.86, -0.86, 1.0)>
1.3579 	EXP 	triangle0: borderColor = <psychopy.colors.Color: (-0.26, -0.26, -0.26, 1.0)>
1.3579 	EXP 	triangle1: borderColor = <psychopy.colors.Color: (-0.19, -0.19, -0.19, 1.0)>
1.3579 	EXP 	triangle2: borderColor = <psychopy.colors.Color: (-0.59, -0.59, -0.59, 1.0)>
1.3579 	EXP 	triangle3: borderColor = <psychopy.colors.Color: (-0.51, -0.51, -0.51, 1.0)>
1.3579 	EXP 	triangle4: borderColor = <psychopy.colors.Color: (-0.89, -0.89, -0.89, 1.0)>
1.3579 	EXP 	triangle5: borderColor = <psychopy.colors.Color: (-0.59, -0.59, -0.59, 1.0)>
1.3579 	EXP 	triangle6: borderColor = <psychopy.colors.Color: (-0.17, -0.17, -0.17, 1.0)>
1.3579 	EXP 	triangle7: borderColor = <psychopy.colors.Color: (-0.31, -0.31, -0.31, 1.0)>
1.3752 	EXP 	triangle0: borderColor = <psychopy.colors.Color: (-0.8, -0.8, -0.8, 1.0)>
1.3752 	EXP 	triangle1: borderColor = <psychopy.colors.Color: (-0.77, -0.77, -0.77, 1.0)>
1.3752 	EXP 	triangle2: borderColor = <psychopy.colors.Color: (-0.44, -0.44, -0.44, 1.0)>
1.3752 	EXP 	triangle3: borderColor = <psychopy.colors.Color: (-0.93, -0.93, -0.93, 1.0)>
1.3752 	EXP 	triangle4: borderColor = <psychopy.colors.Color: (-0.37, -0.37, -0.37, 1.0)>
1.3752 	EXP 	triangle5: borderColor = <psychopy.colors.Color: (-0.9, -0.9, -0.9, 1.0)>
1.3752 	EXP 	triangle6: borderColor = <psychopy.colors.Color: (-0.16, -0.16, -0.16, 1.0)>
1.3752 	EXP 	triangle7: borderColor = <psychopy.colors.Color: (-0.49, -0.49, -0.49, 1.0)>
1.3909 	EXP 	triangle0: borderColor = <psychopy.colors.Color: (-0.85, -0.85, -0.85, 1.0)>
1.3909 	EXP 	triangle1: borderColor = <psychopy.colors.Color: (-0.63, -0.63, -0.63, 1.0)>
1.3909 	EXP 	triangle2: borderColor = <psychopy.colors.Color: (-0.6, -0.6, -0.6, 1.0)>
1.3909 	EXP 	triangle3: borderColor = <psychopy.colors.Color: (-0.09, -0.09, -0.09, 1.0)>
1.3909 	EXP 	triangle4: borderColor = <psychopy.colors.Color: (-0.53, -0.53, -0.53, 1.0)>
1.3909 	EXP 	triangle5: borderColor = <psychopy.colors.Color: (-0.14, -0.14, -0.14, 1.0)>
1.3909 	EXP 	triangle6: borderColor = <psychopy.colors.Color: (-0.38, -0.38, -0.38, 1.0)>
1.3909 	EXP 	triangle7: borderColor = <psychopy.colors.Color: (-0.76, -0.76, -0.76, 1.0)>
1.4073 	EXP 	triangle0: borderColor = <psychopy.colors.Color: (-0.4, -0.4, -0.4, 1.0)>
1.4073 	EXP 	triangle1: borderColor = <psychopy.colors.Color: (-0.57, -0.57, -0.57, 1.0)>
1.4073 	EXP 	triangle2: borderColor = <psychopy.colors.Color: (-0.23, -0.23, -0.23, 1.0)>
1.4073 	EXP 	triangle3: borderColor = <psychopy.colors.Color: (-0.87, -0.87, -0.87, 1.0)>
1.4073 	EXP 	triangle4: borderColor = <psychopy.colors.Color: (-0.89, -0.89, -0.89, 1.0)>
1.4073 	EXP 	triangle5: borderColor = <psychopy.colors.Color: (-0.57, -0.57, -0.57, 1.0)>
1.4073 	EXP 	triangle6: borderColor = <psychopy.colors.Color: (-0.17, -0.17, -0.17, 1.0)>
1.4073 	EXP 	triangle7: borderColor = <psychopy.colors.Color: (-0.08, -0.08, -0.08, 1.0)>
1.4263 	EXP 	triangle0: borderColor = <psychopy.colors.Color: (-0.01, -0.01, -0.01, 1.0)>
1.4263 	EXP 	triangle1: borderColor = <psychopy.colors.Color: (-0.11, -0.11, -0.11, 1.0)>
1.4263 	EXP 	triangle2: borderColor = <psychopy.colors.Color: (-0.04, -0.04, -0.04, 1.0)>
1.4263 	EXP 	triangle3: borderColor = <psychopy.colors.Color: (-0.95, -0.95, -0.95, 1.0)>
1.4263 	EXP 	triangle4: borderColor = <psychopy.colors.Color: (-0.9, -0.9, -0.9, 1.0)>
1.4263 	EXP 	triangle5: borderColor = <psychopy.colors.Color: (-0.66, -0.66, -0.66, 1.0)>
1.4263 	EXP 	triangle6: borderColor = <psychopy.colors.Color: (-0.99, -0.99, -0.99, 1.0)>
1.4263 	EXP 	triangle7: borderColor = <psychopy.colors.Color: (-0.21, -0.21, -0.21, 1.0)>
1.4420 	EXP 	triangle0: borderColor = <psychopy.colors.Color: (-0.27, -0.27, -0.27, 1.0)>
1.4420 	EXP 	triangle1: borderColor = <psychopy.colors.Color: (-0.26, -0.26, -0.26, 1.0)>
1.4420 	EXP 	triangle2: borderColor = <psychopy.colors.Color: (-0.34, -0.34, -0.34, 1.0)>
1.4420 	EXP 	triangle3: borderColor = <psychopy.colors.Color: (-0.69, -0.69, -0.69, 1.0)>
1.4420 	EXP 	triangle4: borderColor = <psychopy.colors.Color: (-0.08, -0.08, -0.08, 1.0)>
1.4420 	EXP 	triangle5: borderColor = <psychopy.colors.Color: (-0.34, -0.34, -0.34, 1.0)>
1.4420 	EXP 	triangle6: borderColor = <psychopy.colors.Color: (-0.7, -0.7, -0.7, 1.0)>
1.4420 	EXP 	triangle7: borderColor = <psychopy.colors.Color: (-0.05, -0.05, -0.05, 1.0)>
1.4584 	EXP 	triangle0: borderColor = <psychopy.colors.Color: (-0.22, -0.22, -0.22, 1.0)>
1.4584 	EXP 	triangle1: borderColor = <psychopy.colors.Color: (-0.2, -0.2, -0.2, 1.0)>
1.4584 	EXP 	triangle2: borderColor = <psychopy.colors.Color: (-0.31, -0.31, -0.31, 1.0)>
1.4584 	EXP 	triangle3: borderColor = <psychopy.colors.Color: (-0.24, -0.24, -0.24, 1.0)>
1.4584 	EXP 	triangle4: borderColor = <psychopy.colors.Color: (-0.13, -0.13, -0.13, 1.0)>
1.4584 	EXP 	triangle5: borderColor = <psychopy.colors.Color: (-0.29, -0.29, -0.29, 1.0)>
1.4584 	EXP 	triangle6: borderColor = <psychopy.colors.Color: (-0.4, -0.4, -0.4, 1.0)>
1.4584 	EXP 	triangle7: borderColor = <psychopy.colors.Color: (-0.2, -0.2, -0.2, 1.0)>
1.4743 	EXP 	triangle0: borderColor = <psychopy.colors.Color: (-0.91, -0.91, -0.91, 1.0)>
1.4743 	EXP 	triangle1: borderColor = <psychopy.colors.Color: (-0.98, -0.98, -0.98, 1.0)>
1.4743 	EXP 	triangle2: borderColor = <psychopy.colors.Color: (-0.46, -0.46, -0.46, 1.0)>
1.4743 	EXP 	triangle3: borderColor = <psychopy.colors.Color: (-0.4, -0.4, -0.4, 1.0)>
1.4743 	EXP 	triangle4: borderColor = <psychopy.colors.Color: (-0.03, -0.03, -0.03, 1.0)>
1.4743 	EXP 	triangle5: borderColor = <psychopy.colors.Color: (-0.62, -0.62, -0.62, 1.0)>
1.4743 	EXP 	triangle6: borderColor = <psychopy.colors.Color: (-0.49, -0.49, -0.49, 1.0)>
1.4743 	EXP 	triangle7: borderColor = <psychopy.colors.Color: (-0.14, -0.14, -0.14, 1.0)>
1.4907 	EXP 	triangle0: borderColor = <psychopy.colors.Color: (-0.55, -0.55, -0.55, 1.0)>
1.4907 	EXP 	triangle1: borderColor = <psychopy.colors.Color: (-0.96, -0.96, -0.96, 1.0)>
1.4907 	EXP 	triangle2: borderColor = <psychopy.colors.Color: (-0.82, -0.82, -0.82, 1.0)>
1.4907 	EXP 	triangle3: borderColor = <psychopy.colors.Color: (-0.65, -0.65, -0.65, 1.0)>
1.4907 	EXP 	triangle4: borderColor = <psychopy.colors.Color: (-0.94, -0.94, -0.94, 1.0)>
1.4907 	EXP 	triangle5: borderColor = <psychopy.colors.Color: (-0.77, -0.77, -0.77, 1.0)>
1.4907 	EXP 	triangle6: borderColor = <psychopy.colors.Color: (-0.96, -0.96, -0.96, 1.0)>
1.4907 	EXP 	triangle7: borderColor = <psychopy.colors.Color: (-0.92, -0.92, -0.92, 1.0)>
1.5075 	EXP 	triangle0: borderColor = <psychopy.colors.Color: (-0.74, -0.74, -0.74, 1.0)>
1.5075 	EXP 	triangle1: borderColor = <psychopy.colors.Color: (-0.63, -0.63, -0.63, 1.0)>
1.5075 	EXP 	triangle2: borderColor = <psychopy.colors.Color: (-0.83, -0.83, -0.83, 1.0)>
1.5075 	EXP 	triangle3: borderColor = <psychopy.colors.Color: (-0.59, -0.59, -0.59, 1.0)>
1.5075 	EXP 	triangle4: borderColor = <psychopy.colors.Color: (-0.28, -0.28, -0.28, 1.0)>
1.5075 	EXP 	triangle5: borderColor = <psychopy.colors.Color: (-0.72, -0.72, -0.72, 1.0)>
1.5075 	EXP 	triangle6: borderColor = <psychopy.colors.Color: (-0.37, -0.37, -0.37, 1.0)>
1.5075 	EXP 	triangle7: borderColor = <psychopy.colors.Color: (-0.21, -0.21, -0.21, 1.0)>
1.5246 	EXP 	triangle0: borderColor = <psychopy.colors.Color: (-0.64, -0.64, -0.64, 1.0)>
1.5246 	EXP 	triangle1: borderColor = <psychopy.colors.Color: (-0.04, -0.04, -0.04, 1.0)>
1.5246 	EXP 	triangle2: borderColor = <psychopy.colors.Color: (-0.46, -0.46, -0.46, 1.0)>
1.5246 	EXP 	triangle3: borderColor = <psychopy.colors.Color: (-0.43, -0.43, -0.43, 1.0)>
1.5246 	EXP 	triangle4: borderColor = <psychopy.colors.Color: (-0.99, -0.99, -0.99, 1.0)>
1.5246 	EXP 	triangle5: borderColor = <psychopy.colors.Color: (-0.52, -0.52, -0.52, 1.0)>
1.5246 	EXP 	triangle6: borderColor = <psychopy.colors.Color: (-1.0, -1.0, -1.0, 1.0)>
1.5246 	EXP 	triangle7: borderColor = <psychopy.colors.Color: (-0.75, -0.75, -0.75, 1.0)>
1.5419 	EXP 	triangle0: borderColor = <psychopy.colors.Color: (-0.12, -0.12, -0.12, 1.0)>
1.5419 	EXP 	triangle1: borderColor = <psychopy.colors.Color: (-0.08, -0.08, -0.08, 1.0)>
1.5419 	EXP 	triangle2: borderColor = <psychopy.colors.Color: (-0.53, -0.53, -0.53, 1.0)>
1.5419 	EXP 	triangle3: borderColor = <psychopy.colors.Color: (-0.59, -0.59, -0.59, 1.0)>
1.5419 	EXP 	triangle4: borderColor = <psychopy.colors.Color: (-0.82, -0.82, -0.82, 1.0)>
1.5419 	EXP 	triangle5: borderColor = <psychopy.colors.Color: (-0.5, -0.5, -0.5, 1.0)>
1.5419 	EXP 	triangle6: borderColor = <psychopy.colors.Color: (-0.25, -0.25, -0.25, 1.0)>
1.5419 	EXP 	triangle7: borderColor = <psychopy.colors.Color: (-0.96, -0.96, -0.96, 1.0)>
1.5585 	EXP 	triangle0: borderColor = <psychopy.colors.Color: (-0.07, -0.07, -0.07, 1.0)>
1.5585 	EXP 	triangle1: borderColor = <psychopy.colors.Color: (-0.68, -0.68, -0.68, 1.0)>
1.5585 	EXP 	triangle2: borderColor = <psychopy.colors.Color: (-0.73, -0.73, -0.73, 1.0)>
1.5585 	EXP 	triangle3: borderColor = <psychopy.colors.Color: (-0.34, -0.34, -0.34, 1.0)>
1.5585 	EXP 	triangle4: borderColor = <psychopy.colors.Color: (-0.05, -0.05, -0.05, 1.0)>
1.5585 	EXP 	triangle5: borderColor = <psychopy.colors.Color: (-1.0, -1.0, -1.0, 1.0)>
1.5585 	EXP 	triangle6: borderColor = <psychopy.colors.Color: (-0.06, -0.06, -0.06, 1.0)>
1.5585 	EXP 	triangle7: borderColor = <psychopy.colors.Color: (-0.49, -0.49, -0.49, 1.0)>
1.5740 	EXP 	triangle0: borderColor = <psychopy.colors.Color: (-0.72, -0.72, -0.72, 1.0)>
1.5740 	EXP 	triangle1: borderColor = <psychopy.colors.Color: (-0.12, -0.12, -0.12, 1.0)>
1.5740 	EXP 	triangle2: borderColor = <psychopy.colors.Color: (-0.6, -0.6, -0.6, 1.0)>
1.5740 	EXP 	triangle3: borderColor = <psychopy.colors.Color: (-0.18, -0.18, -0.18, 1.0)>
1.5740 	EXP 	triangle4: borderColor = <psychopy.colors.Color: (-0.65, -0.65, -0.65, 1.0)>
1.5740 	EXP 	triangle5: borderColor = <psychopy.colors.Color: (-0.24, -0.24, -0.24, 1.0)>
1.5740 	EXP 	triangle6: borderColor = <psychopy.colors.Color: (-0.21, -0.21, -0.21, 1.0)>
1.5740 	EXP 	triangle7: borderColor = <psychopy.colors.Color: (-0.42, -0.42, -0.42, 1.0)>
1.5910 	EXP 	triangle0: borderColor = <psychopy.colors.Color: (-0.4, -0.4, -0.4, 1.0)>
1.5910 	EXP 	triangle1: borderColor = <psychopy.colors.Color: (-0.07, -0.07, -0.07, 1.0)>
1.5910 	EXP 	triangle2: borderColor = <psychopy.colors.Color: (-0.01, -0.01, -0.01, 1.0)>
1.5910 	EXP 	triangle3: borderColor = <psychopy.colors.Color: (-0.83, -0.83, -0.83, 1.0)>
1.5910 	EXP 	triangle4: borderColor = <psychopy.colors.Color: (-0.67, -0.67, -0.67, 1.0)>
1.5910 	EXP 	triangle5: borderColor = <psychopy.colors.Color: (-0.6, -0.6, -0.6, 1.0)>
1.5910 	EXP 	triangle6: borderColor = <psychopy.colors.Color: (-0.03, -0.03, -0.03, 1.0)>
1.5910 	EXP 	triangle7: borderColor = <psychopy.colors.Color: (-0.77, -0.77, -0.77, 1.0)>
1.6081 	EXP 	triangle0: borderColor = <psychopy.colors.Color: (-0.61, -0.61, -0.61, 1.0)>
1.6081 	EXP 	triangle1: borderColor = <psychopy.colors.Color: (-0.22, -0.22, -0.22, 1.0)>
1.6081 	EXP 	triangle2: borderColor = <psychopy.colors.Color: (-0.54, -0.54, -0.54, 1.0)>
1.6081 	EXP 	triangle3: borderColor = <psychopy.colors.Color: (-0.41, -0.41, -0.41, 1.0)>
1.6081 	EXP 	triangle4: borderColor = <psychopy.colors.Color: (-0.43, -0.43, -0.43, 1.0)>
1.6081 	EXP 	triangle5: borderColor = <psychopy.colors.Color: (-0.01, -0.01, -0.01, 1.0)>
1.6081 	EXP 	triangle6: borderColor = <psychopy.colors.Color: (-0.36, -0.36, -0.36, 1.0)>
1.6081 	EXP 	triangle7: borderColor = <psychopy.colors.Color: (-0.1, -0.1, -0.1, 1.0)>
1.6242 	EXP 	triangle0: borderColor = <psychopy.colors.Color: (-0.02, -0.02, -0.02, 1.0)>
1.6242 	EXP 	triangle1: borderColor = <psychopy.colors.Color: (-0.43, -0.43, -0.43, 1.0)>
1.6242 	EXP 	triangle2: borderColor = <psychopy.colors.Color: (-0.73, -0.73, -0.73, 1.0)>
1.6242 	EXP 	triangle3: borderColor = <psychopy.colors.Color: (-0.38, -0.38, -0.38, 1.0)>
1.6242 	EXP 	triangle4: borderColor = <psychopy.colors.Color: (-0.73, -0.73, -0.73, 1.0)>
1.6242 	EXP 	triangle5: borderColor = <psychopy.colors.Color: (-0.42, -0.42, -0.42, 1.0)>
1.6242 	EXP 	triangle6: borderColor = <psychopy.colors.Color: (-0.8, -0.8, -0.8, 1.0)>
1.6242 	EXP 	triangle7: borderColor = <psychopy.colors.Color: (-0.83, -0.83, -0.83, 1.0)>
1.6407 	EXP 	triangle0: borderColor = <psychopy.colors.Color: (-0.86, -0.86, -0.86, 1.0)>
1.6407 	EXP 	triangle1: borderColor = <psychopy.colors.Color: (-0.41, -0.41, -0.41, 1.0)>
1.6407 	EXP 	triangle2: borderColor = <psychopy.colors.Color: (-0.8, -0.8, -0.8, 1.0)>
1.6407 	EXP 	triangle3: borderColor = <psychopy.colors.Color: (-0.2, -0.2, -0.2, 1.0)>
1.6407 	EXP 	triangle4: borderColor = <psychopy.colors.Color: (-0.72, -0.72, -0.72, 1.0)>
1.6407 	EXP 	triangle5: borderColor = <psychopy.colors.Color: (-0.41, -0.41, -0.41, 1.0)>
1.6407 	EXP 	triangle6: borderColor = <psychopy.colors.Color: (-0.46, -0.46, -0.46, 1.0)>
1.6407 	EXP 	triangle7: borderColor = <psychopy.colors.Color: (-0.2, -0.2, -0.2, 1.0)>
1.6594 	EXP 	triangle0: borderColor = <psychopy.colors.Color: (-0.77, -0.77, -0.77, 1.0)>
1.6594 	EXP 	triangle1: borderColor = <psychopy.colors.Color: (-0.23, -0.23, -0.23, 1.0)>
1.6594 	EXP 	triangle2: borderColor = <psychopy.colors.Color: (-0.56, -0.56, -0.56, 1.0)>
1.6594 	EXP 	triangle3: borderColor = <psychopy.colors.Color: (-0.71, -0.71, -0.71, 1.0)>
1.6594 	EXP 	triangle4: borderColor = <psychopy.colors.Color: (-0.01, -0.01, -0.01, 1.0)>
1.6594 	EXP 	triangle5: borderColor = <psychopy.colors.Color: (-0.25, -0.25, -0.25, 1.0)>
1.6594 	EXP 	triangle6: borderColor = <psychopy.colors.Color: (-0.3, -0.3, -0.3, 1.0)>
1.6594 	EXP 	triangle7: borderColor = <psychopy.colors.Color: (-0.74, -0.74, -0.74, 1.0)>
1.6742 	EXP 	triangle0: borderColor = <psychopy.colors.Color: (-0.41, -0.41, -0.41, 1.0)>
1.6742 	EXP 	triangle1: borderColor = <psychopy.colors.Color: (-0.15, -0.15, -0.15, 1.0)>
1.6742 	EXP 	triangle2: borderColor = <psychopy.colors.Color: (-0.98, -0.98, -0.98, 1.0)>
1.6742 	EXP 	triangle3: borderColor = <psychopy.colors.Color: (-0.51, -0.51, -0.51, 1.0)>
1.6742 	EXP 	triangle4: borderColor = <psychopy.colors.Color: (-1.0, -1.0, -1.0, 1.0)>
1.6742 	EXP 	triangle5: borderColor = <psychopy.colors.Color: (-0.37, -0.37, -0.37, 1.0)>
1.6742 	EXP 	triangle6: borderColor = <psychopy.colors.Color: (-0.33, -0.33, -0.33, 1.0)>
1.6742 	EXP 	triangle7: borderColor = <psychopy.colors.Color: (-0.9, -0.9, -0.9, 1.0)>
1.6909 	EXP 	triangle0: borderColor = <psychopy.colors.Color: (-0.02, -0.02, -0.02, 1.0)>
1.6909 	EXP 	triangle1: borderColor = <psychopy.colors.Color: (-0.33, -0.33, -0.33, 1.0)>
1.6909 	EXP 	triangle2: borderColor = <psychopy.colors.Color: (-0.33, -0.33, -0.33, 1.0)>
1.6909 	EXP 	triangle3: borderColor = <psychopy.colors.Color: (-0.91, -0.91, -0.91, 1.0)>
1.6909 	EXP 	triangle4: borderColor = <psychopy.colors.Color: (-0.47, -0.47, -0.47, 1.0)>
1.6909 	EXP 	triangle5: borderColor = <psychopy.colors.Color: (-0.47, -0.47, -0.47, 1.0)>
1.6909 	EXP 	triangle6: borderColor = <psychopy.colors.Color: (-0.01, -0.01, -0.01, 1.0)>
1.6909 	EXP 	triangle7: borderColor = <psychopy.colors.Color: (-0.18, -0.18, -0.18, 1.0)>
1.7078 	EXP 	triangle0: borderColor = <psychopy.colors.Color: (-0.45, -0.45, -0.45, 1.0)>
1.7078 	EXP 	triangle1: borderColor = <psychopy.colors.Color: (-0.92, -0.92, -0.92, 1.0)>
1.7078 	EXP 	triangle2: borderColor = <psychopy.colors.Color: (-0.65, -0.65, -0.65, 1.0)>
1.7078 	EXP 	triangle3: borderColor = <psychopy.colors.Color: (-0.44, -0.44, -0.44, 1.0)>
1.7078 	EXP 	triangle4: borderColor = <psychopy.colors.Color: (-0.38, -0.38, -0.38, 1.0)>
1.7078 	EXP 	triangle5: borderColor = <psychopy.colors.Color: (-0.27, -0.27, -0.27, 1.0)>
1.7078 	EXP 	triangle6: borderColor = <psychopy.colors.Color: (-0.63, -0.63, -0.63, 1.0)>
1.7078 	EXP 	triangle7: borderColor = <psychopy.colors.Color: (-0.69, -0.69, -0.69, 1.0)>
1.7244 	EXP 	triangle0: borderColor = <psychopy.colors.Color: (-0.92, -0.92, -0.92, 1.0)>
1.7244 	EXP 	triangle1: borderColor = <psychopy.colors.Color: (-0.88, -0.88, -0.88, 1.0)>
1.7244 	EXP 	triangle2: borderColor = <psychopy.colors.Color: (-0.47, -0.47, -0.47, 1.0)>
1.7244 	EXP 	triangle3: borderColor = <psychopy.colors.Color: (-0.27, -0.27, -0.27, 1.0)>
1.7244 	EXP 	triangle4: borderColor = <psychopy.colors.Color: (-0.71, -0.71, -0.71, 1.0)>
1.7244 	EXP 	triangle5: borderColor = <psychopy.colors.Color: (-0.71, -0.71, -0.71, 1.0)>
1.7244 	EXP 	triangle6: borderColor = <psychopy.colors.Color: (-0.46, -0.46, -0.46, 1.0)>
1.7244 	EXP 	triangle7: borderColor = <psychopy.colors.Color: (-0.48, -0.48, -0.48, 1.0)>
1.7409 	EXP 	triangle0: borderColor = <psychopy.colors.Color: (-0.81, -0.81, -0.81, 1.0)>
1.7409 	EXP 	triangle1: borderColor = <psychopy.colors.Color: (-0.53, -0.53, -0.53, 1.0)>
1.7409 	EXP 	triangle2: borderColor = <psychopy.colors.Color: (-1.0, -1.0, -1.0, 1.0)>
1.7409 	EXP 	triangle3: borderColor = <psychopy.colors.Color: (-0.73, -0.73, -0.73, 1.0)>
1.7409 	EXP 	triangle4: borderColor = <psychopy.colors.Color: (-0.15, -0.15, -0.15, 1.0)>
1.7409 	EXP 	triangle5: borderColor = <psychopy.colors.Color: (-0.26, -0.26, -0.26, 1.0)>
1.7409 	EXP 	triangle6: borderColor = <psychopy.colors.Color: (-0.83, -0.83, -0.83, 1.0)>
1.7409 	EXP 	triangle7: borderColor = <psychopy.colors.Color: (-0.47, -0.47, -0.47, 1.0)>
1.7575 	EXP 	triangle0: borderColor = <psychopy.colors.Color: (-0.66, -0.66, -0.66, 1.0)>
1.7575 	EXP 	triangle1: borderColor = <psychopy.colors.Color: (-0.78, -0.78, -0.78, 1.0)>
1.7575 	EXP 	triangle2: borderColor = <psychopy.colors.Color: (-0.08, -0.08, -0.08, 1.0)>
1.7575 	EXP 	triangle3: borderColor = <psychopy.colors.Color: (-0.41, -0.41, -0.41, 1.0)>
1.7575 	EXP 	triangle4: borderColor = <psychopy.colors.Color: (-0.69, -0.69, -0.69, 1.0)>
1.7575 	EXP 	triangle5: borderColor = <psychopy.colors.Color: (-0.3, -0.3, -0.3, 1.0)>
1.7575 	EXP 	triangle6: borderColor = <psychopy.colors.Color: (-0.53, -0.53, -0.53, 1.0)>
1.7575 	EXP 	triangle7: borderColor = <psychopy.colors.Color: (-0.49, -0.49, -0.49, 1.0)>
1.7750 	EXP 	triangle0: borderColor = <psychopy.colors.Color: (-0.83, -0.83, -0.83, 1.0)>
1.7750 	EXP 	triangle1: borderColor = <psychopy.colors.Color: (-0.13, -0.13, -0.13, 1.0)>
1.7750 	EXP 	triangle2: borderColor = <psychopy.colors.Color: (-0.01, -0.01, -0.01, 1.0)>
1.7750 	EXP 	triangle3: borderColor = <psychopy.colors.Color: (-0.72, -0.72, -0.72, 1.0)>
1.7750 	EXP 	triangle4: borderColor = <psychopy.colors.Color: (-0.4, -0.4, -0.4, 1.0)>
1.7750 	EXP 	triangle5: borderColor = <psychopy.colors.Color: (-0.92, -0.92, -0.92, 1.0)>
1.7750 	EXP 	triangle6: borderColor = <psychopy.colors.Color: (-0.8, -0.8, -0.8, 1.0)>
1.7750 	EXP 	triangle7: borderColor = <psychopy.colors.Color: (-0.57, -0.57, -0.57, 1.0)>
1.7908 	EXP 	triangle0: borderColor = <psychopy.colors.Color: (-0.79, -0.79, -0.79, 1.0)>
1.7908 	EXP 	triangle1: borderColor = <psychopy.colors.Color: (-0.75, -0.75, -0.75, 1.0)>
1.7908 	EXP 	triangle2: borderColor = <psychopy.colors.Color: (-0.79, -0.79, -0.79, 1.0)>
1.7908 	EXP 	triangle3: borderColor = <psychopy.colors.Color: (-0.18, -0.18, -0.18, 1.0)>
1.7908 	EXP 	triangle4: borderColor = <psychopy.colors.Color: (-0.34, -0.34, -0.34, 1.0)>
1.7908 	EXP 	triangle5: borderColor = <psychopy.colors.Color: (-0.77, -0.77, -0.77, 1.0)>
1.7908 	EXP 	triangle6: borderColor = <psychopy.colors.Color: (-0.77, -0.77, -0.77, 1.0)>
1.7908 	EXP 	triangle7: borderColor = <psychopy.colors.Color: (-0.17, -0.17, -0.17, 1.0)>
1.8077 	EXP 	triangle0: borderColor = <psychopy.colors.Color: (-0.62, -0.62, -0.62, 1.0)>
1.8077 	EXP 	triangle1: borderColor = <psychopy.colors.Color: (-0.74, -0.74, -0.74, 1.0)>
1.8077 	EXP 	triangle2: borderColor = <psychopy.colors.Color: (-0.48, -0.48, -0.48, 1.0)>
1.8077 	EXP 	triangle3: borderColor = <psychopy.colors.Color: (-0.03, -0.03, -0.03, 1.0)>
1.8077 	EXP 	triangle4: borderColor = <psychopy.colors.Color: (-0.82, -0.82, -0.82, 1.0)>
1.8077 	EXP 	triangle5: borderColor = <psychopy.colors.Color: (-0.01, -0.01, -0.01, 1.0)>
1.8077 	EXP 	triangle6: borderColor = <psychopy.colors.Color: (-0.49, -0.49, -0.49, 1.0)>
1.8077 	EXP 	triangle7: borderColor = <psychopy.colors.Color: (-0.03, -0.03, -0.03, 1.0)>
1.8245 	EXP 	triangle0: borderColor = <psychopy.colors.Color: (-0.39, -0.39, -0.39, 1.0)>
1.8245 	EXP 	triangle1: borderColor = <psychopy.colors.Color: (-0.79, -0.79, -0.79, 1.0)>
1.8245 	EXP 	triangle2: borderColor = <psychopy.colors.Color: (-0.64, -0.64, -0.64, 1.0)>
1.8245 	EXP 	triangle3: borderColor = <psychopy.colors.Color: (-0.83, -0.83, -0.83, 1.0)>
1.8245 	EXP 	triangle4: borderColor = <psychopy.colors.Color: (-0.57, -0.57, -0.57, 1.0)>
1.8245 	EXP 	triangle5: borderColor = <psychopy.colors.Color: (-0.37, -0.37, -0.37, 1.0)>
1.8245 	EXP 	triangle6: borderColor = <psychopy.colors.Color: (-0.74, -0.74, -0.74, 1.0)>
1.8245 	EXP 	triangle7: borderColor = <psychopy.colors.Color: (-0.14, -0.14, -0.14, 1.0)>
1.8419 	EXP 	triangle0: borderColor = <psychopy.colors.Color: (-0.73, -0.73, -0.73, 1.0)>
1.8419 	EXP 	triangle1: borderColor = <psychopy.colors.Color: (-0.69, -0.69, -0.69, 1.0)>
1.8419 	EXP 	triangle2: borderColor = <psychopy.colors.Color: (-0.85, -0.85, -0.85, 1.0)>
1.8419 	EXP 	triangle3: borderColor = <psychopy.colors.Color: (-0.91, -0.91, -0.91, 1.0)>
1.8419 	EXP 	triangle4: borderColor = <psychopy.colors.Color: (-0.34, -0.34, -0.34, 1.0)>
1.8419 	EXP 	triangle5: borderColor = <psychopy.colors.Color: (-0.79, -0.79, -0.79, 1.0)>
1.8419 	EXP 	triangle6: borderColor = <psychopy.colors.Color: (-0.87, -0.87, -0.87, 1.0)>
1.8419 	EXP 	triangle7: borderColor = <psychopy.colors.Color: (-0.13, -0.13, -0.13, 1.0)>
1.8575 	EXP 	triangle0: borderColor = <psychopy.colors.Color: (-0.33, -0.33, -0.33, 1.0)>
1.8575 	EXP 	triangle1: borderColor = <psychopy.colors.Color: (-0.53, -0.53, -0.53, 1.0)>
1.8575 	EXP 	triangle2: borderColor = <psychopy.colors.Color: (-0.24, -0.24, -0.24, 1.0)>
1.8575 	EXP 	triangle3: borderColor = <psychopy.colors.Color: (-0.41, -0.41, -0.41, 1.0)>
1.8575 	EXP 	triangle4: borderColor = <psychopy.colors.Color: (-0.23, -0.23, -0.23, 1.0)>
1.8575 	EXP 	triangle5: borderColor = <psychopy.colors.Color: (-0.42, -0.42, -0.42, 1.0)>
1.8575 	EXP 	triangle6: borderColor = <psychopy.colors.Color: (-0.49, -0.49, -0.49, 1.0)>
1.8575 	EXP 	triangle7: borderColor = <psychopy.colors.Color: (-0.67, -0.67, -0.67, 1.0)>
1.8673 	DATA 	Keypress: escape
1.8747 	EXP 	triangle0: borderColor = <psychopy.colors.Color: (-0.57, -0.57, -0.57, 1.0)>
1.8747 	EXP 	triangle1: borderColor = <psychopy.colors.Color: (-0.7, -0.7, -0.7, 1.0)>
1.8747 	EXP 	triangle2: borderColor = <psychopy.colors.Color: (-0.5, -0.5, -0.5, 1.0)>
1.8747 	EXP 	triangle3: borderColor = <psychopy.colors.Color: (-0.33, -0.33, -0.33, 1.0)>
1.8747 	EXP 	triangle4: borderColor = <psychopy.colors.Color: (-0.75, -0.75, -0.75, 1.0)>
1.8747 	EXP 	triangle5: borderColor = <psychopy.colors.Color: (-0.85, -0.85, -0.85, 1.0)>
1.8747 	EXP 	triangle6: borderColor = <psychopy.colors.Color: (-0.98, -0.98, -0.98, 1.0)>
1.8747 	EXP 	triangle7: borderColor = <psychopy.colors.Color: (-0.07, -0.07, -0.07, 1.0)>
1.8909 	EXP 	triangle0: borderColor = <psychopy.colors.Color: (-0.28, -0.28, -0.28, 1.0)>
1.8909 	EXP 	triangle1: borderColor = <psychopy.colors.Color: (-0.25, -0.25, -0.25, 1.0)>
1.8909 	EXP 	triangle2: borderColor = <psychopy.colors.Color: (-0.11, -0.11, -0.11, 1.0)>
1.8909 	EXP 	triangle3: borderColor = <psychopy.colors.Color: (-0.8, -0.8, -0.8, 1.0)>
1.8909 	EXP 	triangle4: borderColor = <psychopy.colors.Color: (-0.91, -0.91, -0.91, 1.0)>
1.8909 	EXP 	triangle5: borderColor = <psychopy.colors.Color: (-0.27, -0.27, -0.27, 1.0)>
1.8909 	EXP 	triangle6: borderColor = <psychopy.colors.Color: (-0.47, -0.47, -0.47, 1.0)>
1.8909 	EXP 	triangle7: borderColor = <psychopy.colors.Color: (-0.12, -0.12, -0.12, 1.0)>
1.9077 	EXP 	triangle0: borderColor = <psychopy.colors.Color: (-0.99, -0.99, -0.99, 1.0)>
1.9077 	EXP 	triangle1: borderColor = <psychopy.colors.Color: (-0.27, -0.27, -0.27, 1.0)>
1.9077 	EXP 	triangle2: borderColor = <psychopy.colors.Color: (-0.6, -0.6, -0.6, 1.0)>
1.9077 	EXP 	triangle3: borderColor = <psychopy.colors.Color: (-0.74, -0.74, -0.74, 1.0)>
1.9077 	EXP 	triangle4: borderColor = <psychopy.colors.Color: (-0.05, -0.05, -0.05, 1.0)>
1.9077 	EXP 	triangle5: borderColor = <psychopy.colors.Color: (-0.08, -0.08, -0.08, 1.0)>
1.9077 	EXP 	triangle6: borderColor = <psychopy.colors.Color: (-0.18, -0.18, -0.18, 1.0)>
1.9077 	EXP 	triangle7: borderColor = <psychopy.colors.Color: (-0.03, -0.03, -0.03, 1.0)>
1.9242 	EXP 	triangle0: borderColor = <psychopy.colors.Color: (-0.34, -0.34, -0.34, 1.0)>
1.9242 	EXP 	triangle1: borderColor = <psychopy.colors.Color: (-0.17, -0.17, -0.17, 1.0)>
1.9242 	EXP 	triangle2: borderColor = <psychopy.colors.Color: (-0.47, -0.47, -0.47, 1.0)>
1.9242 	EXP 	triangle3: borderColor = <psychopy.colors.Color: (-0.33, -0.33, -0.33, 1.0)>
1.9242 	EXP 	triangle4: borderColor = <psychopy.colors.Color: (-0.35, -0.35, -0.35, 1.0)>
1.9242 	EXP 	triangle5: borderColor = <psychopy.colors.Color: (-0.27, -0.27, -0.27, 1.0)>
1.9242 	EXP 	triangle6: borderColor = <psychopy.colors.Color: (-0.93, -0.93, -0.93, 1.0)>
1.9242 	EXP 	triangle7: borderColor = <psychopy.colors.Color: (-0.24, -0.24, -0.24, 1.0)>
1.9284 	EXP 	seizuremachine: status = STOPPED
1.9414 	EXP 	triangle0: borderColor = <psychopy.colors.Color: (-0.97, -0.97, -0.97, 1.0)>
1.9414 	EXP 	triangle1: borderColor = <psychopy.colors.Color: (-0.56, -0.56, -0.56, 1.0)>
1.9414 	EXP 	triangle2: borderColor = <psychopy.colors.Color: (-0.68, -0.68, -0.68, 1.0)>
1.9414 	EXP 	triangle3: borderColor = <psychopy.colors.Color: (-0.71, -0.71, -0.71, 1.0)>
1.9414 	EXP 	triangle4: borderColor = <psychopy.colors.Color: (-0.14, -0.14, -0.14, 1.0)>
1.9414 	EXP 	triangle5: borderColor = <psychopy.colors.Color: (-0.98, -0.98, -0.98, 1.0)>
1.9414 	EXP 	triangle6: borderColor = <psychopy.colors.Color: (-0.79, -0.79, -0.79, 1.0)>
1.9414 	EXP 	triangle7: borderColor = <psychopy.colors.Color: (-0.35, -0.35, -0.35, 1.0)>
1.9414 	EXP 	triangle0: autoDraw = False
1.9414 	EXP 	triangle1: autoDraw = False
1.9414 	EXP 	triangle2: autoDraw = False
1.9414 	EXP 	triangle3: autoDraw = False
1.9414 	EXP 	triangle4: autoDraw = False
1.9414 	EXP 	triangle5: autoDraw = False
1.9414 	EXP 	triangle6: autoDraw = False
1.9414 	EXP 	triangle7: autoDraw = False
1.9414 	EXP 	cursor: autoDraw = False
1.9417 	EXP 	seizuremachine: status = STOPPED
1.9555 	INFO 	saved data to 'C:\\Users\\legions\\Documents\\Davis\\Neurotech Club\\NeuroVision\\data/290691_seizuremachine_2025-01-31_17h02.22.638.csv'
1.9566 	INFO 	saved data to C:\Users\legions\Documents\Davis\Neurotech Club\NeuroVision\data/290691_seizuremachine_2025-01-31_17h02.22.638.psydat
