5.9268 	INFO 	Loaded monitor calibration from ['2025_01_16 16:08']
6.2574 	EXP 	Created window1 = Window(allowGUI=False, allowStencil=False, autoLog=True, backendConf=UNKNOWN, backgroundFit=<method-wrapper '__getattribute__' of attributeSetter object at 0x000001F8774AF340>, backgroundImage=<method-wrapper '__getattribute__' of attributeSetter object at 0x000001F8774AF2E0>, bitsMode=UNKNOWN, blendMode='avg', bpc=(8, 8, 8), color=array([-1, -1, -1]), colorSpace='rgb', depthBits=8, fullscr=False, gamma=None, gammaErrorPolicy='raise', infoMsg=UNKNOWN, lms=UNKNOWN, monitor=<psychopy.monitors.calibTools.Monitor object at 0x000001F8775678E0>, multiSample=False, name='window1', numSamples=2, pos=[880.0, 400.0], screen=0, size=array([800, 800]), stencilBits=0, stereo=False, title='PsychoPy', units='height', useFBO=True, useRetina=False, viewOri=0.0, viewPos=None, viewScale=None, waitBlanking=True, winType='pyglet')
6.2574 	EXP 	window1: backgroundImage = ''
6.2574 	EXP 	window1: backgroundFit = 'none'
6.3061 	EXP 	window1: Attempting to measure frame rate of screen (0) ...
6.3062 	EXP 	window1: recordFrameIntervals = False
6.4706 	EXP 	window1: recordFrameIntervals = True
6.6548 	EXP 	Screen (0) actual frame rate measured at 59.62Hz
6.6549 	EXP 	window1: recordFrameIntervals = False
6.6629 	WARNING 	launchHubServer: If using the iohub mouse or eyetracker devices, fullScr should be True.
9.7798 	INFO 	keyboard.Keyboard is using iohub backend.
9.7798 	EXP 	seizuremachine: status = STARTED
9.7838 	EXP 	Created cursor = ShapeStim(__class__=<class 'psychopy.visual.shape.ShapeStim'>, anchor=('center', 'center'), autoDraw=False, autoLog=True, closeShape=True, color=method-wrapper(...), colorSpace='rgb', contrast=None, depth=-10.0, draggable=False, fillColor=array([ 1., -1., -1.]), fillColorSpace='rgb', fillRGB=array([ 1., -1., -1.]), interpolate=True, lineColor=array([ 1., -1., -1.]), lineColorSpace='rgb', lineRGB=array([ 1., -1., -1.]), lineWidth=1.0, name='cursor', opacity=1, ori=0.0, pos=array([0., 0.]), size=array([0.0125, 0.0125]), units='height', vertices=ndarray(...), win=Window(...), windingRule=None)
9.7854 	EXP 	Created triangle0 = ShapeStim(__class__=<class 'psychopy.visual.shape.ShapeStim'>, anchor=('center', 'center'), autoDraw=False, autoLog=True, closeShape=True, color=method-wrapper(...), colorSpace='rgb', contrast=None, depth=-2.0, draggable=True, fillColor=array([1, 1, 1]), fillColorSpace='rgb', fillRGB=array([1, 1, 1]), interpolate=True, lineColor=array([1., 1., 1.]), lineColorSpace='rgb', lineRGB=array([1, 1, 1]), lineWidth=1.0, name='triangle0', opacity=1, ori=0.0, pos=array([0., 0.]), size=array([2., 2.]), units='height', vertices=ndarray(...), win=Window(...), windingRule=None)
9.7867 	EXP 	Created triangle1 = ShapeStim(__class__=<class 'psychopy.visual.shape.ShapeStim'>, anchor=('center', 'center'), autoDraw=False, autoLog=True, closeShape=True, color=method-wrapper(...), colorSpace='rgb', contrast=None, depth=-2.0, draggable=True, fillColor=array([1, 1, 1]), fillColorSpace='rgb', fillRGB=array([1, 1, 1]), interpolate=True, lineColor=array([1., 1., 1.]), lineColorSpace='rgb', lineRGB=array([1, 1, 1]), lineWidth=1.0, name='triangle1', opacity=1, ori=45.0, pos=array([0., 0.]), size=array([2., 2.]), units='height', vertices=ndarray(...), win=Window(...), windingRule=None)
9.7880 	EXP 	Created triangle2 = ShapeStim(__class__=<class 'psychopy.visual.shape.ShapeStim'>, anchor=('center', 'center'), autoDraw=False, autoLog=True, closeShape=True, color=method-wrapper(...), colorSpace='rgb', contrast=None, depth=-2.0, draggable=True, fillColor=array([1, 1, 1]), fillColorSpace='rgb', fillRGB=array([1, 1, 1]), interpolate=True, lineColor=array([1., 1., 1.]), lineColorSpace='rgb', lineRGB=array([1, 1, 1]), lineWidth=1.0, name='triangle2', opacity=1, ori=90.0, pos=array([0., 0.]), size=array([2., 2.]), units='height', vertices=ndarray(...), win=Window(...), windingRule=None)
9.7893 	EXP 	Created triangle3 = ShapeStim(__class__=<class 'psychopy.visual.shape.ShapeStim'>, anchor=('center', 'center'), autoDraw=False, autoLog=True, closeShape=True, color=method-wrapper(...), colorSpace='rgb', contrast=None, depth=-2.0, draggable=True, fillColor=array([1, 1, 1]), fillColorSpace='rgb', fillRGB=array([1, 1, 1]), interpolate=True, lineColor=array([1., 1., 1.]), lineColorSpace='rgb', lineRGB=array([1, 1, 1]), lineWidth=1.0, name='triangle3', opacity=1, ori=135.0, pos=array([0., 0.]), size=array([2., 2.]), units='height', vertices=ndarray(...), win=Window(...), windingRule=None)
9.7905 	EXP 	Created triangle4 = ShapeStim(__class__=<class 'psychopy.visual.shape.ShapeStim'>, anchor=('center', 'center'), autoDraw=False, autoLog=True, closeShape=True, color=method-wrapper(...), colorSpace='rgb', contrast=None, depth=-2.0, draggable=True, fillColor=array([1, 1, 1]), fillColorSpace='rgb', fillRGB=array([1, 1, 1]), interpolate=True, lineColor=array([1., 1., 1.]), lineColorSpace='rgb', lineRGB=array([1, 1, 1]), lineWidth=1.0, name='triangle4', opacity=1, ori=180.0, pos=array([0., 0.]), size=array([2., 2.]), units='height', vertices=ndarray(...), win=Window(...), windingRule=None)
9.7918 	EXP 	Created triangle5 = ShapeStim(__class__=<class 'psychopy.visual.shape.ShapeStim'>, anchor=('center', 'center'), autoDraw=False, autoLog=True, closeShape=True, color=method-wrapper(...), colorSpace='rgb', contrast=None, depth=-2.0, draggable=True, fillColor=array([1, 1, 1]), fillColorSpace='rgb', fillRGB=array([1, 1, 1]), interpolate=True, lineColor=array([1., 1., 1.]), lineColorSpace='rgb', lineRGB=array([1, 1, 1]), lineWidth=1.0, name='triangle5', opacity=1, ori=225.0, pos=array([0., 0.]), size=array([2., 2.]), units='height', vertices=ndarray(...), win=Window(...), windingRule=None)
9.7931 	EXP 	Created triangle6 = ShapeStim(__class__=<class 'psychopy.visual.shape.ShapeStim'>, anchor=('center', 'center'), autoDraw=False, autoLog=True, closeShape=True, color=method-wrapper(...), colorSpace='rgb', contrast=None, depth=-2.0, draggable=True, fillColor=array([1, 1, 1]), fillColorSpace='rgb', fillRGB=array([1, 1, 1]), interpolate=True, lineColor=array([1., 1., 1.]), lineColorSpace='rgb', lineRGB=array([1, 1, 1]), lineWidth=1.0, name='triangle6', opacity=1, ori=270.0, pos=array([0., 0.]), size=array([2., 2.]), units='height', vertices=ndarray(...), win=Window(...), windingRule=None)
9.7949 	EXP 	Created triangle7 = ShapeStim(__class__=<class 'psychopy.visual.shape.ShapeStim'>, anchor=('center', 'center'), autoDraw=False, autoLog=True, closeShape=True, color=method-wrapper(...), colorSpace='rgb', contrast=None, depth=-2.0, draggable=True, fillColor=array([1, 1, 1]), fillColorSpace='rgb', fillRGB=array([1, 1, 1]), interpolate=True, lineColor=array([1., 1., 1.]), lineColorSpace='rgb', lineRGB=array([1, 1, 1]), lineWidth=1.0, name='triangle7', opacity=1, ori=315.0, pos=array([0., 0.]), size=array([2., 2.]), units='height', vertices=ndarray(...), win=Window(...), windingRule=None)
0.0262 	EXP 	triangle0: autoDraw = True
0.0262 	EXP 	triangle1: autoDraw = True
0.0262 	EXP 	triangle2: autoDraw = True
0.0262 	EXP 	triangle3: autoDraw = True
0.0262 	EXP 	triangle4: autoDraw = True
0.0262 	EXP 	triangle5: autoDraw = True
0.0262 	EXP 	triangle6: autoDraw = True
0.0262 	EXP 	triangle7: autoDraw = True
0.0262 	EXP 	cursor: autoDraw = True
0.0423 	EXP 	triangle0: borderColor = <psychopy.colors.Color: (-0.33, -0.33, -0.33, 1.0)>
0.0423 	EXP 	triangle1: borderColor = <psychopy.colors.Color: (-0.3, -0.3, -0.3, 1.0)>
0.0423 	EXP 	triangle2: borderColor = <psychopy.colors.Color: (-0.01, -0.01, -0.01, 1.0)>
0.0423 	EXP 	triangle3: borderColor = <psychopy.colors.Color: (-0.18, -0.18, -0.18, 1.0)>
0.0423 	EXP 	triangle4: borderColor = <psychopy.colors.Color: (-0.23, -0.23, -0.23, 1.0)>
0.0423 	EXP 	triangle5: borderColor = <psychopy.colors.Color: (-0.65, -0.65, -0.65, 1.0)>
0.0423 	EXP 	triangle6: borderColor = <psychopy.colors.Color: (-0.59, -0.59, -0.59, 1.0)>
0.0423 	EXP 	triangle7: borderColor = <psychopy.colors.Color: (-0.56, -0.56, -0.56, 1.0)>
0.0591 	EXP 	triangle0: borderColor = <psychopy.colors.Color: (-0.42, -0.42, -0.42, 1.0)>
0.0591 	EXP 	triangle1: borderColor = <psychopy.colors.Color: (-0.07, -0.07, -0.07, 1.0)>
0.0591 	EXP 	triangle2: borderColor = <psychopy.colors.Color: (-0.47, -0.47, -0.47, 1.0)>
0.0591 	EXP 	triangle3: borderColor = <psychopy.colors.Color: (-0.27, -0.27, -0.27, 1.0)>
0.0591 	EXP 	triangle4: borderColor = <psychopy.colors.Color: (-0.71, -0.71, -0.71, 1.0)>
0.0591 	EXP 	triangle5: borderColor = <psychopy.colors.Color: (-0.12, -0.12, -0.12, 1.0)>
0.0591 	EXP 	triangle6: borderColor = <psychopy.colors.Color: (-0.93, -0.93, -0.93, 1.0)>
0.0591 	EXP 	triangle7: borderColor = <psychopy.colors.Color: (-0.79, -0.79, -0.79, 1.0)>
0.0760 	EXP 	triangle0: borderColor = <psychopy.colors.Color: (-0.65, -0.65, -0.65, 1.0)>
0.0760 	EXP 	triangle1: borderColor = <psychopy.colors.Color: (-0.98, -0.98, -0.98, 1.0)>
0.0760 	EXP 	triangle2: borderColor = <psychopy.colors.Color: (-0.72, -0.72, -0.72, 1.0)>
0.0760 	EXP 	triangle3: borderColor = <psychopy.colors.Color: (-0.81, -0.81, -0.81, 1.0)>
0.0760 	EXP 	triangle4: borderColor = <psychopy.colors.Color: (-0.23, -0.23, -0.23, 1.0)>
0.0760 	EXP 	triangle5: borderColor = <psychopy.colors.Color: (-0.81, -0.81, -0.81, 1.0)>
0.0760 	EXP 	triangle6: borderColor = <psychopy.colors.Color: (-0.75, -0.75, -0.75, 1.0)>
0.0760 	EXP 	triangle7: borderColor = <psychopy.colors.Color: (-0.53, -0.53, -0.53, 1.0)>
0.0924 	EXP 	triangle0: borderColor = <psychopy.colors.Color: (-0.34, -0.34, -0.34, 1.0)>
0.0924 	EXP 	triangle1: borderColor = <psychopy.colors.Color: (-0.32, -0.32, -0.32, 1.0)>
0.0924 	EXP 	triangle2: borderColor = <psychopy.colors.Color: (-0.71, -0.71, -0.71, 1.0)>
0.0924 	EXP 	triangle3: borderColor = <psychopy.colors.Color: (-0.95, -0.95, -0.95, 1.0)>
0.0924 	EXP 	triangle4: borderColor = <psychopy.colors.Color: (-0.3, -0.3, -0.3, 1.0)>
0.0924 	EXP 	triangle5: borderColor = <psychopy.colors.Color: (-0.11, -0.11, -0.11, 1.0)>
0.0924 	EXP 	triangle6: borderColor = <psychopy.colors.Color: (-0.35, -0.35, -0.35, 1.0)>
0.0924 	EXP 	triangle7: borderColor = <psychopy.colors.Color: (-0.74, -0.74, -0.74, 1.0)>
0.1104 	EXP 	triangle0: borderColor = <psychopy.colors.Color: (-0.33, -0.33, -0.33, 1.0)>
0.1104 	EXP 	triangle1: borderColor = <psychopy.colors.Color: (-0.55, -0.55, -0.55, 1.0)>
0.1104 	EXP 	triangle2: borderColor = <psychopy.colors.Color: (-0.31, -0.31, -0.31, 1.0)>
0.1104 	EXP 	triangle3: borderColor = <psychopy.colors.Color: (-0.35, -0.35, -0.35, 1.0)>
0.1104 	EXP 	triangle4: borderColor = <psychopy.colors.Color: (-0.77, -0.77, -0.77, 1.0)>
0.1104 	EXP 	triangle5: borderColor = <psychopy.colors.Color: (-0.17, -0.17, -0.17, 1.0)>
0.1104 	EXP 	triangle6: borderColor = <psychopy.colors.Color: (-0.22, -0.22, -0.22, 1.0)>
0.1104 	EXP 	triangle7: borderColor = <psychopy.colors.Color: (-0.34, -0.34, -0.34, 1.0)>
0.1255 	EXP 	triangle0: borderColor = <psychopy.colors.Color: (-0.69, -0.69, -0.69, 1.0)>
0.1255 	EXP 	triangle1: borderColor = <psychopy.colors.Color: (-0.33, -0.33, -0.33, 1.0)>
0.1255 	EXP 	triangle2: borderColor = <psychopy.colors.Color: (-0.64, -0.64, -0.64, 1.0)>
0.1255 	EXP 	triangle3: borderColor = <psychopy.colors.Color: (-0.91, -0.91, -0.91, 1.0)>
0.1255 	EXP 	triangle4: borderColor = <psychopy.colors.Color: (-0.46, -0.46, -0.46, 1.0)>
0.1255 	EXP 	triangle5: borderColor = <psychopy.colors.Color: (-0.75, -0.75, -0.75, 1.0)>
0.1255 	EXP 	triangle6: borderColor = <psychopy.colors.Color: (-0.19, -0.19, -0.19, 1.0)>
0.1255 	EXP 	triangle7: borderColor = <psychopy.colors.Color: (-0.55, -0.55, -0.55, 1.0)>
0.1421 	EXP 	triangle0: borderColor = <psychopy.colors.Color: (-0.33, -0.33, -0.33, 1.0)>
0.1421 	EXP 	triangle1: borderColor = <psychopy.colors.Color: (-0.48, -0.48, -0.48, 1.0)>
0.1421 	EXP 	triangle2: borderColor = <psychopy.colors.Color: (-0.71, -0.71, -0.71, 1.0)>
0.1421 	EXP 	triangle3: borderColor = <psychopy.colors.Color: (-0.48, -0.48, -0.48, 1.0)>
0.1421 	EXP 	triangle4: borderColor = <psychopy.colors.Color: (-0.44, -0.44, -0.44, 1.0)>
0.1421 	EXP 	triangle5: borderColor = <psychopy.colors.Color: (-0.37, -0.37, -0.37, 1.0)>
0.1421 	EXP 	triangle6: borderColor = <psychopy.colors.Color: (-0.7, -0.7, -0.7, 1.0)>
0.1421 	EXP 	triangle7: borderColor = <psychopy.colors.Color: (-0.59, -0.59, -0.59, 1.0)>
0.1588 	EXP 	triangle0: borderColor = <psychopy.colors.Color: (-0.89, -0.89, -0.89, 1.0)>
0.1588 	EXP 	triangle1: borderColor = <psychopy.colors.Color: (-0.61, -0.61, -0.61, 1.0)>
0.1588 	EXP 	triangle2: borderColor = <psychopy.colors.Color: (-0.88, -0.88, -0.88, 1.0)>
0.1588 	EXP 	triangle3: borderColor = <psychopy.colors.Color: (-0.02, -0.02, -0.02, 1.0)>
0.1588 	EXP 	triangle4: borderColor = <psychopy.colors.Color: (-0.4, -0.4, -0.4, 1.0)>
0.1588 	EXP 	triangle5: borderColor = <psychopy.colors.Color: (-0.99, -0.99, -0.99, 1.0)>
0.1588 	EXP 	triangle6: borderColor = <psychopy.colors.Color: (-0.94, -0.94, -0.94, 1.0)>
0.1588 	EXP 	triangle7: borderColor = <psychopy.colors.Color: (-0.2, -0.2, -0.2, 1.0)>
0.1756 	EXP 	triangle0: borderColor = <psychopy.colors.Color: (-0.79, -0.79, -0.79, 1.0)>
0.1756 	EXP 	triangle1: borderColor = <psychopy.colors.Color: (-0.12, -0.12, -0.12, 1.0)>
0.1756 	EXP 	triangle2: borderColor = <psychopy.colors.Color: (-0.0, -0.0, -0.0, 1.0)>
0.1756 	EXP 	triangle3: borderColor = <psychopy.colors.Color: (-0.66, -0.66, -0.66, 1.0)>
0.1756 	EXP 	triangle4: borderColor = <psychopy.colors.Color: (-0.19, -0.19, -0.19, 1.0)>
0.1756 	EXP 	triangle5: borderColor = <psychopy.colors.Color: (-0.03, -0.03, -0.03, 1.0)>
0.1756 	EXP 	triangle6: borderColor = <psychopy.colors.Color: (-0.78, -0.78, -0.78, 1.0)>
0.1756 	EXP 	triangle7: borderColor = <psychopy.colors.Color: (-0.19, -0.19, -0.19, 1.0)>
0.1922 	EXP 	triangle0: borderColor = <psychopy.colors.Color: (-0.21, -0.21, -0.21, 1.0)>
0.1922 	EXP 	triangle1: borderColor = <psychopy.colors.Color: (-0.16, -0.16, -0.16, 1.0)>
0.1922 	EXP 	triangle2: borderColor = <psychopy.colors.Color: (-0.7, -0.7, -0.7, 1.0)>
0.1922 	EXP 	triangle3: borderColor = <psychopy.colors.Color: (-0.28, -0.28, -0.28, 1.0)>
0.1922 	EXP 	triangle4: borderColor = <psychopy.colors.Color: (-0.12, -0.12, -0.12, 1.0)>
0.1922 	EXP 	triangle5: borderColor = <psychopy.colors.Color: (-0.58, -0.58, -0.58, 1.0)>
0.1922 	EXP 	triangle6: borderColor = <psychopy.colors.Color: (-0.79, -0.79, -0.79, 1.0)>
0.1922 	EXP 	triangle7: borderColor = <psychopy.colors.Color: (-0.58, -0.58, -0.58, 1.0)>
0.2090 	EXP 	triangle0: borderColor = <psychopy.colors.Color: (-0.26, -0.26, -0.26, 1.0)>
0.2090 	EXP 	triangle1: borderColor = <psychopy.colors.Color: (-0.3, -0.3, -0.3, 1.0)>
0.2090 	EXP 	triangle2: borderColor = <psychopy.colors.Color: (-0.71, -0.71, -0.71, 1.0)>
0.2090 	EXP 	triangle3: borderColor = <psychopy.colors.Color: (-0.74, -0.74, -0.74, 1.0)>
0.2090 	EXP 	triangle4: borderColor = <psychopy.colors.Color: (-0.33, -0.33, -0.33, 1.0)>
0.2090 	EXP 	triangle5: borderColor = <psychopy.colors.Color: (-0.95, -0.95, -0.95, 1.0)>
0.2090 	EXP 	triangle6: borderColor = <psychopy.colors.Color: (-0.39, -0.39, -0.39, 1.0)>
0.2090 	EXP 	triangle7: borderColor = <psychopy.colors.Color: (-0.1, -0.1, -0.1, 1.0)>
0.2258 	EXP 	triangle0: borderColor = <psychopy.colors.Color: (-0.51, -0.51, -0.51, 1.0)>
0.2258 	EXP 	triangle1: borderColor = <psychopy.colors.Color: (-0.28, -0.28, -0.28, 1.0)>
0.2258 	EXP 	triangle2: borderColor = <psychopy.colors.Color: (-0.58, -0.58, -0.58, 1.0)>
0.2258 	EXP 	triangle3: borderColor = <psychopy.colors.Color: (-0.64, -0.64, -0.64, 1.0)>
0.2258 	EXP 	triangle4: borderColor = <psychopy.colors.Color: (-0.48, -0.48, -0.48, 1.0)>
0.2258 	EXP 	triangle5: borderColor = <psychopy.colors.Color: (-0.9, -0.9, -0.9, 1.0)>
0.2258 	EXP 	triangle6: borderColor = <psychopy.colors.Color: (-0.46, -0.46, -0.46, 1.0)>
0.2258 	EXP 	triangle7: borderColor = <psychopy.colors.Color: (-0.96, -0.96, -0.96, 1.0)>
0.2421 	EXP 	triangle0: borderColor = <psychopy.colors.Color: (-0.09, -0.09, -0.09, 1.0)>
0.2421 	EXP 	triangle1: borderColor = <psychopy.colors.Color: (-0.59, -0.59, -0.59, 1.0)>
0.2421 	EXP 	triangle2: borderColor = <psychopy.colors.Color: (-0.33, -0.33, -0.33, 1.0)>
0.2421 	EXP 	triangle3: borderColor = <psychopy.colors.Color: (-0.41, -0.41, -0.41, 1.0)>
0.2421 	EXP 	triangle4: borderColor = <psychopy.colors.Color: (-0.89, -0.89, -0.89, 1.0)>
0.2421 	EXP 	triangle5: borderColor = <psychopy.colors.Color: (-0.68, -0.68, -0.68, 1.0)>
0.2421 	EXP 	triangle6: borderColor = <psychopy.colors.Color: (-0.33, -0.33, -0.33, 1.0)>
0.2421 	EXP 	triangle7: borderColor = <psychopy.colors.Color: (-0.15, -0.15, -0.15, 1.0)>
0.2589 	EXP 	triangle0: borderColor = <psychopy.colors.Color: (-0.18, -0.18, -0.18, 1.0)>
0.2589 	EXP 	triangle1: borderColor = <psychopy.colors.Color: (-0.35, -0.35, -0.35, 1.0)>
0.2589 	EXP 	triangle2: borderColor = <psychopy.colors.Color: (-0.72, -0.72, -0.72, 1.0)>
0.2589 	EXP 	triangle3: borderColor = <psychopy.colors.Color: (-0.26, -0.26, -0.26, 1.0)>
0.2589 	EXP 	triangle4: borderColor = <psychopy.colors.Color: (-0.48, -0.48, -0.48, 1.0)>
0.2589 	EXP 	triangle5: borderColor = <psychopy.colors.Color: (-0.36, -0.36, -0.36, 1.0)>
0.2589 	EXP 	triangle6: borderColor = <psychopy.colors.Color: (-0.66, -0.66, -0.66, 1.0)>
0.2589 	EXP 	triangle7: borderColor = <psychopy.colors.Color: (-0.28, -0.28, -0.28, 1.0)>
0.2756 	EXP 	triangle0: borderColor = <psychopy.colors.Color: (-0.34, -0.34, -0.34, 1.0)>
0.2756 	EXP 	triangle1: borderColor = <psychopy.colors.Color: (-0.7, -0.7, -0.7, 1.0)>
0.2756 	EXP 	triangle2: borderColor = <psychopy.colors.Color: (-0.85, -0.85, -0.85, 1.0)>
0.2756 	EXP 	triangle3: borderColor = <psychopy.colors.Color: (-0.38, -0.38, -0.38, 1.0)>
0.2756 	EXP 	triangle4: borderColor = <psychopy.colors.Color: (-0.8, -0.8, -0.8, 1.0)>
0.2756 	EXP 	triangle5: borderColor = <psychopy.colors.Color: (-0.53, -0.53, -0.53, 1.0)>
0.2756 	EXP 	triangle6: borderColor = <psychopy.colors.Color: (-0.03, -0.03, -0.03, 1.0)>
0.2756 	EXP 	triangle7: borderColor = <psychopy.colors.Color: (-0.35, -0.35, -0.35, 1.0)>
0.2925 	EXP 	triangle0: borderColor = <psychopy.colors.Color: (-0.33, -0.33, -0.33, 1.0)>
0.2925 	EXP 	triangle1: borderColor = <psychopy.colors.Color: (-0.46, -0.46, -0.46, 1.0)>
0.2925 	EXP 	triangle2: borderColor = <psychopy.colors.Color: (-0.52, -0.52, -0.52, 1.0)>
0.2925 	EXP 	triangle3: borderColor = <psychopy.colors.Color: (-0.78, -0.78, -0.78, 1.0)>
0.2925 	EXP 	triangle4: borderColor = <psychopy.colors.Color: (-0.74, -0.74, -0.74, 1.0)>
0.2925 	EXP 	triangle5: borderColor = <psychopy.colors.Color: (-0.6, -0.6, -0.6, 1.0)>
0.2925 	EXP 	triangle6: borderColor = <psychopy.colors.Color: (-0.14, -0.14, -0.14, 1.0)>
0.2925 	EXP 	triangle7: borderColor = <psychopy.colors.Color: (-0.49, -0.49, -0.49, 1.0)>
0.3097 	EXP 	triangle0: borderColor = <psychopy.colors.Color: (-0.18, -0.18, -0.18, 1.0)>
0.3097 	EXP 	triangle1: borderColor = <psychopy.colors.Color: (-0.49, -0.49, -0.49, 1.0)>
0.3097 	EXP 	triangle2: borderColor = <psychopy.colors.Color: (-0.57, -0.57, -0.57, 1.0)>
0.3097 	EXP 	triangle3: borderColor = <psychopy.colors.Color: (-0.08, -0.08, -0.08, 1.0)>
0.3097 	EXP 	triangle4: borderColor = <psychopy.colors.Color: (-0.6, -0.6, -0.6, 1.0)>
0.3097 	EXP 	triangle5: borderColor = <psychopy.colors.Color: (-0.52, -0.52, -0.52, 1.0)>
0.3097 	EXP 	triangle6: borderColor = <psychopy.colors.Color: (-0.76, -0.76, -0.76, 1.0)>
0.3097 	EXP 	triangle7: borderColor = <psychopy.colors.Color: (-0.03, -0.03, -0.03, 1.0)>
0.3257 	EXP 	triangle0: borderColor = <psychopy.colors.Color: (-0.96, -0.96, -0.96, 1.0)>
0.3257 	EXP 	triangle1: borderColor = <psychopy.colors.Color: (-0.51, -0.51, -0.51, 1.0)>
0.3257 	EXP 	triangle2: borderColor = <psychopy.colors.Color: (-0.08, -0.08, -0.08, 1.0)>
0.3257 	EXP 	triangle3: borderColor = <psychopy.colors.Color: (-0.44, -0.44, -0.44, 1.0)>
0.3257 	EXP 	triangle4: borderColor = <psychopy.colors.Color: (-0.79, -0.79, -0.79, 1.0)>
0.3257 	EXP 	triangle5: borderColor = <psychopy.colors.Color: (-0.53, -0.53, -0.53, 1.0)>
0.3257 	EXP 	triangle6: borderColor = <psychopy.colors.Color: (-0.91, -0.91, -0.91, 1.0)>
0.3257 	EXP 	triangle7: borderColor = <psychopy.colors.Color: (-0.78, -0.78, -0.78, 1.0)>
0.3421 	EXP 	triangle0: borderColor = <psychopy.colors.Color: (-0.75, -0.75, -0.75, 1.0)>
0.3421 	EXP 	triangle1: borderColor = <psychopy.colors.Color: (-0.68, -0.68, -0.68, 1.0)>
0.3421 	EXP 	triangle2: borderColor = <psychopy.colors.Color: (-0.91, -0.91, -0.91, 1.0)>
0.3421 	EXP 	triangle3: borderColor = <psychopy.colors.Color: (-0.4, -0.4, -0.4, 1.0)>
0.3421 	EXP 	triangle4: borderColor = <psychopy.colors.Color: (-0.64, -0.64, -0.64, 1.0)>
0.3421 	EXP 	triangle5: borderColor = <psychopy.colors.Color: (-0.05, -0.05, -0.05, 1.0)>
0.3421 	EXP 	triangle6: borderColor = <psychopy.colors.Color: (-0.35, -0.35, -0.35, 1.0)>
0.3421 	EXP 	triangle7: borderColor = <psychopy.colors.Color: (-0.86, -0.86, -0.86, 1.0)>
0.3591 	EXP 	triangle0: borderColor = <psychopy.colors.Color: (-0.26, -0.26, -0.26, 1.0)>
0.3591 	EXP 	triangle1: borderColor = <psychopy.colors.Color: (-0.19, -0.19, -0.19, 1.0)>
0.3591 	EXP 	triangle2: borderColor = <psychopy.colors.Color: (-0.59, -0.59, -0.59, 1.0)>
0.3591 	EXP 	triangle3: borderColor = <psychopy.colors.Color: (-0.51, -0.51, -0.51, 1.0)>
0.3591 	EXP 	triangle4: borderColor = <psychopy.colors.Color: (-0.89, -0.89, -0.89, 1.0)>
0.3591 	EXP 	triangle5: borderColor = <psychopy.colors.Color: (-0.59, -0.59, -0.59, 1.0)>
0.3591 	EXP 	triangle6: borderColor = <psychopy.colors.Color: (-0.17, -0.17, -0.17, 1.0)>
0.3591 	EXP 	triangle7: borderColor = <psychopy.colors.Color: (-0.31, -0.31, -0.31, 1.0)>
0.3757 	EXP 	triangle0: borderColor = <psychopy.colors.Color: (-0.8, -0.8, -0.8, 1.0)>
0.3757 	EXP 	triangle1: borderColor = <psychopy.colors.Color: (-0.77, -0.77, -0.77, 1.0)>
0.3757 	EXP 	triangle2: borderColor = <psychopy.colors.Color: (-0.44, -0.44, -0.44, 1.0)>
0.3757 	EXP 	triangle3: borderColor = <psychopy.colors.Color: (-0.93, -0.93, -0.93, 1.0)>
0.3757 	EXP 	triangle4: borderColor = <psychopy.colors.Color: (-0.37, -0.37, -0.37, 1.0)>
0.3757 	EXP 	triangle5: borderColor = <psychopy.colors.Color: (-0.9, -0.9, -0.9, 1.0)>
0.3757 	EXP 	triangle6: borderColor = <psychopy.colors.Color: (-0.16, -0.16, -0.16, 1.0)>
0.3757 	EXP 	triangle7: borderColor = <psychopy.colors.Color: (-0.49, -0.49, -0.49, 1.0)>
0.3921 	EXP 	triangle0: borderColor = <psychopy.colors.Color: (-0.85, -0.85, -0.85, 1.0)>
0.3921 	EXP 	triangle1: borderColor = <psychopy.colors.Color: (-0.63, -0.63, -0.63, 1.0)>
0.3921 	EXP 	triangle2: borderColor = <psychopy.colors.Color: (-0.6, -0.6, -0.6, 1.0)>
0.3921 	EXP 	triangle3: borderColor = <psychopy.colors.Color: (-0.09, -0.09, -0.09, 1.0)>
0.3921 	EXP 	triangle4: borderColor = <psychopy.colors.Color: (-0.53, -0.53, -0.53, 1.0)>
0.3921 	EXP 	triangle5: borderColor = <psychopy.colors.Color: (-0.14, -0.14, -0.14, 1.0)>
0.3921 	EXP 	triangle6: borderColor = <psychopy.colors.Color: (-0.38, -0.38, -0.38, 1.0)>
0.3921 	EXP 	triangle7: borderColor = <psychopy.colors.Color: (-0.76, -0.76, -0.76, 1.0)>
0.4089 	EXP 	triangle0: borderColor = <psychopy.colors.Color: (-0.4, -0.4, -0.4, 1.0)>
0.4089 	EXP 	triangle1: borderColor = <psychopy.colors.Color: (-0.57, -0.57, -0.57, 1.0)>
0.4089 	EXP 	triangle2: borderColor = <psychopy.colors.Color: (-0.23, -0.23, -0.23, 1.0)>
0.4089 	EXP 	triangle3: borderColor = <psychopy.colors.Color: (-0.87, -0.87, -0.87, 1.0)>
0.4089 	EXP 	triangle4: borderColor = <psychopy.colors.Color: (-0.89, -0.89, -0.89, 1.0)>
0.4089 	EXP 	triangle5: borderColor = <psychopy.colors.Color: (-0.57, -0.57, -0.57, 1.0)>
0.4089 	EXP 	triangle6: borderColor = <psychopy.colors.Color: (-0.17, -0.17, -0.17, 1.0)>
0.4089 	EXP 	triangle7: borderColor = <psychopy.colors.Color: (-0.08, -0.08, -0.08, 1.0)>
0.4253 	EXP 	triangle0: borderColor = <psychopy.colors.Color: (-0.01, -0.01, -0.01, 1.0)>
0.4253 	EXP 	triangle1: borderColor = <psychopy.colors.Color: (-0.11, -0.11, -0.11, 1.0)>
0.4253 	EXP 	triangle2: borderColor = <psychopy.colors.Color: (-0.04, -0.04, -0.04, 1.0)>
0.4253 	EXP 	triangle3: borderColor = <psychopy.colors.Color: (-0.95, -0.95, -0.95, 1.0)>
0.4253 	EXP 	triangle4: borderColor = <psychopy.colors.Color: (-0.9, -0.9, -0.9, 1.0)>
0.4253 	EXP 	triangle5: borderColor = <psychopy.colors.Color: (-0.66, -0.66, -0.66, 1.0)>
0.4253 	EXP 	triangle6: borderColor = <psychopy.colors.Color: (-0.99, -0.99, -0.99, 1.0)>
0.4253 	EXP 	triangle7: borderColor = <psychopy.colors.Color: (-0.21, -0.21, -0.21, 1.0)>
0.4424 	EXP 	triangle0: borderColor = <psychopy.colors.Color: (-0.27, -0.27, -0.27, 1.0)>
0.4424 	EXP 	triangle1: borderColor = <psychopy.colors.Color: (-0.26, -0.26, -0.26, 1.0)>
0.4424 	EXP 	triangle2: borderColor = <psychopy.colors.Color: (-0.34, -0.34, -0.34, 1.0)>
0.4424 	EXP 	triangle3: borderColor = <psychopy.colors.Color: (-0.69, -0.69, -0.69, 1.0)>
0.4424 	EXP 	triangle4: borderColor = <psychopy.colors.Color: (-0.08, -0.08, -0.08, 1.0)>
0.4424 	EXP 	triangle5: borderColor = <psychopy.colors.Color: (-0.34, -0.34, -0.34, 1.0)>
0.4424 	EXP 	triangle6: borderColor = <psychopy.colors.Color: (-0.7, -0.7, -0.7, 1.0)>
0.4424 	EXP 	triangle7: borderColor = <psychopy.colors.Color: (-0.05, -0.05, -0.05, 1.0)>
0.4589 	EXP 	triangle0: borderColor = <psychopy.colors.Color: (-0.22, -0.22, -0.22, 1.0)>
0.4589 	EXP 	triangle1: borderColor = <psychopy.colors.Color: (-0.2, -0.2, -0.2, 1.0)>
0.4589 	EXP 	triangle2: borderColor = <psychopy.colors.Color: (-0.31, -0.31, -0.31, 1.0)>
0.4589 	EXP 	triangle3: borderColor = <psychopy.colors.Color: (-0.24, -0.24, -0.24, 1.0)>
0.4589 	EXP 	triangle4: borderColor = <psychopy.colors.Color: (-0.13, -0.13, -0.13, 1.0)>
0.4589 	EXP 	triangle5: borderColor = <psychopy.colors.Color: (-0.29, -0.29, -0.29, 1.0)>
0.4589 	EXP 	triangle6: borderColor = <psychopy.colors.Color: (-0.4, -0.4, -0.4, 1.0)>
0.4589 	EXP 	triangle7: borderColor = <psychopy.colors.Color: (-0.2, -0.2, -0.2, 1.0)>
0.4755 	EXP 	triangle0: borderColor = <psychopy.colors.Color: (-0.91, -0.91, -0.91, 1.0)>
0.4755 	EXP 	triangle1: borderColor = <psychopy.colors.Color: (-0.98, -0.98, -0.98, 1.0)>
0.4755 	EXP 	triangle2: borderColor = <psychopy.colors.Color: (-0.46, -0.46, -0.46, 1.0)>
0.4755 	EXP 	triangle3: borderColor = <psychopy.colors.Color: (-0.4, -0.4, -0.4, 1.0)>
0.4755 	EXP 	triangle4: borderColor = <psychopy.colors.Color: (-0.03, -0.03, -0.03, 1.0)>
0.4755 	EXP 	triangle5: borderColor = <psychopy.colors.Color: (-0.62, -0.62, -0.62, 1.0)>
0.4755 	EXP 	triangle6: borderColor = <psychopy.colors.Color: (-0.49, -0.49, -0.49, 1.0)>
0.4755 	EXP 	triangle7: borderColor = <psychopy.colors.Color: (-0.14, -0.14, -0.14, 1.0)>
0.4921 	EXP 	triangle0: borderColor = <psychopy.colors.Color: (-0.55, -0.55, -0.55, 1.0)>
0.4921 	EXP 	triangle1: borderColor = <psychopy.colors.Color: (-0.96, -0.96, -0.96, 1.0)>
0.4921 	EXP 	triangle2: borderColor = <psychopy.colors.Color: (-0.82, -0.82, -0.82, 1.0)>
0.4921 	EXP 	triangle3: borderColor = <psychopy.colors.Color: (-0.65, -0.65, -0.65, 1.0)>
0.4921 	EXP 	triangle4: borderColor = <psychopy.colors.Color: (-0.94, -0.94, -0.94, 1.0)>
0.4921 	EXP 	triangle5: borderColor = <psychopy.colors.Color: (-0.77, -0.77, -0.77, 1.0)>
0.4921 	EXP 	triangle6: borderColor = <psychopy.colors.Color: (-0.96, -0.96, -0.96, 1.0)>
0.4921 	EXP 	triangle7: borderColor = <psychopy.colors.Color: (-0.92, -0.92, -0.92, 1.0)>
0.5089 	EXP 	triangle0: borderColor = <psychopy.colors.Color: (-0.74, -0.74, -0.74, 1.0)>
0.5089 	EXP 	triangle1: borderColor = <psychopy.colors.Color: (-0.63, -0.63, -0.63, 1.0)>
0.5089 	EXP 	triangle2: borderColor = <psychopy.colors.Color: (-0.83, -0.83, -0.83, 1.0)>
0.5089 	EXP 	triangle3: borderColor = <psychopy.colors.Color: (-0.59, -0.59, -0.59, 1.0)>
0.5089 	EXP 	triangle4: borderColor = <psychopy.colors.Color: (-0.28, -0.28, -0.28, 1.0)>
0.5089 	EXP 	triangle5: borderColor = <psychopy.colors.Color: (-0.72, -0.72, -0.72, 1.0)>
0.5089 	EXP 	triangle6: borderColor = <psychopy.colors.Color: (-0.37, -0.37, -0.37, 1.0)>
0.5089 	EXP 	triangle7: borderColor = <psychopy.colors.Color: (-0.21, -0.21, -0.21, 1.0)>
0.5255 	EXP 	triangle0: borderColor = <psychopy.colors.Color: (-0.64, -0.64, -0.64, 1.0)>
0.5255 	EXP 	triangle1: borderColor = <psychopy.colors.Color: (-0.04, -0.04, -0.04, 1.0)>
0.5255 	EXP 	triangle2: borderColor = <psychopy.colors.Color: (-0.46, -0.46, -0.46, 1.0)>
0.5255 	EXP 	triangle3: borderColor = <psychopy.colors.Color: (-0.43, -0.43, -0.43, 1.0)>
0.5255 	EXP 	triangle4: borderColor = <psychopy.colors.Color: (-0.99, -0.99, -0.99, 1.0)>
0.5255 	EXP 	triangle5: borderColor = <psychopy.colors.Color: (-0.52, -0.52, -0.52, 1.0)>
0.5255 	EXP 	triangle6: borderColor = <psychopy.colors.Color: (-1.0, -1.0, -1.0, 1.0)>
0.5255 	EXP 	triangle7: borderColor = <psychopy.colors.Color: (-0.75, -0.75, -0.75, 1.0)>
0.5422 	EXP 	triangle0: borderColor = <psychopy.colors.Color: (-0.12, -0.12, -0.12, 1.0)>
0.5422 	EXP 	triangle1: borderColor = <psychopy.colors.Color: (-0.08, -0.08, -0.08, 1.0)>
0.5422 	EXP 	triangle2: borderColor = <psychopy.colors.Color: (-0.53, -0.53, -0.53, 1.0)>
0.5422 	EXP 	triangle3: borderColor = <psychopy.colors.Color: (-0.59, -0.59, -0.59, 1.0)>
0.5422 	EXP 	triangle4: borderColor = <psychopy.colors.Color: (-0.82, -0.82, -0.82, 1.0)>
0.5422 	EXP 	triangle5: borderColor = <psychopy.colors.Color: (-0.5, -0.5, -0.5, 1.0)>
0.5422 	EXP 	triangle6: borderColor = <psychopy.colors.Color: (-0.25, -0.25, -0.25, 1.0)>
0.5422 	EXP 	triangle7: borderColor = <psychopy.colors.Color: (-0.96, -0.96, -0.96, 1.0)>
0.5588 	EXP 	triangle0: borderColor = <psychopy.colors.Color: (-0.07, -0.07, -0.07, 1.0)>
0.5588 	EXP 	triangle1: borderColor = <psychopy.colors.Color: (-0.68, -0.68, -0.68, 1.0)>
0.5588 	EXP 	triangle2: borderColor = <psychopy.colors.Color: (-0.73, -0.73, -0.73, 1.0)>
0.5588 	EXP 	triangle3: borderColor = <psychopy.colors.Color: (-0.34, -0.34, -0.34, 1.0)>
0.5588 	EXP 	triangle4: borderColor = <psychopy.colors.Color: (-0.05, -0.05, -0.05, 1.0)>
0.5588 	EXP 	triangle5: borderColor = <psychopy.colors.Color: (-1.0, -1.0, -1.0, 1.0)>
0.5588 	EXP 	triangle6: borderColor = <psychopy.colors.Color: (-0.06, -0.06, -0.06, 1.0)>
0.5588 	EXP 	triangle7: borderColor = <psychopy.colors.Color: (-0.49, -0.49, -0.49, 1.0)>
0.5760 	EXP 	triangle0: borderColor = <psychopy.colors.Color: (-0.72, -0.72, -0.72, 1.0)>
0.5760 	EXP 	triangle1: borderColor = <psychopy.colors.Color: (-0.12, -0.12, -0.12, 1.0)>
0.5760 	EXP 	triangle2: borderColor = <psychopy.colors.Color: (-0.6, -0.6, -0.6, 1.0)>
0.5760 	EXP 	triangle3: borderColor = <psychopy.colors.Color: (-0.18, -0.18, -0.18, 1.0)>
0.5760 	EXP 	triangle4: borderColor = <psychopy.colors.Color: (-0.65, -0.65, -0.65, 1.0)>
0.5760 	EXP 	triangle5: borderColor = <psychopy.colors.Color: (-0.24, -0.24, -0.24, 1.0)>
0.5760 	EXP 	triangle6: borderColor = <psychopy.colors.Color: (-0.21, -0.21, -0.21, 1.0)>
0.5760 	EXP 	triangle7: borderColor = <psychopy.colors.Color: (-0.42, -0.42, -0.42, 1.0)>
0.5922 	EXP 	triangle0: borderColor = <psychopy.colors.Color: (-0.4, -0.4, -0.4, 1.0)>
0.5922 	EXP 	triangle1: borderColor = <psychopy.colors.Color: (-0.07, -0.07, -0.07, 1.0)>
0.5922 	EXP 	triangle2: borderColor = <psychopy.colors.Color: (-0.01, -0.01, -0.01, 1.0)>
0.5922 	EXP 	triangle3: borderColor = <psychopy.colors.Color: (-0.83, -0.83, -0.83, 1.0)>
0.5922 	EXP 	triangle4: borderColor = <psychopy.colors.Color: (-0.67, -0.67, -0.67, 1.0)>
0.5922 	EXP 	triangle5: borderColor = <psychopy.colors.Color: (-0.6, -0.6, -0.6, 1.0)>
0.5922 	EXP 	triangle6: borderColor = <psychopy.colors.Color: (-0.03, -0.03, -0.03, 1.0)>
0.5922 	EXP 	triangle7: borderColor = <psychopy.colors.Color: (-0.77, -0.77, -0.77, 1.0)>
0.6090 	EXP 	triangle0: borderColor = <psychopy.colors.Color: (-0.61, -0.61, -0.61, 1.0)>
0.6090 	EXP 	triangle1: borderColor = <psychopy.colors.Color: (-0.22, -0.22, -0.22, 1.0)>
0.6090 	EXP 	triangle2: borderColor = <psychopy.colors.Color: (-0.54, -0.54, -0.54, 1.0)>
0.6090 	EXP 	triangle3: borderColor = <psychopy.colors.Color: (-0.41, -0.41, -0.41, 1.0)>
0.6090 	EXP 	triangle4: borderColor = <psychopy.colors.Color: (-0.43, -0.43, -0.43, 1.0)>
0.6090 	EXP 	triangle5: borderColor = <psychopy.colors.Color: (-0.01, -0.01, -0.01, 1.0)>
0.6090 	EXP 	triangle6: borderColor = <psychopy.colors.Color: (-0.36, -0.36, -0.36, 1.0)>
0.6090 	EXP 	triangle7: borderColor = <psychopy.colors.Color: (-0.1, -0.1, -0.1, 1.0)>
0.6269 	EXP 	triangle0: borderColor = <psychopy.colors.Color: (-0.02, -0.02, -0.02, 1.0)>
0.6269 	EXP 	triangle1: borderColor = <psychopy.colors.Color: (-0.43, -0.43, -0.43, 1.0)>
0.6269 	EXP 	triangle2: borderColor = <psychopy.colors.Color: (-0.73, -0.73, -0.73, 1.0)>
0.6269 	EXP 	triangle3: borderColor = <psychopy.colors.Color: (-0.38, -0.38, -0.38, 1.0)>
0.6269 	EXP 	triangle4: borderColor = <psychopy.colors.Color: (-0.73, -0.73, -0.73, 1.0)>
0.6269 	EXP 	triangle5: borderColor = <psychopy.colors.Color: (-0.42, -0.42, -0.42, 1.0)>
0.6269 	EXP 	triangle6: borderColor = <psychopy.colors.Color: (-0.8, -0.8, -0.8, 1.0)>
0.6269 	EXP 	triangle7: borderColor = <psychopy.colors.Color: (-0.83, -0.83, -0.83, 1.0)>
0.6426 	EXP 	triangle0: borderColor = <psychopy.colors.Color: (-0.86, -0.86, -0.86, 1.0)>
0.6426 	EXP 	triangle1: borderColor = <psychopy.colors.Color: (-0.41, -0.41, -0.41, 1.0)>
0.6426 	EXP 	triangle2: borderColor = <psychopy.colors.Color: (-0.8, -0.8, -0.8, 1.0)>
0.6426 	EXP 	triangle3: borderColor = <psychopy.colors.Color: (-0.2, -0.2, -0.2, 1.0)>
0.6426 	EXP 	triangle4: borderColor = <psychopy.colors.Color: (-0.72, -0.72, -0.72, 1.0)>
0.6426 	EXP 	triangle5: borderColor = <psychopy.colors.Color: (-0.41, -0.41, -0.41, 1.0)>
0.6426 	EXP 	triangle6: borderColor = <psychopy.colors.Color: (-0.46, -0.46, -0.46, 1.0)>
0.6426 	EXP 	triangle7: borderColor = <psychopy.colors.Color: (-0.2, -0.2, -0.2, 1.0)>
0.6592 	EXP 	triangle0: borderColor = <psychopy.colors.Color: (-0.77, -0.77, -0.77, 1.0)>
0.6592 	EXP 	triangle1: borderColor = <psychopy.colors.Color: (-0.23, -0.23, -0.23, 1.0)>
0.6592 	EXP 	triangle2: borderColor = <psychopy.colors.Color: (-0.56, -0.56, -0.56, 1.0)>
0.6592 	EXP 	triangle3: borderColor = <psychopy.colors.Color: (-0.71, -0.71, -0.71, 1.0)>
0.6592 	EXP 	triangle4: borderColor = <psychopy.colors.Color: (-0.01, -0.01, -0.01, 1.0)>
0.6592 	EXP 	triangle5: borderColor = <psychopy.colors.Color: (-0.25, -0.25, -0.25, 1.0)>
0.6592 	EXP 	triangle6: borderColor = <psychopy.colors.Color: (-0.3, -0.3, -0.3, 1.0)>
0.6592 	EXP 	triangle7: borderColor = <psychopy.colors.Color: (-0.74, -0.74, -0.74, 1.0)>
0.6753 	EXP 	triangle0: borderColor = <psychopy.colors.Color: (-0.41, -0.41, -0.41, 1.0)>
0.6753 	EXP 	triangle1: borderColor = <psychopy.colors.Color: (-0.15, -0.15, -0.15, 1.0)>
0.6753 	EXP 	triangle2: borderColor = <psychopy.colors.Color: (-0.98, -0.98, -0.98, 1.0)>
0.6753 	EXP 	triangle3: borderColor = <psychopy.colors.Color: (-0.51, -0.51, -0.51, 1.0)>
0.6753 	EXP 	triangle4: borderColor = <psychopy.colors.Color: (-1.0, -1.0, -1.0, 1.0)>
0.6753 	EXP 	triangle5: borderColor = <psychopy.colors.Color: (-0.37, -0.37, -0.37, 1.0)>
0.6753 	EXP 	triangle6: borderColor = <psychopy.colors.Color: (-0.33, -0.33, -0.33, 1.0)>
0.6753 	EXP 	triangle7: borderColor = <psychopy.colors.Color: (-0.9, -0.9, -0.9, 1.0)>
0.6931 	EXP 	triangle0: borderColor = <psychopy.colors.Color: (-0.02, -0.02, -0.02, 1.0)>
0.6931 	EXP 	triangle1: borderColor = <psychopy.colors.Color: (-0.33, -0.33, -0.33, 1.0)>
0.6931 	EXP 	triangle2: borderColor = <psychopy.colors.Color: (-0.33, -0.33, -0.33, 1.0)>
0.6931 	EXP 	triangle3: borderColor = <psychopy.colors.Color: (-0.91, -0.91, -0.91, 1.0)>
0.6931 	EXP 	triangle4: borderColor = <psychopy.colors.Color: (-0.47, -0.47, -0.47, 1.0)>
0.6931 	EXP 	triangle5: borderColor = <psychopy.colors.Color: (-0.47, -0.47, -0.47, 1.0)>
0.6931 	EXP 	triangle6: borderColor = <psychopy.colors.Color: (-0.01, -0.01, -0.01, 1.0)>
0.6931 	EXP 	triangle7: borderColor = <psychopy.colors.Color: (-0.18, -0.18, -0.18, 1.0)>
0.7092 	EXP 	triangle0: borderColor = <psychopy.colors.Color: (-0.45, -0.45, -0.45, 1.0)>
0.7092 	EXP 	triangle1: borderColor = <psychopy.colors.Color: (-0.92, -0.92, -0.92, 1.0)>
0.7092 	EXP 	triangle2: borderColor = <psychopy.colors.Color: (-0.65, -0.65, -0.65, 1.0)>
0.7092 	EXP 	triangle3: borderColor = <psychopy.colors.Color: (-0.44, -0.44, -0.44, 1.0)>
0.7092 	EXP 	triangle4: borderColor = <psychopy.colors.Color: (-0.38, -0.38, -0.38, 1.0)>
0.7092 	EXP 	triangle5: borderColor = <psychopy.colors.Color: (-0.27, -0.27, -0.27, 1.0)>
0.7092 	EXP 	triangle6: borderColor = <psychopy.colors.Color: (-0.63, -0.63, -0.63, 1.0)>
0.7092 	EXP 	triangle7: borderColor = <psychopy.colors.Color: (-0.69, -0.69, -0.69, 1.0)>
0.7255 	EXP 	triangle0: borderColor = <psychopy.colors.Color: (-0.92, -0.92, -0.92, 1.0)>
0.7255 	EXP 	triangle1: borderColor = <psychopy.colors.Color: (-0.88, -0.88, -0.88, 1.0)>
0.7255 	EXP 	triangle2: borderColor = <psychopy.colors.Color: (-0.47, -0.47, -0.47, 1.0)>
0.7255 	EXP 	triangle3: borderColor = <psychopy.colors.Color: (-0.27, -0.27, -0.27, 1.0)>
0.7255 	EXP 	triangle4: borderColor = <psychopy.colors.Color: (-0.71, -0.71, -0.71, 1.0)>
0.7255 	EXP 	triangle5: borderColor = <psychopy.colors.Color: (-0.71, -0.71, -0.71, 1.0)>
0.7255 	EXP 	triangle6: borderColor = <psychopy.colors.Color: (-0.46, -0.46, -0.46, 1.0)>
0.7255 	EXP 	triangle7: borderColor = <psychopy.colors.Color: (-0.48, -0.48, -0.48, 1.0)>
0.7431 	EXP 	triangle0: borderColor = <psychopy.colors.Color: (-0.81, -0.81, -0.81, 1.0)>
0.7431 	EXP 	triangle1: borderColor = <psychopy.colors.Color: (-0.53, -0.53, -0.53, 1.0)>
0.7431 	EXP 	triangle2: borderColor = <psychopy.colors.Color: (-1.0, -1.0, -1.0, 1.0)>
0.7431 	EXP 	triangle3: borderColor = <psychopy.colors.Color: (-0.73, -0.73, -0.73, 1.0)>
0.7431 	EXP 	triangle4: borderColor = <psychopy.colors.Color: (-0.15, -0.15, -0.15, 1.0)>
0.7431 	EXP 	triangle5: borderColor = <psychopy.colors.Color: (-0.26, -0.26, -0.26, 1.0)>
0.7431 	EXP 	triangle6: borderColor = <psychopy.colors.Color: (-0.83, -0.83, -0.83, 1.0)>
0.7431 	EXP 	triangle7: borderColor = <psychopy.colors.Color: (-0.47, -0.47, -0.47, 1.0)>
0.7601 	EXP 	triangle0: borderColor = <psychopy.colors.Color: (-0.66, -0.66, -0.66, 1.0)>
0.7601 	EXP 	triangle1: borderColor = <psychopy.colors.Color: (-0.78, -0.78, -0.78, 1.0)>
0.7601 	EXP 	triangle2: borderColor = <psychopy.colors.Color: (-0.08, -0.08, -0.08, 1.0)>
0.7601 	EXP 	triangle3: borderColor = <psychopy.colors.Color: (-0.41, -0.41, -0.41, 1.0)>
0.7601 	EXP 	triangle4: borderColor = <psychopy.colors.Color: (-0.69, -0.69, -0.69, 1.0)>
0.7601 	EXP 	triangle5: borderColor = <psychopy.colors.Color: (-0.3, -0.3, -0.3, 1.0)>
0.7601 	EXP 	triangle6: borderColor = <psychopy.colors.Color: (-0.53, -0.53, -0.53, 1.0)>
0.7601 	EXP 	triangle7: borderColor = <psychopy.colors.Color: (-0.49, -0.49, -0.49, 1.0)>
0.7769 	EXP 	triangle0: borderColor = <psychopy.colors.Color: (-0.83, -0.83, -0.83, 1.0)>
0.7769 	EXP 	triangle1: borderColor = <psychopy.colors.Color: (-0.13, -0.13, -0.13, 1.0)>
0.7769 	EXP 	triangle2: borderColor = <psychopy.colors.Color: (-0.01, -0.01, -0.01, 1.0)>
0.7769 	EXP 	triangle3: borderColor = <psychopy.colors.Color: (-0.72, -0.72, -0.72, 1.0)>
0.7769 	EXP 	triangle4: borderColor = <psychopy.colors.Color: (-0.4, -0.4, -0.4, 1.0)>
0.7769 	EXP 	triangle5: borderColor = <psychopy.colors.Color: (-0.92, -0.92, -0.92, 1.0)>
0.7769 	EXP 	triangle6: borderColor = <psychopy.colors.Color: (-0.8, -0.8, -0.8, 1.0)>
0.7769 	EXP 	triangle7: borderColor = <psychopy.colors.Color: (-0.57, -0.57, -0.57, 1.0)>
0.7932 	EXP 	triangle0: borderColor = <psychopy.colors.Color: (-0.79, -0.79, -0.79, 1.0)>
0.7932 	EXP 	triangle1: borderColor = <psychopy.colors.Color: (-0.75, -0.75, -0.75, 1.0)>
0.7932 	EXP 	triangle2: borderColor = <psychopy.colors.Color: (-0.79, -0.79, -0.79, 1.0)>
0.7932 	EXP 	triangle3: borderColor = <psychopy.colors.Color: (-0.18, -0.18, -0.18, 1.0)>
0.7932 	EXP 	triangle4: borderColor = <psychopy.colors.Color: (-0.34, -0.34, -0.34, 1.0)>
0.7932 	EXP 	triangle5: borderColor = <psychopy.colors.Color: (-0.77, -0.77, -0.77, 1.0)>
0.7932 	EXP 	triangle6: borderColor = <psychopy.colors.Color: (-0.77, -0.77, -0.77, 1.0)>
0.7932 	EXP 	triangle7: borderColor = <psychopy.colors.Color: (-0.17, -0.17, -0.17, 1.0)>
0.8095 	EXP 	triangle0: borderColor = <psychopy.colors.Color: (-0.62, -0.62, -0.62, 1.0)>
0.8095 	EXP 	triangle1: borderColor = <psychopy.colors.Color: (-0.74, -0.74, -0.74, 1.0)>
0.8095 	EXP 	triangle2: borderColor = <psychopy.colors.Color: (-0.48, -0.48, -0.48, 1.0)>
0.8095 	EXP 	triangle3: borderColor = <psychopy.colors.Color: (-0.03, -0.03, -0.03, 1.0)>
0.8095 	EXP 	triangle4: borderColor = <psychopy.colors.Color: (-0.82, -0.82, -0.82, 1.0)>
0.8095 	EXP 	triangle5: borderColor = <psychopy.colors.Color: (-0.01, -0.01, -0.01, 1.0)>
0.8095 	EXP 	triangle6: borderColor = <psychopy.colors.Color: (-0.49, -0.49, -0.49, 1.0)>
0.8095 	EXP 	triangle7: borderColor = <psychopy.colors.Color: (-0.03, -0.03, -0.03, 1.0)>
0.8263 	EXP 	triangle0: borderColor = <psychopy.colors.Color: (-0.39, -0.39, -0.39, 1.0)>
0.8263 	EXP 	triangle1: borderColor = <psychopy.colors.Color: (-0.79, -0.79, -0.79, 1.0)>
0.8263 	EXP 	triangle2: borderColor = <psychopy.colors.Color: (-0.64, -0.64, -0.64, 1.0)>
0.8263 	EXP 	triangle3: borderColor = <psychopy.colors.Color: (-0.83, -0.83, -0.83, 1.0)>
0.8263 	EXP 	triangle4: borderColor = <psychopy.colors.Color: (-0.57, -0.57, -0.57, 1.0)>
0.8263 	EXP 	triangle5: borderColor = <psychopy.colors.Color: (-0.37, -0.37, -0.37, 1.0)>
0.8263 	EXP 	triangle6: borderColor = <psychopy.colors.Color: (-0.74, -0.74, -0.74, 1.0)>
0.8263 	EXP 	triangle7: borderColor = <psychopy.colors.Color: (-0.14, -0.14, -0.14, 1.0)>
0.8432 	EXP 	triangle0: borderColor = <psychopy.colors.Color: (-0.73, -0.73, -0.73, 1.0)>
0.8432 	EXP 	triangle1: borderColor = <psychopy.colors.Color: (-0.69, -0.69, -0.69, 1.0)>
0.8432 	EXP 	triangle2: borderColor = <psychopy.colors.Color: (-0.85, -0.85, -0.85, 1.0)>
0.8432 	EXP 	triangle3: borderColor = <psychopy.colors.Color: (-0.91, -0.91, -0.91, 1.0)>
0.8432 	EXP 	triangle4: borderColor = <psychopy.colors.Color: (-0.34, -0.34, -0.34, 1.0)>
0.8432 	EXP 	triangle5: borderColor = <psychopy.colors.Color: (-0.79, -0.79, -0.79, 1.0)>
0.8432 	EXP 	triangle6: borderColor = <psychopy.colors.Color: (-0.87, -0.87, -0.87, 1.0)>
0.8432 	EXP 	triangle7: borderColor = <psychopy.colors.Color: (-0.13, -0.13, -0.13, 1.0)>
0.8599 	EXP 	triangle0: borderColor = <psychopy.colors.Color: (-0.33, -0.33, -0.33, 1.0)>
0.8599 	EXP 	triangle1: borderColor = <psychopy.colors.Color: (-0.53, -0.53, -0.53, 1.0)>
0.8599 	EXP 	triangle2: borderColor = <psychopy.colors.Color: (-0.24, -0.24, -0.24, 1.0)>
0.8599 	EXP 	triangle3: borderColor = <psychopy.colors.Color: (-0.41, -0.41, -0.41, 1.0)>
0.8599 	EXP 	triangle4: borderColor = <psychopy.colors.Color: (-0.23, -0.23, -0.23, 1.0)>
0.8599 	EXP 	triangle5: borderColor = <psychopy.colors.Color: (-0.42, -0.42, -0.42, 1.0)>
0.8599 	EXP 	triangle6: borderColor = <psychopy.colors.Color: (-0.49, -0.49, -0.49, 1.0)>
0.8599 	EXP 	triangle7: borderColor = <psychopy.colors.Color: (-0.67, -0.67, -0.67, 1.0)>
0.8765 	EXP 	triangle0: borderColor = <psychopy.colors.Color: (-0.57, -0.57, -0.57, 1.0)>
0.8765 	EXP 	triangle1: borderColor = <psychopy.colors.Color: (-0.7, -0.7, -0.7, 1.0)>
0.8765 	EXP 	triangle2: borderColor = <psychopy.colors.Color: (-0.5, -0.5, -0.5, 1.0)>
0.8765 	EXP 	triangle3: borderColor = <psychopy.colors.Color: (-0.33, -0.33, -0.33, 1.0)>
0.8765 	EXP 	triangle4: borderColor = <psychopy.colors.Color: (-0.75, -0.75, -0.75, 1.0)>
0.8765 	EXP 	triangle5: borderColor = <psychopy.colors.Color: (-0.85, -0.85, -0.85, 1.0)>
0.8765 	EXP 	triangle6: borderColor = <psychopy.colors.Color: (-0.98, -0.98, -0.98, 1.0)>
0.8765 	EXP 	triangle7: borderColor = <psychopy.colors.Color: (-0.07, -0.07, -0.07, 1.0)>
0.8928 	EXP 	triangle0: borderColor = <psychopy.colors.Color: (-0.28, -0.28, -0.28, 1.0)>
0.8928 	EXP 	triangle1: borderColor = <psychopy.colors.Color: (-0.25, -0.25, -0.25, 1.0)>
0.8928 	EXP 	triangle2: borderColor = <psychopy.colors.Color: (-0.11, -0.11, -0.11, 1.0)>
0.8928 	EXP 	triangle3: borderColor = <psychopy.colors.Color: (-0.8, -0.8, -0.8, 1.0)>
0.8928 	EXP 	triangle4: borderColor = <psychopy.colors.Color: (-0.91, -0.91, -0.91, 1.0)>
0.8928 	EXP 	triangle5: borderColor = <psychopy.colors.Color: (-0.27, -0.27, -0.27, 1.0)>
0.8928 	EXP 	triangle6: borderColor = <psychopy.colors.Color: (-0.47, -0.47, -0.47, 1.0)>
0.8928 	EXP 	triangle7: borderColor = <psychopy.colors.Color: (-0.12, -0.12, -0.12, 1.0)>
0.9101 	EXP 	triangle0: borderColor = <psychopy.colors.Color: (-0.99, -0.99, -0.99, 1.0)>
0.9101 	EXP 	triangle1: borderColor = <psychopy.colors.Color: (-0.27, -0.27, -0.27, 1.0)>
0.9101 	EXP 	triangle2: borderColor = <psychopy.colors.Color: (-0.6, -0.6, -0.6, 1.0)>
0.9101 	EXP 	triangle3: borderColor = <psychopy.colors.Color: (-0.74, -0.74, -0.74, 1.0)>
0.9101 	EXP 	triangle4: borderColor = <psychopy.colors.Color: (-0.05, -0.05, -0.05, 1.0)>
0.9101 	EXP 	triangle5: borderColor = <psychopy.colors.Color: (-0.08, -0.08, -0.08, 1.0)>
0.9101 	EXP 	triangle6: borderColor = <psychopy.colors.Color: (-0.18, -0.18, -0.18, 1.0)>
0.9101 	EXP 	triangle7: borderColor = <psychopy.colors.Color: (-0.03, -0.03, -0.03, 1.0)>
0.9271 	EXP 	triangle0: borderColor = <psychopy.colors.Color: (-0.34, -0.34, -0.34, 1.0)>
0.9271 	EXP 	triangle1: borderColor = <psychopy.colors.Color: (-0.17, -0.17, -0.17, 1.0)>
0.9271 	EXP 	triangle2: borderColor = <psychopy.colors.Color: (-0.47, -0.47, -0.47, 1.0)>
0.9271 	EXP 	triangle3: borderColor = <psychopy.colors.Color: (-0.33, -0.33, -0.33, 1.0)>
0.9271 	EXP 	triangle4: borderColor = <psychopy.colors.Color: (-0.35, -0.35, -0.35, 1.0)>
0.9271 	EXP 	triangle5: borderColor = <psychopy.colors.Color: (-0.27, -0.27, -0.27, 1.0)>
0.9271 	EXP 	triangle6: borderColor = <psychopy.colors.Color: (-0.93, -0.93, -0.93, 1.0)>
0.9271 	EXP 	triangle7: borderColor = <psychopy.colors.Color: (-0.24, -0.24, -0.24, 1.0)>
0.9429 	EXP 	triangle0: borderColor = <psychopy.colors.Color: (-0.97, -0.97, -0.97, 1.0)>
0.9429 	EXP 	triangle1: borderColor = <psychopy.colors.Color: (-0.56, -0.56, -0.56, 1.0)>
0.9429 	EXP 	triangle2: borderColor = <psychopy.colors.Color: (-0.68, -0.68, -0.68, 1.0)>
0.9429 	EXP 	triangle3: borderColor = <psychopy.colors.Color: (-0.71, -0.71, -0.71, 1.0)>
0.9429 	EXP 	triangle4: borderColor = <psychopy.colors.Color: (-0.14, -0.14, -0.14, 1.0)>
0.9429 	EXP 	triangle5: borderColor = <psychopy.colors.Color: (-0.98, -0.98, -0.98, 1.0)>
0.9429 	EXP 	triangle6: borderColor = <psychopy.colors.Color: (-0.79, -0.79, -0.79, 1.0)>
0.9429 	EXP 	triangle7: borderColor = <psychopy.colors.Color: (-0.35, -0.35, -0.35, 1.0)>
0.9597 	EXP 	triangle0: borderColor = <psychopy.colors.Color: (-0.84, -0.84, -0.84, 1.0)>
0.9597 	EXP 	triangle1: borderColor = <psychopy.colors.Color: (-0.99, -0.99, -0.99, 1.0)>
0.9597 	EXP 	triangle2: borderColor = <psychopy.colors.Color: (-0.81, -0.81, -0.81, 1.0)>
0.9597 	EXP 	triangle3: borderColor = <psychopy.colors.Color: (-0.12, -0.12, -0.12, 1.0)>
0.9597 	EXP 	triangle4: borderColor = <psychopy.colors.Color: (-0.74, -0.74, -0.74, 1.0)>
0.9597 	EXP 	triangle5: borderColor = <psychopy.colors.Color: (-0.88, -0.88, -0.88, 1.0)>
0.9597 	EXP 	triangle6: borderColor = <psychopy.colors.Color: (-0.89, -0.89, -0.89, 1.0)>
0.9597 	EXP 	triangle7: borderColor = <psychopy.colors.Color: (-0.78, -0.78, -0.78, 1.0)>
0.9771 	EXP 	triangle0: borderColor = <psychopy.colors.Color: (-0.7, -0.7, -0.7, 1.0)>
0.9771 	EXP 	triangle1: borderColor = <psychopy.colors.Color: (-0.8, -0.8, -0.8, 1.0)>
0.9771 	EXP 	triangle2: borderColor = <psychopy.colors.Color: (-0.97, -0.97, -0.97, 1.0)>
0.9771 	EXP 	triangle3: borderColor = <psychopy.colors.Color: (-0.58, -0.58, -0.58, 1.0)>
0.9771 	EXP 	triangle4: borderColor = <psychopy.colors.Color: (-0.45, -0.45, -0.45, 1.0)>
0.9771 	EXP 	triangle5: borderColor = <psychopy.colors.Color: (-0.68, -0.68, -0.68, 1.0)>
0.9771 	EXP 	triangle6: borderColor = <psychopy.colors.Color: (-0.92, -0.92, -0.92, 1.0)>
0.9771 	EXP 	triangle7: borderColor = <psychopy.colors.Color: (-0.43, -0.43, -0.43, 1.0)>
0.9933 	EXP 	triangle0: borderColor = <psychopy.colors.Color: (-0.38, -0.38, -0.38, 1.0)>
0.9933 	EXP 	triangle1: borderColor = <psychopy.colors.Color: (-0.13, -0.13, -0.13, 1.0)>
0.9933 	EXP 	triangle2: borderColor = <psychopy.colors.Color: (-0.05, -0.05, -0.05, 1.0)>
0.9933 	EXP 	triangle3: borderColor = <psychopy.colors.Color: (-0.13, -0.13, -0.13, 1.0)>
0.9933 	EXP 	triangle4: borderColor = <psychopy.colors.Color: (-0.48, -0.48, -0.48, 1.0)>
0.9933 	EXP 	triangle5: borderColor = <psychopy.colors.Color: (-0.13, -0.13, -0.13, 1.0)>
0.9933 	EXP 	triangle6: borderColor = <psychopy.colors.Color: (-0.58, -0.58, -0.58, 1.0)>
0.9933 	EXP 	triangle7: borderColor = <psychopy.colors.Color: (-0.89, -0.89, -0.89, 1.0)>
1.0099 	EXP 	triangle0: borderColor = <psychopy.colors.Color: (-0.66, -0.66, -0.66, 1.0)>
1.0099 	EXP 	triangle1: borderColor = <psychopy.colors.Color: (-0.16, -0.16, -0.16, 1.0)>
1.0099 	EXP 	triangle2: borderColor = <psychopy.colors.Color: (-0.53, -0.53, -0.53, 1.0)>
1.0099 	EXP 	triangle3: borderColor = <psychopy.colors.Color: (-0.41, -0.41, -0.41, 1.0)>
1.0099 	EXP 	triangle4: borderColor = <psychopy.colors.Color: (-0.67, -0.67, -0.67, 1.0)>
1.0099 	EXP 	triangle5: borderColor = <psychopy.colors.Color: (-0.7, -0.7, -0.7, 1.0)>
1.0099 	EXP 	triangle6: borderColor = <psychopy.colors.Color: (-0.92, -0.92, -0.92, 1.0)>
1.0099 	EXP 	triangle7: borderColor = <psychopy.colors.Color: (-0.16, -0.16, -0.16, 1.0)>
1.0271 	EXP 	triangle0: borderColor = <psychopy.colors.Color: (-0.92, -0.92, -0.92, 1.0)>
1.0271 	EXP 	triangle1: borderColor = <psychopy.colors.Color: (-0.19, -0.19, -0.19, 1.0)>
1.0271 	EXP 	triangle2: borderColor = <psychopy.colors.Color: (-0.03, -0.03, -0.03, 1.0)>
1.0271 	EXP 	triangle3: borderColor = <psychopy.colors.Color: (-0.4, -0.4, -0.4, 1.0)>
1.0271 	EXP 	triangle4: borderColor = <psychopy.colors.Color: (-0.09, -0.09, -0.09, 1.0)>
1.0271 	EXP 	triangle5: borderColor = <psychopy.colors.Color: (-0.63, -0.63, -0.63, 1.0)>
1.0271 	EXP 	triangle6: borderColor = <psychopy.colors.Color: (-0.6, -0.6, -0.6, 1.0)>
1.0271 	EXP 	triangle7: borderColor = <psychopy.colors.Color: (-0.08, -0.08, -0.08, 1.0)>
1.0437 	EXP 	triangle0: borderColor = <psychopy.colors.Color: (-0.33, -0.33, -0.33, 1.0)>
1.0437 	EXP 	triangle1: borderColor = <psychopy.colors.Color: (-0.3, -0.3, -0.3, 1.0)>
1.0437 	EXP 	triangle2: borderColor = <psychopy.colors.Color: (-0.01, -0.01, -0.01, 1.0)>
1.0437 	EXP 	triangle3: borderColor = <psychopy.colors.Color: (-0.18, -0.18, -0.18, 1.0)>
1.0437 	EXP 	triangle4: borderColor = <psychopy.colors.Color: (-0.23, -0.23, -0.23, 1.0)>
1.0437 	EXP 	triangle5: borderColor = <psychopy.colors.Color: (-0.65, -0.65, -0.65, 1.0)>
1.0437 	EXP 	triangle6: borderColor = <psychopy.colors.Color: (-0.59, -0.59, -0.59, 1.0)>
1.0437 	EXP 	triangle7: borderColor = <psychopy.colors.Color: (-0.56, -0.56, -0.56, 1.0)>
1.0604 	EXP 	triangle0: borderColor = <psychopy.colors.Color: (-0.42, -0.42, -0.42, 1.0)>
1.0604 	EXP 	triangle1: borderColor = <psychopy.colors.Color: (-0.07, -0.07, -0.07, 1.0)>
1.0604 	EXP 	triangle2: borderColor = <psychopy.colors.Color: (-0.47, -0.47, -0.47, 1.0)>
1.0604 	EXP 	triangle3: borderColor = <psychopy.colors.Color: (-0.27, -0.27, -0.27, 1.0)>
1.0604 	EXP 	triangle4: borderColor = <psychopy.colors.Color: (-0.71, -0.71, -0.71, 1.0)>
1.0604 	EXP 	triangle5: borderColor = <psychopy.colors.Color: (-0.12, -0.12, -0.12, 1.0)>
1.0604 	EXP 	triangle6: borderColor = <psychopy.colors.Color: (-0.93, -0.93, -0.93, 1.0)>
1.0604 	EXP 	triangle7: borderColor = <psychopy.colors.Color: (-0.79, -0.79, -0.79, 1.0)>
1.0755 	EXP 	triangle0: borderColor = <psychopy.colors.Color: (-0.65, -0.65, -0.65, 1.0)>
1.0755 	EXP 	triangle1: borderColor = <psychopy.colors.Color: (-0.98, -0.98, -0.98, 1.0)>
1.0755 	EXP 	triangle2: borderColor = <psychopy.colors.Color: (-0.72, -0.72, -0.72, 1.0)>
1.0755 	EXP 	triangle3: borderColor = <psychopy.colors.Color: (-0.81, -0.81, -0.81, 1.0)>
1.0755 	EXP 	triangle4: borderColor = <psychopy.colors.Color: (-0.23, -0.23, -0.23, 1.0)>
1.0755 	EXP 	triangle5: borderColor = <psychopy.colors.Color: (-0.81, -0.81, -0.81, 1.0)>
1.0755 	EXP 	triangle6: borderColor = <psychopy.colors.Color: (-0.75, -0.75, -0.75, 1.0)>
1.0755 	EXP 	triangle7: borderColor = <psychopy.colors.Color: (-0.53, -0.53, -0.53, 1.0)>
1.0928 	EXP 	triangle0: borderColor = <psychopy.colors.Color: (-0.34, -0.34, -0.34, 1.0)>
1.0928 	EXP 	triangle1: borderColor = <psychopy.colors.Color: (-0.32, -0.32, -0.32, 1.0)>
1.0928 	EXP 	triangle2: borderColor = <psychopy.colors.Color: (-0.71, -0.71, -0.71, 1.0)>
1.0928 	EXP 	triangle3: borderColor = <psychopy.colors.Color: (-0.95, -0.95, -0.95, 1.0)>
1.0928 	EXP 	triangle4: borderColor = <psychopy.colors.Color: (-0.3, -0.3, -0.3, 1.0)>
1.0928 	EXP 	triangle5: borderColor = <psychopy.colors.Color: (-0.11, -0.11, -0.11, 1.0)>
1.0928 	EXP 	triangle6: borderColor = <psychopy.colors.Color: (-0.35, -0.35, -0.35, 1.0)>
1.0928 	EXP 	triangle7: borderColor = <psychopy.colors.Color: (-0.74, -0.74, -0.74, 1.0)>
1.1091 	EXP 	triangle0: borderColor = <psychopy.colors.Color: (-0.33, -0.33, -0.33, 1.0)>
1.1091 	EXP 	triangle1: borderColor = <psychopy.colors.Color: (-0.55, -0.55, -0.55, 1.0)>
1.1091 	EXP 	triangle2: borderColor = <psychopy.colors.Color: (-0.31, -0.31, -0.31, 1.0)>
1.1091 	EXP 	triangle3: borderColor = <psychopy.colors.Color: (-0.35, -0.35, -0.35, 1.0)>
1.1091 	EXP 	triangle4: borderColor = <psychopy.colors.Color: (-0.77, -0.77, -0.77, 1.0)>
1.1091 	EXP 	triangle5: borderColor = <psychopy.colors.Color: (-0.17, -0.17, -0.17, 1.0)>
1.1091 	EXP 	triangle6: borderColor = <psychopy.colors.Color: (-0.22, -0.22, -0.22, 1.0)>
1.1091 	EXP 	triangle7: borderColor = <psychopy.colors.Color: (-0.34, -0.34, -0.34, 1.0)>
1.1256 	EXP 	triangle0: borderColor = <psychopy.colors.Color: (-0.69, -0.69, -0.69, 1.0)>
1.1256 	EXP 	triangle1: borderColor = <psychopy.colors.Color: (-0.33, -0.33, -0.33, 1.0)>
1.1256 	EXP 	triangle2: borderColor = <psychopy.colors.Color: (-0.64, -0.64, -0.64, 1.0)>
1.1256 	EXP 	triangle3: borderColor = <psychopy.colors.Color: (-0.91, -0.91, -0.91, 1.0)>
1.1256 	EXP 	triangle4: borderColor = <psychopy.colors.Color: (-0.46, -0.46, -0.46, 1.0)>
1.1256 	EXP 	triangle5: borderColor = <psychopy.colors.Color: (-0.75, -0.75, -0.75, 1.0)>
1.1256 	EXP 	triangle6: borderColor = <psychopy.colors.Color: (-0.19, -0.19, -0.19, 1.0)>
1.1256 	EXP 	triangle7: borderColor = <psychopy.colors.Color: (-0.55, -0.55, -0.55, 1.0)>
1.1425 	EXP 	triangle0: borderColor = <psychopy.colors.Color: (-0.33, -0.33, -0.33, 1.0)>
1.1425 	EXP 	triangle1: borderColor = <psychopy.colors.Color: (-0.48, -0.48, -0.48, 1.0)>
1.1425 	EXP 	triangle2: borderColor = <psychopy.colors.Color: (-0.71, -0.71, -0.71, 1.0)>
1.1425 	EXP 	triangle3: borderColor = <psychopy.colors.Color: (-0.48, -0.48, -0.48, 1.0)>
1.1425 	EXP 	triangle4: borderColor = <psychopy.colors.Color: (-0.44, -0.44, -0.44, 1.0)>
1.1425 	EXP 	triangle5: borderColor = <psychopy.colors.Color: (-0.37, -0.37, -0.37, 1.0)>
1.1425 	EXP 	triangle6: borderColor = <psychopy.colors.Color: (-0.7, -0.7, -0.7, 1.0)>
1.1425 	EXP 	triangle7: borderColor = <psychopy.colors.Color: (-0.59, -0.59, -0.59, 1.0)>
1.1592 	EXP 	triangle0: borderColor = <psychopy.colors.Color: (-0.89, -0.89, -0.89, 1.0)>
1.1592 	EXP 	triangle1: borderColor = <psychopy.colors.Color: (-0.61, -0.61, -0.61, 1.0)>
1.1592 	EXP 	triangle2: borderColor = <psychopy.colors.Color: (-0.88, -0.88, -0.88, 1.0)>
1.1592 	EXP 	triangle3: borderColor = <psychopy.colors.Color: (-0.02, -0.02, -0.02, 1.0)>
1.1592 	EXP 	triangle4: borderColor = <psychopy.colors.Color: (-0.4, -0.4, -0.4, 1.0)>
1.1592 	EXP 	triangle5: borderColor = <psychopy.colors.Color: (-0.99, -0.99, -0.99, 1.0)>
1.1592 	EXP 	triangle6: borderColor = <psychopy.colors.Color: (-0.94, -0.94, -0.94, 1.0)>
1.1592 	EXP 	triangle7: borderColor = <psychopy.colors.Color: (-0.2, -0.2, -0.2, 1.0)>
1.1757 	EXP 	triangle0: borderColor = <psychopy.colors.Color: (-0.79, -0.79, -0.79, 1.0)>
1.1757 	EXP 	triangle1: borderColor = <psychopy.colors.Color: (-0.12, -0.12, -0.12, 1.0)>
1.1757 	EXP 	triangle2: borderColor = <psychopy.colors.Color: (-0.0, -0.0, -0.0, 1.0)>
1.1757 	EXP 	triangle3: borderColor = <psychopy.colors.Color: (-0.66, -0.66, -0.66, 1.0)>
1.1757 	EXP 	triangle4: borderColor = <psychopy.colors.Color: (-0.19, -0.19, -0.19, 1.0)>
1.1757 	EXP 	triangle5: borderColor = <psychopy.colors.Color: (-0.03, -0.03, -0.03, 1.0)>
1.1757 	EXP 	triangle6: borderColor = <psychopy.colors.Color: (-0.78, -0.78, -0.78, 1.0)>
1.1757 	EXP 	triangle7: borderColor = <psychopy.colors.Color: (-0.19, -0.19, -0.19, 1.0)>
1.1927 	EXP 	triangle0: borderColor = <psychopy.colors.Color: (-0.21, -0.21, -0.21, 1.0)>
1.1927 	EXP 	triangle1: borderColor = <psychopy.colors.Color: (-0.16, -0.16, -0.16, 1.0)>
1.1927 	EXP 	triangle2: borderColor = <psychopy.colors.Color: (-0.7, -0.7, -0.7, 1.0)>
1.1927 	EXP 	triangle3: borderColor = <psychopy.colors.Color: (-0.28, -0.28, -0.28, 1.0)>
1.1927 	EXP 	triangle4: borderColor = <psychopy.colors.Color: (-0.12, -0.12, -0.12, 1.0)>
1.1927 	EXP 	triangle5: borderColor = <psychopy.colors.Color: (-0.58, -0.58, -0.58, 1.0)>
1.1927 	EXP 	triangle6: borderColor = <psychopy.colors.Color: (-0.79, -0.79, -0.79, 1.0)>
1.1927 	EXP 	triangle7: borderColor = <psychopy.colors.Color: (-0.58, -0.58, -0.58, 1.0)>
1.2088 	EXP 	triangle0: borderColor = <psychopy.colors.Color: (-0.26, -0.26, -0.26, 1.0)>
1.2088 	EXP 	triangle1: borderColor = <psychopy.colors.Color: (-0.3, -0.3, -0.3, 1.0)>
1.2088 	EXP 	triangle2: borderColor = <psychopy.colors.Color: (-0.71, -0.71, -0.71, 1.0)>
1.2088 	EXP 	triangle3: borderColor = <psychopy.colors.Color: (-0.74, -0.74, -0.74, 1.0)>
1.2088 	EXP 	triangle4: borderColor = <psychopy.colors.Color: (-0.33, -0.33, -0.33, 1.0)>
1.2088 	EXP 	triangle5: borderColor = <psychopy.colors.Color: (-0.95, -0.95, -0.95, 1.0)>
1.2088 	EXP 	triangle6: borderColor = <psychopy.colors.Color: (-0.39, -0.39, -0.39, 1.0)>
1.2088 	EXP 	triangle7: borderColor = <psychopy.colors.Color: (-0.1, -0.1, -0.1, 1.0)>
1.2271 	EXP 	triangle0: borderColor = <psychopy.colors.Color: (-0.51, -0.51, -0.51, 1.0)>
1.2271 	EXP 	triangle1: borderColor = <psychopy.colors.Color: (-0.28, -0.28, -0.28, 1.0)>
1.2271 	EXP 	triangle2: borderColor = <psychopy.colors.Color: (-0.58, -0.58, -0.58, 1.0)>
1.2271 	EXP 	triangle3: borderColor = <psychopy.colors.Color: (-0.64, -0.64, -0.64, 1.0)>
1.2271 	EXP 	triangle4: borderColor = <psychopy.colors.Color: (-0.48, -0.48, -0.48, 1.0)>
1.2271 	EXP 	triangle5: borderColor = <psychopy.colors.Color: (-0.9, -0.9, -0.9, 1.0)>
1.2271 	EXP 	triangle6: borderColor = <psychopy.colors.Color: (-0.46, -0.46, -0.46, 1.0)>
1.2271 	EXP 	triangle7: borderColor = <psychopy.colors.Color: (-0.96, -0.96, -0.96, 1.0)>
1.2436 	EXP 	triangle0: borderColor = <psychopy.colors.Color: (-0.09, -0.09, -0.09, 1.0)>
1.2436 	EXP 	triangle1: borderColor = <psychopy.colors.Color: (-0.59, -0.59, -0.59, 1.0)>
1.2436 	EXP 	triangle2: borderColor = <psychopy.colors.Color: (-0.33, -0.33, -0.33, 1.0)>
1.2436 	EXP 	triangle3: borderColor = <psychopy.colors.Color: (-0.41, -0.41, -0.41, 1.0)>
1.2436 	EXP 	triangle4: borderColor = <psychopy.colors.Color: (-0.89, -0.89, -0.89, 1.0)>
1.2436 	EXP 	triangle5: borderColor = <psychopy.colors.Color: (-0.68, -0.68, -0.68, 1.0)>
1.2436 	EXP 	triangle6: borderColor = <psychopy.colors.Color: (-0.33, -0.33, -0.33, 1.0)>
1.2436 	EXP 	triangle7: borderColor = <psychopy.colors.Color: (-0.15, -0.15, -0.15, 1.0)>
1.2604 	EXP 	triangle0: borderColor = <psychopy.colors.Color: (-0.18, -0.18, -0.18, 1.0)>
1.2604 	EXP 	triangle1: borderColor = <psychopy.colors.Color: (-0.35, -0.35, -0.35, 1.0)>
1.2604 	EXP 	triangle2: borderColor = <psychopy.colors.Color: (-0.72, -0.72, -0.72, 1.0)>
1.2604 	EXP 	triangle3: borderColor = <psychopy.colors.Color: (-0.26, -0.26, -0.26, 1.0)>
1.2604 	EXP 	triangle4: borderColor = <psychopy.colors.Color: (-0.48, -0.48, -0.48, 1.0)>
1.2604 	EXP 	triangle5: borderColor = <psychopy.colors.Color: (-0.36, -0.36, -0.36, 1.0)>
1.2604 	EXP 	triangle6: borderColor = <psychopy.colors.Color: (-0.66, -0.66, -0.66, 1.0)>
1.2604 	EXP 	triangle7: borderColor = <psychopy.colors.Color: (-0.28, -0.28, -0.28, 1.0)>
1.2762 	EXP 	triangle0: borderColor = <psychopy.colors.Color: (-0.34, -0.34, -0.34, 1.0)>
1.2762 	EXP 	triangle1: borderColor = <psychopy.colors.Color: (-0.7, -0.7, -0.7, 1.0)>
1.2762 	EXP 	triangle2: borderColor = <psychopy.colors.Color: (-0.85, -0.85, -0.85, 1.0)>
1.2762 	EXP 	triangle3: borderColor = <psychopy.colors.Color: (-0.38, -0.38, -0.38, 1.0)>
1.2762 	EXP 	triangle4: borderColor = <psychopy.colors.Color: (-0.8, -0.8, -0.8, 1.0)>
1.2762 	EXP 	triangle5: borderColor = <psychopy.colors.Color: (-0.53, -0.53, -0.53, 1.0)>
1.2762 	EXP 	triangle6: borderColor = <psychopy.colors.Color: (-0.03, -0.03, -0.03, 1.0)>
1.2762 	EXP 	triangle7: borderColor = <psychopy.colors.Color: (-0.35, -0.35, -0.35, 1.0)>
1.2923 	EXP 	triangle0: borderColor = <psychopy.colors.Color: (-0.33, -0.33, -0.33, 1.0)>
1.2923 	EXP 	triangle1: borderColor = <psychopy.colors.Color: (-0.46, -0.46, -0.46, 1.0)>
1.2923 	EXP 	triangle2: borderColor = <psychopy.colors.Color: (-0.52, -0.52, -0.52, 1.0)>
1.2923 	EXP 	triangle3: borderColor = <psychopy.colors.Color: (-0.78, -0.78, -0.78, 1.0)>
1.2923 	EXP 	triangle4: borderColor = <psychopy.colors.Color: (-0.74, -0.74, -0.74, 1.0)>
1.2923 	EXP 	triangle5: borderColor = <psychopy.colors.Color: (-0.6, -0.6, -0.6, 1.0)>
1.2923 	EXP 	triangle6: borderColor = <psychopy.colors.Color: (-0.14, -0.14, -0.14, 1.0)>
1.2923 	EXP 	triangle7: borderColor = <psychopy.colors.Color: (-0.49, -0.49, -0.49, 1.0)>
1.3103 	EXP 	triangle0: borderColor = <psychopy.colors.Color: (-0.18, -0.18, -0.18, 1.0)>
1.3103 	EXP 	triangle1: borderColor = <psychopy.colors.Color: (-0.49, -0.49, -0.49, 1.0)>
1.3103 	EXP 	triangle2: borderColor = <psychopy.colors.Color: (-0.57, -0.57, -0.57, 1.0)>
1.3103 	EXP 	triangle3: borderColor = <psychopy.colors.Color: (-0.08, -0.08, -0.08, 1.0)>
1.3103 	EXP 	triangle4: borderColor = <psychopy.colors.Color: (-0.6, -0.6, -0.6, 1.0)>
1.3103 	EXP 	triangle5: borderColor = <psychopy.colors.Color: (-0.52, -0.52, -0.52, 1.0)>
1.3103 	EXP 	triangle6: borderColor = <psychopy.colors.Color: (-0.76, -0.76, -0.76, 1.0)>
1.3103 	EXP 	triangle7: borderColor = <psychopy.colors.Color: (-0.03, -0.03, -0.03, 1.0)>
1.3197 	DATA 	Keypress: escape
1.3272 	EXP 	triangle0: borderColor = <psychopy.colors.Color: (-0.96, -0.96, -0.96, 1.0)>
1.3272 	EXP 	triangle1: borderColor = <psychopy.colors.Color: (-0.51, -0.51, -0.51, 1.0)>
1.3272 	EXP 	triangle2: borderColor = <psychopy.colors.Color: (-0.08, -0.08, -0.08, 1.0)>
1.3272 	EXP 	triangle3: borderColor = <psychopy.colors.Color: (-0.44, -0.44, -0.44, 1.0)>
1.3272 	EXP 	triangle4: borderColor = <psychopy.colors.Color: (-0.79, -0.79, -0.79, 1.0)>
1.3272 	EXP 	triangle5: borderColor = <psychopy.colors.Color: (-0.53, -0.53, -0.53, 1.0)>
1.3272 	EXP 	triangle6: borderColor = <psychopy.colors.Color: (-0.91, -0.91, -0.91, 1.0)>
1.3272 	EXP 	triangle7: borderColor = <psychopy.colors.Color: (-0.78, -0.78, -0.78, 1.0)>
1.3430 	EXP 	triangle0: borderColor = <psychopy.colors.Color: (-0.75, -0.75, -0.75, 1.0)>
1.3430 	EXP 	triangle1: borderColor = <psychopy.colors.Color: (-0.68, -0.68, -0.68, 1.0)>
1.3430 	EXP 	triangle2: borderColor = <psychopy.colors.Color: (-0.91, -0.91, -0.91, 1.0)>
1.3430 	EXP 	triangle3: borderColor = <psychopy.colors.Color: (-0.4, -0.4, -0.4, 1.0)>
1.3430 	EXP 	triangle4: borderColor = <psychopy.colors.Color: (-0.64, -0.64, -0.64, 1.0)>
1.3430 	EXP 	triangle5: borderColor = <psychopy.colors.Color: (-0.05, -0.05, -0.05, 1.0)>
1.3430 	EXP 	triangle6: borderColor = <psychopy.colors.Color: (-0.35, -0.35, -0.35, 1.0)>
1.3430 	EXP 	triangle7: borderColor = <psychopy.colors.Color: (-0.86, -0.86, -0.86, 1.0)>
1.3604 	EXP 	triangle0: borderColor = <psychopy.colors.Color: (-0.26, -0.26, -0.26, 1.0)>
1.3604 	EXP 	triangle1: borderColor = <psychopy.colors.Color: (-0.19, -0.19, -0.19, 1.0)>
1.3604 	EXP 	triangle2: borderColor = <psychopy.colors.Color: (-0.59, -0.59, -0.59, 1.0)>
1.3604 	EXP 	triangle3: borderColor = <psychopy.colors.Color: (-0.51, -0.51, -0.51, 1.0)>
1.3604 	EXP 	triangle4: borderColor = <psychopy.colors.Color: (-0.89, -0.89, -0.89, 1.0)>
1.3604 	EXP 	triangle5: borderColor = <psychopy.colors.Color: (-0.59, -0.59, -0.59, 1.0)>
1.3604 	EXP 	triangle6: borderColor = <psychopy.colors.Color: (-0.17, -0.17, -0.17, 1.0)>
1.3604 	EXP 	triangle7: borderColor = <psychopy.colors.Color: (-0.31, -0.31, -0.31, 1.0)>
1.3757 	EXP 	triangle0: borderColor = <psychopy.colors.Color: (-0.8, -0.8, -0.8, 1.0)>
1.3757 	EXP 	triangle1: borderColor = <psychopy.colors.Color: (-0.77, -0.77, -0.77, 1.0)>
1.3757 	EXP 	triangle2: borderColor = <psychopy.colors.Color: (-0.44, -0.44, -0.44, 1.0)>
1.3757 	EXP 	triangle3: borderColor = <psychopy.colors.Color: (-0.93, -0.93, -0.93, 1.0)>
1.3757 	EXP 	triangle4: borderColor = <psychopy.colors.Color: (-0.37, -0.37, -0.37, 1.0)>
1.3757 	EXP 	triangle5: borderColor = <psychopy.colors.Color: (-0.9, -0.9, -0.9, 1.0)>
1.3757 	EXP 	triangle6: borderColor = <psychopy.colors.Color: (-0.16, -0.16, -0.16, 1.0)>
1.3757 	EXP 	triangle7: borderColor = <psychopy.colors.Color: (-0.49, -0.49, -0.49, 1.0)>
1.3924 	EXP 	triangle0: borderColor = <psychopy.colors.Color: (-0.85, -0.85, -0.85, 1.0)>
1.3924 	EXP 	triangle1: borderColor = <psychopy.colors.Color: (-0.63, -0.63, -0.63, 1.0)>
1.3924 	EXP 	triangle2: borderColor = <psychopy.colors.Color: (-0.6, -0.6, -0.6, 1.0)>
1.3924 	EXP 	triangle3: borderColor = <psychopy.colors.Color: (-0.09, -0.09, -0.09, 1.0)>
1.3924 	EXP 	triangle4: borderColor = <psychopy.colors.Color: (-0.53, -0.53, -0.53, 1.0)>
1.3924 	EXP 	triangle5: borderColor = <psychopy.colors.Color: (-0.14, -0.14, -0.14, 1.0)>
1.3924 	EXP 	triangle6: borderColor = <psychopy.colors.Color: (-0.38, -0.38, -0.38, 1.0)>
1.3924 	EXP 	triangle7: borderColor = <psychopy.colors.Color: (-0.76, -0.76, -0.76, 1.0)>
1.4091 	EXP 	triangle0: borderColor = <psychopy.colors.Color: (-0.4, -0.4, -0.4, 1.0)>
1.4091 	EXP 	triangle1: borderColor = <psychopy.colors.Color: (-0.57, -0.57, -0.57, 1.0)>
1.4091 	EXP 	triangle2: borderColor = <psychopy.colors.Color: (-0.23, -0.23, -0.23, 1.0)>
1.4091 	EXP 	triangle3: borderColor = <psychopy.colors.Color: (-0.87, -0.87, -0.87, 1.0)>
1.4091 	EXP 	triangle4: borderColor = <psychopy.colors.Color: (-0.89, -0.89, -0.89, 1.0)>
1.4091 	EXP 	triangle5: borderColor = <psychopy.colors.Color: (-0.57, -0.57, -0.57, 1.0)>
1.4091 	EXP 	triangle6: borderColor = <psychopy.colors.Color: (-0.17, -0.17, -0.17, 1.0)>
1.4091 	EXP 	triangle7: borderColor = <psychopy.colors.Color: (-0.08, -0.08, -0.08, 1.0)>
1.4257 	EXP 	triangle0: borderColor = <psychopy.colors.Color: (-0.01, -0.01, -0.01, 1.0)>
1.4257 	EXP 	triangle1: borderColor = <psychopy.colors.Color: (-0.11, -0.11, -0.11, 1.0)>
1.4257 	EXP 	triangle2: borderColor = <psychopy.colors.Color: (-0.04, -0.04, -0.04, 1.0)>
1.4257 	EXP 	triangle3: borderColor = <psychopy.colors.Color: (-0.95, -0.95, -0.95, 1.0)>
1.4257 	EXP 	triangle4: borderColor = <psychopy.colors.Color: (-0.9, -0.9, -0.9, 1.0)>
1.4257 	EXP 	triangle5: borderColor = <psychopy.colors.Color: (-0.66, -0.66, -0.66, 1.0)>
1.4257 	EXP 	triangle6: borderColor = <psychopy.colors.Color: (-0.99, -0.99, -0.99, 1.0)>
1.4257 	EXP 	triangle7: borderColor = <psychopy.colors.Color: (-0.21, -0.21, -0.21, 1.0)>
1.4434 	EXP 	triangle0: borderColor = <psychopy.colors.Color: (-0.27, -0.27, -0.27, 1.0)>
1.4434 	EXP 	triangle1: borderColor = <psychopy.colors.Color: (-0.26, -0.26, -0.26, 1.0)>
1.4434 	EXP 	triangle2: borderColor = <psychopy.colors.Color: (-0.34, -0.34, -0.34, 1.0)>
1.4434 	EXP 	triangle3: borderColor = <psychopy.colors.Color: (-0.69, -0.69, -0.69, 1.0)>
1.4434 	EXP 	triangle4: borderColor = <psychopy.colors.Color: (-0.08, -0.08, -0.08, 1.0)>
1.4434 	EXP 	triangle5: borderColor = <psychopy.colors.Color: (-0.34, -0.34, -0.34, 1.0)>
1.4434 	EXP 	triangle6: borderColor = <psychopy.colors.Color: (-0.7, -0.7, -0.7, 1.0)>
1.4434 	EXP 	triangle7: borderColor = <psychopy.colors.Color: (-0.05, -0.05, -0.05, 1.0)>
1.4476 	EXP 	seizuremachine: status = STOPPED
1.4590 	EXP 	triangle0: borderColor = <psychopy.colors.Color: (-0.22, -0.22, -0.22, 1.0)>
1.4590 	EXP 	triangle1: borderColor = <psychopy.colors.Color: (-0.2, -0.2, -0.2, 1.0)>
1.4590 	EXP 	triangle2: borderColor = <psychopy.colors.Color: (-0.31, -0.31, -0.31, 1.0)>
1.4590 	EXP 	triangle3: borderColor = <psychopy.colors.Color: (-0.24, -0.24, -0.24, 1.0)>
1.4590 	EXP 	triangle4: borderColor = <psychopy.colors.Color: (-0.13, -0.13, -0.13, 1.0)>
1.4590 	EXP 	triangle5: borderColor = <psychopy.colors.Color: (-0.29, -0.29, -0.29, 1.0)>
1.4590 	EXP 	triangle6: borderColor = <psychopy.colors.Color: (-0.4, -0.4, -0.4, 1.0)>
1.4590 	EXP 	triangle7: borderColor = <psychopy.colors.Color: (-0.2, -0.2, -0.2, 1.0)>
1.4590 	EXP 	triangle0: autoDraw = False
1.4590 	EXP 	triangle1: autoDraw = False
1.4590 	EXP 	triangle2: autoDraw = False
1.4590 	EXP 	triangle3: autoDraw = False
1.4590 	EXP 	triangle4: autoDraw = False
1.4590 	EXP 	triangle5: autoDraw = False
1.4590 	EXP 	triangle6: autoDraw = False
1.4590 	EXP 	triangle7: autoDraw = False
1.4590 	EXP 	cursor: autoDraw = False
1.4591 	EXP 	seizuremachine: status = STOPPED
1.4796 	INFO 	saved data to 'C:\\Users\\legions\\Documents\\Davis\\Neurotech Club\\NeuroVision\\data/786717_seizuremachine_2025-01-31_16h55.13.267.csv'
1.4805 	INFO 	saved data to C:\Users\legions\Documents\Davis\Neurotech Club\NeuroVision\data/786717_seizuremachine_2025-01-31_16h55.13.267.psydat
