6.2228 	INFO 	Loaded monitor calibration from ['2025_01_16 16:08']
6.5683 	EXP 	Created window1 = Window(allowGUI=False, allowStencil=False, autoLog=True, backendConf=UNKNOWN, backgroundFit=<method-wrapper '__getattribute__' of attributeSetter object at 0x000001E6FAC52260>, backgroundImage=<method-wrapper '__getattribute__' of attributeSetter object at 0x000001E6FAC522C0>, bitsMode=UNKNOWN, blendMode='avg', bpc=(8, 8, 8), color=array([-1, -1, -1]), colorSpace='rgb', depthBits=8, fullscr=False, gamma=None, gammaErrorPolicy='raise', infoMsg=UNKNOWN, lms=UNKNOWN, monitor=<psychopy.monitors.calibTools.Monitor object at 0x000001E6FAD12680>, multiSample=False, name='window1', numSamples=2, pos=[880.0, 400.0], screen=0, size=array([800, 800]), stencilBits=0, stereo=False, title='PsychoPy', units='height', useFBO=True, useRetina=False, viewOri=0.0, viewPos=None, viewScale=None, waitBlanking=True, winType='pyglet')
6.5684 	EXP 	window1: backgroundImage = ''
6.5684 	EXP 	window1: backgroundFit = 'none'
6.6174 	EXP 	window1: Attempting to measure frame rate of screen (0) ...
6.6175 	EXP 	window1: recordFrameIntervals = False
6.8026 	EXP 	window1: recordFrameIntervals = True
6.9836 	EXP 	Screen (0) actual frame rate measured at 60.55Hz
6.9836 	EXP 	window1: recordFrameIntervals = False
6.9903 	WARNING 	launchHubServer: If using the iohub mouse or eyetracker devices, fullScr should be True.
10.0916 	INFO 	keyboard.Keyboard is using iohub backend.
10.0916 	EXP 	seizuremachine: status = STARTED
10.0944 	EXP 	Created triangle1 = ShapeStim(__class__=<class 'psychopy.visual.shape.ShapeStim'>, anchor=('center', 'center'), autoDraw=False, autoLog=True, closeShape=True, color=method-wrapper(...), colorSpace='rgb', contrast=None, depth=-2.0, draggable=True, fillColor=array([1, 1, 1]), fillColorSpace='rgb', fillRGB=array([1, 1, 1]), interpolate=True, lineColor=array([1., 1., 1.]), lineColorSpace='rgb', lineRGB=array([1, 1, 1]), lineWidth=1.0, name='triangle1', opacity=1, ori=0.0, pos=array([0., 0.]), size=array([2., 2.]), units='height', vertices=ndarray(...), win=Window(...), windingRule=None)
10.0959 	EXP 	Created triangle2 = ShapeStim(__class__=<class 'psychopy.visual.shape.ShapeStim'>, anchor=('center', 'center'), autoDraw=False, autoLog=True, closeShape=True, color=method-wrapper(...), colorSpace='rgb', contrast=None, depth=-3.0, draggable=True, fillColor=array([1, 1, 1]), fillColorSpace='rgb', fillRGB=array([1, 1, 1]), interpolate=True, lineColor=array([1., 1., 1.]), lineColorSpace='rgb', lineRGB=array([1, 1, 1]), lineWidth=1.0, name='triangle2', opacity=1, ori=45.0, pos=array([0., 0.]), size=array([2., 2.]), units='height', vertices=ndarray(...), win=Window(...), windingRule=None)
10.0973 	EXP 	Created triangle3 = ShapeStim(__class__=<class 'psychopy.visual.shape.ShapeStim'>, anchor=('center', 'center'), autoDraw=False, autoLog=True, closeShape=True, color=method-wrapper(...), colorSpace='rgb', contrast=None, depth=-4.0, draggable=True, fillColor=array([1, 1, 1]), fillColorSpace='rgb', fillRGB=array([1, 1, 1]), interpolate=True, lineColor=array([1., 1., 1.]), lineColorSpace='rgb', lineRGB=array([1, 1, 1]), lineWidth=1.0, name='triangle3', opacity=1, ori=90.0, pos=array([0., 0.]), size=array([2., 2.]), units='height', vertices=ndarray(...), win=Window(...), windingRule=None)
10.0986 	EXP 	Created triangle4 = ShapeStim(__class__=<class 'psychopy.visual.shape.ShapeStim'>, anchor=('center', 'center'), autoDraw=False, autoLog=True, closeShape=True, color=method-wrapper(...), colorSpace='rgb', contrast=None, depth=-5.0, draggable=True, fillColor=array([1, 1, 1]), fillColorSpace='rgb', fillRGB=array([1, 1, 1]), interpolate=True, lineColor=array([1., 1., 1.]), lineColorSpace='rgb', lineRGB=array([1, 1, 1]), lineWidth=1.0, name='triangle4', opacity=1, ori=135.0, pos=array([0., 0.]), size=array([2., 2.]), units='height', vertices=ndarray(...), win=Window(...), windingRule=None)
10.0999 	EXP 	Created triangle5 = ShapeStim(__class__=<class 'psychopy.visual.shape.ShapeStim'>, anchor=('center', 'center'), autoDraw=False, autoLog=True, closeShape=True, color=method-wrapper(...), colorSpace='rgb', contrast=None, depth=-6.0, draggable=True, fillColor=array([1, 1, 1]), fillColorSpace='rgb', fillRGB=array([1, 1, 1]), interpolate=True, lineColor=array([1., 1., 1.]), lineColorSpace='rgb', lineRGB=array([1, 1, 1]), lineWidth=1.0, name='triangle5', opacity=1, ori=180.0, pos=array([0., 0.]), size=array([2., 2.]), units='height', vertices=ndarray(...), win=Window(...), windingRule=None)
10.1013 	EXP 	Created triangle6 = ShapeStim(__class__=<class 'psychopy.visual.shape.ShapeStim'>, anchor=('center', 'center'), autoDraw=False, autoLog=True, closeShape=True, color=method-wrapper(...), colorSpace='rgb', contrast=None, depth=-7.0, draggable=True, fillColor=array([1, 1, 1]), fillColorSpace='rgb', fillRGB=array([1, 1, 1]), interpolate=True, lineColor=array([1., 1., 1.]), lineColorSpace='rgb', lineRGB=array([1, 1, 1]), lineWidth=1.0, name='triangle6', opacity=1, ori=225.0, pos=array([0., 0.]), size=array([2., 2.]), units='height', vertices=ndarray(...), win=Window(...), windingRule=None)
10.1033 	EXP 	Created triangle7 = ShapeStim(__class__=<class 'psychopy.visual.shape.ShapeStim'>, anchor=('center', 'center'), autoDraw=False, autoLog=True, closeShape=True, color=method-wrapper(...), colorSpace='rgb', contrast=None, depth=-8.0, draggable=True, fillColor=array([1, 1, 1]), fillColorSpace='rgb', fillRGB=array([1, 1, 1]), interpolate=True, lineColor=array([1., 1., 1.]), lineColorSpace='rgb', lineRGB=array([1, 1, 1]), lineWidth=1.0, name='triangle7', opacity=1, ori=270.0, pos=array([0., 0.]), size=array([2., 2.]), units='height', vertices=ndarray(...), win=Window(...), windingRule=None)
10.1047 	EXP 	Created triangle8 = ShapeStim(__class__=<class 'psychopy.visual.shape.ShapeStim'>, anchor=('center', 'center'), autoDraw=False, autoLog=True, closeShape=True, color=method-wrapper(...), colorSpace='rgb', contrast=None, depth=-9.0, draggable=True, fillColor=array([1, 1, 1]), fillColorSpace='rgb', fillRGB=array([1, 1, 1]), interpolate=True, lineColor=array([1., 1., 1.]), lineColorSpace='rgb', lineRGB=array([1, 1, 1]), lineWidth=1.0, name='triangle8', opacity=1, ori=315.0, pos=array([0., 0.]), size=array([2., 2.]), units='height', vertices=ndarray(...), win=Window(...), windingRule=None)
10.1076 	EXP 	Created cursor = ShapeStim(__class__=<class 'psychopy.visual.shape.ShapeStim'>, anchor=('center', 'center'), autoDraw=False, autoLog=True, closeShape=True, color=method-wrapper(...), colorSpace='rgb', contrast=None, depth=-99.0, draggable=False, fillColor=array([ 1., -1., -1.]), fillColorSpace='rgb', fillRGB=array([ 1., -1., -1.]), interpolate=True, lineColor=array([ 1., -1., -1.]), lineColorSpace='rgb', lineRGB=array([ 1., -1., -1.]), lineWidth=1.0, name='cursor', opacity=1, ori=0.0, pos=array([0., 0.]), size=array([0.0125, 0.0125]), units='height', vertices=ndarray(...), win=Window(...), windingRule=None)
10.1102 	EXP 	Created target0 = ShapeStim(__class__=<class 'psychopy.visual.shape.ShapeStim'>, anchor=('center', 'center'), autoDraw=False, autoLog=True, closeShape=True, color=method-wrapper(...), colorSpace='rgb', contrast=None, depth=-10, draggable=False, fillColor=array([-1,  1,  0]), fillColorSpace='rgb', fillRGB=array([-1,  1,  0]), interpolate=True, lineColor=array([-1.,  1.,  0.]), lineColorSpace='rgb', lineRGB=array([-1,  1,  0]), lineWidth=1.0, name='target0', opacity=1, ori=0.0, pos=array([0., 0.]), size=array([0.1, 0.1]), units='height', vertices=ndarray(...), win=Window(...), windingRule=None)
10.1127 	EXP 	Created target1 = ShapeStim(__class__=<class 'psychopy.visual.shape.ShapeStim'>, anchor=('center', 'center'), autoDraw=False, autoLog=True, closeShape=True, color=method-wrapper(...), colorSpace='rgb', contrast=None, depth=-10, draggable=False, fillColor=array([-1,  1,  0]), fillColorSpace='rgb', fillRGB=array([-1,  1,  0]), interpolate=True, lineColor=array([-1.,  1.,  0.]), lineColorSpace='rgb', lineRGB=array([-1,  1,  0]), lineWidth=1.0, name='target1', opacity=1, ori=0.0, pos=array([0.125, 0.125]), size=array([0.1, 0.1]), units='height', vertices=ndarray(...), win=Window(...), windingRule=None)
10.1154 	EXP 	Created target2 = ShapeStim(__class__=<class 'psychopy.visual.shape.ShapeStim'>, anchor=('center', 'center'), autoDraw=False, autoLog=True, closeShape=True, color=method-wrapper(...), colorSpace='rgb', contrast=None, depth=-10, draggable=False, fillColor=array([-1,  1,  0]), fillColorSpace='rgb', fillRGB=array([-1,  1,  0]), interpolate=True, lineColor=array([-1.,  1.,  0.]), lineColorSpace='rgb', lineRGB=array([-1,  1,  0]), lineWidth=1.0, name='target2', opacity=1, ori=0.0, pos=array([0.25, 0.25]), size=array([0.1, 0.1]), units='height', vertices=ndarray(...), win=Window(...), windingRule=None)
10.1184 	EXP 	Created target3 = ShapeStim(__class__=<class 'psychopy.visual.shape.ShapeStim'>, anchor=('center', 'center'), autoDraw=False, autoLog=True, closeShape=True, color=method-wrapper(...), colorSpace='rgb', contrast=None, depth=-10, draggable=False, fillColor=array([-1,  1,  0]), fillColorSpace='rgb', fillRGB=array([-1,  1,  0]), interpolate=True, lineColor=array([-1.,  1.,  0.]), lineColorSpace='rgb', lineRGB=array([-1,  1,  0]), lineWidth=1.0, name='target3', opacity=1, ori=0.0, pos=array([0.375, 0.375]), size=array([0.1, 0.1]), units='height', vertices=ndarray(...), win=Window(...), windingRule=None)
10.1214 	EXP 	Created target4 = ShapeStim(__class__=<class 'psychopy.visual.shape.ShapeStim'>, anchor=('center', 'center'), autoDraw=False, autoLog=True, closeShape=True, color=method-wrapper(...), colorSpace='rgb', contrast=None, depth=-10, draggable=False, fillColor=array([-1,  1,  0]), fillColorSpace='rgb', fillRGB=array([-1,  1,  0]), interpolate=True, lineColor=array([-1.,  1.,  0.]), lineColorSpace='rgb', lineRGB=array([-1,  1,  0]), lineWidth=1.0, name='target4', opacity=1, ori=0.0, pos=array([0.5, 0.5]), size=array([0.1, 0.1]), units='height', vertices=ndarray(...), win=Window(...), windingRule=None)
10.1241 	EXP 	Created target5 = ShapeStim(__class__=<class 'psychopy.visual.shape.ShapeStim'>, anchor=('center', 'center'), autoDraw=False, autoLog=True, closeShape=True, color=method-wrapper(...), colorSpace='rgb', contrast=None, depth=-10, draggable=False, fillColor=array([-1,  1,  0]), fillColorSpace='rgb', fillRGB=array([-1,  1,  0]), interpolate=True, lineColor=array([-1.,  1.,  0.]), lineColorSpace='rgb', lineRGB=array([-1,  1,  0]), lineWidth=1.0, name='target5', opacity=1, ori=0.0, pos=array([0.625, 0.625]), size=array([0.1, 0.1]), units='height', vertices=ndarray(...), win=Window(...), windingRule=None)
10.1267 	EXP 	Created target6 = ShapeStim(__class__=<class 'psychopy.visual.shape.ShapeStim'>, anchor=('center', 'center'), autoDraw=False, autoLog=True, closeShape=True, color=method-wrapper(...), colorSpace='rgb', contrast=None, depth=-10, draggable=False, fillColor=array([-1,  1,  0]), fillColorSpace='rgb', fillRGB=array([-1,  1,  0]), interpolate=True, lineColor=array([-1.,  1.,  0.]), lineColorSpace='rgb', lineRGB=array([-1,  1,  0]), lineWidth=1.0, name='target6', opacity=1, ori=0.0, pos=array([0.75, 0.75]), size=array([0.1, 0.1]), units='height', vertices=ndarray(...), win=Window(...), windingRule=None)
10.1295 	EXP 	Created target7 = ShapeStim(__class__=<class 'psychopy.visual.shape.ShapeStim'>, anchor=('center', 'center'), autoDraw=False, autoLog=True, closeShape=True, color=method-wrapper(...), colorSpace='rgb', contrast=None, depth=-10, draggable=False, fillColor=array([-1,  1,  0]), fillColorSpace='rgb', fillRGB=array([-1,  1,  0]), interpolate=True, lineColor=array([-1.,  1.,  0.]), lineColorSpace='rgb', lineRGB=array([-1,  1,  0]), lineWidth=1.0, name='target7', opacity=1, ori=0.0, pos=array([0.875, 0.875]), size=array([0.1, 0.1]), units='height', vertices=ndarray(...), win=Window(...), windingRule=None)
0.0213 	EXP 	triangle1: autoDraw = True
0.0213 	EXP 	triangle2: autoDraw = True
0.0213 	EXP 	triangle3: autoDraw = True
0.0213 	EXP 	triangle4: autoDraw = True
0.0213 	EXP 	triangle5: autoDraw = True
0.0213 	EXP 	triangle6: autoDraw = True
0.0213 	EXP 	triangle7: autoDraw = True
0.0213 	EXP 	triangle8: autoDraw = True
0.0213 	EXP 	cursor: autoDraw = True
0.0377 	EXP 	triangle1: borderColor = <psychopy.colors.Color: (-0.33, -0.33, -0.33, 1.0)>
0.0377 	EXP 	triangle2: borderColor = <psychopy.colors.Color: (-0.3, -0.3, -0.3, 1.0)>
0.0377 	EXP 	triangle3: borderColor = <psychopy.colors.Color: (-0.01, -0.01, -0.01, 1.0)>
0.0377 	EXP 	triangle4: borderColor = <psychopy.colors.Color: (-0.18, -0.18, -0.18, 1.0)>
0.0377 	EXP 	triangle5: borderColor = <psychopy.colors.Color: (-0.23, -0.23, -0.23, 1.0)>
0.0377 	EXP 	triangle6: borderColor = <psychopy.colors.Color: (-0.65, -0.65, -0.65, 1.0)>
0.0377 	EXP 	triangle7: borderColor = <psychopy.colors.Color: (-0.59, -0.59, -0.59, 1.0)>
0.0377 	EXP 	triangle8: borderColor = <psychopy.colors.Color: (-0.56, -0.56, -0.56, 1.0)>
0.0546 	EXP 	triangle1: borderColor = <psychopy.colors.Color: (-0.42, -0.42, -0.42, 1.0)>
0.0546 	EXP 	triangle2: borderColor = <psychopy.colors.Color: (-0.07, -0.07, -0.07, 1.0)>
0.0546 	EXP 	triangle3: borderColor = <psychopy.colors.Color: (-0.47, -0.47, -0.47, 1.0)>
0.0546 	EXP 	triangle4: borderColor = <psychopy.colors.Color: (-0.27, -0.27, -0.27, 1.0)>
0.0546 	EXP 	triangle5: borderColor = <psychopy.colors.Color: (-0.71, -0.71, -0.71, 1.0)>
0.0546 	EXP 	triangle6: borderColor = <psychopy.colors.Color: (-0.12, -0.12, -0.12, 1.0)>
0.0546 	EXP 	triangle7: borderColor = <psychopy.colors.Color: (-0.93, -0.93, -0.93, 1.0)>
0.0546 	EXP 	triangle8: borderColor = <psychopy.colors.Color: (-0.79, -0.79, -0.79, 1.0)>
0.0706 	EXP 	triangle1: borderColor = <psychopy.colors.Color: (-0.65, -0.65, -0.65, 1.0)>
0.0706 	EXP 	triangle2: borderColor = <psychopy.colors.Color: (-0.98, -0.98, -0.98, 1.0)>
0.0706 	EXP 	triangle3: borderColor = <psychopy.colors.Color: (-0.72, -0.72, -0.72, 1.0)>
0.0706 	EXP 	triangle4: borderColor = <psychopy.colors.Color: (-0.81, -0.81, -0.81, 1.0)>
0.0706 	EXP 	triangle5: borderColor = <psychopy.colors.Color: (-0.23, -0.23, -0.23, 1.0)>
0.0706 	EXP 	triangle6: borderColor = <psychopy.colors.Color: (-0.81, -0.81, -0.81, 1.0)>
0.0706 	EXP 	triangle7: borderColor = <psychopy.colors.Color: (-0.75, -0.75, -0.75, 1.0)>
0.0706 	EXP 	triangle8: borderColor = <psychopy.colors.Color: (-0.53, -0.53, -0.53, 1.0)>
0.0876 	EXP 	triangle1: borderColor = <psychopy.colors.Color: (-0.34, -0.34, -0.34, 1.0)>
0.0876 	EXP 	triangle2: borderColor = <psychopy.colors.Color: (-0.32, -0.32, -0.32, 1.0)>
0.0876 	EXP 	triangle3: borderColor = <psychopy.colors.Color: (-0.71, -0.71, -0.71, 1.0)>
0.0876 	EXP 	triangle4: borderColor = <psychopy.colors.Color: (-0.95, -0.95, -0.95, 1.0)>
0.0876 	EXP 	triangle5: borderColor = <psychopy.colors.Color: (-0.3, -0.3, -0.3, 1.0)>
0.0876 	EXP 	triangle6: borderColor = <psychopy.colors.Color: (-0.11, -0.11, -0.11, 1.0)>
0.0876 	EXP 	triangle7: borderColor = <psychopy.colors.Color: (-0.35, -0.35, -0.35, 1.0)>
0.0876 	EXP 	triangle8: borderColor = <psychopy.colors.Color: (-0.74, -0.74, -0.74, 1.0)>
0.1040 	EXP 	triangle1: borderColor = <psychopy.colors.Color: (-0.33, -0.33, -0.33, 1.0)>
0.1040 	EXP 	triangle2: borderColor = <psychopy.colors.Color: (-0.55, -0.55, -0.55, 1.0)>
0.1040 	EXP 	triangle3: borderColor = <psychopy.colors.Color: (-0.31, -0.31, -0.31, 1.0)>
0.1040 	EXP 	triangle4: borderColor = <psychopy.colors.Color: (-0.35, -0.35, -0.35, 1.0)>
0.1040 	EXP 	triangle5: borderColor = <psychopy.colors.Color: (-0.77, -0.77, -0.77, 1.0)>
0.1040 	EXP 	triangle6: borderColor = <psychopy.colors.Color: (-0.17, -0.17, -0.17, 1.0)>
0.1040 	EXP 	triangle7: borderColor = <psychopy.colors.Color: (-0.22, -0.22, -0.22, 1.0)>
0.1040 	EXP 	triangle8: borderColor = <psychopy.colors.Color: (-0.34, -0.34, -0.34, 1.0)>
0.1208 	EXP 	triangle1: borderColor = <psychopy.colors.Color: (-0.69, -0.69, -0.69, 1.0)>
0.1208 	EXP 	triangle2: borderColor = <psychopy.colors.Color: (-0.33, -0.33, -0.33, 1.0)>
0.1208 	EXP 	triangle3: borderColor = <psychopy.colors.Color: (-0.64, -0.64, -0.64, 1.0)>
0.1208 	EXP 	triangle4: borderColor = <psychopy.colors.Color: (-0.91, -0.91, -0.91, 1.0)>
0.1208 	EXP 	triangle5: borderColor = <psychopy.colors.Color: (-0.46, -0.46, -0.46, 1.0)>
0.1208 	EXP 	triangle6: borderColor = <psychopy.colors.Color: (-0.75, -0.75, -0.75, 1.0)>
0.1208 	EXP 	triangle7: borderColor = <psychopy.colors.Color: (-0.19, -0.19, -0.19, 1.0)>
0.1208 	EXP 	triangle8: borderColor = <psychopy.colors.Color: (-0.55, -0.55, -0.55, 1.0)>
0.1379 	EXP 	triangle1: borderColor = <psychopy.colors.Color: (-0.33, -0.33, -0.33, 1.0)>
0.1379 	EXP 	triangle2: borderColor = <psychopy.colors.Color: (-0.48, -0.48, -0.48, 1.0)>
0.1379 	EXP 	triangle3: borderColor = <psychopy.colors.Color: (-0.71, -0.71, -0.71, 1.0)>
0.1379 	EXP 	triangle4: borderColor = <psychopy.colors.Color: (-0.48, -0.48, -0.48, 1.0)>
0.1379 	EXP 	triangle5: borderColor = <psychopy.colors.Color: (-0.44, -0.44, -0.44, 1.0)>
0.1379 	EXP 	triangle6: borderColor = <psychopy.colors.Color: (-0.37, -0.37, -0.37, 1.0)>
0.1379 	EXP 	triangle7: borderColor = <psychopy.colors.Color: (-0.7, -0.7, -0.7, 1.0)>
0.1379 	EXP 	triangle8: borderColor = <psychopy.colors.Color: (-0.59, -0.59, -0.59, 1.0)>
0.1540 	EXP 	triangle1: borderColor = <psychopy.colors.Color: (-0.89, -0.89, -0.89, 1.0)>
0.1540 	EXP 	triangle2: borderColor = <psychopy.colors.Color: (-0.61, -0.61, -0.61, 1.0)>
0.1540 	EXP 	triangle3: borderColor = <psychopy.colors.Color: (-0.88, -0.88, -0.88, 1.0)>
0.1540 	EXP 	triangle4: borderColor = <psychopy.colors.Color: (-0.02, -0.02, -0.02, 1.0)>
0.1540 	EXP 	triangle5: borderColor = <psychopy.colors.Color: (-0.4, -0.4, -0.4, 1.0)>
0.1540 	EXP 	triangle6: borderColor = <psychopy.colors.Color: (-0.99, -0.99, -0.99, 1.0)>
0.1540 	EXP 	triangle7: borderColor = <psychopy.colors.Color: (-0.94, -0.94, -0.94, 1.0)>
0.1540 	EXP 	triangle8: borderColor = <psychopy.colors.Color: (-0.2, -0.2, -0.2, 1.0)>
0.1707 	EXP 	triangle1: borderColor = <psychopy.colors.Color: (-0.79, -0.79, -0.79, 1.0)>
0.1707 	EXP 	triangle2: borderColor = <psychopy.colors.Color: (-0.12, -0.12, -0.12, 1.0)>
0.1707 	EXP 	triangle3: borderColor = <psychopy.colors.Color: (-0.0, -0.0, -0.0, 1.0)>
0.1707 	EXP 	triangle4: borderColor = <psychopy.colors.Color: (-0.66, -0.66, -0.66, 1.0)>
0.1707 	EXP 	triangle5: borderColor = <psychopy.colors.Color: (-0.19, -0.19, -0.19, 1.0)>
0.1707 	EXP 	triangle6: borderColor = <psychopy.colors.Color: (-0.03, -0.03, -0.03, 1.0)>
0.1707 	EXP 	triangle7: borderColor = <psychopy.colors.Color: (-0.78, -0.78, -0.78, 1.0)>
0.1707 	EXP 	triangle8: borderColor = <psychopy.colors.Color: (-0.19, -0.19, -0.19, 1.0)>
0.1876 	EXP 	triangle1: borderColor = <psychopy.colors.Color: (-0.21, -0.21, -0.21, 1.0)>
0.1876 	EXP 	triangle2: borderColor = <psychopy.colors.Color: (-0.16, -0.16, -0.16, 1.0)>
0.1876 	EXP 	triangle3: borderColor = <psychopy.colors.Color: (-0.7, -0.7, -0.7, 1.0)>
0.1876 	EXP 	triangle4: borderColor = <psychopy.colors.Color: (-0.28, -0.28, -0.28, 1.0)>
0.1876 	EXP 	triangle5: borderColor = <psychopy.colors.Color: (-0.12, -0.12, -0.12, 1.0)>
0.1876 	EXP 	triangle6: borderColor = <psychopy.colors.Color: (-0.58, -0.58, -0.58, 1.0)>
0.1876 	EXP 	triangle7: borderColor = <psychopy.colors.Color: (-0.79, -0.79, -0.79, 1.0)>
0.1876 	EXP 	triangle8: borderColor = <psychopy.colors.Color: (-0.58, -0.58, -0.58, 1.0)>
0.2041 	EXP 	triangle1: borderColor = <psychopy.colors.Color: (-0.26, -0.26, -0.26, 1.0)>
0.2041 	EXP 	triangle2: borderColor = <psychopy.colors.Color: (-0.3, -0.3, -0.3, 1.0)>
0.2041 	EXP 	triangle3: borderColor = <psychopy.colors.Color: (-0.71, -0.71, -0.71, 1.0)>
0.2041 	EXP 	triangle4: borderColor = <psychopy.colors.Color: (-0.74, -0.74, -0.74, 1.0)>
0.2041 	EXP 	triangle5: borderColor = <psychopy.colors.Color: (-0.33, -0.33, -0.33, 1.0)>
0.2041 	EXP 	triangle6: borderColor = <psychopy.colors.Color: (-0.95, -0.95, -0.95, 1.0)>
0.2041 	EXP 	triangle7: borderColor = <psychopy.colors.Color: (-0.39, -0.39, -0.39, 1.0)>
0.2041 	EXP 	triangle8: borderColor = <psychopy.colors.Color: (-0.1, -0.1, -0.1, 1.0)>
0.2206 	EXP 	triangle1: borderColor = <psychopy.colors.Color: (-0.51, -0.51, -0.51, 1.0)>
0.2206 	EXP 	triangle2: borderColor = <psychopy.colors.Color: (-0.28, -0.28, -0.28, 1.0)>
0.2206 	EXP 	triangle3: borderColor = <psychopy.colors.Color: (-0.58, -0.58, -0.58, 1.0)>
0.2206 	EXP 	triangle4: borderColor = <psychopy.colors.Color: (-0.64, -0.64, -0.64, 1.0)>
0.2206 	EXP 	triangle5: borderColor = <psychopy.colors.Color: (-0.48, -0.48, -0.48, 1.0)>
0.2206 	EXP 	triangle6: borderColor = <psychopy.colors.Color: (-0.9, -0.9, -0.9, 1.0)>
0.2206 	EXP 	triangle7: borderColor = <psychopy.colors.Color: (-0.46, -0.46, -0.46, 1.0)>
0.2206 	EXP 	triangle8: borderColor = <psychopy.colors.Color: (-0.96, -0.96, -0.96, 1.0)>
0.2378 	EXP 	triangle1: borderColor = <psychopy.colors.Color: (-0.09, -0.09, -0.09, 1.0)>
0.2378 	EXP 	triangle2: borderColor = <psychopy.colors.Color: (-0.59, -0.59, -0.59, 1.0)>
0.2378 	EXP 	triangle3: borderColor = <psychopy.colors.Color: (-0.33, -0.33, -0.33, 1.0)>
0.2378 	EXP 	triangle4: borderColor = <psychopy.colors.Color: (-0.41, -0.41, -0.41, 1.0)>
0.2378 	EXP 	triangle5: borderColor = <psychopy.colors.Color: (-0.89, -0.89, -0.89, 1.0)>
0.2378 	EXP 	triangle6: borderColor = <psychopy.colors.Color: (-0.68, -0.68, -0.68, 1.0)>
0.2378 	EXP 	triangle7: borderColor = <psychopy.colors.Color: (-0.33, -0.33, -0.33, 1.0)>
0.2378 	EXP 	triangle8: borderColor = <psychopy.colors.Color: (-0.15, -0.15, -0.15, 1.0)>
0.2548 	EXP 	triangle1: borderColor = <psychopy.colors.Color: (-0.18, -0.18, -0.18, 1.0)>
0.2548 	EXP 	triangle2: borderColor = <psychopy.colors.Color: (-0.35, -0.35, -0.35, 1.0)>
0.2548 	EXP 	triangle3: borderColor = <psychopy.colors.Color: (-0.72, -0.72, -0.72, 1.0)>
0.2548 	EXP 	triangle4: borderColor = <psychopy.colors.Color: (-0.26, -0.26, -0.26, 1.0)>
0.2548 	EXP 	triangle5: borderColor = <psychopy.colors.Color: (-0.48, -0.48, -0.48, 1.0)>
0.2548 	EXP 	triangle6: borderColor = <psychopy.colors.Color: (-0.36, -0.36, -0.36, 1.0)>
0.2548 	EXP 	triangle7: borderColor = <psychopy.colors.Color: (-0.66, -0.66, -0.66, 1.0)>
0.2548 	EXP 	triangle8: borderColor = <psychopy.colors.Color: (-0.28, -0.28, -0.28, 1.0)>
0.2711 	EXP 	triangle1: borderColor = <psychopy.colors.Color: (-0.34, -0.34, -0.34, 1.0)>
0.2711 	EXP 	triangle2: borderColor = <psychopy.colors.Color: (-0.7, -0.7, -0.7, 1.0)>
0.2711 	EXP 	triangle3: borderColor = <psychopy.colors.Color: (-0.85, -0.85, -0.85, 1.0)>
0.2711 	EXP 	triangle4: borderColor = <psychopy.colors.Color: (-0.38, -0.38, -0.38, 1.0)>
0.2711 	EXP 	triangle5: borderColor = <psychopy.colors.Color: (-0.8, -0.8, -0.8, 1.0)>
0.2711 	EXP 	triangle6: borderColor = <psychopy.colors.Color: (-0.53, -0.53, -0.53, 1.0)>
0.2711 	EXP 	triangle7: borderColor = <psychopy.colors.Color: (-0.03, -0.03, -0.03, 1.0)>
0.2711 	EXP 	triangle8: borderColor = <psychopy.colors.Color: (-0.35, -0.35, -0.35, 1.0)>
0.2886 	EXP 	triangle1: borderColor = <psychopy.colors.Color: (-0.33, -0.33, -0.33, 1.0)>
0.2886 	EXP 	triangle2: borderColor = <psychopy.colors.Color: (-0.46, -0.46, -0.46, 1.0)>
0.2886 	EXP 	triangle3: borderColor = <psychopy.colors.Color: (-0.52, -0.52, -0.52, 1.0)>
0.2886 	EXP 	triangle4: borderColor = <psychopy.colors.Color: (-0.78, -0.78, -0.78, 1.0)>
0.2886 	EXP 	triangle5: borderColor = <psychopy.colors.Color: (-0.74, -0.74, -0.74, 1.0)>
0.2886 	EXP 	triangle6: borderColor = <psychopy.colors.Color: (-0.6, -0.6, -0.6, 1.0)>
0.2886 	EXP 	triangle7: borderColor = <psychopy.colors.Color: (-0.14, -0.14, -0.14, 1.0)>
0.2886 	EXP 	triangle8: borderColor = <psychopy.colors.Color: (-0.49, -0.49, -0.49, 1.0)>
0.3049 	EXP 	triangle1: borderColor = <psychopy.colors.Color: (-0.18, -0.18, -0.18, 1.0)>
0.3049 	EXP 	triangle2: borderColor = <psychopy.colors.Color: (-0.49, -0.49, -0.49, 1.0)>
0.3049 	EXP 	triangle3: borderColor = <psychopy.colors.Color: (-0.57, -0.57, -0.57, 1.0)>
0.3049 	EXP 	triangle4: borderColor = <psychopy.colors.Color: (-0.08, -0.08, -0.08, 1.0)>
0.3049 	EXP 	triangle5: borderColor = <psychopy.colors.Color: (-0.6, -0.6, -0.6, 1.0)>
0.3049 	EXP 	triangle6: borderColor = <psychopy.colors.Color: (-0.52, -0.52, -0.52, 1.0)>
0.3049 	EXP 	triangle7: borderColor = <psychopy.colors.Color: (-0.76, -0.76, -0.76, 1.0)>
0.3049 	EXP 	triangle8: borderColor = <psychopy.colors.Color: (-0.03, -0.03, -0.03, 1.0)>
0.3209 	EXP 	triangle1: borderColor = <psychopy.colors.Color: (-0.96, -0.96, -0.96, 1.0)>
0.3209 	EXP 	triangle2: borderColor = <psychopy.colors.Color: (-0.51, -0.51, -0.51, 1.0)>
0.3209 	EXP 	triangle3: borderColor = <psychopy.colors.Color: (-0.08, -0.08, -0.08, 1.0)>
0.3209 	EXP 	triangle4: borderColor = <psychopy.colors.Color: (-0.44, -0.44, -0.44, 1.0)>
0.3209 	EXP 	triangle5: borderColor = <psychopy.colors.Color: (-0.79, -0.79, -0.79, 1.0)>
0.3209 	EXP 	triangle6: borderColor = <psychopy.colors.Color: (-0.53, -0.53, -0.53, 1.0)>
0.3209 	EXP 	triangle7: borderColor = <psychopy.colors.Color: (-0.91, -0.91, -0.91, 1.0)>
0.3209 	EXP 	triangle8: borderColor = <psychopy.colors.Color: (-0.78, -0.78, -0.78, 1.0)>
0.3379 	EXP 	triangle1: borderColor = <psychopy.colors.Color: (-0.75, -0.75, -0.75, 1.0)>
0.3379 	EXP 	triangle2: borderColor = <psychopy.colors.Color: (-0.68, -0.68, -0.68, 1.0)>
0.3379 	EXP 	triangle3: borderColor = <psychopy.colors.Color: (-0.91, -0.91, -0.91, 1.0)>
0.3379 	EXP 	triangle4: borderColor = <psychopy.colors.Color: (-0.4, -0.4, -0.4, 1.0)>
0.3379 	EXP 	triangle5: borderColor = <psychopy.colors.Color: (-0.64, -0.64, -0.64, 1.0)>
0.3379 	EXP 	triangle6: borderColor = <psychopy.colors.Color: (-0.05, -0.05, -0.05, 1.0)>
0.3379 	EXP 	triangle7: borderColor = <psychopy.colors.Color: (-0.35, -0.35, -0.35, 1.0)>
0.3379 	EXP 	triangle8: borderColor = <psychopy.colors.Color: (-0.86, -0.86, -0.86, 1.0)>
0.3541 	EXP 	triangle1: borderColor = <psychopy.colors.Color: (-0.26, -0.26, -0.26, 1.0)>
0.3541 	EXP 	triangle2: borderColor = <psychopy.colors.Color: (-0.19, -0.19, -0.19, 1.0)>
0.3541 	EXP 	triangle3: borderColor = <psychopy.colors.Color: (-0.59, -0.59, -0.59, 1.0)>
0.3541 	EXP 	triangle4: borderColor = <psychopy.colors.Color: (-0.51, -0.51, -0.51, 1.0)>
0.3541 	EXP 	triangle5: borderColor = <psychopy.colors.Color: (-0.89, -0.89, -0.89, 1.0)>
0.3541 	EXP 	triangle6: borderColor = <psychopy.colors.Color: (-0.59, -0.59, -0.59, 1.0)>
0.3541 	EXP 	triangle7: borderColor = <psychopy.colors.Color: (-0.17, -0.17, -0.17, 1.0)>
0.3541 	EXP 	triangle8: borderColor = <psychopy.colors.Color: (-0.31, -0.31, -0.31, 1.0)>
0.3709 	EXP 	triangle1: borderColor = <psychopy.colors.Color: (-0.8, -0.8, -0.8, 1.0)>
0.3709 	EXP 	triangle2: borderColor = <psychopy.colors.Color: (-0.77, -0.77, -0.77, 1.0)>
0.3709 	EXP 	triangle3: borderColor = <psychopy.colors.Color: (-0.44, -0.44, -0.44, 1.0)>
0.3709 	EXP 	triangle4: borderColor = <psychopy.colors.Color: (-0.93, -0.93, -0.93, 1.0)>
0.3709 	EXP 	triangle5: borderColor = <psychopy.colors.Color: (-0.37, -0.37, -0.37, 1.0)>
0.3709 	EXP 	triangle6: borderColor = <psychopy.colors.Color: (-0.9, -0.9, -0.9, 1.0)>
0.3709 	EXP 	triangle7: borderColor = <psychopy.colors.Color: (-0.16, -0.16, -0.16, 1.0)>
0.3709 	EXP 	triangle8: borderColor = <psychopy.colors.Color: (-0.49, -0.49, -0.49, 1.0)>
0.3875 	EXP 	triangle1: borderColor = <psychopy.colors.Color: (-0.85, -0.85, -0.85, 1.0)>
0.3875 	EXP 	triangle2: borderColor = <psychopy.colors.Color: (-0.63, -0.63, -0.63, 1.0)>
0.3875 	EXP 	triangle3: borderColor = <psychopy.colors.Color: (-0.6, -0.6, -0.6, 1.0)>
0.3875 	EXP 	triangle4: borderColor = <psychopy.colors.Color: (-0.09, -0.09, -0.09, 1.0)>
0.3875 	EXP 	triangle5: borderColor = <psychopy.colors.Color: (-0.53, -0.53, -0.53, 1.0)>
0.3875 	EXP 	triangle6: borderColor = <psychopy.colors.Color: (-0.14, -0.14, -0.14, 1.0)>
0.3875 	EXP 	triangle7: borderColor = <psychopy.colors.Color: (-0.38, -0.38, -0.38, 1.0)>
0.3875 	EXP 	triangle8: borderColor = <psychopy.colors.Color: (-0.76, -0.76, -0.76, 1.0)>
0.4041 	EXP 	triangle1: borderColor = <psychopy.colors.Color: (-0.4, -0.4, -0.4, 1.0)>
0.4041 	EXP 	triangle2: borderColor = <psychopy.colors.Color: (-0.57, -0.57, -0.57, 1.0)>
0.4041 	EXP 	triangle3: borderColor = <psychopy.colors.Color: (-0.23, -0.23, -0.23, 1.0)>
0.4041 	EXP 	triangle4: borderColor = <psychopy.colors.Color: (-0.87, -0.87, -0.87, 1.0)>
0.4041 	EXP 	triangle5: borderColor = <psychopy.colors.Color: (-0.89, -0.89, -0.89, 1.0)>
0.4041 	EXP 	triangle6: borderColor = <psychopy.colors.Color: (-0.57, -0.57, -0.57, 1.0)>
0.4041 	EXP 	triangle7: borderColor = <psychopy.colors.Color: (-0.17, -0.17, -0.17, 1.0)>
0.4041 	EXP 	triangle8: borderColor = <psychopy.colors.Color: (-0.08, -0.08, -0.08, 1.0)>
0.4208 	EXP 	triangle1: borderColor = <psychopy.colors.Color: (-0.01, -0.01, -0.01, 1.0)>
0.4208 	EXP 	triangle2: borderColor = <psychopy.colors.Color: (-0.11, -0.11, -0.11, 1.0)>
0.4208 	EXP 	triangle3: borderColor = <psychopy.colors.Color: (-0.04, -0.04, -0.04, 1.0)>
0.4208 	EXP 	triangle4: borderColor = <psychopy.colors.Color: (-0.95, -0.95, -0.95, 1.0)>
0.4208 	EXP 	triangle5: borderColor = <psychopy.colors.Color: (-0.9, -0.9, -0.9, 1.0)>
0.4208 	EXP 	triangle6: borderColor = <psychopy.colors.Color: (-0.66, -0.66, -0.66, 1.0)>
0.4208 	EXP 	triangle7: borderColor = <psychopy.colors.Color: (-0.99, -0.99, -0.99, 1.0)>
0.4208 	EXP 	triangle8: borderColor = <psychopy.colors.Color: (-0.21, -0.21, -0.21, 1.0)>
0.4376 	EXP 	triangle1: borderColor = <psychopy.colors.Color: (-0.27, -0.27, -0.27, 1.0)>
0.4376 	EXP 	triangle2: borderColor = <psychopy.colors.Color: (-0.26, -0.26, -0.26, 1.0)>
0.4376 	EXP 	triangle3: borderColor = <psychopy.colors.Color: (-0.34, -0.34, -0.34, 1.0)>
0.4376 	EXP 	triangle4: borderColor = <psychopy.colors.Color: (-0.69, -0.69, -0.69, 1.0)>
0.4376 	EXP 	triangle5: borderColor = <psychopy.colors.Color: (-0.08, -0.08, -0.08, 1.0)>
0.4376 	EXP 	triangle6: borderColor = <psychopy.colors.Color: (-0.34, -0.34, -0.34, 1.0)>
0.4376 	EXP 	triangle7: borderColor = <psychopy.colors.Color: (-0.7, -0.7, -0.7, 1.0)>
0.4376 	EXP 	triangle8: borderColor = <psychopy.colors.Color: (-0.05, -0.05, -0.05, 1.0)>
0.4541 	EXP 	triangle1: borderColor = <psychopy.colors.Color: (-0.22, -0.22, -0.22, 1.0)>
0.4541 	EXP 	triangle2: borderColor = <psychopy.colors.Color: (-0.2, -0.2, -0.2, 1.0)>
0.4541 	EXP 	triangle3: borderColor = <psychopy.colors.Color: (-0.31, -0.31, -0.31, 1.0)>
0.4541 	EXP 	triangle4: borderColor = <psychopy.colors.Color: (-0.24, -0.24, -0.24, 1.0)>
0.4541 	EXP 	triangle5: borderColor = <psychopy.colors.Color: (-0.13, -0.13, -0.13, 1.0)>
0.4541 	EXP 	triangle6: borderColor = <psychopy.colors.Color: (-0.29, -0.29, -0.29, 1.0)>
0.4541 	EXP 	triangle7: borderColor = <psychopy.colors.Color: (-0.4, -0.4, -0.4, 1.0)>
0.4541 	EXP 	triangle8: borderColor = <psychopy.colors.Color: (-0.2, -0.2, -0.2, 1.0)>
0.4709 	EXP 	triangle1: borderColor = <psychopy.colors.Color: (-0.91, -0.91, -0.91, 1.0)>
0.4709 	EXP 	triangle2: borderColor = <psychopy.colors.Color: (-0.98, -0.98, -0.98, 1.0)>
0.4709 	EXP 	triangle3: borderColor = <psychopy.colors.Color: (-0.46, -0.46, -0.46, 1.0)>
0.4709 	EXP 	triangle4: borderColor = <psychopy.colors.Color: (-0.4, -0.4, -0.4, 1.0)>
0.4709 	EXP 	triangle5: borderColor = <psychopy.colors.Color: (-0.03, -0.03, -0.03, 1.0)>
0.4709 	EXP 	triangle6: borderColor = <psychopy.colors.Color: (-0.62, -0.62, -0.62, 1.0)>
0.4709 	EXP 	triangle7: borderColor = <psychopy.colors.Color: (-0.49, -0.49, -0.49, 1.0)>
0.4709 	EXP 	triangle8: borderColor = <psychopy.colors.Color: (-0.14, -0.14, -0.14, 1.0)>
0.4876 	EXP 	triangle1: borderColor = <psychopy.colors.Color: (-0.55, -0.55, -0.55, 1.0)>
0.4876 	EXP 	triangle2: borderColor = <psychopy.colors.Color: (-0.96, -0.96, -0.96, 1.0)>
0.4876 	EXP 	triangle3: borderColor = <psychopy.colors.Color: (-0.82, -0.82, -0.82, 1.0)>
0.4876 	EXP 	triangle4: borderColor = <psychopy.colors.Color: (-0.65, -0.65, -0.65, 1.0)>
0.4876 	EXP 	triangle5: borderColor = <psychopy.colors.Color: (-0.94, -0.94, -0.94, 1.0)>
0.4876 	EXP 	triangle6: borderColor = <psychopy.colors.Color: (-0.77, -0.77, -0.77, 1.0)>
0.4876 	EXP 	triangle7: borderColor = <psychopy.colors.Color: (-0.96, -0.96, -0.96, 1.0)>
0.4876 	EXP 	triangle8: borderColor = <psychopy.colors.Color: (-0.92, -0.92, -0.92, 1.0)>
0.5045 	EXP 	triangle1: borderColor = <psychopy.colors.Color: (-0.74, -0.74, -0.74, 1.0)>
0.5045 	EXP 	triangle2: borderColor = <psychopy.colors.Color: (-0.63, -0.63, -0.63, 1.0)>
0.5045 	EXP 	triangle3: borderColor = <psychopy.colors.Color: (-0.83, -0.83, -0.83, 1.0)>
0.5045 	EXP 	triangle4: borderColor = <psychopy.colors.Color: (-0.59, -0.59, -0.59, 1.0)>
0.5045 	EXP 	triangle5: borderColor = <psychopy.colors.Color: (-0.28, -0.28, -0.28, 1.0)>
0.5045 	EXP 	triangle6: borderColor = <psychopy.colors.Color: (-0.72, -0.72, -0.72, 1.0)>
0.5045 	EXP 	triangle7: borderColor = <psychopy.colors.Color: (-0.37, -0.37, -0.37, 1.0)>
0.5045 	EXP 	triangle8: borderColor = <psychopy.colors.Color: (-0.21, -0.21, -0.21, 1.0)>
0.5213 	EXP 	triangle1: borderColor = <psychopy.colors.Color: (-0.64, -0.64, -0.64, 1.0)>
0.5213 	EXP 	triangle2: borderColor = <psychopy.colors.Color: (-0.04, -0.04, -0.04, 1.0)>
0.5213 	EXP 	triangle3: borderColor = <psychopy.colors.Color: (-0.46, -0.46, -0.46, 1.0)>
0.5213 	EXP 	triangle4: borderColor = <psychopy.colors.Color: (-0.43, -0.43, -0.43, 1.0)>
0.5213 	EXP 	triangle5: borderColor = <psychopy.colors.Color: (-0.99, -0.99, -0.99, 1.0)>
0.5213 	EXP 	triangle6: borderColor = <psychopy.colors.Color: (-0.52, -0.52, -0.52, 1.0)>
0.5213 	EXP 	triangle7: borderColor = <psychopy.colors.Color: (-1.0, -1.0, -1.0, 1.0)>
0.5213 	EXP 	triangle8: borderColor = <psychopy.colors.Color: (-0.75, -0.75, -0.75, 1.0)>
0.5372 	EXP 	triangle1: borderColor = <psychopy.colors.Color: (-0.12, -0.12, -0.12, 1.0)>
0.5372 	EXP 	triangle2: borderColor = <psychopy.colors.Color: (-0.08, -0.08, -0.08, 1.0)>
0.5372 	EXP 	triangle3: borderColor = <psychopy.colors.Color: (-0.53, -0.53, -0.53, 1.0)>
0.5372 	EXP 	triangle4: borderColor = <psychopy.colors.Color: (-0.59, -0.59, -0.59, 1.0)>
0.5372 	EXP 	triangle5: borderColor = <psychopy.colors.Color: (-0.82, -0.82, -0.82, 1.0)>
0.5372 	EXP 	triangle6: borderColor = <psychopy.colors.Color: (-0.5, -0.5, -0.5, 1.0)>
0.5372 	EXP 	triangle7: borderColor = <psychopy.colors.Color: (-0.25, -0.25, -0.25, 1.0)>
0.5372 	EXP 	triangle8: borderColor = <psychopy.colors.Color: (-0.96, -0.96, -0.96, 1.0)>
0.5422 	DATA 	Keypress: escape
0.5540 	EXP 	triangle1: borderColor = <psychopy.colors.Color: (-0.07, -0.07, -0.07, 1.0)>
0.5540 	EXP 	triangle2: borderColor = <psychopy.colors.Color: (-0.68, -0.68, -0.68, 1.0)>
0.5540 	EXP 	triangle3: borderColor = <psychopy.colors.Color: (-0.73, -0.73, -0.73, 1.0)>
0.5540 	EXP 	triangle4: borderColor = <psychopy.colors.Color: (-0.34, -0.34, -0.34, 1.0)>
0.5540 	EXP 	triangle5: borderColor = <psychopy.colors.Color: (-0.05, -0.05, -0.05, 1.0)>
0.5540 	EXP 	triangle6: borderColor = <psychopy.colors.Color: (-1.0, -1.0, -1.0, 1.0)>
0.5540 	EXP 	triangle7: borderColor = <psychopy.colors.Color: (-0.06, -0.06, -0.06, 1.0)>
0.5540 	EXP 	triangle8: borderColor = <psychopy.colors.Color: (-0.49, -0.49, -0.49, 1.0)>
0.5707 	EXP 	triangle1: borderColor = <psychopy.colors.Color: (-0.72, -0.72, -0.72, 1.0)>
0.5707 	EXP 	triangle2: borderColor = <psychopy.colors.Color: (-0.12, -0.12, -0.12, 1.0)>
0.5707 	EXP 	triangle3: borderColor = <psychopy.colors.Color: (-0.6, -0.6, -0.6, 1.0)>
0.5707 	EXP 	triangle4: borderColor = <psychopy.colors.Color: (-0.18, -0.18, -0.18, 1.0)>
0.5707 	EXP 	triangle5: borderColor = <psychopy.colors.Color: (-0.65, -0.65, -0.65, 1.0)>
0.5707 	EXP 	triangle6: borderColor = <psychopy.colors.Color: (-0.24, -0.24, -0.24, 1.0)>
0.5707 	EXP 	triangle7: borderColor = <psychopy.colors.Color: (-0.21, -0.21, -0.21, 1.0)>
0.5707 	EXP 	triangle8: borderColor = <psychopy.colors.Color: (-0.42, -0.42, -0.42, 1.0)>
0.5875 	EXP 	triangle1: borderColor = <psychopy.colors.Color: (-0.4, -0.4, -0.4, 1.0)>
0.5875 	EXP 	triangle2: borderColor = <psychopy.colors.Color: (-0.07, -0.07, -0.07, 1.0)>
0.5875 	EXP 	triangle3: borderColor = <psychopy.colors.Color: (-0.01, -0.01, -0.01, 1.0)>
0.5875 	EXP 	triangle4: borderColor = <psychopy.colors.Color: (-0.83, -0.83, -0.83, 1.0)>
0.5875 	EXP 	triangle5: borderColor = <psychopy.colors.Color: (-0.67, -0.67, -0.67, 1.0)>
0.5875 	EXP 	triangle6: borderColor = <psychopy.colors.Color: (-0.6, -0.6, -0.6, 1.0)>
0.5875 	EXP 	triangle7: borderColor = <psychopy.colors.Color: (-0.03, -0.03, -0.03, 1.0)>
0.5875 	EXP 	triangle8: borderColor = <psychopy.colors.Color: (-0.77, -0.77, -0.77, 1.0)>
0.6041 	EXP 	triangle1: borderColor = <psychopy.colors.Color: (-0.61, -0.61, -0.61, 1.0)>
0.6041 	EXP 	triangle2: borderColor = <psychopy.colors.Color: (-0.22, -0.22, -0.22, 1.0)>
0.6041 	EXP 	triangle3: borderColor = <psychopy.colors.Color: (-0.54, -0.54, -0.54, 1.0)>
0.6041 	EXP 	triangle4: borderColor = <psychopy.colors.Color: (-0.41, -0.41, -0.41, 1.0)>
0.6041 	EXP 	triangle5: borderColor = <psychopy.colors.Color: (-0.43, -0.43, -0.43, 1.0)>
0.6041 	EXP 	triangle6: borderColor = <psychopy.colors.Color: (-0.01, -0.01, -0.01, 1.0)>
0.6041 	EXP 	triangle7: borderColor = <psychopy.colors.Color: (-0.36, -0.36, -0.36, 1.0)>
0.6041 	EXP 	triangle8: borderColor = <psychopy.colors.Color: (-0.1, -0.1, -0.1, 1.0)>
0.6208 	EXP 	triangle1: borderColor = <psychopy.colors.Color: (-0.02, -0.02, -0.02, 1.0)>
0.6208 	EXP 	triangle2: borderColor = <psychopy.colors.Color: (-0.43, -0.43, -0.43, 1.0)>
0.6208 	EXP 	triangle3: borderColor = <psychopy.colors.Color: (-0.73, -0.73, -0.73, 1.0)>
0.6208 	EXP 	triangle4: borderColor = <psychopy.colors.Color: (-0.38, -0.38, -0.38, 1.0)>
0.6208 	EXP 	triangle5: borderColor = <psychopy.colors.Color: (-0.73, -0.73, -0.73, 1.0)>
0.6208 	EXP 	triangle6: borderColor = <psychopy.colors.Color: (-0.42, -0.42, -0.42, 1.0)>
0.6208 	EXP 	triangle7: borderColor = <psychopy.colors.Color: (-0.8, -0.8, -0.8, 1.0)>
0.6208 	EXP 	triangle8: borderColor = <psychopy.colors.Color: (-0.83, -0.83, -0.83, 1.0)>
0.6376 	EXP 	triangle1: borderColor = <psychopy.colors.Color: (-0.86, -0.86, -0.86, 1.0)>
0.6376 	EXP 	triangle2: borderColor = <psychopy.colors.Color: (-0.41, -0.41, -0.41, 1.0)>
0.6376 	EXP 	triangle3: borderColor = <psychopy.colors.Color: (-0.8, -0.8, -0.8, 1.0)>
0.6376 	EXP 	triangle4: borderColor = <psychopy.colors.Color: (-0.2, -0.2, -0.2, 1.0)>
0.6376 	EXP 	triangle5: borderColor = <psychopy.colors.Color: (-0.72, -0.72, -0.72, 1.0)>
0.6376 	EXP 	triangle6: borderColor = <psychopy.colors.Color: (-0.41, -0.41, -0.41, 1.0)>
0.6376 	EXP 	triangle7: borderColor = <psychopy.colors.Color: (-0.46, -0.46, -0.46, 1.0)>
0.6376 	EXP 	triangle8: borderColor = <psychopy.colors.Color: (-0.2, -0.2, -0.2, 1.0)>
0.6545 	EXP 	triangle1: borderColor = <psychopy.colors.Color: (-0.77, -0.77, -0.77, 1.0)>
0.6545 	EXP 	triangle2: borderColor = <psychopy.colors.Color: (-0.23, -0.23, -0.23, 1.0)>
0.6545 	EXP 	triangle3: borderColor = <psychopy.colors.Color: (-0.56, -0.56, -0.56, 1.0)>
0.6545 	EXP 	triangle4: borderColor = <psychopy.colors.Color: (-0.71, -0.71, -0.71, 1.0)>
0.6545 	EXP 	triangle5: borderColor = <psychopy.colors.Color: (-0.01, -0.01, -0.01, 1.0)>
0.6545 	EXP 	triangle6: borderColor = <psychopy.colors.Color: (-0.25, -0.25, -0.25, 1.0)>
0.6545 	EXP 	triangle7: borderColor = <psychopy.colors.Color: (-0.3, -0.3, -0.3, 1.0)>
0.6545 	EXP 	triangle8: borderColor = <psychopy.colors.Color: (-0.74, -0.74, -0.74, 1.0)>
0.6709 	EXP 	triangle1: borderColor = <psychopy.colors.Color: (-0.41, -0.41, -0.41, 1.0)>
0.6709 	EXP 	triangle2: borderColor = <psychopy.colors.Color: (-0.15, -0.15, -0.15, 1.0)>
0.6709 	EXP 	triangle3: borderColor = <psychopy.colors.Color: (-0.98, -0.98, -0.98, 1.0)>
0.6709 	EXP 	triangle4: borderColor = <psychopy.colors.Color: (-0.51, -0.51, -0.51, 1.0)>
0.6709 	EXP 	triangle5: borderColor = <psychopy.colors.Color: (-1.0, -1.0, -1.0, 1.0)>
0.6709 	EXP 	triangle6: borderColor = <psychopy.colors.Color: (-0.37, -0.37, -0.37, 1.0)>
0.6709 	EXP 	triangle7: borderColor = <psychopy.colors.Color: (-0.33, -0.33, -0.33, 1.0)>
0.6709 	EXP 	triangle8: borderColor = <psychopy.colors.Color: (-0.9, -0.9, -0.9, 1.0)>
0.6873 	EXP 	triangle1: borderColor = <psychopy.colors.Color: (-0.02, -0.02, -0.02, 1.0)>
0.6873 	EXP 	triangle2: borderColor = <psychopy.colors.Color: (-0.33, -0.33, -0.33, 1.0)>
0.6873 	EXP 	triangle3: borderColor = <psychopy.colors.Color: (-0.33, -0.33, -0.33, 1.0)>
0.6873 	EXP 	triangle4: borderColor = <psychopy.colors.Color: (-0.91, -0.91, -0.91, 1.0)>
0.6873 	EXP 	triangle5: borderColor = <psychopy.colors.Color: (-0.47, -0.47, -0.47, 1.0)>
0.6873 	EXP 	triangle6: borderColor = <psychopy.colors.Color: (-0.47, -0.47, -0.47, 1.0)>
0.6873 	EXP 	triangle7: borderColor = <psychopy.colors.Color: (-0.01, -0.01, -0.01, 1.0)>
0.6873 	EXP 	triangle8: borderColor = <psychopy.colors.Color: (-0.18, -0.18, -0.18, 1.0)>
0.6915 	EXP 	seizuremachine: status = STOPPED
0.7041 	EXP 	triangle1: borderColor = <psychopy.colors.Color: (-0.45, -0.45, -0.45, 1.0)>
0.7041 	EXP 	triangle2: borderColor = <psychopy.colors.Color: (-0.92, -0.92, -0.92, 1.0)>
0.7041 	EXP 	triangle3: borderColor = <psychopy.colors.Color: (-0.65, -0.65, -0.65, 1.0)>
0.7041 	EXP 	triangle4: borderColor = <psychopy.colors.Color: (-0.44, -0.44, -0.44, 1.0)>
0.7041 	EXP 	triangle5: borderColor = <psychopy.colors.Color: (-0.38, -0.38, -0.38, 1.0)>
0.7041 	EXP 	triangle6: borderColor = <psychopy.colors.Color: (-0.27, -0.27, -0.27, 1.0)>
0.7041 	EXP 	triangle7: borderColor = <psychopy.colors.Color: (-0.63, -0.63, -0.63, 1.0)>
0.7041 	EXP 	triangle8: borderColor = <psychopy.colors.Color: (-0.69, -0.69, -0.69, 1.0)>
0.7041 	EXP 	triangle1: autoDraw = False
0.7041 	EXP 	triangle2: autoDraw = False
0.7041 	EXP 	triangle3: autoDraw = False
0.7041 	EXP 	triangle4: autoDraw = False
0.7041 	EXP 	triangle5: autoDraw = False
0.7041 	EXP 	triangle6: autoDraw = False
0.7041 	EXP 	triangle7: autoDraw = False
0.7041 	EXP 	triangle8: autoDraw = False
0.7041 	EXP 	cursor: autoDraw = False
0.7042 	EXP 	seizuremachine: status = STOPPED
0.7198 	INFO 	saved data to 'C:\\Users\\legions\\Documents\\Davis\\Neurotech Club\\NeuroVision\\data/897119_seizuremachine_2025-01-31_16h42.45.536.csv'
0.7208 	INFO 	saved data to C:\Users\legions\Documents\Davis\Neurotech Club\NeuroVision\data/897119_seizuremachine_2025-01-31_16h42.45.536.psydat
